#
# There is insufficient memory for the Java Runtime Environment to continue.
# Native memory allocation (malloc) failed to allocate 32744 bytes for ChunkPool::allocate
# Possible reasons:
#   The system is out of physical RAM or swap space
#   The process is running with CompressedOops enabled, and the Java Heap may be blocking the growth of the native heap
# Possible solutions:
#   Reduce memory load on the system
#   Increase physical memory or swap space
#   Check if swap backing store is full
#   Decrease Java heap size (-Xmx/-Xms)
#   Decrease number of Java threads
#   Decrease Java thread stack sizes (-Xss)
#   Set larger code cache with -XX:ReservedCodeCacheSize=
#   JVM is running with Unscaled Compressed Oops mode in which the Java heap is
#     placed in the first 4GB address space. The Java Heap base address is the
#     maximum limit for the native heap growth. Please use -XX:HeapBaseMinAddress
#     to set the Java Heap base and to place the Java Heap above 4GB virtual address.
# This output file may be truncated or incomplete.
#
#  Out of Memory Error (arena.cpp:78), pid=15124, tid=11704
#
# JRE version: Java(TM) SE Runtime Environment (17.0.10+11) (build 17.0.10+11-LTS-240)
# Java VM: Java HotSpot(TM) 64-Bit Server VM (17.0.10+11-LTS-240, mixed mode, sharing, tiered, compressed oops, compressed class ptrs, g1 gc, windows-amd64)
# No core dump will be written. Minidumps are not enabled by default on client versions of Windows
#

---------------  S U M M A R Y ------------

Command Line: -XX:MaxMetaspaceSize=512m --add-opens=java.base/java.util=ALL-UNNAMED --add-opens=java.base/java.lang=ALL-UNNAMED --add-opens=java.base/java.lang.invoke=ALL-UNNAMED --add-opens=java.prefs/java.util.prefs=ALL-UNNAMED --add-opens=java.base/java.nio.charset=ALL-UNNAMED --add-opens=java.base/java.net=ALL-UNNAMED --add-opens=java.base/java.util.concurrent.atomic=ALL-UNNAMED -Xmx2048m -Dfile.encoding=windows-1252 -Duser.country=IN -Duser.language=en -Duser.variant -javaagent:C:\Users\PRAKASH\.gradle\wrapper\dists\gradle-8.3-all\6en3ugtfdg5xnpx44z4qbwgas\gradle-8.3\lib\agents\gradle-instrumentation-agent-8.3.jar org.gradle.launcher.daemon.bootstrap.GradleDaemon 8.3

Host: 11th Gen Intel(R) Core(TM) i5-1145G7 @ 2.60GHz, 8 cores, 7G,  Windows 11 , 64 bit Build 22621 (10.0.22621.3374)
Time: Tue Apr 23 21:29:58 2024 India Standard Time elapsed time: 48.832158 seconds (0d 0h 0m 48s)

---------------  T H R E A D  ---------------

Current thread (0x000001b5426a7cb0):  JavaThread "C2 CompilerThread0" daemon [_thread_in_native, id=11704, stack(0x0000000b11c00000,0x0000000b11d00000)]


Current CompileTask:
C2:  48832 9476       4       org.gradle.internal.service.DefaultServiceRegistry$SingletonService::get (5 bytes)

Stack: [0x0000000b11c00000,0x0000000b11d00000]
Native frames: (J=compiled Java code, j=interpreted, Vv=VM code, C=native code)
V  [jvm.dll+0x677a5a]
V  [jvm.dll+0x7d8b2d]
V  [jvm.dll+0x7da48e]
V  [jvm.dll+0x7daaf3]
V  [jvm.dll+0x2455ff]
V  [jvm.dll+0xaad50]
V  [jvm.dll+0xab09c]
V  [jvm.dll+0x3675df]
V  [jvm.dll+0x366c21]
V  [jvm.dll+0x366c64]
V  [jvm.dll+0x560fca]
V  [jvm.dll+0x5617fb]
V  [jvm.dll+0x32c240]
V  [jvm.dll+0x32b6aa]
V  [jvm.dll+0x21794f]
V  [jvm.dll+0x216d81]
V  [jvm.dll+0x1a3410]
V  [jvm.dll+0x226aeb]
V  [jvm.dll+0x224cab]
V  [jvm.dll+0x78e45c]
V  [jvm.dll+0x78888a]
V  [jvm.dll+0x676935]
C  [ucrtbase.dll+0x29333]
C  [KERNEL32.DLL+0x1257d]
C  [ntdll.dll+0x5aa48]


---------------  P R O C E S S  ---------------

Threads class SMR info:
_java_thread_list=0x000001b566c8fab0, length=54, elements={
0x000001b5244b8a60, 0x000001b54268c740, 0x000001b54268f020, 0x000001b5426a3580,
0x000001b5426a3e50, 0x000001b5426a6730, 0x000001b5426a7000, 0x000001b5426a7cb0,
0x000001b5426aa680, 0x000001b5426b7f40, 0x000001b542678b10, 0x000001b5429ffd80,
0x000001b562d36070, 0x000001b5636b1910, 0x000001b5633ee790, 0x000001b5633c7fa0,
0x000001b5633c93e0, 0x000001b5633ca310, 0x000001b5633c7580, 0x000001b5633ca820,
0x000001b5633c7070, 0x000001b564921fb0, 0x000001b564924320, 0x000001b564927fe0,
0x000001b5649224c0, 0x000001b5649233f0, 0x000001b564926690, 0x000001b564924d40,
0x000001b564925760, 0x000001b564923900, 0x000001b564926ba0, 0x000001b5649270b0,
0x000001b5649284f0, 0x000001b5651b9d30, 0x000001b5651ba750, 0x000001b5651b83e0,
0x000001b5651b79c0, 0x000001b5651bac60, 0x000001b5651bc5b0, 0x000001b5651bbb90,
0x000001b5651b6580, 0x000001b5651b6070, 0x000001b5651b9820, 0x000001b5651bd9f0,
0x000001b5651b6a90, 0x000001b563f3ea30, 0x000001b563f417c0, 0x000001b563f42c00,
0x000001b563f3c6c0, 0x000001b563f3f450, 0x000001b563f3e520, 0x000001b563f426f0,
0x000001b563f3ef40, 0x000001b563f41cd0
}

Java Threads: ( => current thread )
  0x000001b5244b8a60 JavaThread "main" [_thread_blocked, id=9984, stack(0x0000000b10f00000,0x0000000b11000000)]
  0x000001b54268c740 JavaThread "Reference Handler" daemon [_thread_blocked, id=8292, stack(0x0000000b11600000,0x0000000b11700000)]
  0x000001b54268f020 JavaThread "Finalizer" daemon [_thread_blocked, id=19512, stack(0x0000000b11700000,0x0000000b11800000)]
  0x000001b5426a3580 JavaThread "Signal Dispatcher" daemon [_thread_blocked, id=16232, stack(0x0000000b11800000,0x0000000b11900000)]
  0x000001b5426a3e50 JavaThread "Attach Listener" daemon [_thread_blocked, id=23480, stack(0x0000000b11900000,0x0000000b11a00000)]
  0x000001b5426a6730 JavaThread "Service Thread" daemon [_thread_blocked, id=5336, stack(0x0000000b11a00000,0x0000000b11b00000)]
  0x000001b5426a7000 JavaThread "Monitor Deflation Thread" daemon [_thread_blocked, id=8940, stack(0x0000000b11b00000,0x0000000b11c00000)]
=>0x000001b5426a7cb0 JavaThread "C2 CompilerThread0" daemon [_thread_in_native, id=11704, stack(0x0000000b11c00000,0x0000000b11d00000)]
  0x000001b5426aa680 JavaThread "C1 CompilerThread0" daemon [_thread_blocked, id=18040, stack(0x0000000b11d00000,0x0000000b11e00000)]
  0x000001b5426b7f40 JavaThread "Sweeper thread" daemon [_thread_blocked, id=2648, stack(0x0000000b11e00000,0x0000000b11f00000)]
  0x000001b542678b10 JavaThread "Common-Cleaner" daemon [_thread_blocked, id=15804, stack(0x0000000b11f00000,0x0000000b12000000)]
  0x000001b5429ffd80 JavaThread "Notification Thread" daemon [_thread_blocked, id=5188, stack(0x0000000b12000000,0x0000000b12100000)]
  0x000001b562d36070 JavaThread "Daemon health stats" [_thread_blocked, id=21960, stack(0x0000000b12700000,0x0000000b12800000)]
  0x000001b5636b1910 JavaThread "Incoming local TCP Connector on port 54215" [_thread_in_native, id=20080, stack(0x0000000b12800000,0x0000000b12900000)]
  0x000001b5633ee790 JavaThread "Daemon periodic checks" [_thread_blocked, id=10112, stack(0x0000000b12900000,0x0000000b12a00000)]
  0x000001b5633c7fa0 JavaThread "Daemon" [_thread_blocked, id=9492, stack(0x0000000b12a00000,0x0000000b12b00000)]
  0x000001b5633c93e0 JavaThread "Daemon worker" [_thread_in_native, id=3920, stack(0x0000000b12d00000,0x0000000b12e00000)]
  0x000001b5633ca310 JavaThread "Cache worker for journal cache (C:\Users\PRAKASH\.gradle\caches\journal-1)" [_thread_blocked, id=19108, stack(0x0000000b13100000,0x0000000b13200000)]
  0x000001b5633c7580 JavaThread "File lock request listener" [_thread_in_native, id=18284, stack(0x0000000b13200000,0x0000000b13300000)]
  0x000001b5633ca820 JavaThread "Cache worker for file hash cache (C:\Users\PRAKASH\.gradle\caches\8.3\fileHashes)" [_thread_blocked, id=18416, stack(0x0000000b13300000,0x0000000b13400000)]
  0x000001b5633c7070 JavaThread "File watcher server" daemon [_thread_in_native, id=2812, stack(0x0000000b13700000,0x0000000b13800000)]
  0x000001b564921fb0 JavaThread "File watcher consumer" daemon [_thread_blocked, id=24584, stack(0x0000000b13800000,0x0000000b13900000)]
  0x000001b564924320 JavaThread "Cache worker for file content cache (C:\Users\PRAKASH\.gradle\caches\8.3\fileContent)" [_thread_blocked, id=7928, stack(0x0000000b13c00000,0x0000000b13d00000)]
  0x000001b564927fe0 JavaThread "Cache worker for execution history cache (C:\Users\PRAKASH\.gradle\caches\8.3\executionHistory)" [_thread_blocked, id=23896, stack(0x0000000b13f00000,0x0000000b14000000)]
  0x000001b5649224c0 JavaThread "jar transforms" [_thread_blocked, id=2332, stack(0x0000000b14000000,0x0000000b14100000)]
  0x000001b5649233f0 JavaThread "jar transforms Thread 2" [_thread_blocked, id=19888, stack(0x0000000b14100000,0x0000000b14200000)]
  0x000001b564926690 JavaThread "jar transforms Thread 3" [_thread_blocked, id=24204, stack(0x0000000b14200000,0x0000000b14300000)]
  0x000001b564924d40 JavaThread "jar transforms Thread 4" [_thread_blocked, id=23764, stack(0x0000000b14300000,0x0000000b14400000)]
  0x000001b564925760 JavaThread "Cache worker for kotlin-dsl (C:\Users\PRAKASH\.gradle\caches\8.3\kotlin-dsl)" [_thread_blocked, id=24056, stack(0x0000000b14400000,0x0000000b14500000)]
  0x000001b564923900 JavaThread "jar transforms Thread 5" [_thread_blocked, id=4760, stack(0x0000000b14500000,0x0000000b14600000)]
  0x000001b564926ba0 JavaThread "jar transforms Thread 6" [_thread_blocked, id=16388, stack(0x0000000b14600000,0x0000000b14700000)]
  0x000001b5649270b0 JavaThread "jar transforms Thread 7" [_thread_blocked, id=20512, stack(0x0000000b14900000,0x0000000b14a00000)]
  0x000001b5649284f0 JavaThread "jar transforms Thread 8" [_thread_blocked, id=24356, stack(0x0000000b14a00000,0x0000000b14b00000)]
  0x000001b5651b9d30 JavaThread "Memory manager" [_thread_blocked, id=1920, stack(0x0000000b15400000,0x0000000b15500000)]
  0x000001b5651ba750 JavaThread "ForkJoinPool.commonPool-worker-1" daemon [_thread_blocked, id=13596, stack(0x0000000b15600000,0x0000000b15700000)]
  0x000001b5651b83e0 JavaThread "ForkJoinPool.commonPool-worker-2" daemon [_thread_blocked, id=14176, stack(0x0000000b15700000,0x0000000b15800000)]
  0x000001b5651b79c0 JavaThread "ForkJoinPool.commonPool-worker-3" daemon [_thread_blocked, id=23756, stack(0x0000000b15800000,0x0000000b15900000)]
  0x000001b5651bac60 JavaThread "ForkJoinPool.commonPool-worker-4" daemon [_thread_blocked, id=16680, stack(0x0000000b15900000,0x0000000b15a00000)]
  0x000001b5651bc5b0 JavaThread "ForkJoinPool.commonPool-worker-5" daemon [_thread_blocked, id=22404, stack(0x0000000b15a00000,0x0000000b15b00000)]
  0x000001b5651bbb90 JavaThread "ForkJoinPool.commonPool-worker-6" daemon [_thread_blocked, id=19344, stack(0x0000000b15b00000,0x0000000b15c00000)]
  0x000001b5651b6580 JavaThread "ForkJoinPool.commonPool-worker-7" daemon [_thread_blocked, id=8888, stack(0x0000000b15c00000,0x0000000b15d00000)]
  0x000001b5651b6070 JavaThread "Exec process" daemon [_thread_blocked, id=24648, stack(0x0000000b15d00000,0x0000000b15e00000)]
  0x000001b5651b9820 JavaThread "Exec process Thread 2" daemon [_thread_blocked, id=19812, stack(0x0000000b15e00000,0x0000000b15f00000)]
  0x000001b5651bd9f0 JavaThread "Exec process Thread 3" daemon [_thread_blocked, id=20756, stack(0x0000000b15f00000,0x0000000b16000000)]
  0x000001b5651b6a90 JavaThread "included builds" [_thread_blocked, id=24988, stack(0x0000000b16000000,0x0000000b16100000)]
  0x000001b563f3ea30 JavaThread "Handler for socket connection from /127.0.0.1:54215 to /127.0.0.1:54312" [_thread_in_native, id=12124, stack(0x0000000b12c00000,0x0000000b12d00000)]
  0x000001b563f417c0 JavaThread "Cancel handler" [_thread_blocked, id=25012, stack(0x0000000b12e00000,0x0000000b12f00000)]
  0x000001b563f42c00 JavaThread "Asynchronous log dispatcher for DefaultDaemonConnection: socket connection from /127.0.0.1:54215 to /127.0.0.1:54312" [_thread_blocked, id=19228, stack(0x0000000b12f00000,0x0000000b13000000)]
  0x000001b563f3c6c0 JavaThread "Stdin handler" [_thread_blocked, id=6684, stack(0x0000000b13000000,0x0000000b13100000)]
  0x000001b563f3f450 JavaThread "Daemon client event forwarder" [_thread_blocked, id=5844, stack(0x0000000b13900000,0x0000000b13a00000)]
  0x000001b563f3e520 JavaThread "Cache worker for checksums cache (D:\work from home\REMOTE JOBS\remotejobsapp\android\.gradle\8.3\checksums)" [_thread_blocked, id=7140, stack(0x0000000b13a00000,0x0000000b13b00000)]
  0x000001b563f426f0 JavaThread "Cache worker for file hash cache (D:\work from home\REMOTE JOBS\remotejobsapp\android\.gradle\8.3\fileHashes)" [_thread_blocked, id=25308, stack(0x0000000b13b00000,0x0000000b13c00000)]
  0x000001b563f3ef40 JavaThread "Cache worker for cache directory md-supplier (C:\Users\PRAKASH\.gradle\caches\8.3\md-supplier)" [_thread_blocked, id=12912, stack(0x0000000b13e00000,0x0000000b13f00000)]
  0x000001b563f41cd0 JavaThread "Cache worker for cache directory md-rule (C:\Users\PRAKASH\.gradle\caches\8.3\md-rule)" [_thread_blocked, id=24228, stack(0x0000000b14700000,0x0000000b14800000)]

Other Threads:
  0x000001b542689a50 VMThread "VM Thread" [stack: 0x0000000b11500000,0x0000000b11600000] [id=5904]
  0x000001b542935160 WatcherThread [stack: 0x0000000b12100000,0x0000000b12200000] [id=24952]
  0x000001b524516d10 GCTaskThread "GC Thread#0" [stack: 0x0000000b11000000,0x0000000b11100000] [id=25176]
  0x000001b5626b1ef0 GCTaskThread "GC Thread#1" [stack: 0x0000000b12200000,0x0000000b12300000] [id=10724]
  0x000001b5621a0c60 GCTaskThread "GC Thread#2" [stack: 0x0000000b12300000,0x0000000b12400000] [id=6640]
  0x000001b5621a0f20 GCTaskThread "GC Thread#3" [stack: 0x0000000b12400000,0x0000000b12500000] [id=15488]
  0x000001b562827c00 GCTaskThread "GC Thread#4" [stack: 0x0000000b12500000,0x0000000b12600000] [id=16040]
  0x000001b5627dbc10 GCTaskThread "GC Thread#5" [stack: 0x0000000b13400000,0x0000000b13500000] [id=24900]
  0x000001b562879f80 GCTaskThread "GC Thread#6" [stack: 0x0000000b13500000,0x0000000b13600000] [id=7512]
  0x000001b56287a240 GCTaskThread "GC Thread#7" [stack: 0x0000000b13600000,0x0000000b13700000] [id=15568]
  0x000001b524527a70 ConcurrentGCThread "G1 Main Marker" [stack: 0x0000000b11100000,0x0000000b11200000] [id=532]
  0x000001b524528290 ConcurrentGCThread "G1 Conc#0" [stack: 0x0000000b11200000,0x0000000b11300000] [id=14824]
  0x000001b5647146e0 ConcurrentGCThread "G1 Conc#1" [stack: 0x0000000b13d00000,0x0000000b13e00000] [id=25136]
  0x000001b52457d6d0 ConcurrentGCThread "G1 Refine#0" [stack: 0x0000000b11300000,0x0000000b11400000] [id=21588]
  0x000001b5626a9410 ConcurrentGCThread "G1 Refine#1" [stack: 0x0000000b12600000,0x0000000b12700000] [id=25464]
  0x000001b52457df10 ConcurrentGCThread "G1 Service" [stack: 0x0000000b11400000,0x0000000b11500000] [id=21012]

Threads with active compile tasks:
C2 CompilerThread0    48857 9476       4       org.gradle.internal.service.DefaultServiceRegistry$SingletonService::get (5 bytes)

VM state: not at safepoint (normal execution)

VM Mutex/Monitor currently owned by a thread: None

Heap address: 0x0000000080000000, size: 2048 MB, Compressed Oops mode: 32-bit

CDS archive(s) mapped at: [0x000001b543000000-0x000001b543bd0000-0x000001b543bd0000), size 12386304, SharedBaseAddress: 0x000001b543000000, ArchiveRelocationMode: 1.
Compressed class space mapped at: 0x000001b544000000-0x000001b55e000000, reserved size: 436207616
Narrow klass base: 0x000001b543000000, Narrow klass shift: 0, Narrow klass range: 0x100000000

GC Precious Log:
 CPUs: 8 total, 8 available
 Memory: 7934M
 Large Page Support: Disabled
 NUMA Support: Disabled
 Compressed Oops: Enabled (32-bit)
 Heap Region Size: 1M
 Heap Min Capacity: 8M
 Heap Initial Capacity: 124M
 Heap Max Capacity: 2G
 Pre-touch: Disabled
 Parallel Workers: 8
 Concurrent Workers: 2
 Concurrent Refinement Workers: 8
 Periodic GC: Disabled

Heap:
 garbage-first heap   total 178176K, used 109792K [0x0000000080000000, 0x0000000100000000)
  region size 1024K, 19 young (19456K), 1 survivors (1024K)
 Metaspace       used 78702K, committed 79488K, reserved 557056K
  class space    used 10974K, committed 11328K, reserved 425984K

Heap Regions: E=young(eden), S=young(survivor), O=old, HS=humongous(starts), HC=humongous(continues), CS=collection set, F=free, OA=open archive, CA=closed archive, TAMS=top-at-mark-start (previous, next)
|   0|0x0000000080000000, 0x0000000080100000, 0x0000000080100000|100%|HS|  |TAMS 0x0000000080100000, 0x0000000080000000| Complete 
|   1|0x0000000080100000, 0x0000000080200000, 0x0000000080200000|100%|HC|  |TAMS 0x0000000080200000, 0x0000000080100000| Complete 
|   2|0x0000000080200000, 0x0000000080300000, 0x0000000080300000|100%|HC|  |TAMS 0x0000000080300000, 0x0000000080200000| Complete 
|   3|0x0000000080300000, 0x0000000080400000, 0x0000000080400000|100%|HC|  |TAMS 0x0000000080400000, 0x0000000080300000| Complete 
|   4|0x0000000080400000, 0x0000000080500000, 0x0000000080500000|100%| O|  |TAMS 0x0000000080500000, 0x0000000080400000| Untracked 
|   5|0x0000000080500000, 0x0000000080600000, 0x0000000080600000|100%| O|  |TAMS 0x0000000080600000, 0x0000000080500000| Untracked 
|   6|0x0000000080600000, 0x0000000080700000, 0x0000000080700000|100%| O|  |TAMS 0x0000000080700000, 0x0000000080600000| Untracked 
|   7|0x0000000080700000, 0x0000000080800000, 0x0000000080800000|100%| O|  |TAMS 0x0000000080800000, 0x0000000080700000| Untracked 
|   8|0x0000000080800000, 0x0000000080900000, 0x0000000080900000|100%| O|  |TAMS 0x0000000080900000, 0x0000000080800000| Untracked 
|   9|0x0000000080900000, 0x0000000080a00000, 0x0000000080a00000|100%| O|  |TAMS 0x0000000080a00000, 0x0000000080900000| Untracked 
|  10|0x0000000080a00000, 0x0000000080b00000, 0x0000000080b00000|100%| O|  |TAMS 0x0000000080b00000, 0x0000000080a00000| Untracked 
|  11|0x0000000080b00000, 0x0000000080c00000, 0x0000000080c00000|100%| O|  |TAMS 0x0000000080c00000, 0x0000000080b00000| Untracked 
|  12|0x0000000080c00000, 0x0000000080d00000, 0x0000000080d00000|100%| O|  |TAMS 0x0000000080d00000, 0x0000000080c00000| Untracked 
|  13|0x0000000080d00000, 0x0000000080e00000, 0x0000000080e00000|100%| O|  |TAMS 0x0000000080e00000, 0x0000000080d00000| Untracked 
|  14|0x0000000080e00000, 0x0000000080f00000, 0x0000000080f00000|100%| O|  |TAMS 0x0000000080f00000, 0x0000000080e00000| Untracked 
|  15|0x0000000080f00000, 0x0000000081000000, 0x0000000081000000|100%| O|  |TAMS 0x0000000081000000, 0x0000000080f00000| Untracked 
|  16|0x0000000081000000, 0x0000000081100000, 0x0000000081100000|100%| O|  |TAMS 0x0000000081100000, 0x0000000081000000| Untracked 
|  17|0x0000000081100000, 0x0000000081200000, 0x0000000081200000|100%| O|  |TAMS 0x0000000081200000, 0x0000000081100000| Untracked 
|  18|0x0000000081200000, 0x0000000081300000, 0x0000000081300000|100%| O|  |TAMS 0x0000000081300000, 0x0000000081200000| Untracked 
|  19|0x0000000081300000, 0x0000000081400000, 0x0000000081400000|100%| O|  |TAMS 0x0000000081400000, 0x0000000081300000| Untracked 
|  20|0x0000000081400000, 0x0000000081500000, 0x0000000081500000|100%| O|  |TAMS 0x0000000081500000, 0x0000000081400000| Untracked 
|  21|0x0000000081500000, 0x0000000081600000, 0x0000000081600000|100%| O|  |TAMS 0x0000000081600000, 0x0000000081500000| Untracked 
|  22|0x0000000081600000, 0x0000000081700000, 0x0000000081700000|100%| O|  |TAMS 0x0000000081700000, 0x0000000081600000| Untracked 
|  23|0x0000000081700000, 0x0000000081800000, 0x0000000081800000|100%| O|  |TAMS 0x0000000081800000, 0x0000000081700000| Untracked 
|  24|0x0000000081800000, 0x0000000081900000, 0x0000000081900000|100%| O|  |TAMS 0x0000000081900000, 0x0000000081800000| Untracked 
|  25|0x0000000081900000, 0x0000000081a00000, 0x0000000081a00000|100%| O|  |TAMS 0x0000000081a00000, 0x0000000081900000| Untracked 
|  26|0x0000000081a00000, 0x0000000081b00000, 0x0000000081b00000|100%| O|  |TAMS 0x0000000081b00000, 0x0000000081a00000| Untracked 
|  27|0x0000000081b00000, 0x0000000081c00000, 0x0000000081c00000|100%| O|  |TAMS 0x0000000081c00000, 0x0000000081b00000| Untracked 
|  28|0x0000000081c00000, 0x0000000081d00000, 0x0000000081d00000|100%| O|  |TAMS 0x0000000081d00000, 0x0000000081c00000| Untracked 
|  29|0x0000000081d00000, 0x0000000081e00000, 0x0000000081e00000|100%| O|  |TAMS 0x0000000081e00000, 0x0000000081d00000| Untracked 
|  30|0x0000000081e00000, 0x0000000081f00000, 0x0000000081f00000|100%| O|  |TAMS 0x0000000081f00000, 0x0000000081e00000| Untracked 
|  31|0x0000000081f00000, 0x0000000082000000, 0x0000000082000000|100%|HS|  |TAMS 0x0000000082000000, 0x0000000081f00000| Complete 
|  32|0x0000000082000000, 0x0000000082100000, 0x0000000082100000|100%|HC|  |TAMS 0x0000000082100000, 0x0000000082000000| Complete 
|  33|0x0000000082100000, 0x0000000082200000, 0x0000000082200000|100%| O|  |TAMS 0x0000000082200000, 0x0000000082100000| Untracked 
|  34|0x0000000082200000, 0x0000000082300000, 0x0000000082300000|100%| O|  |TAMS 0x0000000082300000, 0x0000000082200000| Untracked 
|  35|0x0000000082300000, 0x0000000082400000, 0x0000000082400000|100%| O|  |TAMS 0x0000000082400000, 0x0000000082300000| Untracked 
|  36|0x0000000082400000, 0x0000000082500000, 0x0000000082500000|100%| O|  |TAMS 0x0000000082500000, 0x0000000082400000| Untracked 
|  37|0x0000000082500000, 0x0000000082600000, 0x0000000082600000|100%| O|  |TAMS 0x0000000082600000, 0x0000000082500000| Untracked 
|  38|0x0000000082600000, 0x0000000082700000, 0x0000000082700000|100%| O|  |TAMS 0x0000000082700000, 0x0000000082600000| Untracked 
|  39|0x0000000082700000, 0x0000000082800000, 0x0000000082800000|100%| O|  |TAMS 0x0000000082800000, 0x0000000082700000| Untracked 
|  40|0x0000000082800000, 0x0000000082900000, 0x0000000082900000|100%|HS|  |TAMS 0x0000000082900000, 0x0000000082800000| Complete 
|  41|0x0000000082900000, 0x0000000082a00000, 0x0000000082a00000|100%|HC|  |TAMS 0x0000000082a00000, 0x0000000082900000| Complete 
|  42|0x0000000082a00000, 0x0000000082b00000, 0x0000000082b00000|100%| O|  |TAMS 0x0000000082b00000, 0x0000000082a00000| Untracked 
|  43|0x0000000082b00000, 0x0000000082c00000, 0x0000000082c00000|100%|HS|  |TAMS 0x0000000082c00000, 0x0000000082b00000| Complete 
|  44|0x0000000082c00000, 0x0000000082d00000, 0x0000000082d00000|100%|HC|  |TAMS 0x0000000082d00000, 0x0000000082c00000| Complete 
|  45|0x0000000082d00000, 0x0000000082e00000, 0x0000000082e00000|100%|HC|  |TAMS 0x0000000082e00000, 0x0000000082d00000| Complete 
|  46|0x0000000082e00000, 0x0000000082f00000, 0x0000000082f00000|100%|HC|  |TAMS 0x0000000082f00000, 0x0000000082e00000| Complete 
|  47|0x0000000082f00000, 0x0000000083000000, 0x0000000083000000|100%| O|  |TAMS 0x0000000083000000, 0x0000000082f00000| Untracked 
|  48|0x0000000083000000, 0x0000000083100000, 0x0000000083100000|100%| O|  |TAMS 0x0000000083100000, 0x0000000083000000| Untracked 
|  49|0x0000000083100000, 0x0000000083200000, 0x0000000083200000|100%| O|  |TAMS 0x0000000083200000, 0x0000000083100000| Untracked 
|  50|0x0000000083200000, 0x0000000083300000, 0x0000000083300000|100%| O|  |TAMS 0x0000000083300000, 0x0000000083200000| Untracked 
|  51|0x0000000083300000, 0x0000000083400000, 0x0000000083400000|100%| O|  |TAMS 0x0000000083400000, 0x0000000083300000| Untracked 
|  52|0x0000000083400000, 0x0000000083500000, 0x0000000083500000|100%|HS|  |TAMS 0x0000000083500000, 0x0000000083400000| Complete 
|  53|0x0000000083500000, 0x0000000083600000, 0x0000000083600000|100%|HC|  |TAMS 0x0000000083600000, 0x0000000083500000| Complete 
|  54|0x0000000083600000, 0x0000000083700000, 0x0000000083700000|100%|HC|  |TAMS 0x0000000083700000, 0x0000000083600000| Complete 
|  55|0x0000000083700000, 0x0000000083800000, 0x0000000083800000|100%|HC|  |TAMS 0x0000000083800000, 0x0000000083700000| Complete 
|  56|0x0000000083800000, 0x0000000083900000, 0x0000000083900000|100%| O|  |TAMS 0x0000000083900000, 0x0000000083800000| Untracked 
|  57|0x0000000083900000, 0x0000000083a00000, 0x0000000083a00000|100%| O|  |TAMS 0x0000000083a00000, 0x0000000083900000| Untracked 
|  58|0x0000000083a00000, 0x0000000083b00000, 0x0000000083b00000|100%| O|  |TAMS 0x0000000083b00000, 0x0000000083a00000| Untracked 
|  59|0x0000000083b00000, 0x0000000083c00000, 0x0000000083c00000|100%| O|  |TAMS 0x0000000083c00000, 0x0000000083b00000| Untracked 
|  60|0x0000000083c00000, 0x0000000083d00000, 0x0000000083d00000|100%| O|  |TAMS 0x0000000083d00000, 0x0000000083c00000| Untracked 
|  61|0x0000000083d00000, 0x0000000083e00000, 0x0000000083e00000|100%| O|  |TAMS 0x0000000083e00000, 0x0000000083d00000| Untracked 
|  62|0x0000000083e00000, 0x0000000083f00000, 0x0000000083f00000|100%| O|  |TAMS 0x0000000083f00000, 0x0000000083e00000| Untracked 
|  63|0x0000000083f00000, 0x0000000084000000, 0x0000000084000000|100%| O|  |TAMS 0x0000000084000000, 0x0000000083f00000| Untracked 
|  64|0x0000000084000000, 0x0000000084100000, 0x0000000084100000|100%| O|  |TAMS 0x0000000084100000, 0x0000000084000000| Untracked 
|  65|0x0000000084100000, 0x0000000084200000, 0x0000000084200000|100%| O|  |TAMS 0x0000000084200000, 0x0000000084100000| Untracked 
|  66|0x0000000084200000, 0x0000000084300000, 0x0000000084300000|100%| O|  |TAMS 0x0000000084300000, 0x0000000084200000| Untracked 
|  67|0x0000000084300000, 0x0000000084400000, 0x0000000084400000|100%|HS|  |TAMS 0x0000000084400000, 0x0000000084300000| Complete 
|  68|0x0000000084400000, 0x0000000084500000, 0x0000000084500000|100%|HS|  |TAMS 0x0000000084500000, 0x0000000084400000| Complete 
|  69|0x0000000084500000, 0x0000000084600000, 0x0000000084600000|100%|HS|  |TAMS 0x0000000084600000, 0x0000000084500000| Complete 
|  70|0x0000000084600000, 0x0000000084700000, 0x0000000084700000|100%| O|  |TAMS 0x0000000084700000, 0x0000000084600000| Untracked 
|  71|0x0000000084700000, 0x0000000084700000, 0x0000000084800000|  0%| F|  |TAMS 0x0000000084700000, 0x0000000084700000| Untracked 
|  72|0x0000000084800000, 0x0000000084900000, 0x0000000084900000|100%| O|  |TAMS 0x0000000084800000, 0x0000000084800000| Untracked 
|  73|0x0000000084900000, 0x0000000084a00000, 0x0000000084a00000|100%| O|  |TAMS 0x0000000084a00000, 0x0000000084900000| Untracked 
|  74|0x0000000084a00000, 0x0000000084b00000, 0x0000000084b00000|100%|HS|  |TAMS 0x0000000084b00000, 0x0000000084a00000| Complete 
|  75|0x0000000084b00000, 0x0000000084c00000, 0x0000000084c00000|100%| O|  |TAMS 0x0000000084c00000, 0x0000000084b00000| Untracked 
|  76|0x0000000084c00000, 0x0000000084d00000, 0x0000000084d00000|100%| O|  |TAMS 0x0000000084d00000, 0x0000000084c00000| Untracked 
|  77|0x0000000084d00000, 0x0000000084e00000, 0x0000000084e00000|100%| O|  |TAMS 0x0000000084e00000, 0x0000000084d00000| Untracked 
|  78|0x0000000084e00000, 0x0000000084f00000, 0x0000000084f00000|100%| O|  |TAMS 0x0000000084f00000, 0x0000000084e00000| Untracked 
|  79|0x0000000084f00000, 0x0000000085000000, 0x0000000085000000|100%| O|  |TAMS 0x0000000085000000, 0x0000000084f00000| Untracked 
|  80|0x0000000085000000, 0x0000000085100000, 0x0000000085100000|100%| O|  |TAMS 0x0000000085100000, 0x0000000085000000| Untracked 
|  81|0x0000000085100000, 0x0000000085200000, 0x0000000085200000|100%| O|  |TAMS 0x0000000085200000, 0x0000000085100000| Untracked 
|  82|0x0000000085200000, 0x0000000085300000, 0x0000000085300000|100%| O|  |TAMS 0x0000000085300000, 0x0000000085200000| Untracked 
|  83|0x0000000085300000, 0x0000000085400000, 0x0000000085400000|100%| O|  |TAMS 0x0000000085400000, 0x0000000085300000| Untracked 
|  84|0x0000000085400000, 0x0000000085500000, 0x0000000085500000|100%| O|  |TAMS 0x0000000085500000, 0x0000000085400000| Untracked 
|  85|0x0000000085500000, 0x0000000085600000, 0x0000000085600000|100%| O|  |TAMS 0x000000008559f400, 0x0000000085500000| Untracked 
|  86|0x0000000085600000, 0x0000000085700000, 0x0000000085700000|100%| O|  |TAMS 0x0000000085600000, 0x0000000085600000| Untracked 
|  87|0x0000000085700000, 0x0000000085800000, 0x0000000085800000|100%| O|  |TAMS 0x0000000085700000, 0x0000000085700000| Untracked 
|  88|0x0000000085800000, 0x0000000085900000, 0x0000000085900000|100%| O|  |TAMS 0x0000000085800000, 0x0000000085800000| Untracked 
|  89|0x0000000085900000, 0x0000000085a00000, 0x0000000085a00000|100%| O|  |TAMS 0x0000000085900000, 0x0000000085900000| Untracked 
|  90|0x0000000085a00000, 0x0000000085a7ac00, 0x0000000085b00000| 47%| O|  |TAMS 0x0000000085a00000, 0x0000000085a00000| Untracked 
|  91|0x0000000085b00000, 0x0000000085b00000, 0x0000000085c00000|  0%| F|  |TAMS 0x0000000085b00000, 0x0000000085b00000| Untracked 
|  92|0x0000000085c00000, 0x0000000085c00000, 0x0000000085d00000|  0%| F|  |TAMS 0x0000000085c00000, 0x0000000085c00000| Untracked 
|  93|0x0000000085d00000, 0x0000000085d00000, 0x0000000085e00000|  0%| F|  |TAMS 0x0000000085d00000, 0x0000000085d00000| Untracked 
|  94|0x0000000085e00000, 0x0000000085e00000, 0x0000000085f00000|  0%| F|  |TAMS 0x0000000085e00000, 0x0000000085e00000| Untracked 
|  95|0x0000000085f00000, 0x0000000085f00000, 0x0000000086000000|  0%| F|  |TAMS 0x0000000085f00000, 0x0000000085f00000| Untracked 
|  96|0x0000000086000000, 0x0000000086000000, 0x0000000086100000|  0%| F|  |TAMS 0x0000000086000000, 0x0000000086000000| Untracked 
|  97|0x0000000086100000, 0x0000000086100000, 0x0000000086200000|  0%| F|  |TAMS 0x0000000086100000, 0x0000000086100000| Untracked 
|  98|0x0000000086200000, 0x0000000086200000, 0x0000000086300000|  0%| F|  |TAMS 0x0000000086200000, 0x0000000086200000| Untracked 
|  99|0x0000000086300000, 0x0000000086300000, 0x0000000086400000|  0%| F|  |TAMS 0x0000000086300000, 0x0000000086300000| Untracked 
| 100|0x0000000086400000, 0x0000000086400000, 0x0000000086500000|  0%| F|  |TAMS 0x0000000086400000, 0x0000000086400000| Untracked 
| 101|0x0000000086500000, 0x0000000086500000, 0x0000000086600000|  0%| F|  |TAMS 0x0000000086500000, 0x0000000086500000| Untracked 
| 102|0x0000000086600000, 0x0000000086600000, 0x0000000086700000|  0%| F|  |TAMS 0x0000000086600000, 0x0000000086600000| Untracked 
| 103|0x0000000086700000, 0x0000000086700000, 0x0000000086800000|  0%| F|  |TAMS 0x0000000086700000, 0x0000000086700000| Untracked 
| 104|0x0000000086800000, 0x0000000086800000, 0x0000000086900000|  0%| F|  |TAMS 0x0000000086800000, 0x0000000086800000| Untracked 
| 105|0x0000000086900000, 0x0000000086900000, 0x0000000086a00000|  0%| F|  |TAMS 0x0000000086900000, 0x0000000086900000| Untracked 
| 106|0x0000000086a00000, 0x0000000086a00000, 0x0000000086b00000|  0%| F|  |TAMS 0x0000000086a00000, 0x0000000086a00000| Untracked 
| 107|0x0000000086b00000, 0x0000000086b00000, 0x0000000086c00000|  0%| F|  |TAMS 0x0000000086b00000, 0x0000000086b00000| Untracked 
| 108|0x0000000086c00000, 0x0000000086c00000, 0x0000000086d00000|  0%| F|  |TAMS 0x0000000086c00000, 0x0000000086c00000| Untracked 
| 109|0x0000000086d00000, 0x0000000086d00000, 0x0000000086e00000|  0%| F|  |TAMS 0x0000000086d00000, 0x0000000086d00000| Untracked 
| 110|0x0000000086e00000, 0x0000000086e00000, 0x0000000086f00000|  0%| F|  |TAMS 0x0000000086e00000, 0x0000000086e00000| Untracked 
| 111|0x0000000086f00000, 0x0000000086f00000, 0x0000000087000000|  0%| F|  |TAMS 0x0000000086f00000, 0x0000000086f00000| Untracked 
| 112|0x0000000087000000, 0x0000000087000000, 0x0000000087100000|  0%| F|  |TAMS 0x0000000087000000, 0x0000000087000000| Untracked 
| 113|0x0000000087100000, 0x0000000087100000, 0x0000000087200000|  0%| F|  |TAMS 0x0000000087100000, 0x0000000087100000| Untracked 
| 114|0x0000000087200000, 0x0000000087200000, 0x0000000087300000|  0%| F|  |TAMS 0x0000000087200000, 0x0000000087200000| Untracked 
| 115|0x0000000087300000, 0x0000000087300000, 0x0000000087400000|  0%| F|  |TAMS 0x0000000087300000, 0x0000000087300000| Untracked 
| 116|0x0000000087400000, 0x0000000087400000, 0x0000000087500000|  0%| F|  |TAMS 0x0000000087400000, 0x0000000087400000| Untracked 
| 117|0x0000000087500000, 0x0000000087500000, 0x0000000087600000|  0%| F|  |TAMS 0x0000000087500000, 0x0000000087500000| Untracked 
| 118|0x0000000087600000, 0x0000000087600000, 0x0000000087700000|  0%| F|  |TAMS 0x0000000087600000, 0x0000000087600000| Untracked 
| 119|0x0000000087700000, 0x0000000087700000, 0x0000000087800000|  0%| F|  |TAMS 0x0000000087700000, 0x0000000087700000| Untracked 
| 120|0x0000000087800000, 0x0000000087800000, 0x0000000087900000|  0%| F|  |TAMS 0x0000000087800000, 0x0000000087800000| Untracked 
| 121|0x0000000087900000, 0x0000000087900000, 0x0000000087a00000|  0%| F|  |TAMS 0x0000000087900000, 0x0000000087900000| Untracked 
| 122|0x0000000087a00000, 0x0000000087a00000, 0x0000000087b00000|  0%| F|  |TAMS 0x0000000087a00000, 0x0000000087a00000| Untracked 
| 123|0x0000000087b00000, 0x0000000087b00000, 0x0000000087c00000|  0%| F|  |TAMS 0x0000000087b00000, 0x0000000087b00000| Untracked 
| 124|0x0000000087c00000, 0x0000000087c00000, 0x0000000087d00000|  0%| F|  |TAMS 0x0000000087c00000, 0x0000000087c00000| Untracked 
| 125|0x0000000087d00000, 0x0000000087d00000, 0x0000000087e00000|  0%| F|  |TAMS 0x0000000087d00000, 0x0000000087d00000| Untracked 
| 126|0x0000000087e00000, 0x0000000087e00000, 0x0000000087f00000|  0%| F|  |TAMS 0x0000000087e00000, 0x0000000087e00000| Untracked 
| 127|0x0000000087f00000, 0x0000000087f00000, 0x0000000088000000|  0%| F|  |TAMS 0x0000000087f00000, 0x0000000087f00000| Untracked 
| 128|0x0000000088000000, 0x0000000088000000, 0x0000000088100000|  0%| F|  |TAMS 0x0000000088000000, 0x0000000088000000| Untracked 
| 129|0x0000000088100000, 0x0000000088100000, 0x0000000088200000|  0%| F|  |TAMS 0x0000000088100000, 0x0000000088100000| Untracked 
| 130|0x0000000088200000, 0x0000000088200000, 0x0000000088300000|  0%| F|  |TAMS 0x0000000088200000, 0x0000000088200000| Untracked 
| 131|0x0000000088300000, 0x0000000088300000, 0x0000000088400000|  0%| F|  |TAMS 0x0000000088300000, 0x0000000088300000| Untracked 
| 132|0x0000000088400000, 0x0000000088400000, 0x0000000088500000|  0%| F|  |TAMS 0x0000000088400000, 0x0000000088400000| Untracked 
| 133|0x0000000088500000, 0x0000000088500000, 0x0000000088600000|  0%| F|  |TAMS 0x0000000088500000, 0x0000000088500000| Untracked 
| 134|0x0000000088600000, 0x0000000088600000, 0x0000000088700000|  0%| F|  |TAMS 0x0000000088600000, 0x0000000088600000| Untracked 
| 135|0x0000000088700000, 0x0000000088700000, 0x0000000088800000|  0%| F|  |TAMS 0x0000000088700000, 0x0000000088700000| Untracked 
| 136|0x0000000088800000, 0x0000000088800000, 0x0000000088900000|  0%| F|  |TAMS 0x0000000088800000, 0x0000000088800000| Untracked 
| 137|0x0000000088900000, 0x0000000088900000, 0x0000000088a00000|  0%| F|  |TAMS 0x0000000088900000, 0x0000000088900000| Untracked 
| 138|0x0000000088a00000, 0x0000000088a00000, 0x0000000088b00000|  0%| F|  |TAMS 0x0000000088a00000, 0x0000000088a00000| Untracked 
| 139|0x0000000088b00000, 0x0000000088b00000, 0x0000000088c00000|  0%| F|  |TAMS 0x0000000088b00000, 0x0000000088b00000| Untracked 
| 140|0x0000000088c00000, 0x0000000088c00000, 0x0000000088d00000|  0%| F|  |TAMS 0x0000000088c00000, 0x0000000088c00000| Untracked 
| 141|0x0000000088d00000, 0x0000000088d00000, 0x0000000088e00000|  0%| F|  |TAMS 0x0000000088d00000, 0x0000000088d00000| Untracked 
| 142|0x0000000088e00000, 0x0000000088e00000, 0x0000000088f00000|  0%| F|  |TAMS 0x0000000088e00000, 0x0000000088e00000| Untracked 
| 143|0x0000000088f00000, 0x0000000088f00000, 0x0000000089000000|  0%| F|  |TAMS 0x0000000088f00000, 0x0000000088f00000| Untracked 
| 144|0x0000000089000000, 0x0000000089000000, 0x0000000089100000|  0%| F|  |TAMS 0x0000000089000000, 0x0000000089000000| Untracked 
| 145|0x0000000089100000, 0x0000000089100000, 0x0000000089200000|  0%| F|  |TAMS 0x0000000089100000, 0x0000000089100000| Untracked 
| 146|0x0000000089200000, 0x0000000089200000, 0x0000000089300000|  0%| F|  |TAMS 0x0000000089200000, 0x0000000089200000| Untracked 
| 147|0x0000000089300000, 0x0000000089300000, 0x0000000089400000|  0%| F|  |TAMS 0x0000000089300000, 0x0000000089300000| Untracked 
| 148|0x0000000089400000, 0x0000000089400000, 0x0000000089500000|  0%| F|  |TAMS 0x0000000089400000, 0x0000000089400000| Untracked 
| 149|0x0000000089500000, 0x0000000089500000, 0x0000000089600000|  0%| F|  |TAMS 0x0000000089500000, 0x0000000089500000| Untracked 
| 150|0x0000000089600000, 0x0000000089600000, 0x0000000089700000|  0%| F|  |TAMS 0x0000000089600000, 0x0000000089600000| Untracked 
| 151|0x0000000089700000, 0x0000000089700000, 0x0000000089800000|  0%| F|  |TAMS 0x0000000089700000, 0x0000000089700000| Untracked 
| 152|0x0000000089800000, 0x0000000089800000, 0x0000000089900000|  0%| F|  |TAMS 0x0000000089800000, 0x0000000089800000| Untracked 
| 153|0x0000000089900000, 0x0000000089900000, 0x0000000089a00000|  0%| F|  |TAMS 0x0000000089900000, 0x0000000089900000| Untracked 
| 154|0x0000000089a00000, 0x0000000089a00000, 0x0000000089b00000|  0%| F|  |TAMS 0x0000000089a00000, 0x0000000089a00000| Untracked 
| 155|0x0000000089b00000, 0x0000000089b80800, 0x0000000089c00000| 50%| E|  |TAMS 0x0000000089b00000, 0x0000000089b00000| Complete 
| 156|0x0000000089c00000, 0x0000000089d00000, 0x0000000089d00000|100%| E|CS|TAMS 0x0000000089c00000, 0x0000000089c00000| Complete 
| 157|0x0000000089d00000, 0x0000000089e00000, 0x0000000089e00000|100%| E|CS|TAMS 0x0000000089d00000, 0x0000000089d00000| Complete 
| 158|0x0000000089e00000, 0x0000000089f00000, 0x0000000089f00000|100%| E|CS|TAMS 0x0000000089e00000, 0x0000000089e00000| Complete 
| 159|0x0000000089f00000, 0x000000008a000000, 0x000000008a000000|100%| E|CS|TAMS 0x0000000089f00000, 0x0000000089f00000| Complete 
| 160|0x000000008a000000, 0x000000008a100000, 0x000000008a100000|100%| E|CS|TAMS 0x000000008a000000, 0x000000008a000000| Complete 
| 161|0x000000008a100000, 0x000000008a200000, 0x000000008a200000|100%| E|CS|TAMS 0x000000008a100000, 0x000000008a100000| Complete 
| 162|0x000000008a200000, 0x000000008a300000, 0x000000008a300000|100%| E|CS|TAMS 0x000000008a200000, 0x000000008a200000| Complete 
| 163|0x000000008a300000, 0x000000008a400000, 0x000000008a400000|100%| E|CS|TAMS 0x000000008a300000, 0x000000008a300000| Complete 
| 164|0x000000008a400000, 0x000000008a500000, 0x000000008a500000|100%| E|CS|TAMS 0x000000008a400000, 0x000000008a400000| Complete 
| 165|0x000000008a500000, 0x000000008a600000, 0x000000008a600000|100%| E|CS|TAMS 0x000000008a500000, 0x000000008a500000| Complete 
| 166|0x000000008a600000, 0x000000008a700000, 0x000000008a700000|100%| E|CS|TAMS 0x000000008a600000, 0x000000008a600000| Complete 
| 167|0x000000008a700000, 0x000000008a800000, 0x000000008a800000|100%| E|CS|TAMS 0x000000008a700000, 0x000000008a700000| Complete 
| 168|0x000000008a800000, 0x000000008a900000, 0x000000008a900000|100%| E|CS|TAMS 0x000000008a800000, 0x000000008a800000| Complete 
| 169|0x000000008a900000, 0x000000008aa00000, 0x000000008aa00000|100%| E|CS|TAMS 0x000000008a900000, 0x000000008a900000| Complete 
| 170|0x000000008aa00000, 0x000000008ab00000, 0x000000008ab00000|100%| E|CS|TAMS 0x000000008aa00000, 0x000000008aa00000| Complete 
| 171|0x000000008ab00000, 0x000000008abbd508, 0x000000008ac00000| 73%| S|CS|TAMS 0x000000008ab00000, 0x000000008ab00000| Complete 
| 172|0x000000008ac00000, 0x000000008ad00000, 0x000000008ad00000|100%| E|CS|TAMS 0x000000008ac00000, 0x000000008ac00000| Complete 
| 173|0x000000008ad00000, 0x000000008ae00000, 0x000000008ae00000|100%| E|CS|TAMS 0x000000008ad00000, 0x000000008ad00000| Complete 

Card table byte_map: [0x000001b53b490000,0x000001b53b890000] _byte_map_base: 0x000001b53b090000

Marking Bits (Prev, Next): (CMBitMap*) 0x000001b524517140, (CMBitMap*) 0x000001b524517180
 Prev Bits: [0x000001b53bc90000, 0x000001b53dc90000)
 Next Bits: [0x000001b53dc90000, 0x000001b53fc90000)

Polling page: 0x000001b522410000

Metaspace:

Usage:
  Non-class:     66.14 MB used.
      Class:     10.72 MB used.
       Both:     76.86 MB used.

Virtual space:
  Non-class space:      128.00 MB reserved,      66.56 MB ( 52%) committed,  2 nodes.
      Class space:      416.00 MB reserved,      11.06 MB (  3%) committed,  1 nodes.
             Both:      544.00 MB reserved,      77.62 MB ( 14%) committed. 

Chunk freelists:
   Non-Class:  13.18 MB
       Class:  4.96 MB
        Both:  18.14 MB

MaxMetaspaceSize: 512.00 MB
CompressedClassSpaceSize: 416.00 MB
Initial GC threshold: 21.00 MB
Current GC threshold: 126.06 MB
CDS: on
MetaspaceReclaimPolicy: balanced
 - commit_granule_bytes: 65536.
 - commit_granule_words: 8192.
 - virtual_space_node_default_size: 8388608.
 - enlarge_chunks_in_place: 1.
 - new_chunks_are_fully_committed: 0.
 - uncommit_free_chunks: 1.
 - use_allocation_guard: 0.
 - handle_deallocations: 1.


Internal statistics:

num_allocs_failed_limit: 6.
num_arena_births: 1024.
num_arena_deaths: 0.
num_vsnodes_births: 3.
num_vsnodes_deaths: 0.
num_space_committed: 1242.
num_space_uncommitted: 0.
num_chunks_returned_to_freelist: 6.
num_chunks_taken_from_freelist: 4304.
num_chunk_merges: 6.
num_chunk_splits: 2843.
num_chunks_enlarged: 1849.
num_inconsistent_stats: 0.

CodeHeap 'non-profiled nmethods': size=120000Kb used=4463Kb max_used=4463Kb free=115536Kb
 bounds [0x000001b533830000, 0x000001b533c90000, 0x000001b53ad60000]
CodeHeap 'profiled nmethods': size=120000Kb used=17330Kb max_used=17330Kb free=102670Kb
 bounds [0x000001b52bd60000, 0x000001b52ce50000, 0x000001b533290000]
CodeHeap 'non-nmethods': size=5760Kb used=2389Kb max_used=2442Kb free=3370Kb
 bounds [0x000001b533290000, 0x000001b533500000, 0x000001b533830000]
 total_blobs=9577 nmethods=8671 adapters=816
 compilation: enabled
              stopped_count=0, restarted_count=0
 full_count=0

Compilation events (20 events):
Event: 48.690 Thread 0x000001b5426a7cb0 nmethod 9457% 0x000001b533c87a10 code [0x000001b533c87cc0, 0x000001b533c89960]
Event: 48.690 Thread 0x000001b5426a7cb0 9474   !   4       org.gradle.internal.service.DefaultServiceRegistry$SingletonService::prepare (111 bytes)
Event: 48.694 Thread 0x000001b5426a7cb0 nmethod 9474 0x000001b533c8ab10 code [0x000001b533c8acc0, 0x000001b533c8b258]
Event: 48.694 Thread 0x000001b5426a7cb0 9478       4       org.gradle.internal.service.DefaultServiceRegistry::assertValidServiceType (51 bytes)
Event: 48.695 Thread 0x000001b5426a7cb0 nmethod 9478 0x000001b533c8b390 code [0x000001b533c8b520, 0x000001b533c8b618]
Event: 48.695 Thread 0x000001b5426a7cb0 9476       4       org.gradle.internal.service.DefaultServiceRegistry$SingletonService::get (5 bytes)
Event: 48.697 Thread 0x000001b5426aa680 9488       3       sun.nio.ch.FileKey::hashCode (42 bytes)
Event: 48.697 Thread 0x000001b5426aa680 nmethod 9488 0x000001b52ce49210 code [0x000001b52ce493a0, 0x000001b52ce494d8]
Event: 48.698 Thread 0x000001b5426aa680 9489       3       org.gradle.internal.event.DefaultListenerManager$EventBroadcast::buildAllWithLogger (57 bytes)
Event: 48.699 Thread 0x000001b5426aa680 nmethod 9489 0x000001b52ce49590 code [0x000001b52ce497e0, 0x000001b52ce4a4c8]
Event: 48.699 Thread 0x000001b5426aa680 9490       3       org.gradle.internal.event.ListenerBroadcast::<init> (18 bytes)
Event: 48.699 Thread 0x000001b5426aa680 nmethod 9490 0x000001b52ce4a910 code [0x000001b52ce4aae0, 0x000001b52ce4aff8]
Event: 48.702 Thread 0x000001b5426aa680 9491       3       org.gradle.internal.execution.impl.DefaultFileNormalizationSpec::hashCode (29 bytes)
Event: 48.702 Thread 0x000001b5426aa680 nmethod 9491 0x000001b52ce4b210 code [0x000001b52ce4b3e0, 0x000001b52ce4bac8]
Event: 48.703 Thread 0x000001b5426aa680 9492       1       org.gradle.api.internal.attributes.DefaultAttributeMatchingStrategy::getDisambiguationRules (5 bytes)
Event: 48.703 Thread 0x000001b5426aa680 nmethod 9492 0x000001b533c8b710 code [0x000001b533c8b8a0, 0x000001b533c8b978]
Event: 48.704 Thread 0x000001b5426aa680 9494       1       org.gradle.api.internal.provider.DefaultProperty::getType (5 bytes)
Event: 48.704 Thread 0x000001b5426aa680 nmethod 9494 0x000001b533c8ba10 code [0x000001b533c8bba0, 0x000001b533c8bc78]
Event: 48.712 Thread 0x000001b5426aa680 9496       3       org.codehaus.groovy.runtime.MetaClassHelper::sameClasses (54 bytes)
Event: 48.713 Thread 0x000001b5426aa680 nmethod 9496 0x000001b52ce4bc90 code [0x000001b52ce4be80, 0x000001b52ce4c5e8]

GC Heap History (20 events):
Event: 22.870 GC heap before
{Heap before GC invocations=36 (full 0):
 garbage-first heap   total 135168K, used 84302K [0x0000000080000000, 0x0000000100000000)
  region size 1024K, 6 young (6144K), 3 survivors (3072K)
 Metaspace       used 66008K, committed 66688K, reserved 491520K
  class space    used 9365K, committed 9664K, reserved 425984K
}
Event: 22.872 GC heap after
{Heap after GC invocations=37 (full 0):
 garbage-first heap   total 135168K, used 81193K [0x0000000080000000, 0x0000000100000000)
  region size 1024K, 1 young (1024K), 1 survivors (1024K)
 Metaspace       used 66008K, committed 66688K, reserved 491520K
  class space    used 9365K, committed 9664K, reserved 425984K
}
Event: 23.160 GC heap before
{Heap before GC invocations=37 (full 0):
 garbage-first heap   total 135168K, used 98601K [0x0000000080000000, 0x0000000100000000)
  region size 1024K, 19 young (19456K), 1 survivors (1024K)
 Metaspace       used 67613K, committed 68288K, reserved 491520K
  class space    used 9531K, committed 9856K, reserved 425984K
}
Event: 23.164 GC heap after
{Heap after GC invocations=38 (full 0):
 garbage-first heap   total 135168K, used 81738K [0x0000000080000000, 0x0000000100000000)
  region size 1024K, 1 young (1024K), 1 survivors (1024K)
 Metaspace       used 67613K, committed 68288K, reserved 491520K
  class space    used 9531K, committed 9856K, reserved 425984K
}
Event: 23.489 GC heap before
{Heap before GC invocations=39 (full 0):
 garbage-first heap   total 147456K, used 102218K [0x0000000080000000, 0x0000000100000000)
  region size 1024K, 21 young (21504K), 1 survivors (1024K)
 Metaspace       used 69180K, committed 69888K, reserved 491520K
  class space    used 9725K, committed 10048K, reserved 425984K
}
Event: 23.491 GC heap after
{Heap after GC invocations=40 (full 0):
 garbage-first heap   total 178176K, used 82222K [0x0000000080000000, 0x0000000100000000)
  region size 1024K, 2 young (2048K), 2 survivors (2048K)
 Metaspace       used 69180K, committed 69888K, reserved 491520K
  class space    used 9725K, committed 10048K, reserved 425984K
}
Event: 23.641 GC heap before
{Heap before GC invocations=40 (full 0):
 garbage-first heap   total 178176K, used 87342K [0x0000000080000000, 0x0000000100000000)
  region size 1024K, 8 young (8192K), 2 survivors (2048K)
 Metaspace       used 70617K, committed 71360K, reserved 491520K
  class space    used 9885K, committed 10240K, reserved 425984K
}
Event: 23.644 GC heap after
{Heap after GC invocations=41 (full 0):
 garbage-first heap   total 178176K, used 82758K [0x0000000080000000, 0x0000000100000000)
  region size 1024K, 1 young (1024K), 1 survivors (1024K)
 Metaspace       used 70617K, committed 71360K, reserved 491520K
  class space    used 9885K, committed 10240K, reserved 425984K
}
Event: 23.682 GC heap before
{Heap before GC invocations=41 (full 0):
 garbage-first heap   total 178176K, used 83782K [0x0000000080000000, 0x0000000100000000)
  region size 1024K, 3 young (3072K), 1 survivors (1024K)
 Metaspace       used 70668K, committed 71360K, reserved 491520K
  class space    used 9891K, committed 10240K, reserved 425984K
}
Event: 23.683 GC heap after
{Heap after GC invocations=42 (full 0):
 garbage-first heap   total 178176K, used 83520K [0x0000000080000000, 0x0000000100000000)
  region size 1024K, 2 young (2048K), 2 survivors (2048K)
 Metaspace       used 70668K, committed 71360K, reserved 491520K
  class space    used 9891K, committed 10240K, reserved 425984K
}
Event: 24.273 GC heap before
{Heap before GC invocations=43 (full 0):
 garbage-first heap   total 178176K, used 135744K [0x0000000080000000, 0x0000000100000000)
  region size 1024K, 47 young (48128K), 2 survivors (2048K)
 Metaspace       used 73064K, committed 73792K, reserved 491520K
  class space    used 10209K, committed 10560K, reserved 425984K
}
Event: 24.278 GC heap after
{Heap after GC invocations=44 (full 0):
 garbage-first heap   total 178176K, used 87177K [0x0000000080000000, 0x0000000100000000)
  region size 1024K, 6 young (6144K), 6 survivors (6144K)
 Metaspace       used 73064K, committed 73792K, reserved 491520K
  class space    used 10209K, committed 10560K, reserved 425984K
}
Event: 24.306 GC heap before
{Heap before GC invocations=44 (full 0):
 garbage-first heap   total 178176K, used 89225K [0x0000000080000000, 0x0000000100000000)
  region size 1024K, 8 young (8192K), 6 survivors (6144K)
 Metaspace       used 73208K, committed 73920K, reserved 491520K
  class space    used 10227K, committed 10560K, reserved 425984K
}
Event: 24.311 GC heap after
{Heap after GC invocations=45 (full 0):
 garbage-first heap   total 178176K, used 87199K [0x0000000080000000, 0x0000000100000000)
  region size 1024K, 1 young (1024K), 1 survivors (1024K)
 Metaspace       used 73208K, committed 73920K, reserved 491520K
  class space    used 10227K, committed 10560K, reserved 425984K
}
Event: 24.987 GC heap before
{Heap before GC invocations=45 (full 0):
 garbage-first heap   total 178176K, used 132255K [0x0000000080000000, 0x0000000100000000)
  region size 1024K, 45 young (46080K), 1 survivors (1024K)
 Metaspace       used 76526K, committed 77248K, reserved 557056K
  class space    used 10653K, committed 11008K, reserved 425984K
}
Event: 24.991 GC heap after
{Heap after GC invocations=46 (full 0):
 garbage-first heap   total 178176K, used 88926K [0x0000000080000000, 0x0000000100000000)
  region size 1024K, 3 young (3072K), 3 survivors (3072K)
 Metaspace       used 76526K, committed 77248K, reserved 557056K
  class space    used 10653K, committed 11008K, reserved 425984K
}
Event: 27.695 GC heap before
{Heap before GC invocations=47 (full 0):
 garbage-first heap   total 178176K, used 136030K [0x0000000080000000, 0x0000000100000000)
  region size 1024K, 49 young (50176K), 3 survivors (3072K)
 Metaspace       used 77294K, committed 78016K, reserved 557056K
  class space    used 10779K, committed 11136K, reserved 425984K
}
Event: 27.701 GC heap after
{Heap after GC invocations=48 (full 0):
 garbage-first heap   total 178176K, used 92208K [0x0000000080000000, 0x0000000100000000)
  region size 1024K, 6 young (6144K), 6 survivors (6144K)
 Metaspace       used 77294K, committed 78016K, reserved 557056K
  class space    used 10779K, committed 11136K, reserved 425984K
}
Event: 27.730 GC heap before
{Heap before GC invocations=48 (full 0):
 garbage-first heap   total 178176K, used 94256K [0x0000000080000000, 0x0000000100000000)
  region size 1024K, 8 young (8192K), 6 survivors (6144K)
 Metaspace       used 77480K, committed 78208K, reserved 557056K
  class space    used 10804K, committed 11136K, reserved 425984K
}
Event: 27.734 GC heap after
{Heap after GC invocations=49 (full 0):
 garbage-first heap   total 178176K, used 92384K [0x0000000080000000, 0x0000000100000000)
  region size 1024K, 1 young (1024K), 1 survivors (1024K)
 Metaspace       used 77480K, committed 78208K, reserved 557056K
  class space    used 10804K, committed 11136K, reserved 425984K
}

Deoptimization events (20 events):
Event: 28.015 Thread 0x000001b5633c93e0 DEOPT PACKING pc=0x000001b5338434a4 sp=0x0000000b12dfce20
Event: 28.015 Thread 0x000001b5633c93e0 DEOPT UNPACKING pc=0x000001b5332e5ba3 sp=0x0000000b12dfcdc8 mode 2
Event: 28.015 Thread 0x000001b5633c93e0 Uncommon trap: trap_request=0xffffffde fr.pc=0x000001b5338434a4 relative=0x00000000000001a4
Event: 28.015 Thread 0x000001b5633c93e0 Uncommon trap: reason=class_check action=maybe_recompile pc=0x000001b5338434a4 method=java.lang.String.equals(Ljava/lang/Object;)Z @ 8 c2
Event: 28.015 Thread 0x000001b5633c93e0 DEOPT PACKING pc=0x000001b5338434a4 sp=0x0000000b12dfce20
Event: 28.015 Thread 0x000001b5633c93e0 DEOPT UNPACKING pc=0x000001b5332e5ba3 sp=0x0000000b12dfcdc8 mode 2
Event: 28.027 Thread 0x000001b5633c93e0 DEOPT PACKING pc=0x000001b52be30f3d sp=0x0000000b12dfcb20
Event: 28.027 Thread 0x000001b5633c93e0 DEOPT UNPACKING pc=0x000001b5332e66e3 sp=0x0000000b12dfbfb8 mode 0
Event: 28.191 Thread 0x000001b5633c9e00 Uncommon trap: trap_request=0xffffff45 fr.pc=0x000001b533b80088 relative=0x0000000000000248
Event: 28.191 Thread 0x000001b5633c9e00 Uncommon trap: reason=unstable_if action=reinterpret pc=0x000001b533b80088 method=com.esotericsoftware.kryo.io.Input.require(I)I @ 180 c2
Event: 28.191 Thread 0x000001b5633c9e00 DEOPT PACKING pc=0x000001b533b80088 sp=0x0000000b12bff230
Event: 28.191 Thread 0x000001b5633c9e00 DEOPT UNPACKING pc=0x000001b5332e5ba3 sp=0x0000000b12bff0a0 mode 2
Event: 48.657 Thread 0x000001b563f3ea30 Uncommon trap: trap_request=0xffffff45 fr.pc=0x000001b533b809e0 relative=0x0000000000000220
Event: 48.657 Thread 0x000001b563f3ea30 Uncommon trap: reason=unstable_if action=reinterpret pc=0x000001b533b809e0 method=com.esotericsoftware.kryo.io.Input.readVarInt(Z)I @ 42 c2
Event: 48.657 Thread 0x000001b563f3ea30 DEOPT PACKING pc=0x000001b533b809e0 sp=0x0000000b12cfebe0
Event: 48.657 Thread 0x000001b563f3ea30 DEOPT UNPACKING pc=0x000001b5332e5ba3 sp=0x0000000b12cfeb88 mode 2
Event: 48.675 Thread 0x000001b5633c93e0 Uncommon trap: trap_request=0xffffffc6 fr.pc=0x000001b533a67368 relative=0x0000000000000788
Event: 48.675 Thread 0x000001b5633c93e0 Uncommon trap: reason=bimorphic_or_optimized_type_check action=maybe_recompile pc=0x000001b533a67368 method=java.util.stream.MatchOps$MatchOp.evaluateSequential(Ljava/util/stream/PipelineHelper;Ljava/util/Spliterator;)Ljava/lang/Boolean; @ 14 c2
Event: 48.675 Thread 0x000001b5633c93e0 DEOPT PACKING pc=0x000001b533a67368 sp=0x0000000b12dfb5f0
Event: 48.675 Thread 0x000001b5633c93e0 DEOPT UNPACKING pc=0x000001b5332e5ba3 sp=0x0000000b12dfb528 mode 2

Classes unloaded (0 events):
No events

Classes redefined (0 events):
No events

Internal exceptions (20 events):
Event: 25.387 Thread 0x000001b5633c93e0 Exception <a 'java/lang/ClassNotFoundException'{0x000000008856b828}: com/android/build/gradle/internal/dsl/BuildTypeCustomizer> (0x000000008856b828) 
thrown [s\open\src\hotspot\share\classfile\systemDictionary.cpp, line 256]
Event: 25.390 Thread 0x000001b5633c93e0 Exception <a 'java/lang/ClassNotFoundException'{0x00000000885f95f8}: com/android/build/gradle/internal/dsl/BuildType$AgpDecoratedCustomizer> (0x00000000885f95f8) 
thrown [s\open\src\hotspot\share\classfile\systemDictionary.cpp, line 256]
Event: 25.392 Thread 0x000001b5633c93e0 Exception <a 'java/lang/ClassNotFoundException'{0x000000008844fa30}: com/android/build/gradle/internal/dsl/BuildType$AgpDecorated_DecoratedCustomizer> (0x000000008844fa30) 
thrown [s\open\src\hotspot\share\classfile\systemDictionary.cpp, line 256]
Event: 25.399 Thread 0x000001b5633c93e0 Exception <a 'java/lang/ClassNotFoundException'{0x0000000088341158}: build_egkt0o5w9nue6mmulpifskb1z$_run_closure2$_closure6BeanInfo> (0x0000000088341158) 
thrown [s\open\src\hotspot\share\classfile\systemDictionary.cpp, line 256]
Event: 25.399 Thread 0x000001b5633c93e0 Exception <a 'java/lang/ClassNotFoundException'{0x000000008834eec0}: build_egkt0o5w9nue6mmulpifskb1z$_run_closure2$_closure6Customizer> (0x000000008834eec0) 
thrown [s\open\src\hotspot\share\classfile\systemDictionary.cpp, line 256]
Event: 27.654 Thread 0x000001b5633c93e0 Exception <a 'java/lang/ClassNotFoundException'{0x00000000883b8f38}: java/lang/ExceptionBeanInfo> (0x00000000883b8f38) 
thrown [s\open\src\hotspot\share\classfile\systemDictionary.cpp, line 256]
Event: 27.654 Thread 0x000001b5633c93e0 Exception <a 'java/lang/ClassNotFoundException'{0x00000000883c1070}: java/lang/ThrowableBeanInfo> (0x00000000883c1070) 
thrown [s\open\src\hotspot\share\classfile\systemDictionary.cpp, line 256]
Event: 27.655 Thread 0x000001b5633c93e0 Exception <a 'java/lang/ClassNotFoundException'{0x00000000883c8c28}: java/lang/ThrowableCustomizer> (0x00000000883c8c28) 
thrown [s\open\src\hotspot\share\classfile\systemDictionary.cpp, line 256]
Event: 27.656 Thread 0x000001b5633c93e0 Exception <a 'java/lang/ClassNotFoundException'{0x00000000883d8c48}: java/lang/ExceptionCustomizer> (0x00000000883d8c48) 
thrown [s\open\src\hotspot\share\classfile\systemDictionary.cpp, line 256]
Event: 27.656 Thread 0x000001b5633c93e0 Exception <a 'java/lang/reflect/InvocationTargetException'{0x00000000883e2f10}> (0x00000000883e2f10) 
thrown [s\open\src\hotspot\share\runtime\reflection.cpp, line 1121]
Event: 27.935 Thread 0x000001b5633c93e0 Exception <a 'java/lang/NoSuchMethodError'{0x000000008a5c3f18}: 'void java.lang.invoke.DirectMethodHandle$Holder.invokeStatic(java.lang.Object, int, java.lang.Object)'> (0x000000008a5c3f18) 
thrown [s\open\src\hotspot\share\interpreter\linkResolver.cpp, line 759]
Event: 28.100 Thread 0x000001b5633c7fa0 Exception <a 'java/lang/NoSuchMethodError'{0x0000000089f29230}: static Lorg/gradle/tooling/internal/provider/serialization/ClassLoaderDetails;.<clinit>()V> (0x0000000089f29230) 
thrown [s\open\src\hotspot\share\prims\jni.cpp, line 1107]
Event: 28.101 Thread 0x000001b5633c7fa0 Exception <a 'java/lang/NoSuchMethodError'{0x0000000089f3b958}: static Lorg/gradle/tooling/internal/provider/serialization/WellKnownClassLoaderRegistry$KnownClassLoaderSpec;.<clinit>()V> (0x0000000089f3b958) 
thrown [s\open\src\hotspot\share\prims\jni.cpp, line 1107]
Event: 28.101 Thread 0x000001b5633c7fa0 Exception <a 'java/lang/NoSuchMethodError'{0x0000000089f3cfd0}: static Lorg/gradle/internal/classloader/ClassLoaderSpec;.<clinit>()V> (0x0000000089f3cfd0) 
thrown [s\open\src\hotspot\share\prims\jni.cpp, line 1107]
Event: 28.102 Thread 0x000001b5633c7fa0 Exception <a 'java/lang/NoSuchMethodError'{0x0000000089f4f918}: static Lorg/gradle/internal/classloader/ClassLoaderSpec;.<clinit>()V> (0x0000000089f4f918) 
thrown [s\open\src\hotspot\share\prims\jni.cpp, line 1107]
Event: 28.103 Thread 0x000001b5633c7fa0 Exception <a 'java/lang/NoSuchMethodError'{0x0000000089f5bd28}: static Lorg/gradle/internal/classloader/VisitableURLClassLoader$Spec;.<clinit>()V> (0x0000000089f5bd28) 
thrown [s\open\src\hotspot\share\prims\jni.cpp, line 1107]
Event: 48.704 Thread 0x000001b5633c93e0 Exception <a 'sun/nio/fs/WindowsException'{0x0000000089b03c00}> (0x0000000089b03c00) 
thrown [s\open\src\hotspot\share\prims\jni.cpp, line 516]
Event: 48.705 Thread 0x000001b5633c93e0 Exception <a 'sun/nio/fs/WindowsException'{0x0000000089b05178}> (0x0000000089b05178) 
thrown [s\open\src\hotspot\share\prims\jni.cpp, line 516]
Event: 48.706 Thread 0x000001b5633c93e0 Exception <a 'sun/nio/fs/WindowsException'{0x0000000089b066f0}> (0x0000000089b066f0) 
thrown [s\open\src\hotspot\share\prims\jni.cpp, line 516]
Event: 48.706 Thread 0x000001b5633c93e0 Exception <a 'sun/nio/fs/WindowsException'{0x0000000089b07c68}> (0x0000000089b07c68) 
thrown [s\open\src\hotspot\share\prims\jni.cpp, line 516]

VM Operations (20 events):
Event: 25.069 Executing VM operation: G1Concurrent
Event: 25.074 Executing VM operation: G1Concurrent done
Event: 25.110 Executing VM operation: G1Concurrent
Event: 25.110 Executing VM operation: G1Concurrent done
Event: 26.111 Executing VM operation: Cleanup
Event: 26.111 Executing VM operation: Cleanup done
Event: 27.114 Executing VM operation: Cleanup
Event: 27.115 Executing VM operation: Cleanup done
Event: 27.695 Executing VM operation: G1CollectForAllocation
Event: 27.701 Executing VM operation: G1CollectForAllocation done
Event: 27.730 Executing VM operation: G1CollectForAllocation
Event: 27.734 Executing VM operation: G1CollectForAllocation done
Event: 27.932 Executing VM operation: HandshakeAllThreads
Event: 27.932 Executing VM operation: HandshakeAllThreads done
Event: 27.935 Executing VM operation: HandshakeAllThreads
Event: 27.935 Executing VM operation: HandshakeAllThreads done
Event: 28.011 Executing VM operation: HandshakeAllThreads
Event: 28.011 Executing VM operation: HandshakeAllThreads done
Event: 29.017 Executing VM operation: Cleanup
Event: 29.018 Executing VM operation: Cleanup done

Events (20 events):
Event: 28.104 loading class java/net/Proxy done
Event: 28.106 Thread 0x000001b5633c98f0 Thread exited: 0x000001b5633c98f0
Event: 28.192 Thread 0x000001b5633c9e00 Thread exited: 0x000001b5633c9e00
Event: 48.592 Thread 0x000001b563f3ea30 Thread added: 0x000001b563f3ea30
Event: 48.658 Thread 0x000001b563f417c0 Thread added: 0x000001b563f417c0
Event: 48.665 Thread 0x000001b563f42c00 Thread added: 0x000001b563f42c00
Event: 48.666 loading class jdk/internal/math/FormattedFloatingDecimal$Form
Event: 48.666 loading class jdk/internal/math/FormattedFloatingDecimal$Form done
Event: 48.666 loading class jdk/internal/math/FormattedFloatingDecimal
Event: 48.667 loading class jdk/internal/math/FormattedFloatingDecimal done
Event: 48.667 loading class jdk/internal/math/FormattedFloatingDecimal$1
Event: 48.667 loading class jdk/internal/math/FormattedFloatingDecimal$1 done
Event: 48.667 loading class jdk/internal/math/FormattedFloatingDecimal$2
Event: 48.667 loading class jdk/internal/math/FormattedFloatingDecimal$2 done
Event: 48.668 Thread 0x000001b563f3c6c0 Thread added: 0x000001b563f3c6c0
Event: 48.668 Thread 0x000001b563f3f450 Thread added: 0x000001b563f3f450
Event: 48.682 Thread 0x000001b563f3e520 Thread added: 0x000001b563f3e520
Event: 48.687 Thread 0x000001b563f426f0 Thread added: 0x000001b563f426f0
Event: 48.696 Thread 0x000001b563f3ef40 Thread added: 0x000001b563f3ef40
Event: 48.699 Thread 0x000001b563f41cd0 Thread added: 0x000001b563f41cd0


Dynamic libraries:
0x00007ff6956f0000 - 0x00007ff695700000 	C:\Program Files\OpenJDK\jdk-17.0.10\bin\java.exe
0x00007fff52010000 - 0x00007fff52226000 	C:\Windows\SYSTEM32\ntdll.dll
0x00007fff51080000 - 0x00007fff51144000 	C:\Windows\System32\KERNEL32.DLL
0x00007fff4f6d0000 - 0x00007fff4fa77000 	C:\Windows\System32\KERNELBASE.dll
0x00007fff4fb00000 - 0x00007fff4fc11000 	C:\Windows\System32\ucrtbase.dll
0x00007fff3d700000 - 0x00007fff3d719000 	C:\Program Files\OpenJDK\jdk-17.0.10\bin\jli.dll
0x00007fff50700000 - 0x00007fff507b2000 	C:\Windows\System32\ADVAPI32.dll
0x00007fff51dc0000 - 0x00007fff51e67000 	C:\Windows\System32\msvcrt.dll
0x00007fff50fd0000 - 0x00007fff51078000 	C:\Windows\System32\sechost.dll
0x00007fff1ae20000 - 0x00007fff1ae3b000 	C:\Program Files\OpenJDK\jdk-17.0.10\bin\VCRUNTIME140.dll
0x00007fff4f6a0000 - 0x00007fff4f6c8000 	C:\Windows\System32\bcrypt.dll
0x00007fff519f0000 - 0x00007fff51b05000 	C:\Windows\System32\RPCRT4.dll
0x00007fff51690000 - 0x00007fff5183e000 	C:\Windows\System32\USER32.dll
0x00007fff4f500000 - 0x00007fff4f526000 	C:\Windows\System32\win32u.dll
0x00007fff515e0000 - 0x00007fff51609000 	C:\Windows\System32\GDI32.dll
0x00007fff4fc20000 - 0x00007fff4fd39000 	C:\Windows\System32\gdi32full.dll
0x00007fff4f330000 - 0x00007fff4f3ca000 	C:\Windows\System32\msvcp_win.dll
0x00007fff3d9a0000 - 0x00007fff3dc33000 	C:\Windows\WinSxS\amd64_microsoft.windows.common-controls_6595b64144ccf1df_6.0.22621.3235_none_270f74e173860f98\COMCTL32.dll
0x00007fff433c0000 - 0x00007fff433ca000 	C:\Windows\SYSTEM32\VERSION.dll
0x00007fff4fe60000 - 0x00007fff4fe91000 	C:\Windows\System32\IMM32.DLL
0x00007fff35ef0000 - 0x00007fff35efc000 	C:\Program Files\OpenJDK\jdk-17.0.10\bin\vcruntime140_1.dll
0x00007ffec6bd0000 - 0x00007ffec6c5e000 	C:\Program Files\OpenJDK\jdk-17.0.10\bin\msvcp140.dll
0x00007ffeb4e20000 - 0x00007ffeb59ff000 	C:\Program Files\OpenJDK\jdk-17.0.10\bin\server\jvm.dll
0x00007fff50b40000 - 0x00007fff50b48000 	C:\Windows\System32\PSAPI.DLL
0x00007fff45290000 - 0x00007fff45299000 	C:\Windows\SYSTEM32\WSOCK32.dll
0x00007fff51610000 - 0x00007fff51681000 	C:\Windows\System32\WS2_32.dll
0x00007fff43b20000 - 0x00007fff43b54000 	C:\Windows\SYSTEM32\WINMM.dll
0x00007fff4e330000 - 0x00007fff4e348000 	C:\Windows\SYSTEM32\kernel.appcore.dll
0x00007fff2aa60000 - 0x00007fff2aa6a000 	C:\Program Files\OpenJDK\jdk-17.0.10\bin\jimage.dll
0x00007fff4cc10000 - 0x00007fff4ce43000 	C:\Windows\SYSTEM32\DBGHELP.DLL
0x00007fff51250000 - 0x00007fff515d8000 	C:\Windows\System32\combase.dll
0x00007fff51ee0000 - 0x00007fff51fb7000 	C:\Windows\System32\OLEAUT32.dll
0x00007fff2f470000 - 0x00007fff2f4a2000 	C:\Windows\SYSTEM32\dbgcore.DLL
0x00007fff4fa80000 - 0x00007fff4faf9000 	C:\Windows\System32\bcryptPrimitives.dll
0x00007fff3e200000 - 0x00007fff3e20e000 	C:\Program Files\OpenJDK\jdk-17.0.10\bin\instrument.dll
0x00007ffee5780000 - 0x00007ffee57a5000 	C:\Program Files\OpenJDK\jdk-17.0.10\bin\java.dll
0x00007ffec12d0000 - 0x00007ffec13a7000 	C:\Program Files\OpenJDK\jdk-17.0.10\bin\jsvml.dll
0x00007fff4fea0000 - 0x00007fff506fc000 	C:\Windows\System32\SHELL32.dll
0x00007fff4d240000 - 0x00007fff4db39000 	C:\Windows\SYSTEM32\windows.storage.dll
0x00007fff4d100000 - 0x00007fff4d23e000 	C:\Windows\SYSTEM32\wintypes.dll
0x00007fff518f0000 - 0x00007fff519e3000 	C:\Windows\System32\SHCORE.dll
0x00007fff4fdb0000 - 0x00007fff4fe0e000 	C:\Windows\System32\shlwapi.dll
0x00007fff4f260000 - 0x00007fff4f281000 	C:\Windows\SYSTEM32\profapi.dll
0x00007ffee0b60000 - 0x00007ffee0b78000 	C:\Program Files\OpenJDK\jdk-17.0.10\bin\zip.dll
0x00007ffee5760000 - 0x00007ffee5779000 	C:\Program Files\OpenJDK\jdk-17.0.10\bin\net.dll
0x00007fff45f10000 - 0x00007fff46046000 	C:\Windows\SYSTEM32\WINHTTP.dll
0x00007fff4e790000 - 0x00007fff4e7f9000 	C:\Windows\system32\mswsock.dll
0x00007ffee5530000 - 0x00007ffee5546000 	C:\Program Files\OpenJDK\jdk-17.0.10\bin\nio.dll
0x00007fff4a0b0000 - 0x00007fff4a0c0000 	C:\Program Files\OpenJDK\jdk-17.0.10\bin\verify.dll
0x00007fff1e4c0000 - 0x00007fff1e4e7000 	C:\Users\PRAKASH\.gradle\native\68d5fa5c4cc2d200863cafc0d521ce42e7d3e7ee720ec0a83991735586a16f82\windows-amd64\native-platform.dll
0x00007ffef81d0000 - 0x00007ffef8314000 	C:\Users\PRAKASH\.gradle\native\e376f236ea51e6404a007f0833ffe2c6e607c4080706a723a18a27aeea778392\windows-amd64\native-platform-file-events.dll
0x00007fff1c8d0000 - 0x00007fff1c8da000 	C:\Program Files\OpenJDK\jdk-17.0.10\bin\management.dll
0x00007fff1bab0000 - 0x00007fff1babb000 	C:\Program Files\OpenJDK\jdk-17.0.10\bin\management_ext.dll
0x00007fff4eae0000 - 0x00007fff4eafb000 	C:\Windows\SYSTEM32\CRYPTSP.dll
0x00007fff4e290000 - 0x00007fff4e2c5000 	C:\Windows\system32\rsaenh.dll
0x00007fff4e830000 - 0x00007fff4e858000 	C:\Windows\SYSTEM32\USERENV.dll
0x00007fff4eac0000 - 0x00007fff4eacc000 	C:\Windows\SYSTEM32\CRYPTBASE.dll
0x00007fff4de30000 - 0x00007fff4de5d000 	C:\Windows\SYSTEM32\IPHLPAPI.DLL
0x00007fff4fd40000 - 0x00007fff4fd49000 	C:\Windows\System32\NSI.dll
0x00007fff452f0000 - 0x00007fff45309000 	C:\Windows\SYSTEM32\dhcpcsvc6.DLL
0x00007fff45270000 - 0x00007fff4528f000 	C:\Windows\SYSTEM32\dhcpcsvc.DLL
0x00007fff4de60000 - 0x00007fff4df59000 	C:\Windows\SYSTEM32\DNSAPI.dll
0x00007fff1b9d0000 - 0x00007fff1b9de000 	C:\Program Files\OpenJDK\jdk-17.0.10\bin\sunmscapi.dll
0x00007fff4f530000 - 0x00007fff4f697000 	C:\Windows\System32\CRYPT32.dll
0x00007fff4ec00000 - 0x00007fff4ec2e000 	C:\Windows\SYSTEM32\ncrypt.dll
0x00007fff4ebc0000 - 0x00007fff4ebf7000 	C:\Windows\SYSTEM32\NTASN1.dll
0x00007ffec14e0000 - 0x00007ffec14e8000 	C:\Windows\system32\wshunix.dll
0x00007fff2b000000 - 0x00007fff2b017000 	C:\Windows\system32\napinsp.dll
0x00007fff2aa40000 - 0x00007fff2aa5b000 	C:\Windows\system32\pnrpnsp.dll
0x00007fff2aa20000 - 0x00007fff2aa31000 	C:\Windows\System32\winrnr.dll
0x00007fff431b0000 - 0x00007fff431c5000 	C:\Windows\system32\wshbth.dll
0x00007fff1f0e0000 - 0x00007fff1f101000 	C:\Windows\system32\nlansp_c.dll
0x00007fff3c8d0000 - 0x00007fff3c8da000 	C:\Windows\System32\rasadhlp.dll
0x00007fff40f30000 - 0x00007fff40fb3000 	C:\Windows\System32\fwpuclnt.dll

dbghelp: loaded successfully - version: 4.0.5 - missing functions: none
symbol engine: initialized successfully - sym options: 0x614 - pdb path: .;C:\Program Files\OpenJDK\jdk-17.0.10\bin;C:\Windows\SYSTEM32;C:\Windows\WinSxS\amd64_microsoft.windows.common-controls_6595b64144ccf1df_6.0.22621.3235_none_270f74e173860f98;C:\Program Files\OpenJDK\jdk-17.0.10\bin\server;C:\Users\PRAKASH\.gradle\native\68d5fa5c4cc2d200863cafc0d521ce42e7d3e7ee720ec0a83991735586a16f82\windows-amd64;C:\Users\PRAKASH\.gradle\native\e376f236ea51e6404a007f0833ffe2c6e607c4080706a723a18a27aeea778392\windows-amd64

VM Arguments:
jvm_args: -XX:MaxMetaspaceSize=512m --add-opens=java.base/java.util=ALL-UNNAMED --add-opens=java.base/java.lang=ALL-UNNAMED --add-opens=java.base/java.lang.invoke=ALL-UNNAMED --add-opens=java.prefs/java.util.prefs=ALL-UNNAMED --add-opens=java.base/java.nio.charset=ALL-UNNAMED --add-opens=java.base/java.net=ALL-UNNAMED --add-opens=java.base/java.util.concurrent.atomic=ALL-UNNAMED -Xmx2048m -Dfile.encoding=windows-1252 -Duser.country=IN -Duser.language=en -Duser.variant -javaagent:C:\Users\PRAKASH\.gradle\wrapper\dists\gradle-8.3-all\6en3ugtfdg5xnpx44z4qbwgas\gradle-8.3\lib\agents\gradle-instrumentation-agent-8.3.jar 
java_command: org.gradle.launcher.daemon.bootstrap.GradleDaemon 8.3
java_class_path (initial): C:\Users\PRAKASH\.gradle\wrapper\dists\gradle-8.3-all\6en3ugtfdg5xnpx44z4qbwgas\gradle-8.3\lib\gradle-launcher-8.3.jar
Launcher Type: SUN_STANDARD

[Global flags]
     intx CICompilerCount                          = 4                                         {product} {ergonomic}
   size_t CompressedClassSpaceSize                 = 436207616                                 {product} {ergonomic}
     uint ConcGCThreads                            = 2                                         {product} {ergonomic}
     uint G1ConcRefinementThreads                  = 8                                         {product} {ergonomic}
   size_t G1HeapRegionSize                         = 1048576                                   {product} {ergonomic}
    uintx GCDrainStackTargetSize                   = 64                                        {product} {ergonomic}
   size_t InitialHeapSize                          = 130023424                                 {product} {ergonomic}
   size_t MarkStackSize                            = 4194304                                   {product} {ergonomic}
   size_t MaxHeapSize                              = 2147483648                                {product} {command line}
   size_t MaxMetaspaceSize                         = 536870912                                 {product} {command line}
   size_t MaxNewSize                               = 1287651328                                {product} {ergonomic}
   size_t MinHeapDeltaBytes                        = 1048576                                   {product} {ergonomic}
   size_t MinHeapSize                              = 8388608                                   {product} {ergonomic}
    uintx NonNMethodCodeHeapSize                   = 5839372                                {pd product} {ergonomic}
    uintx NonProfiledCodeHeapSize                  = 122909434                              {pd product} {ergonomic}
    uintx ProfiledCodeHeapSize                     = 122909434                              {pd product} {ergonomic}
    uintx ReservedCodeCacheSize                    = 251658240                              {pd product} {ergonomic}
     bool SegmentedCodeCache                       = true                                      {product} {ergonomic}
   size_t SoftMaxHeapSize                          = 2147483648                             {manageable} {ergonomic}
     bool UseCompressedClassPointers               = true                           {product lp64_product} {ergonomic}
     bool UseCompressedOops                        = true                           {product lp64_product} {ergonomic}
     bool UseG1GC                                  = true                                      {product} {ergonomic}
     bool UseLargePagesIndividualAllocation        = false                                  {pd product} {ergonomic}

Logging:
Log output configuration:
 #0: stdout all=warning uptime,level,tags
 #1: stderr all=off uptime,level,tags

Environment Variables:
JAVA_HOME=C:\Program Files\OpenJDK\jdk-17.0.10
CLASSPATH=D:\work from home\REMOTE JOBS\remotejobsapp\android\\gradle\wrapper\gradle-wrapper.jar
PATH=D:\work from home\REMOTE JOBS\remotejobsapp\node_modules\.bin;D:\work from home\REMOTE JOBS\remotejobsapp\node_modules\.bin;D:\work from home\REMOTE JOBS\node_modules\.bin;D:\work from home\node_modules\.bin;D:\node_modules\.bin;C:\Users\PRAKASH\AppData\Roaming\npm\node_modules\npm\node_modules\@npmcli\run-script\lib\node-gyp-bin;C:\Program Files\bin;C:\Windows\system32;C:\Windows;C:\Windows\System32\Wbem;C:\Windows\System32\WindowsPowerShell\v1.0\;C:\Windows\System32\OpenSSH\;C:\Program Files\dotnet\;C:\ProgramData\chocolatey\bin;C:\Program Files\Git\cmd;C:\Users\PRAKASH\AppData\Local\Pub\Cache\bin;C:\xampp\php;C:\ProgramData\ComposerSetup\bin;C:\Program Files\nodejs\;C:\Users\PRAKASH\AppData\Local\Android\Sdk\platform-tools;C:\Users\PRAKASH\AppData\Local\Android\Sdk\tools;C:\Program Files\Git\bin;C:\Users\PRAKASH\AppData\Local\Microsoft\WindowsApps;C:\Users\PRAKASH\AppData\Local\Programs\Microsoft VS Code\bin;C:\Users\PRAKASH\AppData\Roaming\Pub\Cache\bin;"C:\Program Files\Git\bin\git.exe;C:\Windows\System32";C:\flutter\bin;C:\tools\dart-sdk\bin;C:\Users\PRAKASH\AppData\Roaming\Composer\vendor\bin;C:\Program Files\MongoDB\Server\7.0\bin;C:\Users\PRAKASH\AppData\Roaming\npm;C:\Program Files\OpenJDK\jdk-17.0.10\bin
USERNAME=PRAKASH
LANG=en_US.UTF-8
OS=Windows_NT
PROCESSOR_IDENTIFIER=Intel64 Family 6 Model 140 Stepping 1, GenuineIntel



---------------  S Y S T E M  ---------------

OS:
 Windows 11 , 64 bit Build 22621 (10.0.22621.3374)
OS uptime: 1 days 1:50 hours
Hyper-V role detected

CPU: total 8 (initial active 8) (4 cores per cpu, 2 threads per core) family 6 model 140 stepping 1 microcode 0xb4, cx8, cmov, fxsr, ht, mmx, 3dnowpref, sse, sse2, sse3, ssse3, sse4.1, sse4.2, popcnt, lzcnt, tsc, tscinvbit, avx, avx2, aes, erms, clmul, bmi1, bmi2, adx, avx512f, avx512dq, avx512cd, avx512bw, avx512vl, sha, fma, vzeroupper, avx512_vpopcntdq, avx512_vpclmulqdq, avx512_vaes, avx512_vnni, clflush, clflushopt, clwb, avx512_vbmi2, avx512_vbmi, hv

Memory: 4k page, system-wide physical 7934M (31M free)
TotalPageFile size 25865M (AvailPageFile size 2M)
current process WorkingSet (physical memory assigned to process): 377M, peak: 388M
current process commit charge ("private bytes"): 437M, peak: 448M

vm_info: Java HotSpot(TM) 64-Bit Server VM (17.0.10+11-LTS-240) for windows-amd64 JRE (17.0.10+11-LTS-240), built on Dec 19 2023 21:47:25 by "mach5one" with MS VC++ 17.1 (VS2022)

END.
