#
# There is insufficient memory for the Java Runtime Environment to continue.
# Native memory allocation (malloc) failed to allocate 1375536 bytes for Chunk::new
# Possible reasons:
#   The system is out of physical RAM or swap space
#   The process is running with CompressedOops enabled, and the Java Heap may be blocking the growth of the native heap
# Possible solutions:
#   Reduce memory load on the system
#   Increase physical memory or swap space
#   Check if swap backing store is full
#   Decrease Java heap size (-Xmx/-Xms)
#   Decrease number of Java threads
#   Decrease Java thread stack sizes (-Xss)
#   Set larger code cache with -XX:ReservedCodeCacheSize=
#   JVM is running with Unscaled Compressed Oops mode in which the Java heap is
#     placed in the first 4GB address space. The Java Heap base address is the
#     maximum limit for the native heap growth. Please use -XX:HeapBaseMinAddress
#     to set the Java Heap base and to place the Java Heap above 4GB virtual address.
# This output file may be truncated or incomplete.
#
#  Out of Memory Error (arena.cpp:189), pid=6700, tid=12180
#
# JRE version: Java(TM) SE Runtime Environment (17.0.10+11) (build 17.0.10+11-LTS-240)
# Java VM: Java HotSpot(TM) 64-Bit Server VM (17.0.10+11-LTS-240, mixed mode, sharing, tiered, compressed oops, compressed class ptrs, g1 gc, windows-amd64)
# No core dump will be written. Minidumps are not enabled by default on client versions of Windows
#

---------------  S U M M A R Y ------------

Command Line: org.jetbrains.kotlin.cli.jvm.K2JVMCompiler @D:\work from home\REMOTE JOBS\remotejobsapp\node_modules\react-native-safe-area-context\android\build\20240507_15210375363665344842.compiler.options

Host: 11th Gen Intel(R) Core(TM) i5-1145G7 @ 2.60GHz, 8 cores, 7G,  Windows 11 , 64 bit Build 22621 (10.0.22621.3374)
Time: Tue May  7 22:15:32 2024 India Standard Time elapsed time: 7.552038 seconds (0d 0h 0m 7s)

---------------  T H R E A D  ---------------

Current thread (0x00000265b4babe10):  JavaThread "C2 CompilerThread0" daemon [_thread_in_native, id=12180, stack(0x000000b915500000,0x000000b915600000)]


Current CompileTask:
C2:   7552 3793   !   4       jdk.internal.loader.BuiltinClassLoader::findClassOnClassPathOrNull (64 bytes)

Stack: [0x000000b915500000,0x000000b915600000]
Native frames: (J=compiled Java code, j=interpreted, Vv=VM code, C=native code)
V  [jvm.dll+0x677a5a]
V  [jvm.dll+0x7d8b2d]
V  [jvm.dll+0x7da48e]
V  [jvm.dll+0x7daaf3]
V  [jvm.dll+0x2455ff]
V  [jvm.dll+0xaaafb]
V  [jvm.dll+0xab09c]
V  [jvm.dll+0x361b5f]
V  [jvm.dll+0x1bb1da]
V  [jvm.dll+0x217aa7]
V  [jvm.dll+0x216d81]
V  [jvm.dll+0x1a3410]
V  [jvm.dll+0x226aeb]
V  [jvm.dll+0x224cab]
V  [jvm.dll+0x78e45c]
V  [jvm.dll+0x78888a]
V  [jvm.dll+0x676935]
C  [ucrtbase.dll+0x29333]
C  [KERNEL32.DLL+0x1257d]
C  [ntdll.dll+0x5aa48]


---------------  P R O C E S S  ---------------

Threads class SMR info:
_java_thread_list=0x00000265fa3b7c50, length=12, elements={
0x0000026596c20fc0, 0x00000265b4b8fef0, 0x00000265b4b908b0, 0x00000265b4ba6310,
0x00000265b4ba7ce0, 0x00000265b4baa6b0, 0x00000265b4bab070, 0x00000265b4babe10,
0x00000265b4bc9840, 0x00000265b4bd9e30, 0x00000265fa06a360, 0x00000265fa07c010
}

Java Threads: ( => current thread )
  0x0000026596c20fc0 JavaThread "main" [_thread_in_vm, id=15532, stack(0x000000b914800000,0x000000b914900000)]
  0x00000265b4b8fef0 JavaThread "Reference Handler" daemon [_thread_blocked, id=6364, stack(0x000000b914f00000,0x000000b915000000)]
  0x00000265b4b908b0 JavaThread "Finalizer" daemon [_thread_blocked, id=11740, stack(0x000000b915000000,0x000000b915100000)]
  0x00000265b4ba6310 JavaThread "Signal Dispatcher" daemon [_thread_blocked, id=11220, stack(0x000000b915100000,0x000000b915200000)]
  0x00000265b4ba7ce0 JavaThread "Attach Listener" daemon [_thread_blocked, id=7964, stack(0x000000b915200000,0x000000b915300000)]
  0x00000265b4baa6b0 JavaThread "Service Thread" daemon [_thread_blocked, id=16008, stack(0x000000b915300000,0x000000b915400000)]
  0x00000265b4bab070 JavaThread "Monitor Deflation Thread" daemon [_thread_blocked, id=24788, stack(0x000000b915400000,0x000000b915500000)]
=>0x00000265b4babe10 JavaThread "C2 CompilerThread0" daemon [_thread_in_native, id=12180, stack(0x000000b915500000,0x000000b915600000)]
  0x00000265b4bc9840 JavaThread "C1 CompilerThread0" daemon [_thread_blocked, id=19028, stack(0x000000b915600000,0x000000b915700000)]
  0x00000265b4bd9e30 JavaThread "Sweeper thread" daemon [_thread_blocked, id=13468, stack(0x000000b915700000,0x000000b915800000)]
  0x00000265fa06a360 JavaThread "Notification Thread" daemon [_thread_blocked, id=16504, stack(0x000000b915800000,0x000000b915900000)]
  0x00000265fa07c010 JavaThread "Common-Cleaner" daemon [_thread_blocked, id=14448, stack(0x000000b915a00000,0x000000b915b00000)]

Other Threads:
  0x00000265b4b8bdb0 VMThread "VM Thread" [stack: 0x000000b914e00000,0x000000b914f00000] [id=15512]
  0x00000265fa075bb0 WatcherThread [stack: 0x000000b915900000,0x000000b915a00000] [id=14980]
  0x0000026596c7a0a0 GCTaskThread "GC Thread#0" [stack: 0x000000b914900000,0x000000b914a00000] [id=16468]
  0x00000265fa4f3b70 GCTaskThread "GC Thread#1" [stack: 0x000000b915b00000,0x000000b915c00000] [id=22812]
  0x00000265fa6239c0 GCTaskThread "GC Thread#2" [stack: 0x000000b915c00000,0x000000b915d00000] [id=18172]
  0x00000265fa623c80 GCTaskThread "GC Thread#3" [stack: 0x000000b915d00000,0x000000b915e00000] [id=5204]
  0x00000265fa5d6330 GCTaskThread "GC Thread#4" [stack: 0x000000b915e00000,0x000000b915f00000] [id=2988]
  0x00000265fa8fe060 GCTaskThread "GC Thread#5" [stack: 0x000000b915f00000,0x000000b916000000] [id=11252]
  0x00000265fa8fe320 GCTaskThread "GC Thread#6" [stack: 0x000000b916000000,0x000000b916100000] [id=7324]
  0x00000265fa99a480 GCTaskThread "GC Thread#7" [stack: 0x000000b916100000,0x000000b916200000] [id=14420]
  0x0000026596c8a7f0 ConcurrentGCThread "G1 Main Marker" [stack: 0x000000b914a00000,0x000000b914b00000] [id=19744]
  0x0000026596c8b200 ConcurrentGCThread "G1 Conc#0" [stack: 0x000000b914b00000,0x000000b914c00000] [id=26992]
  0x00000265fab83ef0 ConcurrentGCThread "G1 Conc#1" [stack: 0x000000b916200000,0x000000b916300000] [id=10080]
  0x0000026596cdd950 ConcurrentGCThread "G1 Refine#0" [stack: 0x000000b914c00000,0x000000b914d00000] [id=17336]
  0x00000265facd4850 ConcurrentGCThread "G1 Refine#1" [stack: 0x000000b916300000,0x000000b916400000] [id=10468]
  0x0000026596cde380 ConcurrentGCThread "G1 Service" [stack: 0x000000b914d00000,0x000000b914e00000] [id=26808]

Threads with active compile tasks:
C2 CompilerThread0     7570 3793   !   4       jdk.internal.loader.BuiltinClassLoader::findClassOnClassPathOrNull (64 bytes)

VM state: not at safepoint (normal execution)

VM Mutex/Monitor currently owned by a thread: None

Heap address: 0x0000000084000000, size: 1984 MB, Compressed Oops mode: 32-bit

CDS archive(s) mapped at: [0x00000265b5000000-0x00000265b5bd0000-0x00000265b5bd0000), size 12386304, SharedBaseAddress: 0x00000265b5000000, ArchiveRelocationMode: 1.
Compressed class space mapped at: 0x00000265b6000000-0x00000265f6000000, reserved size: 1073741824
Narrow klass base: 0x00000265b5000000, Narrow klass shift: 0, Narrow klass range: 0x100000000

GC Precious Log:
 CPUs: 8 total, 8 available
 Memory: 7934M
 Large Page Support: Disabled
 NUMA Support: Disabled
 Compressed Oops: Enabled (32-bit)
 Heap Region Size: 1M
 Heap Min Capacity: 8M
 Heap Initial Capacity: 124M
 Heap Max Capacity: 1984M
 Pre-touch: Disabled
 Parallel Workers: 8
 Concurrent Workers: 2
 Concurrent Refinement Workers: 8
 Periodic GC: Disabled

Heap:
 garbage-first heap   total 99328K, used 37529K [0x0000000084000000, 0x0000000100000000)
  region size 1024K, 11 young (11264K), 7 survivors (7168K)
 Metaspace       used 45235K, committed 45568K, reserved 1114112K
  class space    used 5654K, committed 5824K, reserved 1048576K

Heap Regions: E=young(eden), S=young(survivor), O=old, HS=humongous(starts), HC=humongous(continues), CS=collection set, F=free, OA=open archive, CA=closed archive, TAMS=top-at-mark-start (previous, next)
|   0|0x0000000084000000, 0x0000000084100000, 0x0000000084100000|100%|HS|  |TAMS 0x0000000084100000, 0x0000000084000000| Complete 
|   1|0x0000000084100000, 0x0000000084200000, 0x0000000084200000|100%|HC|  |TAMS 0x0000000084200000, 0x0000000084100000| Complete 
|   2|0x0000000084200000, 0x0000000084300000, 0x0000000084300000|100%|HC|  |TAMS 0x0000000084300000, 0x0000000084200000| Complete 
|   3|0x0000000084300000, 0x0000000084400000, 0x0000000084400000|100%|HC|  |TAMS 0x0000000084400000, 0x0000000084300000| Complete 
|   4|0x0000000084400000, 0x0000000084500000, 0x0000000084500000|100%| O|  |TAMS 0x0000000084500000, 0x0000000084400000| Untracked 
|   5|0x0000000084500000, 0x0000000084600000, 0x0000000084600000|100%| O|  |TAMS 0x0000000084600000, 0x0000000084500000| Untracked 
|   6|0x0000000084600000, 0x0000000084700000, 0x0000000084700000|100%| O|  |TAMS 0x0000000084700000, 0x0000000084600000| Untracked 
|   7|0x0000000084700000, 0x0000000084800000, 0x0000000084800000|100%|HS|  |TAMS 0x0000000084800000, 0x0000000084700000| Complete 
|   8|0x0000000084800000, 0x0000000084900000, 0x0000000084900000|100%|HC|  |TAMS 0x0000000084900000, 0x0000000084800000| Complete 
|   9|0x0000000084900000, 0x0000000084a00000, 0x0000000084a00000|100%|HC|  |TAMS 0x0000000084a00000, 0x0000000084900000| Complete 
|  10|0x0000000084a00000, 0x0000000084b00000, 0x0000000084b00000|100%|HC|  |TAMS 0x0000000084b00000, 0x0000000084a00000| Complete 
|  11|0x0000000084b00000, 0x0000000084c00000, 0x0000000084c00000|100%| O|  |TAMS 0x0000000084c00000, 0x0000000084b00000| Untracked 
|  12|0x0000000084c00000, 0x0000000084cdcc00, 0x0000000084d00000| 86%| O|  |TAMS 0x0000000084cdcc00, 0x0000000084c00000| Untracked 
|  13|0x0000000084d00000, 0x0000000084e00000, 0x0000000084e00000|100%| O|  |TAMS 0x0000000084e00000, 0x0000000084d00000| Untracked 
|  14|0x0000000084e00000, 0x0000000084f00000, 0x0000000084f00000|100%| O|  |TAMS 0x0000000084f00000, 0x0000000084e00000| Untracked 
|  15|0x0000000084f00000, 0x0000000085000000, 0x0000000085000000|100%| O|  |TAMS 0x0000000085000000, 0x0000000084f00000| Untracked 
|  16|0x0000000085000000, 0x0000000085100000, 0x0000000085100000|100%| O|  |TAMS 0x0000000085100000, 0x0000000085000000| Untracked 
|  17|0x0000000085100000, 0x0000000085200000, 0x0000000085200000|100%| O|  |TAMS 0x0000000085200000, 0x0000000085100000| Untracked 
|  18|0x0000000085200000, 0x0000000085300000, 0x0000000085300000|100%| O|  |TAMS 0x0000000085300000, 0x0000000085200000| Untracked 
|  19|0x0000000085300000, 0x0000000085400000, 0x0000000085400000|100%|HS|  |TAMS 0x0000000085300000, 0x0000000085300000| Complete 
|  20|0x0000000085400000, 0x0000000085500000, 0x0000000085500000|100%|HC|  |TAMS 0x0000000085400000, 0x0000000085400000| Complete 
|  21|0x0000000085500000, 0x0000000085500000, 0x0000000085600000|  0%| F|  |TAMS 0x0000000085500000, 0x0000000085500000| Untracked 
|  22|0x0000000085600000, 0x0000000085600000, 0x0000000085700000|  0%| F|  |TAMS 0x0000000085600000, 0x0000000085600000| Untracked 
|  23|0x0000000085700000, 0x0000000085700000, 0x0000000085800000|  0%| F|  |TAMS 0x0000000085700000, 0x0000000085700000| Untracked 
|  24|0x0000000085800000, 0x0000000085900000, 0x0000000085900000|100%| O|  |TAMS 0x0000000085900000, 0x0000000085800000| Untracked 
|  25|0x0000000085900000, 0x0000000085a00000, 0x0000000085a00000|100%| O|  |TAMS 0x0000000085a00000, 0x0000000085900000| Untracked 
|  26|0x0000000085a00000, 0x0000000085b00000, 0x0000000085b00000|100%| O|  |TAMS 0x0000000085b00000, 0x0000000085a00000| Untracked 
|  27|0x0000000085b00000, 0x0000000085c00000, 0x0000000085c00000|100%| O|  |TAMS 0x0000000085c00000, 0x0000000085b00000| Untracked 
|  28|0x0000000085c00000, 0x0000000085d00000, 0x0000000085d00000|100%| O|  |TAMS 0x0000000085d00000, 0x0000000085c00000| Untracked 
|  29|0x0000000085d00000, 0x0000000085e00000, 0x0000000085e00000|100%| O|  |TAMS 0x0000000085e00000, 0x0000000085d00000| Untracked 
|  30|0x0000000085e00000, 0x0000000085e00000, 0x0000000085f00000|  0%| F|  |TAMS 0x0000000085e00000, 0x0000000085e00000| Untracked 
|  31|0x0000000085f00000, 0x0000000085f00000, 0x0000000086000000|  0%| F|  |TAMS 0x0000000085f00000, 0x0000000085f00000| Untracked 
|  32|0x0000000086000000, 0x0000000086000000, 0x0000000086100000|  0%| F|  |TAMS 0x0000000086000000, 0x0000000086000000| Untracked 
|  33|0x0000000086100000, 0x00000000861c9ac0, 0x0000000086200000| 78%| S|CS|TAMS 0x0000000086100000, 0x0000000086100000| Complete 
|  34|0x0000000086200000, 0x0000000086300000, 0x0000000086300000|100%| S|CS|TAMS 0x0000000086200000, 0x0000000086200000| Complete 
|  35|0x0000000086300000, 0x0000000086400000, 0x0000000086400000|100%| S|CS|TAMS 0x0000000086300000, 0x0000000086300000| Complete 
|  36|0x0000000086400000, 0x0000000086500000, 0x0000000086500000|100%| S|CS|TAMS 0x0000000086400000, 0x0000000086400000| Complete 
|  37|0x0000000086500000, 0x0000000086600000, 0x0000000086600000|100%| S|CS|TAMS 0x0000000086500000, 0x0000000086500000| Complete 
|  38|0x0000000086600000, 0x0000000086700000, 0x0000000086700000|100%| S|CS|TAMS 0x0000000086600000, 0x0000000086600000| Complete 
|  39|0x0000000086700000, 0x0000000086800000, 0x0000000086800000|100%| S|CS|TAMS 0x0000000086700000, 0x0000000086700000| Complete 
|  40|0x0000000086800000, 0x0000000086800000, 0x0000000086900000|  0%| F|  |TAMS 0x0000000086800000, 0x0000000086800000| Untracked 
|  41|0x0000000086900000, 0x0000000086900000, 0x0000000086a00000|  0%| F|  |TAMS 0x0000000086900000, 0x0000000086900000| Untracked 
|  42|0x0000000086a00000, 0x0000000086a00000, 0x0000000086b00000|  0%| F|  |TAMS 0x0000000086a00000, 0x0000000086a00000| Untracked 
|  43|0x0000000086b00000, 0x0000000086b00000, 0x0000000086c00000|  0%| F|  |TAMS 0x0000000086b00000, 0x0000000086b00000| Untracked 
|  44|0x0000000086c00000, 0x0000000086c00000, 0x0000000086d00000|  0%| F|  |TAMS 0x0000000086c00000, 0x0000000086c00000| Untracked 
|  45|0x0000000086d00000, 0x0000000086d00000, 0x0000000086e00000|  0%| F|  |TAMS 0x0000000086d00000, 0x0000000086d00000| Untracked 
|  46|0x0000000086e00000, 0x0000000086e00000, 0x0000000086f00000|  0%| F|  |TAMS 0x0000000086e00000, 0x0000000086e00000| Untracked 
|  47|0x0000000086f00000, 0x0000000086f00000, 0x0000000087000000|  0%| F|  |TAMS 0x0000000086f00000, 0x0000000086f00000| Untracked 
|  48|0x0000000087000000, 0x0000000087000000, 0x0000000087100000|  0%| F|  |TAMS 0x0000000087000000, 0x0000000087000000| Untracked 
|  49|0x0000000087100000, 0x0000000087100000, 0x0000000087200000|  0%| F|  |TAMS 0x0000000087100000, 0x0000000087100000| Untracked 
|  50|0x0000000087200000, 0x0000000087200000, 0x0000000087300000|  0%| F|  |TAMS 0x0000000087200000, 0x0000000087200000| Untracked 
|  51|0x0000000087300000, 0x0000000087300000, 0x0000000087400000|  0%| F|  |TAMS 0x0000000087300000, 0x0000000087300000| Untracked 
|  52|0x0000000087400000, 0x0000000087400000, 0x0000000087500000|  0%| F|  |TAMS 0x0000000087400000, 0x0000000087400000| Untracked 
|  53|0x0000000087500000, 0x0000000087500000, 0x0000000087600000|  0%| F|  |TAMS 0x0000000087500000, 0x0000000087500000| Untracked 
|  54|0x0000000087600000, 0x0000000087600000, 0x0000000087700000|  0%| F|  |TAMS 0x0000000087600000, 0x0000000087600000| Untracked 
|  55|0x0000000087700000, 0x0000000087700000, 0x0000000087800000|  0%| F|  |TAMS 0x0000000087700000, 0x0000000087700000| Untracked 
|  56|0x0000000087800000, 0x0000000087800000, 0x0000000087900000|  0%| F|  |TAMS 0x0000000087800000, 0x0000000087800000| Untracked 
|  57|0x0000000087900000, 0x0000000087900000, 0x0000000087a00000|  0%| F|  |TAMS 0x0000000087900000, 0x0000000087900000| Untracked 
|  58|0x0000000087a00000, 0x0000000087a00000, 0x0000000087b00000|  0%| F|  |TAMS 0x0000000087a00000, 0x0000000087a00000| Untracked 
|  59|0x0000000087b00000, 0x0000000087b00000, 0x0000000087c00000|  0%| F|  |TAMS 0x0000000087b00000, 0x0000000087b00000| Untracked 
|  60|0x0000000087c00000, 0x0000000087c00000, 0x0000000087d00000|  0%| F|  |TAMS 0x0000000087c00000, 0x0000000087c00000| Untracked 
|  61|0x0000000087d00000, 0x0000000087d00000, 0x0000000087e00000|  0%| F|  |TAMS 0x0000000087d00000, 0x0000000087d00000| Untracked 
|  62|0x0000000087e00000, 0x0000000087e00000, 0x0000000087f00000|  0%| F|  |TAMS 0x0000000087e00000, 0x0000000087e00000| Untracked 
|  63|0x0000000087f00000, 0x0000000087f00000, 0x0000000088000000|  0%| F|  |TAMS 0x0000000087f00000, 0x0000000087f00000| Untracked 
|  64|0x0000000088000000, 0x0000000088000000, 0x0000000088100000|  0%| F|  |TAMS 0x0000000088000000, 0x0000000088000000| Untracked 
|  65|0x0000000088100000, 0x0000000088100000, 0x0000000088200000|  0%| F|  |TAMS 0x0000000088100000, 0x0000000088100000| Untracked 
|  66|0x0000000088200000, 0x0000000088200000, 0x0000000088300000|  0%| F|  |TAMS 0x0000000088200000, 0x0000000088200000| Untracked 
|  67|0x0000000088300000, 0x0000000088300000, 0x0000000088400000|  0%| F|  |TAMS 0x0000000088300000, 0x0000000088300000| Untracked 
|  68|0x0000000088400000, 0x0000000088400000, 0x0000000088500000|  0%| F|  |TAMS 0x0000000088400000, 0x0000000088400000| Untracked 
|  69|0x0000000088500000, 0x0000000088500000, 0x0000000088600000|  0%| F|  |TAMS 0x0000000088500000, 0x0000000088500000| Untracked 
|  70|0x0000000088600000, 0x0000000088600000, 0x0000000088700000|  0%| F|  |TAMS 0x0000000088600000, 0x0000000088600000| Untracked 
|  71|0x0000000088700000, 0x0000000088700000, 0x0000000088800000|  0%| F|  |TAMS 0x0000000088700000, 0x0000000088700000| Untracked 
|  72|0x0000000088800000, 0x0000000088800000, 0x0000000088900000|  0%| F|  |TAMS 0x0000000088800000, 0x0000000088800000| Untracked 
|  73|0x0000000088900000, 0x0000000088900000, 0x0000000088a00000|  0%| F|  |TAMS 0x0000000088900000, 0x0000000088900000| Untracked 
|  74|0x0000000088a00000, 0x0000000088a00000, 0x0000000088b00000|  0%| F|  |TAMS 0x0000000088a00000, 0x0000000088a00000| Untracked 
|  75|0x0000000088b00000, 0x0000000088b00000, 0x0000000088c00000|  0%| F|  |TAMS 0x0000000088b00000, 0x0000000088b00000| Untracked 
|  76|0x0000000088c00000, 0x0000000088c00000, 0x0000000088d00000|  0%| F|  |TAMS 0x0000000088c00000, 0x0000000088c00000| Untracked 
|  77|0x0000000088d00000, 0x0000000088d00000, 0x0000000088e00000|  0%| F|  |TAMS 0x0000000088d00000, 0x0000000088d00000| Untracked 
|  78|0x0000000088e00000, 0x0000000088e00000, 0x0000000088f00000|  0%| F|  |TAMS 0x0000000088e00000, 0x0000000088e00000| Untracked 
|  79|0x0000000088f00000, 0x0000000088f00000, 0x0000000089000000|  0%| F|  |TAMS 0x0000000088f00000, 0x0000000088f00000| Untracked 
|  80|0x0000000089000000, 0x0000000089000000, 0x0000000089100000|  0%| F|  |TAMS 0x0000000089000000, 0x0000000089000000| Untracked 
|  81|0x0000000089100000, 0x0000000089100000, 0x0000000089200000|  0%| F|  |TAMS 0x0000000089100000, 0x0000000089100000| Untracked 
|  82|0x0000000089200000, 0x0000000089200000, 0x0000000089300000|  0%| F|  |TAMS 0x0000000089200000, 0x0000000089200000| Untracked 
|  83|0x0000000089300000, 0x0000000089300000, 0x0000000089400000|  0%| F|  |TAMS 0x0000000089300000, 0x0000000089300000| Untracked 
|  84|0x0000000089400000, 0x0000000089400000, 0x0000000089500000|  0%| F|  |TAMS 0x0000000089400000, 0x0000000089400000| Untracked 
|  85|0x0000000089500000, 0x0000000089500000, 0x0000000089600000|  0%| F|  |TAMS 0x0000000089500000, 0x0000000089500000| Untracked 
|  86|0x0000000089600000, 0x0000000089600000, 0x0000000089700000|  0%| F|  |TAMS 0x0000000089600000, 0x0000000089600000| Untracked 
|  87|0x0000000089700000, 0x0000000089700000, 0x0000000089800000|  0%| F|  |TAMS 0x0000000089700000, 0x0000000089700000| Untracked 
|  88|0x0000000089800000, 0x0000000089800000, 0x0000000089900000|  0%| F|  |TAMS 0x0000000089800000, 0x0000000089800000| Untracked 
|  89|0x0000000089900000, 0x0000000089900000, 0x0000000089a00000|  0%| F|  |TAMS 0x0000000089900000, 0x0000000089900000| Untracked 
|  90|0x0000000089a00000, 0x0000000089a00000, 0x0000000089b00000|  0%| F|  |TAMS 0x0000000089a00000, 0x0000000089a00000| Untracked 
|  91|0x0000000089b00000, 0x0000000089b00000, 0x0000000089c00000|  0%| F|  |TAMS 0x0000000089b00000, 0x0000000089b00000| Untracked 
|  92|0x0000000089c00000, 0x0000000089c00000, 0x0000000089d00000|  0%| F|  |TAMS 0x0000000089c00000, 0x0000000089c00000| Untracked 
| 111|0x000000008af00000, 0x000000008af8c648, 0x000000008b000000| 54%| E|  |TAMS 0x000000008af00000, 0x000000008af00000| Complete 
| 112|0x000000008b000000, 0x000000008b100000, 0x000000008b100000|100%| E|CS|TAMS 0x000000008b000000, 0x000000008b000000| Complete 
| 113|0x000000008b100000, 0x000000008b200000, 0x000000008b200000|100%| E|CS|TAMS 0x000000008b100000, 0x000000008b100000| Complete 
| 123|0x000000008bb00000, 0x000000008bc00000, 0x000000008bc00000|100%| E|CS|TAMS 0x000000008bb00000, 0x000000008bb00000| Complete 

Card table byte_map: [0x00000265adbd0000,0x00000265adfb0000] _byte_map_base: 0x00000265ad7b0000

Marking Bits (Prev, Next): (CMBitMap*) 0x0000026596c7a6c0, (CMBitMap*) 0x0000026596c7a700
 Prev Bits: [0x00000265ae390000, 0x00000265b0290000)
 Next Bits: [0x00000265b0290000, 0x00000265b2190000)

Polling page: 0x00000265963e0000

Metaspace:

Usage:
  Non-class:     38.66 MB used.
      Class:      5.52 MB used.
       Both:     44.19 MB used.

Virtual space:
  Non-class space:       64.00 MB reserved,      38.81 MB ( 61%) committed,  1 nodes.
      Class space:        1.00 GB reserved,       5.69 MB ( <1%) committed,  1 nodes.
             Both:        1.06 GB reserved,      44.50 MB (  4%) committed. 

Chunk freelists:
   Non-Class:  8.76 MB
       Class:  10.16 MB
        Both:  18.93 MB

MaxMetaspaceSize: unlimited
CompressedClassSpaceSize: 1.00 GB
Initial GC threshold: 21.00 MB
Current GC threshold: 59.19 MB
CDS: on
MetaspaceReclaimPolicy: balanced
 - commit_granule_bytes: 65536.
 - commit_granule_words: 8192.
 - virtual_space_node_default_size: 8388608.
 - enlarge_chunks_in_place: 1.
 - new_chunks_are_fully_committed: 0.
 - uncommit_free_chunks: 1.
 - use_allocation_guard: 0.
 - handle_deallocations: 1.


Internal statistics:

num_allocs_failed_limit: 6.
num_arena_births: 236.
num_arena_deaths: 0.
num_vsnodes_births: 2.
num_vsnodes_deaths: 0.
num_space_committed: 710.
num_space_uncommitted: 0.
num_chunks_returned_to_freelist: 6.
num_chunks_taken_from_freelist: 1758.
num_chunk_merges: 6.
num_chunk_splits: 1452.
num_chunks_enlarged: 1292.
num_inconsistent_stats: 0.

CodeHeap 'non-profiled nmethods': size=120000Kb used=1650Kb max_used=1650Kb free=118349Kb
 bounds [0x00000265a5f90000, 0x00000265a6200000, 0x00000265ad4c0000]
CodeHeap 'profiled nmethods': size=120000Kb used=8145Kb max_used=8145Kb free=111854Kb
 bounds [0x000002659e4c0000, 0x000002659ecc0000, 0x00000265a59f0000]
CodeHeap 'non-nmethods': size=5760Kb used=1299Kb max_used=1344Kb free=4461Kb
 bounds [0x00000265a59f0000, 0x00000265a5c60000, 0x00000265a5f90000]
 total_blobs=4622 nmethods=4018 adapters=516
 compilation: enabled
              stopped_count=0, restarted_count=0
 full_count=0

Compilation events (20 events):
Event: 7.530 Thread 0x00000265b4bc9840 4024       2       org.jetbrains.kotlin.com.intellij.lang.impl.MarkerProduction::lambda$findMarkerAtLexeme$0 (10 bytes)
Event: 7.530 Thread 0x00000265b4bc9840 nmethod 4024 0x000002659ecaba10 code [0x000002659ecabbe0, 0x000002659ecabe28]
Event: 7.530 Thread 0x00000265b4bc9840 4025       2       jdk.internal.org.objectweb.asm.MethodWriter::visitAnnotation (40 bytes)
Event: 7.530 Thread 0x00000265b4bc9840 nmethod 4025 0x000002659ecabf90 code [0x000002659ecac140, 0x000002659ecac398]
Event: 7.530 Thread 0x00000265b4bc9840 4026       2       jdk.internal.org.objectweb.asm.AnnotationWriter::create (34 bytes)
Event: 7.530 Thread 0x00000265b4bc9840 nmethod 4026 0x000002659ecac490 code [0x000002659ecac660, 0x000002659ecac9d8]
Event: 7.530 Thread 0x00000265b4bc9840 4027       2       jdk.internal.org.objectweb.asm.AnnotationWriter::visitEnd (44 bytes)
Event: 7.531 Thread 0x00000265b4bc9840 nmethod 4027 0x000002659ecacb90 code [0x000002659ecacd20, 0x000002659ecace98]
Event: 7.532 Thread 0x00000265b4bc9840 4028       2       java.lang.invoke.LambdaFormEditor$Transform::equals (32 bytes)
Event: 7.532 Thread 0x00000265b4bc9840 nmethod 4028 0x000002659ecacf90 code [0x000002659ecad120, 0x000002659ecad288]
Event: 7.534 Thread 0x00000265b4bc9840 4029       1       org.jetbrains.kotlin.com.intellij.util.containers.RefHashMap::access$200 (5 bytes)
Event: 7.534 Thread 0x00000265b4bc9840 nmethod 4029 0x00000265a612b710 code [0x00000265a612b8a0, 0x00000265a612b958]
Event: 7.534 Thread 0x00000265b4bc9840 4030       1       org.jetbrains.kotlin.com.intellij.util.containers.RefHashMap$HardKey::hashCode (5 bytes)
Event: 7.534 Thread 0x00000265b4bc9840 nmethod 4030 0x00000265a612ba10 code [0x00000265a612bba0, 0x00000265a612bc78]
Event: 7.536 Thread 0x00000265b4bc9840 4031       2       java.lang.Class::protectionDomain (48 bytes)
Event: 7.537 Thread 0x00000265b4bc9840 nmethod 4031 0x000002659ecad390 code [0x000002659ecad5a0, 0x000002659ecadab8]
Event: 7.541 Thread 0x00000265b4bc9840 4032       2       java.util.HashSet::<init> (16 bytes)
Event: 7.542 Thread 0x00000265b4bc9840 nmethod 4032 0x000002659ecadc90 code [0x000002659ecade20, 0x000002659ecadfd8]
Event: 7.542 Thread 0x00000265b4bc9840 4033       2       org.jetbrains.kotlin.com.intellij.psi.impl.source.tree.SharedImplUtil::getContainingFile (104 bytes)
Event: 7.543 Thread 0x00000265b4bc9840 nmethod 4033 0x000002659ecae090 code [0x000002659ecae340, 0x000002659ecaea28]

GC Heap History (18 events):
Event: 1.018 GC heap before
{Heap before GC invocations=0 (full 0):
 garbage-first heap   total 126976K, used 27648K [0x0000000084000000, 0x0000000100000000)
  region size 1024K, 23 young (23552K), 0 survivors (0K)
 Metaspace       used 6471K, committed 6656K, reserved 1114112K
  class space    used 653K, committed 768K, reserved 1048576K
}
Event: 1.023 GC heap after
{Heap after GC invocations=1 (full 0):
 garbage-first heap   total 126976K, used 7050K [0x0000000084000000, 0x0000000100000000)
  region size 1024K, 3 young (3072K), 3 survivors (3072K)
 Metaspace       used 6471K, committed 6656K, reserved 1114112K
  class space    used 653K, committed 768K, reserved 1048576K
}
Event: 2.131 GC heap before
{Heap before GC invocations=1 (full 0):
 garbage-first heap   total 126976K, used 39818K [0x0000000084000000, 0x0000000100000000)
  region size 1024K, 35 young (35840K), 3 survivors (3072K)
 Metaspace       used 13890K, committed 14144K, reserved 1114112K
  class space    used 1581K, committed 1728K, reserved 1048576K
}
Event: 2.144 GC heap after
{Heap after GC invocations=2 (full 0):
 garbage-first heap   total 126976K, used 10225K [0x0000000084000000, 0x0000000100000000)
  region size 1024K, 4 young (4096K), 4 survivors (4096K)
 Metaspace       used 13890K, committed 14144K, reserved 1114112K
  class space    used 1581K, committed 1728K, reserved 1048576K
}
Event: 3.156 GC heap before
{Heap before GC invocations=2 (full 0):
 garbage-first heap   total 126976K, used 39921K [0x0000000084000000, 0x0000000100000000)
  region size 1024K, 31 young (31744K), 4 survivors (4096K)
 Metaspace       used 21259K, committed 21504K, reserved 1114112K
  class space    used 2748K, committed 2880K, reserved 1048576K
}
Event: 3.168 GC heap after
{Heap after GC invocations=3 (full 0):
 garbage-first heap   total 126976K, used 16630K [0x0000000084000000, 0x0000000100000000)
  region size 1024K, 6 young (6144K), 6 survivors (6144K)
 Metaspace       used 21259K, committed 21504K, reserved 1114112K
  class space    used 2748K, committed 2880K, reserved 1048576K
}
Event: 4.669 GC heap before
{Heap before GC invocations=4 (full 0):
 garbage-first heap   total 61440K, used 49398K [0x0000000084000000, 0x0000000100000000)
  region size 1024K, 36 young (36864K), 6 survivors (6144K)
 Metaspace       used 26101K, committed 26368K, reserved 1114112K
  class space    used 3512K, committed 3648K, reserved 1048576K
}
Event: 4.696 GC heap after
{Heap after GC invocations=5 (full 0):
 garbage-first heap   total 61440K, used 23746K [0x0000000084000000, 0x0000000100000000)
  region size 1024K, 5 young (5120K), 5 survivors (5120K)
 Metaspace       used 26101K, committed 26368K, reserved 1114112K
  class space    used 3512K, committed 3648K, reserved 1048576K
}
Event: 4.725 GC heap before
{Heap before GC invocations=5 (full 0):
 garbage-first heap   total 61440K, used 24770K [0x0000000084000000, 0x0000000100000000)
  region size 1024K, 6 young (6144K), 5 survivors (5120K)
 Metaspace       used 26370K, committed 26624K, reserved 1114112K
  class space    used 3547K, committed 3648K, reserved 1048576K
}
Event: 4.737 GC heap after
{Heap after GC invocations=6 (full 0):
 garbage-first heap   total 61440K, used 25418K [0x0000000084000000, 0x0000000100000000)
  region size 1024K, 1 young (1024K), 1 survivors (1024K)
 Metaspace       used 26370K, committed 26624K, reserved 1114112K
  class space    used 3547K, committed 3648K, reserved 1048576K
}
Event: 5.286 GC heap before
{Heap before GC invocations=6 (full 0):
 garbage-first heap   total 61440K, used 45898K [0x0000000084000000, 0x0000000100000000)
  region size 1024K, 22 young (22528K), 1 survivors (1024K)
 Metaspace       used 30108K, committed 30400K, reserved 1114112K
  class space    used 3918K, committed 4032K, reserved 1048576K
}
Event: 5.294 GC heap after
{Heap after GC invocations=7 (full 0):
 garbage-first heap   total 61440K, used 25432K [0x0000000084000000, 0x0000000100000000)
  region size 1024K, 3 young (3072K), 3 survivors (3072K)
 Metaspace       used 30108K, committed 30400K, reserved 1114112K
  class space    used 3918K, committed 4032K, reserved 1048576K
}
Event: 5.769 GC heap before
{Heap before GC invocations=7 (full 0):
 garbage-first heap   total 61440K, used 44888K [0x0000000084000000, 0x0000000100000000)
  region size 1024K, 23 young (23552K), 3 survivors (3072K)
 Metaspace       used 34679K, committed 34944K, reserved 1114112K
  class space    used 4363K, committed 4480K, reserved 1048576K
}
Event: 5.779 GC heap after
{Heap after GC invocations=8 (full 0):
 garbage-first heap   total 120832K, used 27221K [0x0000000084000000, 0x0000000100000000)
  region size 1024K, 2 young (2048K), 2 survivors (2048K)
 Metaspace       used 34679K, committed 34944K, reserved 1114112K
  class space    used 4363K, committed 4480K, reserved 1048576K
}
Event: 5.964 GC heap before
{Heap before GC invocations=8 (full 0):
 garbage-first heap   total 120832K, used 30293K [0x0000000084000000, 0x0000000100000000)
  region size 1024K, 6 young (6144K), 2 survivors (2048K)
 Metaspace       used 35941K, committed 36096K, reserved 1114112K
  class space    used 4467K, committed 4544K, reserved 1048576K
}
Event: 5.971 GC heap after
{Heap after GC invocations=9 (full 0):
 garbage-first heap   total 120832K, used 27878K [0x0000000084000000, 0x0000000100000000)
  region size 1024K, 3 young (3072K), 3 survivors (3072K)
 Metaspace       used 35941K, committed 36096K, reserved 1114112K
  class space    used 4467K, committed 4544K, reserved 1048576K
}
Event: 7.489 GC heap before
{Heap before GC invocations=10 (full 0):
 garbage-first heap   total 99328K, used 85222K [0x0000000084000000, 0x0000000100000000)
  region size 1024K, 57 young (58368K), 3 survivors (3072K)
 Metaspace       used 44731K, committed 44992K, reserved 1114112K
  class space    used 5596K, committed 5696K, reserved 1048576K
}
Event: 7.503 GC heap after
{Heap after GC invocations=11 (full 0):
 garbage-first heap   total 99328K, used 34457K [0x0000000084000000, 0x0000000100000000)
  region size 1024K, 7 young (7168K), 7 survivors (7168K)
 Metaspace       used 44731K, committed 44992K, reserved 1114112K
  class space    used 5596K, committed 5696K, reserved 1048576K
}

Deoptimization events (20 events):
Event: 6.048 Thread 0x0000026596c20fc0 DEOPT PACKING pc=0x00000265a609bbb0 sp=0x000000b9148facb0
Event: 6.048 Thread 0x0000026596c20fc0 DEOPT UNPACKING pc=0x00000265a5a45ba3 sp=0x000000b9148fab98 mode 2
Event: 6.050 Thread 0x0000026596c20fc0 Uncommon trap: trap_request=0xffffffc6 fr.pc=0x00000265a609bbb0 relative=0x00000000000005d0
Event: 6.050 Thread 0x0000026596c20fc0 Uncommon trap: reason=bimorphic_or_optimized_type_check action=maybe_recompile pc=0x00000265a609bbb0 method=org.jetbrains.kotlin.protobuf.CodedInputStream.tryRefillBuffer(I)Z @ 177 c2
Event: 6.050 Thread 0x0000026596c20fc0 DEOPT PACKING pc=0x00000265a609bbb0 sp=0x000000b9148fa4c0
Event: 6.050 Thread 0x0000026596c20fc0 DEOPT UNPACKING pc=0x00000265a5a45ba3 sp=0x000000b9148fa3a0 mode 2
Event: 6.051 Thread 0x0000026596c20fc0 Uncommon trap: trap_request=0xffffffc6 fr.pc=0x00000265a609bbb0 relative=0x00000000000005d0
Event: 6.051 Thread 0x0000026596c20fc0 Uncommon trap: reason=bimorphic_or_optimized_type_check action=maybe_recompile pc=0x00000265a609bbb0 method=org.jetbrains.kotlin.protobuf.CodedInputStream.tryRefillBuffer(I)Z @ 177 c2
Event: 6.051 Thread 0x0000026596c20fc0 DEOPT PACKING pc=0x00000265a609bbb0 sp=0x000000b9148facb0
Event: 6.052 Thread 0x0000026596c20fc0 DEOPT UNPACKING pc=0x00000265a5a45ba3 sp=0x000000b9148fab98 mode 2
Event: 6.157 Thread 0x0000026596c20fc0 Uncommon trap: trap_request=0xffffffc6 fr.pc=0x00000265a609bbb0 relative=0x00000000000005d0
Event: 6.157 Thread 0x0000026596c20fc0 Uncommon trap: reason=bimorphic_or_optimized_type_check action=maybe_recompile pc=0x00000265a609bbb0 method=org.jetbrains.kotlin.protobuf.CodedInputStream.tryRefillBuffer(I)Z @ 177 c2
Event: 6.157 Thread 0x0000026596c20fc0 DEOPT PACKING pc=0x00000265a609bbb0 sp=0x000000b9148fb1d0
Event: 6.157 Thread 0x0000026596c20fc0 DEOPT UNPACKING pc=0x00000265a5a45ba3 sp=0x000000b9148fb0b8 mode 2
Event: 6.739 Thread 0x0000026596c20fc0 Uncommon trap: trap_request=0xffffff45 fr.pc=0x00000265a60fc2d4 relative=0x00000000000001b4
Event: 6.739 Thread 0x0000026596c20fc0 Uncommon trap: reason=unstable_if action=reinterpret pc=0x00000265a60fc2d4 method=org.jetbrains.kotlin.com.intellij.util.keyFMap.ArrayBackedFMap.indexOf(I)I @ 8 c2
Event: 6.739 Thread 0x0000026596c20fc0 DEOPT PACKING pc=0x00000265a60fc2d4 sp=0x000000b9148fb420
Event: 6.739 Thread 0x0000026596c20fc0 DEOPT UNPACKING pc=0x00000265a5a45ba3 sp=0x000000b9148fb2e8 mode 2
Event: 6.904 Thread 0x0000026596c20fc0 DEOPT PACKING pc=0x000002659eaf49c3 sp=0x000000b9148faec0
Event: 6.904 Thread 0x0000026596c20fc0 DEOPT UNPACKING pc=0x00000265a5a466e3 sp=0x000000b9148fa330 mode 0

Classes unloaded (0 events):
No events

Classes redefined (0 events):
No events

Internal exceptions (20 events):
Event: 2.191 Thread 0x0000026596c20fc0 Exception <a 'java/lang/NoSuchMethodError'{0x000000008b922660}: 'int java.lang.invoke.DirectMethodHandle$Holder.invokeStaticInit(java.lang.Object, java.lang.Object, java.lang.Object)'> (0x000000008b922660) 
thrown [s\open\src\hotspot\share\interpreter\linkResolver.cpp, line 759]
Event: 2.201 Thread 0x0000026596c20fc0 Exception <a 'java/lang/NoSuchMethodError'{0x000000008b94ad38}: 'int java.lang.invoke.DirectMethodHandle$Holder.invokeStaticInit(java.lang.Object, java.lang.Object)'> (0x000000008b94ad38) 
thrown [s\open\src\hotspot\share\interpreter\linkResolver.cpp, line 759]
Event: 2.234 Thread 0x0000026596c20fc0 Exception <a 'java/lang/NoSuchMethodError'{0x000000008b827578}: 'void java.lang.invoke.DirectMethodHandle$Holder.invokeSpecial(java.lang.Object, java.lang.Object, java.lang.Object)'> (0x000000008b827578) 
thrown [s\open\src\hotspot\share\interpreter\linkResolver.cpp, line 759]
Event: 2.741 Thread 0x0000026596c20fc0 Exception <a 'java/lang/NoSuchMethodError'{0x000000008ad07038}: 'void java.lang.invoke.DirectMethodHandle$Holder.invokeStatic(java.lang.Object, java.lang.Object, java.lang.Object, java.lang.Object)'> (0x000000008ad07038) 
thrown [s\open\src\hotspot\share\interpreter\linkResolver.cpp, line 759]
Event: 2.825 Thread 0x0000026596c20fc0 Exception <a 'java/lang/NoSuchMethodError'{0x000000008a9250b8}: 'void java.lang.invoke.DirectMethodHandle$Holder.invokeStaticInit(java.lang.Object, java.lang.Object)'> (0x000000008a9250b8) 
thrown [s\open\src\hotspot\share\interpreter\linkResolver.cpp, line 759]
Event: 2.935 Thread 0x0000026596c20fc0 Exception <a 'java/lang/NoSuchMethodError'{0x000000008a546c78}: 'void java.lang.invoke.DirectMethodHandle$Holder.invokeVirtual(java.lang.Object, java.lang.Object)'> (0x000000008a546c78) 
thrown [s\open\src\hotspot\share\interpreter\linkResolver.cpp, line 759]
Event: 2.967 Thread 0x0000026596c20fc0 Exception <a 'java/lang/NoSuchMethodError'{0x000000008a5d0a10}: 'int java.lang.invoke.DirectMethodHandle$Holder.invokeVirtual(java.lang.Object, java.lang.Object)'> (0x000000008a5d0a10) 
thrown [s\open\src\hotspot\share\interpreter\linkResolver.cpp, line 759]
Event: 2.994 Thread 0x0000026596c20fc0 Exception <a 'java/lang/NoSuchMethodError'{0x000000008a476550}: 'java.lang.Object java.lang.invoke.Invokers$Holder.invokeExact_MT(java.lang.Object, java.lang.Object, java.lang.Object, java.lang.Object, java.lang.Object, java.lang.Object)'> (0x000000008a476550) 
thrown [s\open\src\hotspot\share\interpreter\linkResolver.cpp, line 759]
Event: 4.762 Thread 0x0000026596c20fc0 Exception <a 'java/lang/NoSuchMethodError'{0x0000000089ff1eb0}: 'java.lang.Object java.lang.invoke.DirectMethodHandle$Holder.invokeVirtual(java.lang.Object, java.lang.Object, java.lang.Object)'> (0x0000000089ff1eb0) 
thrown [s\open\src\hotspot\share\interpreter\linkResolver.cpp, line 759]
Event: 5.812 Thread 0x0000026596c20fc0 Exception <a 'java/lang/NoSuchMethodError'{0x000000008b425b30}: 'java.lang.Object java.lang.invoke.DirectMethodHandle$Holder.newInvokeSpecial(java.lang.Object, java.lang.Object, int)'> (0x000000008b425b30) 
thrown [s\open\src\hotspot\share\interpreter\linkResolver.cpp, line 759]
Event: 5.955 Thread 0x0000026596c20fc0 Exception <a 'java/lang/NoSuchMethodError'{0x000000008b2a62e8}: 'java.lang.Object java.lang.invoke.DirectMethodHandle$Holder.newInvokeSpecial(java.lang.Object, java.lang.Object, java.lang.Object, int)'> (0x000000008b2a62e8) 
thrown [s\open\src\hotspot\share\interpreter\linkResolver.cpp, line 759]
Event: 5.956 Thread 0x0000026596c20fc0 Exception <a 'java/lang/NoSuchMethodError'{0x000000008b2aa970}: 'java.lang.Object java.lang.invoke.DirectMethodHandle$Holder.invokeSpecial(java.lang.Object, java.lang.Object, java.lang.Object, java.lang.Object, int)'> (0x000000008b2aa970) 
thrown [s\open\src\hotspot\share\interpreter\linkResolver.cpp, line 759]
Event: 5.956 Thread 0x0000026596c20fc0 Exception <a 'java/lang/NoSuchMethodError'{0x000000008b2ae7e0}: 'java.lang.Object java.lang.invoke.Invokers$Holder.linkToTargetMethod(java.lang.Object, java.lang.Object, int, java.lang.Object)'> (0x000000008b2ae7e0) 
thrown [s\open\src\hotspot\share\interpreter\linkResolver.cpp, line 759]
Event: 6.344 Thread 0x0000026596c20fc0 Exception <a 'java/lang/NoSuchMethodError'{0x0000000089278068}: 'java.lang.Object java.lang.invoke.DirectMethodHandle$Holder.invokeInterface(java.lang.Object, java.lang.Object)'> (0x0000000089278068) 
thrown [s\open\src\hotspot\share\interpreter\linkResolver.cpp, line 759]
Event: 6.943 Thread 0x0000026596c20fc0 Exception <a 'java/lang/NoSuchMethodError'{0x0000000088798080}: 'java.lang.Object java.lang.invoke.DirectMethodHandle$Holder.invokeStatic(java.lang.Object, java.lang.Object, java.lang.Object, java.lang.Object, int)'> (0x0000000088798080) 
thrown [s\open\src\hotspot\share\interpreter\linkResolver.cpp, line 759]
Event: 6.944 Thread 0x0000026596c20fc0 Exception <a 'java/lang/NoSuchMethodError'{0x00000000887a1ac0}: 'java.lang.Object java.lang.invoke.DirectMethodHandle$Holder.newInvokeSpecial(java.lang.Object, java.lang.Object, java.lang.Object, java.lang.Object, int)'> (0x00000000887a1ac0) 
thrown [s\open\src\hotspot\share\interpreter\linkResolver.cpp, line 759]
Event: 6.944 Thread 0x0000026596c20fc0 Exception <a 'java/lang/NoSuchMethodError'{0x00000000887a6348}: 'java.lang.Object java.lang.invoke.DirectMethodHandle$Holder.invokeSpecial(java.lang.Object, java.lang.Object, java.lang.Object, java.lang.Object, java.lang.Object, int)'> (0x00000000887a6348) 
thrown [s\open\src\hotspot\share\interpreter\linkResolver.cpp, line 759]
Event: 6.945 Thread 0x0000026596c20fc0 Exception <a 'java/lang/NoSuchMethodError'{0x00000000887aa580}: 'java.lang.Object java.lang.invoke.Invokers$Holder.linkToTargetMethod(java.lang.Object, java.lang.Object, java.lang.Object, int, java.lang.Object)'> (0x00000000887aa580) 
thrown [s\open\src\hotspot\share\interpreter\linkResolver.cpp, line 759]
Event: 7.266 Thread 0x0000026596c20fc0 Exception <a 'java/lang/NoSuchMethodError'{0x00000000880ad6c0}: 'int java.lang.invoke.DirectMethodHandle$Holder.invokeVirtual(java.lang.Object, java.lang.Object, java.lang.Object)'> (0x00000000880ad6c0) 
thrown [s\open\src\hotspot\share\interpreter\linkResolver.cpp, line 759]
Event: 7.271 Thread 0x0000026596c20fc0 Exception <a 'java/lang/NoSuchMethodError'{0x00000000880d8488}: 'java.lang.Object java.lang.invoke.DirectMethodHandle$Holder.invokeStaticInit(java.lang.Object, java.lang.Object, java.lang.Object)'> (0x00000000880d8488) 
thrown [s\open\src\hotspot\share\interpreter\linkResolver.cpp, line 759]

VM Operations (20 events):
Event: 6.398 Executing VM operation: HandshakeAllThreads
Event: 6.398 Executing VM operation: HandshakeAllThreads done
Event: 6.412 Executing VM operation: HandshakeAllThreads
Event: 6.412 Executing VM operation: HandshakeAllThreads done
Event: 6.716 Executing VM operation: ICBufferFull
Event: 6.717 Executing VM operation: ICBufferFull done
Event: 6.841 Executing VM operation: HandshakeAllThreads
Event: 6.841 Executing VM operation: HandshakeAllThreads done
Event: 6.962 Executing VM operation: HandshakeAllThreads
Event: 6.962 Executing VM operation: HandshakeAllThreads done
Event: 7.125 Executing VM operation: HandshakeAllThreads
Event: 7.125 Executing VM operation: HandshakeAllThreads done
Event: 7.201 Executing VM operation: HandshakeAllThreads
Event: 7.201 Executing VM operation: HandshakeAllThreads done
Event: 7.354 Executing VM operation: ICBufferFull
Event: 7.354 Executing VM operation: ICBufferFull done
Event: 7.400 Executing VM operation: HandshakeAllThreads
Event: 7.400 Executing VM operation: HandshakeAllThreads done
Event: 7.489 Executing VM operation: G1CollectForAllocation
Event: 7.504 Executing VM operation: G1CollectForAllocation done

Events (20 events):
Event: 5.717 loading class java/util/BitSet
Event: 5.718 loading class java/util/BitSet done
Event: 5.720 loading class java/util/PrimitiveIterator$OfInt
Event: 5.720 loading class java/util/PrimitiveIterator
Event: 5.720 loading class java/util/PrimitiveIterator done
Event: 5.720 loading class java/util/PrimitiveIterator$OfInt done
Event: 5.810 loading class java/util/function/IntUnaryOperator
Event: 5.810 loading class java/util/function/IntUnaryOperator done
Event: 5.926 loading class java/util/ArrayList$ListItr
Event: 5.926 loading class java/util/ArrayList$ListItr done
Event: 6.370 loading class java/util/AbstractList$SubList$1
Event: 6.370 loading class java/util/AbstractList$SubList$1 done
Event: 6.370 loading class java/util/AbstractList$ListItr
Event: 6.370 loading class java/util/AbstractList$ListItr done
Event: 6.412 loading class java/text/StringCharacterIterator
Event: 6.412 loading class java/text/CharacterIterator
Event: 6.413 loading class java/text/CharacterIterator done
Event: 6.413 loading class java/text/StringCharacterIterator done
Event: 6.887 loading class java/util/ComparableTimSort
Event: 6.891 loading class java/util/ComparableTimSort done


Dynamic libraries:
0x00007ff7ead70000 - 0x00007ff7ead80000 	C:\Program Files\OpenJDK\jdk-17.0.10\bin\java.exe
0x00007ffd1b770000 - 0x00007ffd1b986000 	C:\Windows\SYSTEM32\ntdll.dll
0x00007ffd1ac20000 - 0x00007ffd1ace4000 	C:\Windows\System32\KERNEL32.DLL
0x00007ffd18c60000 - 0x00007ffd19007000 	C:\Windows\System32\KERNELBASE.dll
0x00007ffd157f0000 - 0x00007ffd15887000 	C:\Windows\SYSTEM32\apphelp.dll
0x00007ffd18a90000 - 0x00007ffd18ba1000 	C:\Windows\System32\ucrtbase.dll
0x00007ffcb14b0000 - 0x00007ffcb14c9000 	C:\Program Files\OpenJDK\jdk-17.0.10\bin\jli.dll
0x00007ffd1a0b0000 - 0x00007ffd1a162000 	C:\Windows\System32\ADVAPI32.dll
0x00007ffd1a270000 - 0x00007ffd1a317000 	C:\Windows\System32\msvcrt.dll
0x00007ffcadfa0000 - 0x00007ffcadfbb000 	C:\Program Files\OpenJDK\jdk-17.0.10\bin\VCRUNTIME140.dll
0x00007ffd1b640000 - 0x00007ffd1b6e8000 	C:\Windows\System32\sechost.dll
0x00007ffd18c30000 - 0x00007ffd18c58000 	C:\Windows\System32\bcrypt.dll
0x00007ffd1b3c0000 - 0x00007ffd1b4d5000 	C:\Windows\System32\RPCRT4.dll
0x00007ffd1aa70000 - 0x00007ffd1ac1e000 	C:\Windows\System32\USER32.dll
0x00007ffd19080000 - 0x00007ffd190a6000 	C:\Windows\System32\win32u.dll
0x00007ffd02b30000 - 0x00007ffd02dc3000 	C:\Windows\WinSxS\amd64_microsoft.windows.common-controls_6595b64144ccf1df_6.0.22621.3235_none_270f74e173860f98\COMCTL32.dll
0x00007ffd1b390000 - 0x00007ffd1b3b9000 	C:\Windows\System32\GDI32.dll
0x00007ffd19150000 - 0x00007ffd19269000 	C:\Windows\System32\gdi32full.dll
0x00007ffd190b0000 - 0x00007ffd1914a000 	C:\Windows\System32\msvcp_win.dll
0x00007ffd0b8e0000 - 0x00007ffd0b8ea000 	C:\Windows\SYSTEM32\VERSION.dll
0x00007ffd1b6f0000 - 0x00007ffd1b721000 	C:\Windows\System32\IMM32.DLL
0x00007ffd06520000 - 0x00007ffd0652c000 	C:\Program Files\OpenJDK\jdk-17.0.10\bin\vcruntime140_1.dll
0x00007ffc96340000 - 0x00007ffc963ce000 	C:\Program Files\OpenJDK\jdk-17.0.10\bin\msvcp140.dll
0x00007ffc93340000 - 0x00007ffc93f1f000 	C:\Program Files\OpenJDK\jdk-17.0.10\bin\server\jvm.dll
0x00007ffd1b180000 - 0x00007ffd1b188000 	C:\Windows\System32\PSAPI.DLL
0x00007ffd024b0000 - 0x00007ffd024b9000 	C:\Windows\SYSTEM32\WSOCK32.dll
0x00007ffd1b5c0000 - 0x00007ffd1b631000 	C:\Windows\System32\WS2_32.dll
0x00007ffd0ddb0000 - 0x00007ffd0dde4000 	C:\Windows\SYSTEM32\WINMM.dll
0x00007ffd17a90000 - 0x00007ffd17aa8000 	C:\Windows\SYSTEM32\kernel.appcore.dll
0x00007ffd00d90000 - 0x00007ffd00d9a000 	C:\Program Files\OpenJDK\jdk-17.0.10\bin\jimage.dll
0x00007ffd161d0000 - 0x00007ffd16403000 	C:\Windows\SYSTEM32\DBGHELP.DLL
0x00007ffd1a570000 - 0x00007ffd1a8f8000 	C:\Windows\System32\combase.dll
0x00007ffd1b4e0000 - 0x00007ffd1b5b7000 	C:\Windows\System32\OLEAUT32.dll
0x00007ffcf7b00000 - 0x00007ffcf7b32000 	C:\Windows\SYSTEM32\dbgcore.DLL
0x00007ffd18bb0000 - 0x00007ffd18c29000 	C:\Windows\System32\bcryptPrimitives.dll
0x00007ffc9acc0000 - 0x00007ffc9ace5000 	C:\Program Files\OpenJDK\jdk-17.0.10\bin\java.dll
0x00007ffc96260000 - 0x00007ffc96337000 	C:\Program Files\OpenJDK\jdk-17.0.10\bin\jsvml.dll
0x00007ffd197f0000 - 0x00007ffd1a04c000 	C:\Windows\System32\SHELL32.dll
0x00007ffd169a0000 - 0x00007ffd17299000 	C:\Windows\SYSTEM32\windows.storage.dll
0x00007ffd16860000 - 0x00007ffd1699e000 	C:\Windows\SYSTEM32\wintypes.dll
0x00007ffd194a0000 - 0x00007ffd19593000 	C:\Windows\System32\SHCORE.dll
0x00007ffd1b2c0000 - 0x00007ffd1b31e000 	C:\Windows\System32\shlwapi.dll
0x00007ffd189c0000 - 0x00007ffd189e1000 	C:\Windows\SYSTEM32\profapi.dll
0x00007ffcadd70000 - 0x00007ffcadd89000 	C:\Program Files\OpenJDK\jdk-17.0.10\bin\net.dll
0x00007ffd12bf0000 - 0x00007ffd12d26000 	C:\Windows\SYSTEM32\WINHTTP.dll
0x00007ffd17ef0000 - 0x00007ffd17f59000 	C:\Windows\system32\mswsock.dll
0x00007ffca0340000 - 0x00007ffca0356000 	C:\Program Files\OpenJDK\jdk-17.0.10\bin\nio.dll
0x00007ffca0050000 - 0x00007ffca0068000 	C:\Program Files\OpenJDK\jdk-17.0.10\bin\zip.dll
0x00007ffd06530000 - 0x00007ffd06540000 	C:\Program Files\OpenJDK\jdk-17.0.10\bin\verify.dll

dbghelp: loaded successfully - version: 4.0.5 - missing functions: none
symbol engine: initialized successfully - sym options: 0x614 - pdb path: .;C:\Program Files\OpenJDK\jdk-17.0.10\bin;C:\Windows\SYSTEM32;C:\Windows\WinSxS\amd64_microsoft.windows.common-controls_6595b64144ccf1df_6.0.22621.3235_none_270f74e173860f98;C:\Program Files\OpenJDK\jdk-17.0.10\bin\server

VM Arguments:
java_command: org.jetbrains.kotlin.cli.jvm.K2JVMCompiler @D:\work from home\REMOTE JOBS\remotejobsapp\node_modules\react-native-safe-area-context\android\build\20240507_15210375363665344842.compiler.options
java_class_path (initial): C:\Users\PRAKASH\.gradle\caches\modules-2\files-2.1\org.jetbrains.kotlin\kotlin-compiler-embeddable\1.8.0\eb9118d4bcceaa2a94b2ae2a33a4ddba7c9a947f\kotlin-compiler-embeddable-1.8.0.jar;C:\Users\PRAKASH\.gradle\caches\modules-2\files-2.1\org.jetbrains.kotlin\kotlin-stdlib\1.8.0\1796921c7a3e2e2665a83e6c8d33399336cd39bc\kotlin-stdlib-1.8.0.jar;C:\Users\PRAKASH\.gradle\caches\modules-2\files-2.1\org.jetbrains.kotlin\kotlin-script-runtime\1.8.0\b2f7e760d283cb339974851c222a4c1d48f2d3d\kotlin-script-runtime-1.8.0.jar;C:\Users\PRAKASH\.gradle\caches\modules-2\files-2.1\org.jetbrains.kotlin\kotlin-reflect\1.6.10\1cbe9c92c12a94eea200d23c2bbaedaf3daf5132\kotlin-reflect-1.6.10.jar;C:\Users\PRAKASH\.gradle\caches\modules-2\files-2.1\org.jetbrains.kotlin\kotlin-daemon-embeddable\1.8.0\d255216c551685dc3a7e852b53617f5f01aaaa5c\kotlin-daemon-embeddable-1.8.0.jar;C:\Users\PRAKASH\.gradle\caches\modules-2\files-2.1\org.jetbrains.intellij.deps\trove4j\1.0.20200330\3afb14d5f9ceb459d724e907a21145e8ff394f02\trove4j-1.0.20200330.jar;C:\Users\PRAKASH\.gradle\caches\modules-2\files-2.1\net.java.dev.jna\jna\5.6.0\330f2244e9030119ab3030fc3fededc86713d9cc\jna-5.6.0.jar;C:\Users\PRAKASH\.gradle\caches\modules-2\files-2.1\org.jetbrains.kotlin\kotlin-stdlib-common\1.8.0\f7197e7cc76453ac59f8b0f8d5137cc600becd36\kotlin-stdlib-common-1.8.0.jar;C:\Users\PRAKASH\.gradle\caches\modules-2\files-2.1\org.jetbrains\annotations\13.0\919f0dfe192fb4e063e7dacadee7f8bb9a2672a9\annotations-13.0.jar
Launcher Type: SUN_STANDARD

[Global flags]
     intx CICompilerCount                          = 4                                         {product} {ergonomic}
     uint ConcGCThreads                            = 2                                         {product} {ergonomic}
     uint G1ConcRefinementThreads                  = 8                                         {product} {ergonomic}
   size_t G1HeapRegionSize                         = 1048576                                   {product} {ergonomic}
    uintx GCDrainStackTargetSize                   = 64                                        {product} {ergonomic}
   size_t InitialHeapSize                          = 130023424                                 {product} {ergonomic}
   size_t MarkStackSize                            = 4194304                                   {product} {ergonomic}
   size_t MaxHeapSize                              = 2080374784                                {product} {ergonomic}
   size_t MaxNewSize                               = 1247805440                                {product} {ergonomic}
   size_t MinHeapDeltaBytes                        = 1048576                                   {product} {ergonomic}
   size_t MinHeapSize                              = 8388608                                   {product} {ergonomic}
    uintx NonNMethodCodeHeapSize                   = 5839372                                {pd product} {ergonomic}
    uintx NonProfiledCodeHeapSize                  = 122909434                              {pd product} {ergonomic}
    uintx ProfiledCodeHeapSize                     = 122909434                              {pd product} {ergonomic}
    uintx ReservedCodeCacheSize                    = 251658240                              {pd product} {ergonomic}
     bool SegmentedCodeCache                       = true                                      {product} {ergonomic}
   size_t SoftMaxHeapSize                          = 2080374784                             {manageable} {ergonomic}
     bool UseCompressedClassPointers               = true                           {product lp64_product} {ergonomic}
     bool UseCompressedOops                        = true                           {product lp64_product} {ergonomic}
     bool UseG1GC                                  = true                                      {product} {ergonomic}
     bool UseLargePagesIndividualAllocation        = false                                  {pd product} {ergonomic}

Logging:
Log output configuration:
 #0: stdout all=warning uptime,level,tags
 #1: stderr all=off uptime,level,tags

Environment Variables:
JAVA_HOME=C:\Program Files\OpenJDK\jdk-17.0.10
CLASSPATH=D:\work from home\REMOTE JOBS\remotejobsapp\android\\gradle\wrapper\gradle-wrapper.jar
PATH=C:\Program Files\bin;C:\Windows\system32;C:\Windows;C:\Windows\System32\Wbem;C:\Windows\System32\WindowsPowerShell\v1.0\;C:\Windows\System32\OpenSSH\;C:\Program Files\dotnet\;C:\ProgramData\chocolatey\bin;C:\Program Files\Git\cmd;C:\Users\PRAKASH\AppData\Local\Pub\Cache\bin;C:\xampp\php;C:\ProgramData\ComposerSetup\bin;C:\Program Files\nodejs\;C:\Users\PRAKASH\AppData\Local\Android\Sdk\platform-tools;C:\Users\PRAKASH\AppData\Local\Android\Sdk\tools;C:\Program Files\Git\bin;C:\Users\PRAKASH\AppData\Local\Microsoft\WindowsApps;C:\Users\PRAKASH\AppData\Local\Programs\Microsoft VS Code\bin;C:\Users\PRAKASH\AppData\Roaming\Pub\Cache\bin;"C:\Program Files\Git\bin\git.exe;C:\Windows\System32";C:\flutter\bin;C:\tools\dart-sdk\bin;C:\Users\PRAKASH\AppData\Roaming\Composer\vendor\bin;C:\Program Files\MongoDB\Server\7.0\bin;C:\Users\PRAKASH\AppData\Roaming\npm;C:\Program Files\OpenJDK\jdk-17.0.10\bin
USERNAME=PRAKASH
LANG=en_US.UTF-8
OS=Windows_NT
PROCESSOR_IDENTIFIER=Intel64 Family 6 Model 140 Stepping 1, GenuineIntel



---------------  S Y S T E M  ---------------

OS:
 Windows 11 , 64 bit Build 22621 (10.0.22621.3374)
OS uptime: 4 days 6:24 hours
Hyper-V role detected

CPU: total 8 (initial active 8) (4 cores per cpu, 2 threads per core) family 6 model 140 stepping 1 microcode 0xb4, cx8, cmov, fxsr, ht, mmx, 3dnowpref, sse, sse2, sse3, ssse3, sse4.1, sse4.2, popcnt, lzcnt, tsc, tscinvbit, avx, avx2, aes, erms, clmul, bmi1, bmi2, adx, avx512f, avx512dq, avx512cd, avx512bw, avx512vl, sha, fma, vzeroupper, avx512_vpopcntdq, avx512_vpclmulqdq, avx512_vaes, avx512_vnni, clflush, clflushopt, clwb, avx512_vbmi2, avx512_vbmi, hv

Memory: 4k page, system-wide physical 7934M (293M free)
TotalPageFile size 25865M (AvailPageFile size 4M)
current process WorkingSet (physical memory assigned to process): 240M, peak: 241M
current process commit charge ("private bytes"): 283M, peak: 284M

vm_info: Java HotSpot(TM) 64-Bit Server VM (17.0.10+11-LTS-240) for windows-amd64 JRE (17.0.10+11-LTS-240), built on Dec 19 2023 21:47:25 by "mach5one" with MS VC++ 17.1 (VS2022)

END.
