#
# There is insufficient memory for the Java Runtime Environment to continue.
# Native memory allocation (malloc) failed to allocate 1527376 bytes for Chunk::new
# Possible reasons:
#   The system is out of physical RAM or swap space
#   The process is running with CompressedOops enabled, and the Java Heap may be blocking the growth of the native heap
# Possible solutions:
#   Reduce memory load on the system
#   Increase physical memory or swap space
#   Check if swap backing store is full
#   Decrease Java heap size (-Xmx/-Xms)
#   Decrease number of Java threads
#   Decrease Java thread stack sizes (-Xss)
#   Set larger code cache with -XX:ReservedCodeCacheSize=
#   JVM is running with Unscaled Compressed Oops mode in which the Java heap is
#     placed in the first 4GB address space. The Java Heap base address is the
#     maximum limit for the native heap growth. Please use -XX:HeapBaseMinAddress
#     to set the Java Heap base and to place the Java Heap above 4GB virtual address.
# This output file may be truncated or incomplete.
#
#  Out of Memory Error (arena.cpp:189), pid=23592, tid=19184
#
# JRE version: Java(TM) SE Runtime Environment (17.0.10+11) (build 17.0.10+11-LTS-240)
# Java VM: Java HotSpot(TM) 64-Bit Server VM (17.0.10+11-LTS-240, mixed mode, sharing, tiered, compressed oops, compressed class ptrs, g1 gc, windows-amd64)
# No core dump will be written. Minidumps are not enabled by default on client versions of Windows
#

---------------  S U M M A R Y ------------

Command Line: org.jetbrains.kotlin.cli.jvm.K2JVMCompiler @D:\work from home\REMOTE JOBS\remotejobsapp\node_modules\react-native-screens\android\build\20240507_2421610615564421089.compiler.options

Host: 11th Gen Intel(R) Core(TM) i5-1145G7 @ 2.60GHz, 8 cores, 7G,  Windows 11 , 64 bit Build 22621 (10.0.22621.3374)
Time: Tue May  7 22:15:32 2024 India Standard Time elapsed time: 7.583657 seconds (0d 0h 0m 7s)

---------------  T H R E A D  ---------------

Current thread (0x000002626f31aba0):  JavaThread "C2 CompilerThread0" daemon [_thread_in_native, id=19184, stack(0x000000b32ba00000,0x000000b32bb00000)]


Current CompileTask:
C2:   7583 4571   !   4       org.jetbrains.kotlin.metadata.ProtoBuf$Type::<init> (875 bytes)

Stack: [0x000000b32ba00000,0x000000b32bb00000]
Native frames: (J=compiled Java code, j=interpreted, Vv=VM code, C=native code)
V  [jvm.dll+0x677a5a]
V  [jvm.dll+0x7d8b2d]
V  [jvm.dll+0x7da48e]
V  [jvm.dll+0x7daaf3]
V  [jvm.dll+0x2455ff]
V  [jvm.dll+0xaaafb]
V  [jvm.dll+0xab09c]
V  [jvm.dll+0x361b5f]
V  [jvm.dll+0x32c211]
V  [jvm.dll+0x32b6aa]
V  [jvm.dll+0x21794f]
V  [jvm.dll+0x216d81]
V  [jvm.dll+0x1a3410]
V  [jvm.dll+0x226aeb]
V  [jvm.dll+0x224cab]
V  [jvm.dll+0x78e45c]
V  [jvm.dll+0x78888a]
V  [jvm.dll+0x676935]
C  [ucrtbase.dll+0x29333]
C  [KERNEL32.DLL+0x1257d]
C  [ntdll.dll+0x5aa48]


---------------  P R O C E S S  ---------------

Threads class SMR info:
_java_thread_list=0x000002626f576dc0, length=12, elements={
0x000002624f3ffa30, 0x000002626f3002e0, 0x000002626f300ca0, 0x000002626f314c90,
0x000002626f316660, 0x000002626f319440, 0x000002626f319e00, 0x000002626f31aba0,
0x000002626f3714a0, 0x000002626f37eac0, 0x000002626f59ea40, 0x000002626f5a11c0
}

Java Threads: ( => current thread )
  0x000002624f3ffa30 JavaThread "main" [_thread_in_Java, id=15256, stack(0x000000b32ad00000,0x000000b32ae00000)]
  0x000002626f3002e0 JavaThread "Reference Handler" daemon [_thread_blocked, id=12844, stack(0x000000b32b400000,0x000000b32b500000)]
  0x000002626f300ca0 JavaThread "Finalizer" daemon [_thread_blocked, id=7956, stack(0x000000b32b500000,0x000000b32b600000)]
  0x000002626f314c90 JavaThread "Signal Dispatcher" daemon [_thread_blocked, id=22960, stack(0x000000b32b600000,0x000000b32b700000)]
  0x000002626f316660 JavaThread "Attach Listener" daemon [_thread_blocked, id=17764, stack(0x000000b32b700000,0x000000b32b800000)]
  0x000002626f319440 JavaThread "Service Thread" daemon [_thread_blocked, id=8068, stack(0x000000b32b800000,0x000000b32b900000)]
  0x000002626f319e00 JavaThread "Monitor Deflation Thread" daemon [_thread_blocked, id=1200, stack(0x000000b32b900000,0x000000b32ba00000)]
=>0x000002626f31aba0 JavaThread "C2 CompilerThread0" daemon [_thread_in_native, id=19184, stack(0x000000b32ba00000,0x000000b32bb00000)]
  0x000002626f3714a0 JavaThread "C1 CompilerThread0" daemon [_thread_blocked, id=24532, stack(0x000000b32bb00000,0x000000b32bc00000)]
  0x000002626f37eac0 JavaThread "Sweeper thread" daemon [_thread_blocked, id=22624, stack(0x000000b32bc00000,0x000000b32bd00000)]
  0x000002626f59ea40 JavaThread "Notification Thread" daemon [_thread_blocked, id=22120, stack(0x000000b32bd00000,0x000000b32be00000)]
  0x000002626f5a11c0 JavaThread "Common-Cleaner" daemon [_thread_blocked, id=7164, stack(0x000000b32bf00000,0x000000b32c000000)]

Other Threads:
  0x000002626f2fc1a0 VMThread "VM Thread" [stack: 0x000000b32b300000,0x000000b32b400000] [id=21544]
  0x000002626f5a0f30 WatcherThread [stack: 0x000000b32be00000,0x000000b32bf00000] [id=16524]
  0x000002624f4590e0 GCTaskThread "GC Thread#0" [stack: 0x000000b32ae00000,0x000000b32af00000] [id=8368]
  0x00000262741369f0 GCTaskThread "GC Thread#1" [stack: 0x000000b32c000000,0x000000b32c100000] [id=23632]
  0x00000262741f7280 GCTaskThread "GC Thread#2" [stack: 0x000000b32c100000,0x000000b32c200000] [id=18052]
  0x00000262741f7540 GCTaskThread "GC Thread#3" [stack: 0x000000b32c200000,0x000000b32c300000] [id=27436]
  0x00000262741f7800 GCTaskThread "GC Thread#4" [stack: 0x000000b32c300000,0x000000b32c400000] [id=25892]
  0x00000262741f7ac0 GCTaskThread "GC Thread#5" [stack: 0x000000b32c400000,0x000000b32c500000] [id=23316]
  0x0000026274599070 GCTaskThread "GC Thread#6" [stack: 0x000000b32c500000,0x000000b32c600000] [id=6964]
  0x0000026274599330 GCTaskThread "GC Thread#7" [stack: 0x000000b32c600000,0x000000b32c700000] [id=16980]
  0x000002624f469830 ConcurrentGCThread "G1 Main Marker" [stack: 0x000000b32af00000,0x000000b32b000000] [id=21728]
  0x000002624f46a240 ConcurrentGCThread "G1 Conc#0" [stack: 0x000000b32b000000,0x000000b32b100000] [id=7668]
  0x0000026274b9ac90 ConcurrentGCThread "G1 Conc#1" [stack: 0x000000b32c700000,0x000000b32c800000] [id=17704]
  0x000002624f4be680 ConcurrentGCThread "G1 Refine#0" [stack: 0x000000b32b100000,0x000000b32b200000] [id=18724]
  0x000002626f4fed00 ConcurrentGCThread "G1 Refine#1" [stack: 0x000000b32c800000,0x000000b32c900000] [id=14696]
  0x000002626f1a44c0 ConcurrentGCThread "G1 Service" [stack: 0x000000b32b200000,0x000000b32b300000] [id=1712]

Threads with active compile tasks:
C2 CompilerThread0     7602 4571   !   4       org.jetbrains.kotlin.metadata.ProtoBuf$Type::<init> (875 bytes)

VM state: not at safepoint (normal execution)

VM Mutex/Monitor currently owned by a thread: None

Heap address: 0x0000000084000000, size: 1984 MB, Compressed Oops mode: 32-bit

CDS archive(s) mapped at: [0x0000026200000000-0x0000026200bd0000-0x0000026200bd0000), size 12386304, SharedBaseAddress: 0x0000026200000000, ArchiveRelocationMode: 1.
Compressed class space mapped at: 0x0000026201000000-0x0000026241000000, reserved size: 1073741824
Narrow klass base: 0x0000026200000000, Narrow klass shift: 0, Narrow klass range: 0x100000000

GC Precious Log:
 CPUs: 8 total, 8 available
 Memory: 7934M
 Large Page Support: Disabled
 NUMA Support: Disabled
 Compressed Oops: Enabled (32-bit)
 Heap Region Size: 1M
 Heap Min Capacity: 8M
 Heap Initial Capacity: 124M
 Heap Max Capacity: 1984M
 Pre-touch: Disabled
 Parallel Workers: 8
 Concurrent Workers: 2
 Concurrent Refinement Workers: 8
 Periodic GC: Disabled

Heap:
 garbage-first heap   total 102400K, used 45367K [0x0000000084000000, 0x0000000100000000)
  region size 1024K, 16 young (16384K), 8 survivors (8192K)
 Metaspace       used 42069K, committed 42368K, reserved 1114112K
  class space    used 5111K, committed 5248K, reserved 1048576K

Heap Regions: E=young(eden), S=young(survivor), O=old, HS=humongous(starts), HC=humongous(continues), CS=collection set, F=free, OA=open archive, CA=closed archive, TAMS=top-at-mark-start (previous, next)
|   0|0x0000000084000000, 0x0000000084100000, 0x0000000084100000|100%|HS|  |TAMS 0x0000000084100000, 0x0000000084000000| Complete 
|   1|0x0000000084100000, 0x0000000084200000, 0x0000000084200000|100%|HC|  |TAMS 0x0000000084200000, 0x0000000084100000| Complete 
|   2|0x0000000084200000, 0x0000000084300000, 0x0000000084300000|100%|HC|  |TAMS 0x0000000084300000, 0x0000000084200000| Complete 
|   3|0x0000000084300000, 0x0000000084400000, 0x0000000084400000|100%|HC|  |TAMS 0x0000000084400000, 0x0000000084300000| Complete 
|   4|0x0000000084400000, 0x0000000084500000, 0x0000000084500000|100%| O|  |TAMS 0x0000000084500000, 0x0000000084400000| Untracked 
|   5|0x0000000084500000, 0x0000000084600000, 0x0000000084600000|100%| O|  |TAMS 0x0000000084600000, 0x0000000084500000| Untracked 
|   6|0x0000000084600000, 0x0000000084680000, 0x0000000084700000| 50%| O|  |TAMS 0x0000000084680000, 0x0000000084600000| Untracked 
|   7|0x0000000084700000, 0x0000000084800000, 0x0000000084800000|100%|HS|  |TAMS 0x0000000084800000, 0x0000000084700000| Complete 
|   8|0x0000000084800000, 0x0000000084900000, 0x0000000084900000|100%|HC|  |TAMS 0x0000000084900000, 0x0000000084800000| Complete 
|   9|0x0000000084900000, 0x0000000084a00000, 0x0000000084a00000|100%|HC|  |TAMS 0x0000000084a00000, 0x0000000084900000| Complete 
|  10|0x0000000084a00000, 0x0000000084b00000, 0x0000000084b00000|100%|HC|  |TAMS 0x0000000084b00000, 0x0000000084a00000| Complete 
|  11|0x0000000084b00000, 0x0000000084c00000, 0x0000000084c00000|100%|HS|  |TAMS 0x0000000084b00000, 0x0000000084b00000| Complete 
|  12|0x0000000084c00000, 0x0000000084d00000, 0x0000000084d00000|100%|HC|  |TAMS 0x0000000084c00000, 0x0000000084c00000| Complete 
|  13|0x0000000084d00000, 0x0000000084e00000, 0x0000000084e00000|100%| O|  |TAMS 0x0000000084e00000, 0x0000000084d00000| Untracked 
|  14|0x0000000084e00000, 0x0000000084f00000, 0x0000000084f00000|100%| O|  |TAMS 0x0000000084f00000, 0x0000000084e00000| Untracked 
|  15|0x0000000084f00000, 0x0000000085000000, 0x0000000085000000|100%| O|  |TAMS 0x0000000085000000, 0x0000000084f00000| Untracked 
|  16|0x0000000085000000, 0x0000000085100000, 0x0000000085100000|100%| O|  |TAMS 0x0000000085100000, 0x0000000085000000| Untracked 
|  17|0x0000000085100000, 0x0000000085200000, 0x0000000085200000|100%| O|  |TAMS 0x0000000085200000, 0x0000000085100000| Untracked 
|  18|0x0000000085200000, 0x0000000085300000, 0x0000000085300000|100%| O|  |TAMS 0x0000000085300000, 0x0000000085200000| Untracked 
|  19|0x0000000085300000, 0x0000000085300000, 0x0000000085400000|  0%| F|  |TAMS 0x0000000085300000, 0x0000000085300000| Untracked 
|  20|0x0000000085400000, 0x0000000085500000, 0x0000000085500000|100%| O|  |TAMS 0x0000000085400000, 0x0000000085400000| Untracked 
|  21|0x0000000085500000, 0x0000000085600000, 0x0000000085600000|100%| O|  |TAMS 0x0000000085500000, 0x0000000085500000| Untracked 
|  22|0x0000000085600000, 0x0000000085700000, 0x0000000085700000|100%| O|  |TAMS 0x0000000085600000, 0x0000000085600000| Untracked 
|  23|0x0000000085700000, 0x0000000085800000, 0x0000000085800000|100%| O|  |TAMS 0x0000000085700000, 0x0000000085700000| Untracked 
|  24|0x0000000085800000, 0x0000000085900000, 0x0000000085900000|100%| O|  |TAMS 0x0000000085900000, 0x0000000085800000| Untracked 
|  25|0x0000000085900000, 0x0000000085a00000, 0x0000000085a00000|100%| O|  |TAMS 0x0000000085a00000, 0x0000000085900000| Untracked 
|  26|0x0000000085a00000, 0x0000000085b00000, 0x0000000085b00000|100%| O|  |TAMS 0x0000000085b00000, 0x0000000085a00000| Untracked 
|  27|0x0000000085b00000, 0x0000000085c00000, 0x0000000085c00000|100%| O|  |TAMS 0x0000000085c00000, 0x0000000085b00000| Untracked 
|  28|0x0000000085c00000, 0x0000000085d00000, 0x0000000085d00000|100%| O|  |TAMS 0x0000000085d00000, 0x0000000085c00000| Untracked 
|  29|0x0000000085d00000, 0x0000000085e00000, 0x0000000085e00000|100%| O|  |TAMS 0x0000000085e00000, 0x0000000085d00000| Untracked 
|  30|0x0000000085e00000, 0x0000000085ecdc00, 0x0000000085f00000| 80%| O|  |TAMS 0x0000000085e00000, 0x0000000085e00000| Untracked 
|  31|0x0000000085f00000, 0x0000000085f00000, 0x0000000086000000|  0%| F|  |TAMS 0x0000000085f00000, 0x0000000085f00000| Untracked 
|  32|0x0000000086000000, 0x0000000086100000, 0x0000000086100000|100%| S|CS|TAMS 0x0000000086000000, 0x0000000086000000| Complete 
|  33|0x0000000086100000, 0x0000000086200000, 0x0000000086200000|100%| S|CS|TAMS 0x0000000086100000, 0x0000000086100000| Complete 
|  34|0x0000000086200000, 0x0000000086300000, 0x0000000086300000|100%| S|CS|TAMS 0x0000000086200000, 0x0000000086200000| Complete 
|  35|0x0000000086300000, 0x0000000086400000, 0x0000000086400000|100%| S|CS|TAMS 0x0000000086300000, 0x0000000086300000| Complete 
|  36|0x0000000086400000, 0x0000000086500000, 0x0000000086500000|100%| S|CS|TAMS 0x0000000086400000, 0x0000000086400000| Complete 
|  37|0x0000000086500000, 0x0000000086600000, 0x0000000086600000|100%| S|CS|TAMS 0x0000000086500000, 0x0000000086500000| Complete 
|  38|0x0000000086600000, 0x0000000086700000, 0x0000000086700000|100%| S|CS|TAMS 0x0000000086600000, 0x0000000086600000| Complete 
|  39|0x0000000086700000, 0x0000000086800000, 0x0000000086800000|100%| S|CS|TAMS 0x0000000086700000, 0x0000000086700000| Complete 
|  40|0x0000000086800000, 0x0000000086800000, 0x0000000086900000|  0%| F|  |TAMS 0x0000000086800000, 0x0000000086800000| Untracked 
|  41|0x0000000086900000, 0x0000000086900000, 0x0000000086a00000|  0%| F|  |TAMS 0x0000000086900000, 0x0000000086900000| Untracked 
|  42|0x0000000086a00000, 0x0000000086a00000, 0x0000000086b00000|  0%| F|  |TAMS 0x0000000086a00000, 0x0000000086a00000| Untracked 
|  43|0x0000000086b00000, 0x0000000086b00000, 0x0000000086c00000|  0%| F|  |TAMS 0x0000000086b00000, 0x0000000086b00000| Untracked 
|  44|0x0000000086c00000, 0x0000000086c00000, 0x0000000086d00000|  0%| F|  |TAMS 0x0000000086c00000, 0x0000000086c00000| Untracked 
|  45|0x0000000086d00000, 0x0000000086d00000, 0x0000000086e00000|  0%| F|  |TAMS 0x0000000086d00000, 0x0000000086d00000| Untracked 
|  46|0x0000000086e00000, 0x0000000086e00000, 0x0000000086f00000|  0%| F|  |TAMS 0x0000000086e00000, 0x0000000086e00000| Untracked 
|  47|0x0000000086f00000, 0x0000000086f00000, 0x0000000087000000|  0%| F|  |TAMS 0x0000000086f00000, 0x0000000086f00000| Untracked 
|  48|0x0000000087000000, 0x0000000087000000, 0x0000000087100000|  0%| F|  |TAMS 0x0000000087000000, 0x0000000087000000| Untracked 
|  49|0x0000000087100000, 0x0000000087100000, 0x0000000087200000|  0%| F|  |TAMS 0x0000000087100000, 0x0000000087100000| Untracked 
|  50|0x0000000087200000, 0x0000000087200000, 0x0000000087300000|  0%| F|  |TAMS 0x0000000087200000, 0x0000000087200000| Untracked 
|  51|0x0000000087300000, 0x0000000087300000, 0x0000000087400000|  0%| F|  |TAMS 0x0000000087300000, 0x0000000087300000| Untracked 
|  52|0x0000000087400000, 0x0000000087400000, 0x0000000087500000|  0%| F|  |TAMS 0x0000000087400000, 0x0000000087400000| Untracked 
|  53|0x0000000087500000, 0x0000000087500000, 0x0000000087600000|  0%| F|  |TAMS 0x0000000087500000, 0x0000000087500000| Untracked 
|  54|0x0000000087600000, 0x0000000087600000, 0x0000000087700000|  0%| F|  |TAMS 0x0000000087600000, 0x0000000087600000| Untracked 
|  55|0x0000000087700000, 0x0000000087700000, 0x0000000087800000|  0%| F|  |TAMS 0x0000000087700000, 0x0000000087700000| Untracked 
|  56|0x0000000087800000, 0x0000000087800000, 0x0000000087900000|  0%| F|  |TAMS 0x0000000087800000, 0x0000000087800000| Untracked 
|  57|0x0000000087900000, 0x0000000087900000, 0x0000000087a00000|  0%| F|  |TAMS 0x0000000087900000, 0x0000000087900000| Untracked 
|  58|0x0000000087a00000, 0x0000000087a00000, 0x0000000087b00000|  0%| F|  |TAMS 0x0000000087a00000, 0x0000000087a00000| Untracked 
|  59|0x0000000087b00000, 0x0000000087b00000, 0x0000000087c00000|  0%| F|  |TAMS 0x0000000087b00000, 0x0000000087b00000| Untracked 
|  60|0x0000000087c00000, 0x0000000087c00000, 0x0000000087d00000|  0%| F|  |TAMS 0x0000000087c00000, 0x0000000087c00000| Untracked 
|  61|0x0000000087d00000, 0x0000000087d00000, 0x0000000087e00000|  0%| F|  |TAMS 0x0000000087d00000, 0x0000000087d00000| Untracked 
|  62|0x0000000087e00000, 0x0000000087e00000, 0x0000000087f00000|  0%| F|  |TAMS 0x0000000087e00000, 0x0000000087e00000| Untracked 
|  63|0x0000000087f00000, 0x0000000087f00000, 0x0000000088000000|  0%| F|  |TAMS 0x0000000087f00000, 0x0000000087f00000| Untracked 
|  64|0x0000000088000000, 0x0000000088000000, 0x0000000088100000|  0%| F|  |TAMS 0x0000000088000000, 0x0000000088000000| Untracked 
|  65|0x0000000088100000, 0x0000000088100000, 0x0000000088200000|  0%| F|  |TAMS 0x0000000088100000, 0x0000000088100000| Untracked 
|  66|0x0000000088200000, 0x0000000088200000, 0x0000000088300000|  0%| F|  |TAMS 0x0000000088200000, 0x0000000088200000| Untracked 
|  67|0x0000000088300000, 0x0000000088300000, 0x0000000088400000|  0%| F|  |TAMS 0x0000000088300000, 0x0000000088300000| Untracked 
|  68|0x0000000088400000, 0x0000000088400000, 0x0000000088500000|  0%| F|  |TAMS 0x0000000088400000, 0x0000000088400000| Untracked 
|  69|0x0000000088500000, 0x0000000088500000, 0x0000000088600000|  0%| F|  |TAMS 0x0000000088500000, 0x0000000088500000| Untracked 
|  70|0x0000000088600000, 0x0000000088600000, 0x0000000088700000|  0%| F|  |TAMS 0x0000000088600000, 0x0000000088600000| Untracked 
|  71|0x0000000088700000, 0x0000000088700000, 0x0000000088800000|  0%| F|  |TAMS 0x0000000088700000, 0x0000000088700000| Untracked 
|  72|0x0000000088800000, 0x0000000088800000, 0x0000000088900000|  0%| F|  |TAMS 0x0000000088800000, 0x0000000088800000| Untracked 
|  73|0x0000000088900000, 0x0000000088900000, 0x0000000088a00000|  0%| F|  |TAMS 0x0000000088900000, 0x0000000088900000| Untracked 
|  74|0x0000000088a00000, 0x0000000088a00000, 0x0000000088b00000|  0%| F|  |TAMS 0x0000000088a00000, 0x0000000088a00000| Untracked 
|  75|0x0000000088b00000, 0x0000000088b00000, 0x0000000088c00000|  0%| F|  |TAMS 0x0000000088b00000, 0x0000000088b00000| Untracked 
|  76|0x0000000088c00000, 0x0000000088c00000, 0x0000000088d00000|  0%| F|  |TAMS 0x0000000088c00000, 0x0000000088c00000| Untracked 
|  77|0x0000000088d00000, 0x0000000088d00000, 0x0000000088e00000|  0%| F|  |TAMS 0x0000000088d00000, 0x0000000088d00000| Untracked 
|  78|0x0000000088e00000, 0x0000000088e00000, 0x0000000088f00000|  0%| F|  |TAMS 0x0000000088e00000, 0x0000000088e00000| Untracked 
|  79|0x0000000088f00000, 0x0000000088f00000, 0x0000000089000000|  0%| F|  |TAMS 0x0000000088f00000, 0x0000000088f00000| Untracked 
|  80|0x0000000089000000, 0x0000000089000000, 0x0000000089100000|  0%| F|  |TAMS 0x0000000089000000, 0x0000000089000000| Untracked 
|  81|0x0000000089100000, 0x0000000089100000, 0x0000000089200000|  0%| F|  |TAMS 0x0000000089100000, 0x0000000089100000| Untracked 
|  82|0x0000000089200000, 0x0000000089200000, 0x0000000089300000|  0%| F|  |TAMS 0x0000000089200000, 0x0000000089200000| Untracked 
|  83|0x0000000089300000, 0x0000000089300000, 0x0000000089400000|  0%| F|  |TAMS 0x0000000089300000, 0x0000000089300000| Untracked 
|  84|0x0000000089400000, 0x0000000089400000, 0x0000000089500000|  0%| F|  |TAMS 0x0000000089400000, 0x0000000089400000| Untracked 
|  85|0x0000000089500000, 0x0000000089500000, 0x0000000089600000|  0%| F|  |TAMS 0x0000000089500000, 0x0000000089500000| Untracked 
|  86|0x0000000089600000, 0x0000000089600000, 0x0000000089700000|  0%| F|  |TAMS 0x0000000089600000, 0x0000000089600000| Untracked 
|  87|0x0000000089700000, 0x0000000089700000, 0x0000000089800000|  0%| F|  |TAMS 0x0000000089700000, 0x0000000089700000| Untracked 
|  88|0x0000000089800000, 0x0000000089800000, 0x0000000089900000|  0%| F|  |TAMS 0x0000000089800000, 0x0000000089800000| Untracked 
|  89|0x0000000089900000, 0x0000000089900000, 0x0000000089a00000|  0%| F|  |TAMS 0x0000000089900000, 0x0000000089900000| Untracked 
|  90|0x0000000089a00000, 0x0000000089a00000, 0x0000000089b00000|  0%| F|  |TAMS 0x0000000089a00000, 0x0000000089a00000| Untracked 
|  91|0x0000000089b00000, 0x0000000089b00000, 0x0000000089c00000|  0%| F|  |TAMS 0x0000000089b00000, 0x0000000089b00000| Untracked 
|  92|0x0000000089c00000, 0x0000000089c80800, 0x0000000089d00000| 50%| E|  |TAMS 0x0000000089c00000, 0x0000000089c00000| Complete 
|  93|0x0000000089d00000, 0x0000000089e00000, 0x0000000089e00000|100%| E|CS|TAMS 0x0000000089d00000, 0x0000000089d00000| Complete 
|  94|0x0000000089e00000, 0x0000000089f00000, 0x0000000089f00000|100%| E|CS|TAMS 0x0000000089e00000, 0x0000000089e00000| Complete 
|  95|0x0000000089f00000, 0x000000008a000000, 0x000000008a000000|100%| E|CS|TAMS 0x0000000089f00000, 0x0000000089f00000| Complete 
|  96|0x000000008a000000, 0x000000008a100000, 0x000000008a100000|100%| E|CS|TAMS 0x000000008a000000, 0x000000008a000000| Complete 
|  97|0x000000008a100000, 0x000000008a200000, 0x000000008a200000|100%| E|CS|TAMS 0x000000008a100000, 0x000000008a100000| Complete 
|  98|0x000000008a200000, 0x000000008a300000, 0x000000008a300000|100%| E|CS|TAMS 0x000000008a200000, 0x000000008a200000| Complete 
| 123|0x000000008bb00000, 0x000000008bc00000, 0x000000008bc00000|100%| E|CS|TAMS 0x000000008bb00000, 0x000000008bb00000| Complete 

Card table byte_map: [0x00000262682c0000,0x00000262686a0000] _byte_map_base: 0x0000026267ea0000

Marking Bits (Prev, Next): (CMBitMap*) 0x000002624f459700, (CMBitMap*) 0x000002624f459740
 Prev Bits: [0x0000026268a80000, 0x000002626a980000)
 Next Bits: [0x000002626a980000, 0x000002626c880000)

Polling page: 0x0000026258450000

Metaspace:

Usage:
  Non-class:     36.09 MB used.
      Class:      4.99 MB used.
       Both:     41.08 MB used.

Virtual space:
  Non-class space:       64.00 MB reserved,      36.25 MB ( 57%) committed,  1 nodes.
      Class space:        1.00 GB reserved,       5.12 MB ( <1%) committed,  1 nodes.
             Both:        1.06 GB reserved,      41.38 MB (  4%) committed. 

Chunk freelists:
   Non-Class:  11.22 MB
       Class:  10.94 MB
        Both:  22.15 MB

MaxMetaspaceSize: unlimited
CompressedClassSpaceSize: 1.00 GB
Initial GC threshold: 21.00 MB
Current GC threshold: 58.75 MB
CDS: on
MetaspaceReclaimPolicy: balanced
 - commit_granule_bytes: 65536.
 - commit_granule_words: 8192.
 - virtual_space_node_default_size: 8388608.
 - enlarge_chunks_in_place: 1.
 - new_chunks_are_fully_committed: 0.
 - uncommit_free_chunks: 1.
 - use_allocation_guard: 0.
 - handle_deallocations: 1.


Internal statistics:

num_allocs_failed_limit: 6.
num_arena_births: 238.
num_arena_deaths: 0.
num_vsnodes_births: 2.
num_vsnodes_deaths: 0.
num_space_committed: 660.
num_space_uncommitted: 0.
num_chunks_returned_to_freelist: 6.
num_chunks_taken_from_freelist: 1678.
num_chunk_merges: 3.
num_chunk_splits: 1359.
num_chunks_enlarged: 1184.
num_inconsistent_stats: 0.

CodeHeap 'non-profiled nmethods': size=120000Kb used=1791Kb max_used=1791Kb free=118208Kb
 bounds [0x000002625ff40000, 0x00000262601b0000, 0x0000026267470000]
CodeHeap 'profiled nmethods': size=120000Kb used=9899Kb max_used=9899Kb free=110100Kb
 bounds [0x0000026258470000, 0x0000026258e20000, 0x000002625f9a0000]
CodeHeap 'non-nmethods': size=5760Kb used=1295Kb max_used=1348Kb free=4464Kb
 bounds [0x000002625f9a0000, 0x000002625fc10000, 0x000002625ff40000]
 total_blobs=5265 nmethods=4665 adapters=512
 compilation: enabled
              stopped_count=0, restarted_count=0
 full_count=0

Compilation events (20 events):
Event: 7.576 Thread 0x000002626f3714a0 nmethod 4670 0x00000262600fee10 code [0x00000262600fefa0, 0x00000262600ff078]
Event: 7.576 Thread 0x000002626f3714a0 4671       2       org.jetbrains.kotlin.types.checker.ClassicTypeSystemContext$DefaultImpls::asFlexibleType (97 bytes)
Event: 7.577 Thread 0x000002626f3714a0 nmethod 4671 0x0000026258e0fa90 code [0x0000026258e0fd40, 0x0000026258e104e8]
Event: 7.577 Thread 0x000002626f3714a0 4672       2       org.jetbrains.kotlin.types.FlexibleTypeImpl::getDelegate (9 bytes)
Event: 7.577 Thread 0x000002626f3714a0 nmethod 4672 0x0000026258e10990 code [0x0000026258e10b20, 0x0000026258e10c48]
Event: 7.577 Thread 0x000002626f3714a0 4673       2       org.jetbrains.kotlin.types.FlexibleTypeImpl::runAssertions (301 bytes)
Event: 7.578 Thread 0x000002626f3714a0 nmethod 4673 0x0000026258e10d10 code [0x0000026258e10f60, 0x0000026258e11518]
Event: 7.578 Thread 0x000002626f3714a0 4674       2       org.jetbrains.kotlin.types.checker.SimpleClassicTypeSystemContext::asFlexibleType (6 bytes)
Event: 7.578 Thread 0x000002626f3714a0 nmethod 4674 0x0000026258e11890 code [0x0000026258e11a20, 0x0000026258e11b48]
Event: 7.579 Thread 0x000002626f3714a0 4676       2       org.jetbrains.kotlin.storage.LockBasedStorageManager$KeyWithComputation::equals (47 bytes)
Event: 7.579 Thread 0x000002626f3714a0 nmethod 4676 0x0000026258e11c10 code [0x0000026258e11dc0, 0x0000026258e12028]
Event: 7.579 Thread 0x000002626f3714a0 4677       1       org.jetbrains.kotlin.psi.KtImportInfo$ImportContent$ExpressionBased::getExpression (5 bytes)
Event: 7.579 Thread 0x000002626f3714a0 nmethod 4677 0x00000262600ff110 code [0x00000262600ff2a0, 0x00000262600ff378]
Event: 7.579 Thread 0x000002626f3714a0 4678       3       java.util.HashMap::put (13 bytes)
Event: 7.580 Thread 0x000002626f3714a0 nmethod 4678 0x0000026258e12110 code [0x0000026258e122c0, 0x0000026258e125b8]
Event: 7.580 Thread 0x000002626f3714a0 4680       2       org.jetbrains.kotlin.com.google.common.collect.ImmutableEntry::<init> (15 bytes)
Event: 7.580 Thread 0x000002626f3714a0 nmethod 4680 0x0000026258e12710 code [0x0000026258e128a0, 0x0000026258e12a58]
Event: 7.580 Thread 0x000002626f3714a0 4679       2       org.jetbrains.kotlin.com.google.common.base.Preconditions::checkNotNull (14 bytes)
Event: 7.580 Thread 0x000002626f3714a0 nmethod 4679 0x0000026258e12b10 code [0x0000026258e12cc0, 0x0000026258e12e68]
Event: 7.582 Thread 0x000002626f3714a0 4681       2       org.jetbrains.kotlin.psi.KtDotQualifiedExpression::<init> (12 bytes)

GC Heap History (16 events):
Event: 1.027 GC heap before
{Heap before GC invocations=0 (full 0):
 garbage-first heap   total 126976K, used 27648K [0x0000000084000000, 0x0000000100000000)
  region size 1024K, 23 young (23552K), 0 survivors (0K)
 Metaspace       used 6566K, committed 6720K, reserved 1114112K
  class space    used 660K, committed 768K, reserved 1048576K
}
Event: 1.034 GC heap after
{Heap after GC invocations=1 (full 0):
 garbage-first heap   total 126976K, used 7168K [0x0000000084000000, 0x0000000100000000)
  region size 1024K, 3 young (3072K), 3 survivors (3072K)
 Metaspace       used 6566K, committed 6720K, reserved 1114112K
  class space    used 660K, committed 768K, reserved 1048576K
}
Event: 2.150 GC heap before
{Heap before GC invocations=1 (full 0):
 garbage-first heap   total 126976K, used 40960K [0x0000000084000000, 0x0000000100000000)
  region size 1024K, 36 young (36864K), 3 survivors (3072K)
 Metaspace       used 13961K, committed 14208K, reserved 1114112K
  class space    used 1586K, committed 1728K, reserved 1048576K
}
Event: 2.164 GC heap after
{Heap after GC invocations=2 (full 0):
 garbage-first heap   total 126976K, used 10314K [0x0000000084000000, 0x0000000100000000)
  region size 1024K, 4 young (4096K), 4 survivors (4096K)
 Metaspace       used 13961K, committed 14208K, reserved 1114112K
  class space    used 1586K, committed 1728K, reserved 1048576K
}
Event: 3.082 GC heap before
{Heap before GC invocations=2 (full 0):
 garbage-first heap   total 126976K, used 40010K [0x0000000084000000, 0x0000000100000000)
  region size 1024K, 30 young (30720K), 4 survivors (4096K)
 Metaspace       used 21264K, committed 21504K, reserved 1114112K
  class space    used 2749K, committed 2880K, reserved 1048576K
}
Event: 3.093 GC heap after
{Heap after GC invocations=3 (full 0):
 garbage-first heap   total 126976K, used 16673K [0x0000000084000000, 0x0000000100000000)
  region size 1024K, 6 young (6144K), 6 survivors (6144K)
 Metaspace       used 21264K, committed 21504K, reserved 1114112K
  class space    used 2749K, committed 2880K, reserved 1048576K
}
Event: 4.555 GC heap before
{Heap before GC invocations=4 (full 0):
 garbage-first heap   total 61440K, used 49441K [0x0000000084000000, 0x0000000100000000)
  region size 1024K, 36 young (36864K), 6 survivors (6144K)
 Metaspace       used 25799K, committed 26112K, reserved 1114112K
  class space    used 3449K, committed 3584K, reserved 1048576K
}
Event: 4.583 GC heap after
{Heap after GC invocations=5 (full 0):
 garbage-first heap   total 61440K, used 24122K [0x0000000084000000, 0x0000000100000000)
  region size 1024K, 5 young (5120K), 5 survivors (5120K)
 Metaspace       used 25799K, committed 26112K, reserved 1114112K
  class space    used 3449K, committed 3584K, reserved 1048576K
}
Event: 4.609 GC heap before
{Heap before GC invocations=5 (full 0):
 garbage-first heap   total 61440K, used 25146K [0x0000000084000000, 0x0000000100000000)
  region size 1024K, 6 young (6144K), 5 survivors (5120K)
 Metaspace       used 25918K, committed 26176K, reserved 1114112K
  class space    used 3461K, committed 3584K, reserved 1048576K
}
Event: 4.621 GC heap after
{Heap after GC invocations=6 (full 0):
 garbage-first heap   total 61440K, used 25586K [0x0000000084000000, 0x0000000100000000)
  region size 1024K, 1 young (1024K), 1 survivors (1024K)
 Metaspace       used 25918K, committed 26176K, reserved 1114112K
  class space    used 3461K, committed 3584K, reserved 1048576K
}
Event: 5.184 GC heap before
{Heap before GC invocations=6 (full 0):
 garbage-first heap   total 61440K, used 47090K [0x0000000084000000, 0x0000000100000000)
  region size 1024K, 22 young (22528K), 1 survivors (1024K)
 Metaspace       used 29858K, committed 30080K, reserved 1114112K
  class space    used 3876K, committed 3968K, reserved 1048576K
}
Event: 5.193 GC heap after
{Heap after GC invocations=7 (full 0):
 garbage-first heap   total 122880K, used 26112K [0x0000000084000000, 0x0000000100000000)
  region size 1024K, 3 young (3072K), 3 survivors (3072K)
 Metaspace       used 29858K, committed 30080K, reserved 1114112K
  class space    used 3876K, committed 3968K, reserved 1048576K
}
Event: 5.903 GC heap before
{Heap before GC invocations=7 (full 0):
 garbage-first heap   total 122880K, used 50688K [0x0000000084000000, 0x0000000100000000)
  region size 1024K, 28 young (28672K), 3 survivors (3072K)
 Metaspace       used 35699K, committed 35968K, reserved 1114112K
  class space    used 4411K, committed 4544K, reserved 1048576K
}
Event: 5.914 GC heap after
{Heap after GC invocations=8 (full 0):
 garbage-first heap   total 122880K, used 28405K [0x0000000084000000, 0x0000000100000000)
  region size 1024K, 6 young (6144K), 6 survivors (6144K)
 Metaspace       used 35699K, committed 35968K, reserved 1114112K
  class space    used 4411K, committed 4544K, reserved 1048576K
}
Event: 7.478 GC heap before
{Heap before GC invocations=9 (full 0):
 garbage-first heap   total 102400K, used 86773K [0x0000000084000000, 0x0000000100000000)
  region size 1024K, 60 young (61440K), 6 survivors (6144K)
 Metaspace       used 41929K, committed 42176K, reserved 1114112K
  class space    used 5100K, committed 5184K, reserved 1048576K
}
Event: 7.502 GC heap after
{Heap after GC invocations=10 (full 0):
 garbage-first heap   total 102400K, used 38199K [0x0000000084000000, 0x0000000100000000)
  region size 1024K, 8 young (8192K), 8 survivors (8192K)
 Metaspace       used 41929K, committed 42176K, reserved 1114112K
  class space    used 5100K, committed 5184K, reserved 1048576K
}

Deoptimization events (20 events):
Event: 7.558 Thread 0x000002624f3ffa30 Uncommon trap: trap_request=0xffffff45 fr.pc=0x00000262600bf284 relative=0x0000000000001824
Event: 7.558 Thread 0x000002624f3ffa30 Uncommon trap: reason=unstable_if action=reinterpret pc=0x00000262600bf284 method=java.util.HashMap.putVal(ILjava/lang/Object;Ljava/lang/Object;ZZ)Ljava/lang/Object; @ 94 c2
Event: 7.558 Thread 0x000002624f3ffa30 DEOPT PACKING pc=0x00000262600bf284 sp=0x000000b32adfd700
Event: 7.558 Thread 0x000002624f3ffa30 DEOPT UNPACKING pc=0x000002625f9f5ba3 sp=0x000000b32adfd5b0 mode 2
Event: 7.559 Thread 0x000002624f3ffa30 Uncommon trap: trap_request=0xffffff45 fr.pc=0x00000262600c06a4 relative=0x0000000000000744
Event: 7.559 Thread 0x000002624f3ffa30 Uncommon trap: reason=unstable_if action=reinterpret pc=0x00000262600c06a4 method=java.util.HashMap.putVal(ILjava/lang/Object;Ljava/lang/Object;ZZ)Ljava/lang/Object; @ 94 c2
Event: 7.559 Thread 0x000002624f3ffa30 DEOPT PACKING pc=0x00000262600c06a4 sp=0x000000b32adfd670
Event: 7.560 Thread 0x000002624f3ffa30 DEOPT UNPACKING pc=0x000002625f9f5ba3 sp=0x000000b32adfd5a0 mode 2
Event: 7.576 Thread 0x000002624f3ffa30 Uncommon trap: trap_request=0xffffff45 fr.pc=0x00000262600b9fd4 relative=0x0000000000000774
Event: 7.576 Thread 0x000002624f3ffa30 Uncommon trap: reason=unstable_if action=reinterpret pc=0x00000262600b9fd4 method=java.util.HashMap.putVal(ILjava/lang/Object;Ljava/lang/Object;ZZ)Ljava/lang/Object; @ 94 c2
Event: 7.576 Thread 0x000002624f3ffa30 DEOPT PACKING pc=0x00000262600b9fd4 sp=0x000000b32adfd560
Event: 7.576 Thread 0x000002624f3ffa30 DEOPT UNPACKING pc=0x000002625f9f5ba3 sp=0x000000b32adfd528 mode 2
Event: 7.576 Thread 0x000002624f3ffa30 Uncommon trap: trap_request=0xffffff45 fr.pc=0x0000026260079320 relative=0x0000000000000200
Event: 7.576 Thread 0x000002624f3ffa30 Uncommon trap: reason=unstable_if action=reinterpret pc=0x0000026260079320 method=java.util.HashMap.getNode(Ljava/lang/Object;)Ljava/util/HashMap$Node; @ 66 c2
Event: 7.576 Thread 0x000002624f3ffa30 DEOPT PACKING pc=0x0000026260079320 sp=0x000000b32adfd700
Event: 7.576 Thread 0x000002624f3ffa30 DEOPT UNPACKING pc=0x000002625f9f5ba3 sp=0x000000b32adfd608 mode 2
Event: 7.576 Thread 0x000002624f3ffa30 Uncommon trap: trap_request=0xffffff45 fr.pc=0x000002625ff8c890 relative=0x00000000000001f0
Event: 7.576 Thread 0x000002624f3ffa30 Uncommon trap: reason=unstable_if action=reinterpret pc=0x000002625ff8c890 method=java.util.HashMap.getNode(Ljava/lang/Object;)Ljava/util/HashMap$Node; @ 66 c2
Event: 7.576 Thread 0x000002624f3ffa30 DEOPT PACKING pc=0x000002625ff8c890 sp=0x000000b32adfd670
Event: 7.576 Thread 0x000002624f3ffa30 DEOPT UNPACKING pc=0x000002625f9f5ba3 sp=0x000000b32adfd5f0 mode 2

Classes unloaded (0 events):
No events

Classes redefined (0 events):
No events

Internal exceptions (20 events):
Event: 2.055 Thread 0x000002624f3ffa30 Exception <a 'java/lang/NoSuchMethodError'{0x0000000089b4ab30}: 'void java.lang.invoke.DirectMethodHandle$Holder.invokeStatic(java.lang.Object, java.lang.Object)'> (0x0000000089b4ab30) 
thrown [s\open\src\hotspot\share\interpreter\linkResolver.cpp, line 759]
Event: 2.094 Thread 0x000002624f3ffa30 Exception <a 'java/lang/NoSuchMethodError'{0x0000000089a84038}: 'long java.lang.invoke.DirectMethodHandle$Holder.invokeStatic(java.lang.Object)'> (0x0000000089a84038) 
thrown [s\open\src\hotspot\share\interpreter\linkResolver.cpp, line 759]
Event: 2.094 Thread 0x000002624f3ffa30 Exception <a 'java/lang/NoSuchMethodError'{0x0000000089a87790}: 'long java.lang.invoke.DirectMethodHandle$Holder.invokeStaticInit(java.lang.Object)'> (0x0000000089a87790) 
thrown [s\open\src\hotspot\share\interpreter\linkResolver.cpp, line 759]
Event: 2.203 Thread 0x000002624f3ffa30 Exception <a 'java/lang/NoSuchMethodError'{0x000000008ba7e398}: 'int java.lang.invoke.DirectMethodHandle$Holder.invokeStaticInit(java.lang.Object, java.lang.Object, java.lang.Object)'> (0x000000008ba7e398) 
thrown [s\open\src\hotspot\share\interpreter\linkResolver.cpp, line 759]
Event: 2.211 Thread 0x000002624f3ffa30 Exception <a 'java/lang/NoSuchMethodError'{0x000000008baa6cc0}: 'int java.lang.invoke.DirectMethodHandle$Holder.invokeStaticInit(java.lang.Object, java.lang.Object)'> (0x000000008baa6cc0) 
thrown [s\open\src\hotspot\share\interpreter\linkResolver.cpp, line 759]
Event: 2.237 Thread 0x000002624f3ffa30 Exception <a 'java/lang/NoSuchMethodError'{0x000000008b982ae8}: 'void java.lang.invoke.DirectMethodHandle$Holder.invokeSpecial(java.lang.Object, java.lang.Object, java.lang.Object)'> (0x000000008b982ae8) 
thrown [s\open\src\hotspot\share\interpreter\linkResolver.cpp, line 759]
Event: 2.714 Thread 0x000002624f3ffa30 Exception <a 'java/lang/NoSuchMethodError'{0x000000008aeca0a0}: 'void java.lang.invoke.DirectMethodHandle$Holder.invokeStatic(java.lang.Object, java.lang.Object, java.lang.Object, java.lang.Object)'> (0x000000008aeca0a0) 
thrown [s\open\src\hotspot\share\interpreter\linkResolver.cpp, line 759]
Event: 2.813 Thread 0x000002624f3ffa30 Exception <a 'java/lang/NoSuchMethodError'{0x000000008aa74640}: 'void java.lang.invoke.DirectMethodHandle$Holder.invokeStaticInit(java.lang.Object, java.lang.Object)'> (0x000000008aa74640) 
thrown [s\open\src\hotspot\share\interpreter\linkResolver.cpp, line 759]
Event: 2.936 Thread 0x000002624f3ffa30 Exception <a 'java/lang/NoSuchMethodError'{0x000000008a696688}: 'void java.lang.invoke.DirectMethodHandle$Holder.invokeVirtual(java.lang.Object, java.lang.Object)'> (0x000000008a696688) 
thrown [s\open\src\hotspot\share\interpreter\linkResolver.cpp, line 759]
Event: 2.951 Thread 0x000002624f3ffa30 Exception <a 'java/lang/NoSuchMethodError'{0x000000008a520c70}: 'int java.lang.invoke.DirectMethodHandle$Holder.invokeVirtual(java.lang.Object, java.lang.Object)'> (0x000000008a520c70) 
thrown [s\open\src\hotspot\share\interpreter\linkResolver.cpp, line 759]
Event: 2.974 Thread 0x000002624f3ffa30 Exception <a 'java/lang/NoSuchMethodError'{0x000000008a5c79e8}: 'java.lang.Object java.lang.invoke.Invokers$Holder.invokeExact_MT(java.lang.Object, java.lang.Object, java.lang.Object, java.lang.Object, java.lang.Object, java.lang.Object)'> (0x000000008a5c79e8) 
thrown [s\open\src\hotspot\share\interpreter\linkResolver.cpp, line 759]
Event: 4.727 Thread 0x000002624f3ffa30 Exception <a 'java/lang/NoSuchMethodError'{0x0000000089dc4508}: 'java.lang.Object java.lang.invoke.DirectMethodHandle$Holder.invokeVirtual(java.lang.Object, java.lang.Object, java.lang.Object)'> (0x0000000089dc4508) 
thrown [s\open\src\hotspot\share\interpreter\linkResolver.cpp, line 759]
Event: 5.763 Thread 0x000002624f3ffa30 Exception <a 'java/lang/NoSuchMethodError'{0x000000008a19b388}: 'java.lang.Object java.lang.invoke.DirectMethodHandle$Holder.newInvokeSpecial(java.lang.Object, java.lang.Object, int)'> (0x000000008a19b388) 
thrown [s\open\src\hotspot\share\interpreter\linkResolver.cpp, line 759]
Event: 6.188 Thread 0x000002624f3ffa30 Exception <a 'java/lang/NoSuchMethodError'{0x0000000089ffce18}: 'java.lang.Object java.lang.invoke.DirectMethodHandle$Holder.newInvokeSpecial(java.lang.Object, java.lang.Object, java.lang.Object, int)'> (0x0000000089ffce18) 
thrown [s\open\src\hotspot\share\interpreter\linkResolver.cpp, line 759]
Event: 6.189 Thread 0x000002624f3ffa30 Exception <a 'java/lang/NoSuchMethodError'{0x0000000089801930}: 'java.lang.Object java.lang.invoke.DirectMethodHandle$Holder.invokeSpecial(java.lang.Object, java.lang.Object, java.lang.Object, java.lang.Object, int)'> (0x0000000089801930) 
thrown [s\open\src\hotspot\share\interpreter\linkResolver.cpp, line 759]
Event: 6.189 Thread 0x000002624f3ffa30 Exception <a 'java/lang/NoSuchMethodError'{0x00000000898057a0}: 'java.lang.Object java.lang.invoke.Invokers$Holder.linkToTargetMethod(java.lang.Object, java.lang.Object, int, java.lang.Object)'> (0x00000000898057a0) 
thrown [s\open\src\hotspot\share\interpreter\linkResolver.cpp, line 759]
Event: 6.544 Thread 0x000002624f3ffa30 Exception <a 'java/lang/NoSuchMethodError'{0x0000000088f330f8}: 'java.lang.Object java.lang.invoke.DirectMethodHandle$Holder.invokeInterface(java.lang.Object, java.lang.Object)'> (0x0000000088f330f8) 
thrown [s\open\src\hotspot\share\interpreter\linkResolver.cpp, line 759]
Event: 7.250 Thread 0x000002624f3ffa30 Exception <a 'java/lang/NoSuchMethodError'{0x0000000087b1c098}: 'java.lang.Object java.lang.invoke.DirectMethodHandle$Holder.newInvokeSpecial(java.lang.Object, java.lang.Object, java.lang.Object, java.lang.Object, java.lang.Object, java.lang.Object, java.lang.Object, java.lang.Object)'> (0x0000000087b1c098) 
thrown [s\open\src\hotspot\share\interpreter\linkResolver.cpp, line 759]
Event: 7.250 Thread 0x000002624f3ffa30 Exception <a 'java/lang/NoSuchMethodError'{0x0000000087b216b0}: 'java.lang.Object java.lang.invoke.DirectMethodHandle$Holder.invokeSpecial(java.lang.Object, java.lang.Object, java.lang.Object, java.lang.Object, java.lang.Object, java.lang.Object, java.lang.Object, java.lang.Object, java.lang.Object)'> (0x0000000087b216b0) 
thrown [s\open\src\hotspot\share\interpreter\linkResolver.cpp, line 759]
Event: 7.251 Thread 0x000002624f3ffa30 Exception <a 'java/lang/NoSuchMethodError'{0x0000000087b265e0}: 'java.lang.Object java.lang.invoke.Invokers$Holder.linkToTargetMethod(java.lang.Object, java.lang.Object, java.lang.Object, java.lang.Object, java.lang.Object, java.lang.Object, java.lang.Object, java.lang.Object)'> (0x0000000087b265e0) 
thrown [s\open\src\hotspot\share\interpreter\linkResolver.cpp, line 759]

VM Operations (20 events):
Event: 6.342 Executing VM operation: HandshakeAllThreads
Event: 6.342 Executing VM operation: HandshakeAllThreads done
Event: 6.559 Executing VM operation: HandshakeAllThreads
Event: 6.559 Executing VM operation: HandshakeAllThreads done
Event: 6.559 Executing VM operation: HandshakeAllThreads
Event: 6.559 Executing VM operation: HandshakeAllThreads done
Event: 6.647 Executing VM operation: HandshakeAllThreads
Event: 6.647 Executing VM operation: HandshakeAllThreads done
Event: 6.663 Executing VM operation: ICBufferFull
Event: 6.663 Executing VM operation: ICBufferFull done
Event: 6.676 Executing VM operation: HandshakeAllThreads
Event: 6.676 Executing VM operation: HandshakeAllThreads done
Event: 6.953 Executing VM operation: ICBufferFull
Event: 6.953 Executing VM operation: ICBufferFull done
Event: 7.224 Executing VM operation: HandshakeAllThreads
Event: 7.224 Executing VM operation: HandshakeAllThreads done
Event: 7.254 Executing VM operation: ICBufferFull
Event: 7.254 Executing VM operation: ICBufferFull done
Event: 7.478 Executing VM operation: G1CollectForAllocation
Event: 7.502 Executing VM operation: G1CollectForAllocation done

Events (20 events):
Event: 5.706 loading class java/util/EmptyStackException
Event: 5.706 loading class java/util/EmptyStackException done
Event: 5.717 loading class java/util/BitSet
Event: 5.718 loading class java/util/BitSet done
Event: 5.720 loading class java/util/PrimitiveIterator$OfInt
Event: 5.720 loading class java/util/PrimitiveIterator
Event: 5.720 loading class java/util/PrimitiveIterator done
Event: 5.720 loading class java/util/PrimitiveIterator$OfInt done
Event: 5.761 loading class java/util/function/IntUnaryOperator
Event: 5.761 loading class java/util/function/IntUnaryOperator done
Event: 6.155 loading class java/util/ArrayList$ListItr
Event: 6.155 loading class java/util/ArrayList$ListItr done
Event: 6.277 loading class java/util/AbstractList$SubList$1
Event: 6.277 loading class java/util/AbstractList$SubList$1 done
Event: 6.277 loading class java/util/AbstractList$ListItr
Event: 6.277 loading class java/util/AbstractList$ListItr done
Event: 6.426 loading class java/text/StringCharacterIterator
Event: 6.426 loading class java/text/CharacterIterator
Event: 6.426 loading class java/text/CharacterIterator done
Event: 6.426 loading class java/text/StringCharacterIterator done


Dynamic libraries:
0x00007ff7ead70000 - 0x00007ff7ead80000 	C:\Program Files\OpenJDK\jdk-17.0.10\bin\java.exe
0x00007ffd1b770000 - 0x00007ffd1b986000 	C:\Windows\SYSTEM32\ntdll.dll
0x00007ffd1ac20000 - 0x00007ffd1ace4000 	C:\Windows\System32\KERNEL32.DLL
0x00007ffd18c60000 - 0x00007ffd19007000 	C:\Windows\System32\KERNELBASE.dll
0x00007ffd157f0000 - 0x00007ffd15887000 	C:\Windows\SYSTEM32\apphelp.dll
0x00007ffd18a90000 - 0x00007ffd18ba1000 	C:\Windows\System32\ucrtbase.dll
0x00007ffcb14b0000 - 0x00007ffcb14c9000 	C:\Program Files\OpenJDK\jdk-17.0.10\bin\jli.dll
0x00007ffcadfa0000 - 0x00007ffcadfbb000 	C:\Program Files\OpenJDK\jdk-17.0.10\bin\VCRUNTIME140.dll
0x00007ffd1a0b0000 - 0x00007ffd1a162000 	C:\Windows\System32\ADVAPI32.dll
0x00007ffd1a270000 - 0x00007ffd1a317000 	C:\Windows\System32\msvcrt.dll
0x00007ffd1b640000 - 0x00007ffd1b6e8000 	C:\Windows\System32\sechost.dll
0x00007ffd18c30000 - 0x00007ffd18c58000 	C:\Windows\System32\bcrypt.dll
0x00007ffd1b3c0000 - 0x00007ffd1b4d5000 	C:\Windows\System32\RPCRT4.dll
0x00007ffd1aa70000 - 0x00007ffd1ac1e000 	C:\Windows\System32\USER32.dll
0x00007ffd19080000 - 0x00007ffd190a6000 	C:\Windows\System32\win32u.dll
0x00007ffd1b390000 - 0x00007ffd1b3b9000 	C:\Windows\System32\GDI32.dll
0x00007ffd02b30000 - 0x00007ffd02dc3000 	C:\Windows\WinSxS\amd64_microsoft.windows.common-controls_6595b64144ccf1df_6.0.22621.3235_none_270f74e173860f98\COMCTL32.dll
0x00007ffd19150000 - 0x00007ffd19269000 	C:\Windows\System32\gdi32full.dll
0x00007ffd190b0000 - 0x00007ffd1914a000 	C:\Windows\System32\msvcp_win.dll
0x00007ffd0b8e0000 - 0x00007ffd0b8ea000 	C:\Windows\SYSTEM32\VERSION.dll
0x00007ffd1b6f0000 - 0x00007ffd1b721000 	C:\Windows\System32\IMM32.DLL
0x00007ffd06520000 - 0x00007ffd0652c000 	C:\Program Files\OpenJDK\jdk-17.0.10\bin\vcruntime140_1.dll
0x00007ffc96340000 - 0x00007ffc963ce000 	C:\Program Files\OpenJDK\jdk-17.0.10\bin\msvcp140.dll
0x00007ffc93340000 - 0x00007ffc93f1f000 	C:\Program Files\OpenJDK\jdk-17.0.10\bin\server\jvm.dll
0x00007ffd1b180000 - 0x00007ffd1b188000 	C:\Windows\System32\PSAPI.DLL
0x00007ffd024b0000 - 0x00007ffd024b9000 	C:\Windows\SYSTEM32\WSOCK32.dll
0x00007ffd0ddb0000 - 0x00007ffd0dde4000 	C:\Windows\SYSTEM32\WINMM.dll
0x00007ffd1b5c0000 - 0x00007ffd1b631000 	C:\Windows\System32\WS2_32.dll
0x00007ffd17a90000 - 0x00007ffd17aa8000 	C:\Windows\SYSTEM32\kernel.appcore.dll
0x00007ffd00d90000 - 0x00007ffd00d9a000 	C:\Program Files\OpenJDK\jdk-17.0.10\bin\jimage.dll
0x00007ffd161d0000 - 0x00007ffd16403000 	C:\Windows\SYSTEM32\DBGHELP.DLL
0x00007ffd1a570000 - 0x00007ffd1a8f8000 	C:\Windows\System32\combase.dll
0x00007ffd1b4e0000 - 0x00007ffd1b5b7000 	C:\Windows\System32\OLEAUT32.dll
0x00007ffcf7b00000 - 0x00007ffcf7b32000 	C:\Windows\SYSTEM32\dbgcore.DLL
0x00007ffd18bb0000 - 0x00007ffd18c29000 	C:\Windows\System32\bcryptPrimitives.dll
0x00007ffc9acc0000 - 0x00007ffc9ace5000 	C:\Program Files\OpenJDK\jdk-17.0.10\bin\java.dll
0x00007ffc96260000 - 0x00007ffc96337000 	C:\Program Files\OpenJDK\jdk-17.0.10\bin\jsvml.dll
0x00007ffd197f0000 - 0x00007ffd1a04c000 	C:\Windows\System32\SHELL32.dll
0x00007ffd169a0000 - 0x00007ffd17299000 	C:\Windows\SYSTEM32\windows.storage.dll
0x00007ffd16860000 - 0x00007ffd1699e000 	C:\Windows\SYSTEM32\wintypes.dll
0x00007ffd194a0000 - 0x00007ffd19593000 	C:\Windows\System32\SHCORE.dll
0x00007ffd1b2c0000 - 0x00007ffd1b31e000 	C:\Windows\System32\shlwapi.dll
0x00007ffd189c0000 - 0x00007ffd189e1000 	C:\Windows\SYSTEM32\profapi.dll
0x00007ffcadd70000 - 0x00007ffcadd89000 	C:\Program Files\OpenJDK\jdk-17.0.10\bin\net.dll
0x00007ffd12bf0000 - 0x00007ffd12d26000 	C:\Windows\SYSTEM32\WINHTTP.dll
0x00007ffd17ef0000 - 0x00007ffd17f59000 	C:\Windows\system32\mswsock.dll
0x00007ffca0340000 - 0x00007ffca0356000 	C:\Program Files\OpenJDK\jdk-17.0.10\bin\nio.dll
0x00007ffca0050000 - 0x00007ffca0068000 	C:\Program Files\OpenJDK\jdk-17.0.10\bin\zip.dll
0x00007ffd06530000 - 0x00007ffd06540000 	C:\Program Files\OpenJDK\jdk-17.0.10\bin\verify.dll

dbghelp: loaded successfully - version: 4.0.5 - missing functions: none
symbol engine: initialized successfully - sym options: 0x614 - pdb path: .;C:\Program Files\OpenJDK\jdk-17.0.10\bin;C:\Windows\SYSTEM32;C:\Windows\WinSxS\amd64_microsoft.windows.common-controls_6595b64144ccf1df_6.0.22621.3235_none_270f74e173860f98;C:\Program Files\OpenJDK\jdk-17.0.10\bin\server

VM Arguments:
java_command: org.jetbrains.kotlin.cli.jvm.K2JVMCompiler @D:\work from home\REMOTE JOBS\remotejobsapp\node_modules\react-native-screens\android\build\20240507_2421610615564421089.compiler.options
java_class_path (initial): C:\Users\PRAKASH\.gradle\caches\modules-2\files-2.1\org.jetbrains.kotlin\kotlin-compiler-embeddable\1.8.0\eb9118d4bcceaa2a94b2ae2a33a4ddba7c9a947f\kotlin-compiler-embeddable-1.8.0.jar;C:\Users\PRAKASH\.gradle\caches\modules-2\files-2.1\org.jetbrains.kotlin\kotlin-stdlib\1.8.0\1796921c7a3e2e2665a83e6c8d33399336cd39bc\kotlin-stdlib-1.8.0.jar;C:\Users\PRAKASH\.gradle\caches\modules-2\files-2.1\org.jetbrains.kotlin\kotlin-script-runtime\1.8.0\b2f7e760d283cb339974851c222a4c1d48f2d3d\kotlin-script-runtime-1.8.0.jar;C:\Users\PRAKASH\.gradle\caches\modules-2\files-2.1\org.jetbrains.kotlin\kotlin-reflect\1.6.10\1cbe9c92c12a94eea200d23c2bbaedaf3daf5132\kotlin-reflect-1.6.10.jar;C:\Users\PRAKASH\.gradle\caches\modules-2\files-2.1\org.jetbrains.kotlin\kotlin-daemon-embeddable\1.8.0\d255216c551685dc3a7e852b53617f5f01aaaa5c\kotlin-daemon-embeddable-1.8.0.jar;C:\Users\PRAKASH\.gradle\caches\modules-2\files-2.1\org.jetbrains.intellij.deps\trove4j\1.0.20200330\3afb14d5f9ceb459d724e907a21145e8ff394f02\trove4j-1.0.20200330.jar;C:\Users\PRAKASH\.gradle\caches\modules-2\files-2.1\net.java.dev.jna\jna\5.6.0\330f2244e9030119ab3030fc3fededc86713d9cc\jna-5.6.0.jar;C:\Users\PRAKASH\.gradle\caches\modules-2\files-2.1\org.jetbrains.kotlin\kotlin-stdlib-common\1.8.0\f7197e7cc76453ac59f8b0f8d5137cc600becd36\kotlin-stdlib-common-1.8.0.jar;C:\Users\PRAKASH\.gradle\caches\modules-2\files-2.1\org.jetbrains\annotations\13.0\919f0dfe192fb4e063e7dacadee7f8bb9a2672a9\annotations-13.0.jar
Launcher Type: SUN_STANDARD

[Global flags]
     intx CICompilerCount                          = 4                                         {product} {ergonomic}
     uint ConcGCThreads                            = 2                                         {product} {ergonomic}
     uint G1ConcRefinementThreads                  = 8                                         {product} {ergonomic}
   size_t G1HeapRegionSize                         = 1048576                                   {product} {ergonomic}
    uintx GCDrainStackTargetSize                   = 64                                        {product} {ergonomic}
   size_t InitialHeapSize                          = 130023424                                 {product} {ergonomic}
   size_t MarkStackSize                            = 4194304                                   {product} {ergonomic}
   size_t MaxHeapSize                              = 2080374784                                {product} {ergonomic}
   size_t MaxNewSize                               = 1247805440                                {product} {ergonomic}
   size_t MinHeapDeltaBytes                        = 1048576                                   {product} {ergonomic}
   size_t MinHeapSize                              = 8388608                                   {product} {ergonomic}
    uintx NonNMethodCodeHeapSize                   = 5839372                                {pd product} {ergonomic}
    uintx NonProfiledCodeHeapSize                  = 122909434                              {pd product} {ergonomic}
    uintx ProfiledCodeHeapSize                     = 122909434                              {pd product} {ergonomic}
    uintx ReservedCodeCacheSize                    = 251658240                              {pd product} {ergonomic}
     bool SegmentedCodeCache                       = true                                      {product} {ergonomic}
   size_t SoftMaxHeapSize                          = 2080374784                             {manageable} {ergonomic}
     bool UseCompressedClassPointers               = true                           {product lp64_product} {ergonomic}
     bool UseCompressedOops                        = true                           {product lp64_product} {ergonomic}
     bool UseG1GC                                  = true                                      {product} {ergonomic}
     bool UseLargePagesIndividualAllocation        = false                                  {pd product} {ergonomic}

Logging:
Log output configuration:
 #0: stdout all=warning uptime,level,tags
 #1: stderr all=off uptime,level,tags

Environment Variables:
JAVA_HOME=C:\Program Files\OpenJDK\jdk-17.0.10
CLASSPATH=D:\work from home\REMOTE JOBS\remotejobsapp\android\\gradle\wrapper\gradle-wrapper.jar
PATH=C:\Program Files\bin;C:\Windows\system32;C:\Windows;C:\Windows\System32\Wbem;C:\Windows\System32\WindowsPowerShell\v1.0\;C:\Windows\System32\OpenSSH\;C:\Program Files\dotnet\;C:\ProgramData\chocolatey\bin;C:\Program Files\Git\cmd;C:\Users\PRAKASH\AppData\Local\Pub\Cache\bin;C:\xampp\php;C:\ProgramData\ComposerSetup\bin;C:\Program Files\nodejs\;C:\Users\PRAKASH\AppData\Local\Android\Sdk\platform-tools;C:\Users\PRAKASH\AppData\Local\Android\Sdk\tools;C:\Program Files\Git\bin;C:\Users\PRAKASH\AppData\Local\Microsoft\WindowsApps;C:\Users\PRAKASH\AppData\Local\Programs\Microsoft VS Code\bin;C:\Users\PRAKASH\AppData\Roaming\Pub\Cache\bin;"C:\Program Files\Git\bin\git.exe;C:\Windows\System32";C:\flutter\bin;C:\tools\dart-sdk\bin;C:\Users\PRAKASH\AppData\Roaming\Composer\vendor\bin;C:\Program Files\MongoDB\Server\7.0\bin;C:\Users\PRAKASH\AppData\Roaming\npm;C:\Program Files\OpenJDK\jdk-17.0.10\bin
USERNAME=PRAKASH
LANG=en_US.UTF-8
OS=Windows_NT
PROCESSOR_IDENTIFIER=Intel64 Family 6 Model 140 Stepping 1, GenuineIntel



---------------  S Y S T E M  ---------------

OS:
 Windows 11 , 64 bit Build 22621 (10.0.22621.3374)
OS uptime: 4 days 6:24 hours
Hyper-V role detected

CPU: total 8 (initial active 8) (4 cores per cpu, 2 threads per core) family 6 model 140 stepping 1 microcode 0xb4, cx8, cmov, fxsr, ht, mmx, 3dnowpref, sse, sse2, sse3, ssse3, sse4.1, sse4.2, popcnt, lzcnt, tsc, tscinvbit, avx, avx2, aes, erms, clmul, bmi1, bmi2, adx, avx512f, avx512dq, avx512cd, avx512bw, avx512vl, sha, fma, vzeroupper, avx512_vpopcntdq, avx512_vpclmulqdq, avx512_vaes, avx512_vnni, clflush, clflushopt, clwb, avx512_vbmi2, avx512_vbmi, hv

Memory: 4k page, system-wide physical 7934M (294M free)
TotalPageFile size 25865M (AvailPageFile size 10M)
current process WorkingSet (physical memory assigned to process): 235M, peak: 235M
current process commit charge ("private bytes"): 278M, peak: 287M

vm_info: Java HotSpot(TM) 64-Bit Server VM (17.0.10+11-LTS-240) for windows-amd64 JRE (17.0.10+11-LTS-240), built on Dec 19 2023 21:47:25 by "mach5one" with MS VC++ 17.1 (VS2022)

END.
