#
# There is insufficient memory for the Java Runtime Environment to continue.
# Native memory allocation (malloc) failed to allocate 1382848 bytes for Chunk::new
# Possible reasons:
#   The system is out of physical RAM or swap space
#   The process is running with CompressedOops enabled, and the Java Heap may be blocking the growth of the native heap
# Possible solutions:
#   Reduce memory load on the system
#   Increase physical memory or swap space
#   Check if swap backing store is full
#   Decrease Java heap size (-Xmx/-Xms)
#   Decrease number of Java threads
#   Decrease Java thread stack sizes (-Xss)
#   Set larger code cache with -XX:ReservedCodeCacheSize=
#   JVM is running with Unscaled Compressed Oops mode in which the Java heap is
#     placed in the first 4GB address space. The Java Heap base address is the
#     maximum limit for the native heap growth. Please use -XX:HeapBaseMinAddress
#     to set the Java Heap base and to place the Java Heap above 4GB virtual address.
# This output file may be truncated or incomplete.
#
#  Out of Memory Error (arena.cpp:189), pid=11656, tid=26044
#
# JRE version: Java(TM) SE Runtime Environment (17.0.10+11) (build 17.0.10+11-LTS-240)
# Java VM: Java HotSpot(TM) 64-Bit Server VM (17.0.10+11-LTS-240, mixed mode, sharing, tiered, compressed oops, compressed class ptrs, g1 gc, windows-amd64)
# No core dump will be written. Minidumps are not enabled by default on client versions of Windows
#

---------------  S U M M A R Y ------------

Command Line: org.jetbrains.kotlin.cli.jvm.K2JVMCompiler @D:\work from home\REMOTE JOBS\remotejobsapp\node_modules\react-native-screens\android\build\20240507_5412998271486079680.compiler.options

Host: 11th Gen Intel(R) Core(TM) i5-1145G7 @ 2.60GHz, 8 cores, 7G,  Windows 11 , 64 bit Build 22621 (10.0.22621.3374)
Time: Tue May  7 22:11:11 2024 India Standard Time elapsed time: 9.943363 seconds (0d 0h 0m 9s)

---------------  T H R E A D  ---------------

Current thread (0x0000022ac7a9f940):  JavaThread "C2 CompilerThread0" daemon [_thread_in_native, id=26044, stack(0x0000008e86500000,0x0000008e86600000)]


Current CompileTask:
C2:   9943 5100       4       org.jetbrains.kotlin.parsing.KotlinExpressionParsing::parseBinaryExpression (70 bytes)

Stack: [0x0000008e86500000,0x0000008e86600000]
Native frames: (J=compiled Java code, j=interpreted, Vv=VM code, C=native code)
V  [jvm.dll+0x677a5a]
V  [jvm.dll+0x7d8b2d]
V  [jvm.dll+0x7da48e]
V  [jvm.dll+0x7daaf3]
V  [jvm.dll+0x2455ff]
V  [jvm.dll+0xaaafb]
V  [jvm.dll+0xab09c]
V  [jvm.dll+0x361bae]
V  [jvm.dll+0x1bb3ca]
V  [jvm.dll+0x217aa7]
V  [jvm.dll+0x216d81]
V  [jvm.dll+0x1a3410]
V  [jvm.dll+0x226aeb]
V  [jvm.dll+0x224cab]
V  [jvm.dll+0x78e45c]
V  [jvm.dll+0x78888a]
V  [jvm.dll+0x676935]
C  [ucrtbase.dll+0x29333]
C  [KERNEL32.DLL+0x1257d]
C  [ntdll.dll+0x5aa48]


---------------  P R O C E S S  ---------------

Threads class SMR info:
_java_thread_list=0x0000022b0d0d6730, length=12, elements={
0x0000022aa9b12bf0, 0x0000022ac7a84f50, 0x0000022ac7a85910, 0x0000022ac7a99bd0,
0x0000022ac7a9a590, 0x0000022ac7a9b360, 0x0000022ac7a9dd30, 0x0000022ac7a9f940,
0x0000022ac7aa0250, 0x0000022ac7b0e650, 0x0000022b0d0d1950, 0x0000022b0d0d5ab0
}

Java Threads: ( => current thread )
  0x0000022aa9b12bf0 JavaThread "main" [_thread_in_Java, id=2904, stack(0x0000008e85800000,0x0000008e85900000)]
  0x0000022ac7a84f50 JavaThread "Reference Handler" daemon [_thread_blocked, id=12796, stack(0x0000008e85f00000,0x0000008e86000000)]
  0x0000022ac7a85910 JavaThread "Finalizer" daemon [_thread_blocked, id=21840, stack(0x0000008e86000000,0x0000008e86100000)]
  0x0000022ac7a99bd0 JavaThread "Signal Dispatcher" daemon [_thread_blocked, id=17972, stack(0x0000008e86100000,0x0000008e86200000)]
  0x0000022ac7a9a590 JavaThread "Attach Listener" daemon [_thread_blocked, id=27300, stack(0x0000008e86200000,0x0000008e86300000)]
  0x0000022ac7a9b360 JavaThread "Service Thread" daemon [_thread_blocked, id=25316, stack(0x0000008e86300000,0x0000008e86400000)]
  0x0000022ac7a9dd30 JavaThread "Monitor Deflation Thread" daemon [_thread_blocked, id=11028, stack(0x0000008e86400000,0x0000008e86500000)]
=>0x0000022ac7a9f940 JavaThread "C2 CompilerThread0" daemon [_thread_in_native, id=26044, stack(0x0000008e86500000,0x0000008e86600000)]
  0x0000022ac7aa0250 JavaThread "C1 CompilerThread0" daemon [_thread_blocked, id=16276, stack(0x0000008e86600000,0x0000008e86700000)]
  0x0000022ac7b0e650 JavaThread "Sweeper thread" daemon [_thread_blocked, id=14772, stack(0x0000008e86700000,0x0000008e86800000)]
  0x0000022b0d0d1950 JavaThread "Notification Thread" daemon [_thread_blocked, id=15056, stack(0x0000008e86800000,0x0000008e86900000)]
  0x0000022b0d0d5ab0 JavaThread "Common-Cleaner" daemon [_thread_blocked, id=16252, stack(0x0000008e86a00000,0x0000008e86b00000)]

Other Threads:
  0x0000022ac7a7edf0 VMThread "VM Thread" [stack: 0x0000008e85e00000,0x0000008e85f00000] [id=8548]
  0x0000022b0d0d3e40 WatcherThread [stack: 0x0000008e86900000,0x0000008e86a00000] [id=18628]
  0x0000022aa9b73d00 GCTaskThread "GC Thread#0" [stack: 0x0000008e85900000,0x0000008e85a00000] [id=8048]
  0x0000022b0d5cfe00 GCTaskThread "GC Thread#1" [stack: 0x0000008e86b00000,0x0000008e86c00000] [id=6856]
  0x0000022b0d5eee20 GCTaskThread "GC Thread#2" [stack: 0x0000008e86c00000,0x0000008e86d00000] [id=1296]
  0x0000022b0d5f1500 GCTaskThread "GC Thread#3" [stack: 0x0000008e86d00000,0x0000008e86e00000] [id=17276]
  0x0000022b0d5f17c0 GCTaskThread "GC Thread#4" [stack: 0x0000008e86e00000,0x0000008e86f00000] [id=3112]
  0x0000022b0d5f1a80 GCTaskThread "GC Thread#5" [stack: 0x0000008e86f00000,0x0000008e87000000] [id=16520]
  0x0000022b0dd30030 GCTaskThread "GC Thread#6" [stack: 0x0000008e87000000,0x0000008e87100000] [id=6572]
  0x0000022b0da9a020 GCTaskThread "GC Thread#7" [stack: 0x0000008e87100000,0x0000008e87200000] [id=16824]
  0x0000022aa9b85360 ConcurrentGCThread "G1 Main Marker" [stack: 0x0000008e85a00000,0x0000008e85b00000] [id=22052]
  0x0000022aa9b85c70 ConcurrentGCThread "G1 Conc#0" [stack: 0x0000008e85b00000,0x0000008e85c00000] [id=11792]
  0x0000022b0e06cd30 ConcurrentGCThread "G1 Conc#1" [stack: 0x0000008e87200000,0x0000008e87300000] [id=5696]
  0x0000022ac79324b0 ConcurrentGCThread "G1 Refine#0" [stack: 0x0000008e85c00000,0x0000008e85d00000] [id=11836]
  0x0000022b0f33c760 ConcurrentGCThread "G1 Refine#1" [stack: 0x0000008e87300000,0x0000008e87400000] [id=19380]
  0x0000022aa9bd5ea0 ConcurrentGCThread "G1 Service" [stack: 0x0000008e85d00000,0x0000008e85e00000] [id=23736]

Threads with active compile tasks:
C2 CompilerThread0     9970 5100       4       org.jetbrains.kotlin.parsing.KotlinExpressionParsing::parseBinaryExpression (70 bytes)

VM state: not at safepoint (normal execution)

VM Mutex/Monitor currently owned by a thread: None

Heap address: 0x0000000084000000, size: 1984 MB, Compressed Oops mode: 32-bit

CDS archive(s) mapped at: [0x0000022ac8000000-0x0000022ac8bd0000-0x0000022ac8bd0000), size 12386304, SharedBaseAddress: 0x0000022ac8000000, ArchiveRelocationMode: 1.
Compressed class space mapped at: 0x0000022ac9000000-0x0000022b09000000, reserved size: 1073741824
Narrow klass base: 0x0000022ac8000000, Narrow klass shift: 0, Narrow klass range: 0x100000000

GC Precious Log:
 CPUs: 8 total, 8 available
 Memory: 7934M
 Large Page Support: Disabled
 NUMA Support: Disabled
 Compressed Oops: Enabled (32-bit)
 Heap Region Size: 1M
 Heap Min Capacity: 8M
 Heap Initial Capacity: 124M
 Heap Max Capacity: 1984M
 Pre-touch: Disabled
 Parallel Workers: 8
 Concurrent Workers: 2
 Concurrent Refinement Workers: 8
 Periodic GC: Disabled

Heap:
 garbage-first heap   total 89088K, used 63348K [0x0000000084000000, 0x0000000100000000)
  region size 1024K, 29 young (29696K), 4 survivors (4096K)
 Metaspace       used 43698K, committed 43904K, reserved 1114112K
  class space    used 5234K, committed 5312K, reserved 1048576K

Heap Regions: E=young(eden), S=young(survivor), O=old, HS=humongous(starts), HC=humongous(continues), CS=collection set, F=free, OA=open archive, CA=closed archive, TAMS=top-at-mark-start (previous, next)
|   0|0x0000000084000000, 0x0000000084100000, 0x0000000084100000|100%|HS|  |TAMS 0x0000000084100000, 0x0000000084000000| Complete 
|   1|0x0000000084100000, 0x0000000084200000, 0x0000000084200000|100%|HC|  |TAMS 0x0000000084200000, 0x0000000084100000| Complete 
|   2|0x0000000084200000, 0x0000000084300000, 0x0000000084300000|100%|HC|  |TAMS 0x0000000084300000, 0x0000000084200000| Complete 
|   3|0x0000000084300000, 0x0000000084400000, 0x0000000084400000|100%|HC|  |TAMS 0x0000000084400000, 0x0000000084300000| Complete 
|   4|0x0000000084400000, 0x0000000084500000, 0x0000000084500000|100%| O|  |TAMS 0x0000000084500000, 0x0000000084400000| Untracked 
|   5|0x0000000084500000, 0x0000000084600000, 0x0000000084600000|100%| O|  |TAMS 0x0000000084600000, 0x0000000084500000| Untracked 
|   6|0x0000000084600000, 0x0000000084700000, 0x0000000084700000|100%| O|  |TAMS 0x0000000084600000, 0x0000000084600000| Untracked 
|   7|0x0000000084700000, 0x0000000084800000, 0x0000000084800000|100%|HS|  |TAMS 0x0000000084800000, 0x0000000084700000| Complete 
|   8|0x0000000084800000, 0x0000000084900000, 0x0000000084900000|100%|HC|  |TAMS 0x0000000084900000, 0x0000000084800000| Complete 
|   9|0x0000000084900000, 0x0000000084a00000, 0x0000000084a00000|100%|HC|  |TAMS 0x0000000084a00000, 0x0000000084900000| Complete 
|  10|0x0000000084a00000, 0x0000000084b00000, 0x0000000084b00000|100%|HC|  |TAMS 0x0000000084b00000, 0x0000000084a00000| Complete 
|  11|0x0000000084b00000, 0x0000000084c00000, 0x0000000084c00000|100%|HS|  |TAMS 0x0000000084b00000, 0x0000000084b00000| Complete 
|  12|0x0000000084c00000, 0x0000000084d00000, 0x0000000084d00000|100%|HC|  |TAMS 0x0000000084c00000, 0x0000000084c00000| Complete 
|  13|0x0000000084d00000, 0x0000000084e00000, 0x0000000084e00000|100%| O|  |TAMS 0x0000000084e00000, 0x0000000084d00000| Untracked 
|  14|0x0000000084e00000, 0x0000000084f00000, 0x0000000084f00000|100%| O|  |TAMS 0x0000000084f00000, 0x0000000084e00000| Untracked 
|  15|0x0000000084f00000, 0x0000000085000000, 0x0000000085000000|100%| O|  |TAMS 0x0000000085000000, 0x0000000084f00000| Untracked 
|  16|0x0000000085000000, 0x0000000085100000, 0x0000000085100000|100%| O|  |TAMS 0x0000000085100000, 0x0000000085000000| Untracked 
|  17|0x0000000085100000, 0x0000000085200000, 0x0000000085200000|100%| O|  |TAMS 0x0000000085200000, 0x0000000085100000| Untracked 
|  18|0x0000000085200000, 0x0000000085300000, 0x0000000085300000|100%| O|  |TAMS 0x0000000085300000, 0x0000000085200000| Untracked 
|  19|0x0000000085300000, 0x0000000085400000, 0x0000000085400000|100%| O|  |TAMS 0x0000000085400000, 0x0000000085300000| Untracked 
|  20|0x0000000085400000, 0x0000000085500000, 0x0000000085500000|100%| O|  |TAMS 0x0000000085500000, 0x0000000085400000| Untracked 
|  21|0x0000000085500000, 0x0000000085600000, 0x0000000085600000|100%| O|  |TAMS 0x0000000085500000, 0x0000000085500000| Untracked 
|  22|0x0000000085600000, 0x0000000085700000, 0x0000000085700000|100%| O|  |TAMS 0x0000000085600000, 0x0000000085600000| Untracked 
|  23|0x0000000085700000, 0x0000000085700000, 0x0000000085800000|  0%| F|  |TAMS 0x0000000085700000, 0x0000000085700000| Untracked 
|  24|0x0000000085800000, 0x0000000085800000, 0x0000000085900000|  0%| F|  |TAMS 0x0000000085800000, 0x0000000085800000| Untracked 
|  25|0x0000000085900000, 0x0000000085900000, 0x0000000085a00000|  0%| F|  |TAMS 0x0000000085900000, 0x0000000085900000| Untracked 
|  26|0x0000000085a00000, 0x0000000085b00000, 0x0000000085b00000|100%| O|  |TAMS 0x0000000085b00000, 0x0000000085a00000| Untracked 
|  27|0x0000000085b00000, 0x0000000085c00000, 0x0000000085c00000|100%| O|  |TAMS 0x0000000085c00000, 0x0000000085b00000| Untracked 
|  28|0x0000000085c00000, 0x0000000085d00000, 0x0000000085d00000|100%| O|  |TAMS 0x0000000085d00000, 0x0000000085c00000| Untracked 
|  29|0x0000000085d00000, 0x0000000085ddd200, 0x0000000085e00000| 86%| O|  |TAMS 0x0000000085ddd200, 0x0000000085d00000| Untracked 
|  30|0x0000000085e00000, 0x0000000085e00000, 0x0000000085f00000|  0%| F|  |TAMS 0x0000000085e00000, 0x0000000085e00000| Untracked 
|  31|0x0000000085f00000, 0x0000000085f00000, 0x0000000086000000|  0%| F|  |TAMS 0x0000000085f00000, 0x0000000085f00000| Untracked 
|  32|0x0000000086000000, 0x0000000086000000, 0x0000000086100000|  0%| F|  |TAMS 0x0000000086000000, 0x0000000086000000| Untracked 
|  33|0x0000000086100000, 0x0000000086100000, 0x0000000086200000|  0%| F|  |TAMS 0x0000000086100000, 0x0000000086100000| Untracked 
|  34|0x0000000086200000, 0x0000000086200000, 0x0000000086300000|  0%| F|  |TAMS 0x0000000086200000, 0x0000000086200000| Untracked 
|  35|0x0000000086300000, 0x0000000086400000, 0x0000000086400000|100%| O|  |TAMS 0x0000000086300000, 0x0000000086300000| Untracked 
|  36|0x0000000086400000, 0x0000000086500000, 0x0000000086500000|100%| O|  |TAMS 0x0000000086400000, 0x0000000086400000| Untracked 
|  37|0x0000000086500000, 0x0000000086600000, 0x0000000086600000|100%| O|  |TAMS 0x0000000086500000, 0x0000000086500000| Untracked 
|  38|0x0000000086600000, 0x0000000086700000, 0x0000000086700000|100%| O|  |TAMS 0x0000000086600000, 0x0000000086600000| Untracked 
|  39|0x0000000086700000, 0x0000000086800000, 0x0000000086800000|100%| O|  |TAMS 0x0000000086700000, 0x0000000086700000| Untracked 
|  40|0x0000000086800000, 0x0000000086900000, 0x0000000086900000|100%| O|  |TAMS 0x0000000086800000, 0x0000000086800000| Untracked 
|  41|0x0000000086900000, 0x0000000086a00000, 0x0000000086a00000|100%| O|  |TAMS 0x0000000086900000, 0x0000000086900000| Untracked 
|  42|0x0000000086a00000, 0x0000000086a00000, 0x0000000086b00000|  0%| F|  |TAMS 0x0000000086a00000, 0x0000000086a00000| Untracked 
|  43|0x0000000086b00000, 0x0000000086b00000, 0x0000000086c00000|  0%| F|  |TAMS 0x0000000086b00000, 0x0000000086b00000| Untracked 
|  44|0x0000000086c00000, 0x0000000086c00000, 0x0000000086d00000|  0%| F|  |TAMS 0x0000000086c00000, 0x0000000086c00000| Untracked 
|  45|0x0000000086d00000, 0x0000000086d00000, 0x0000000086e00000|  0%| F|  |TAMS 0x0000000086d00000, 0x0000000086d00000| Untracked 
|  46|0x0000000086e00000, 0x0000000086e00000, 0x0000000086f00000|  0%| F|  |TAMS 0x0000000086e00000, 0x0000000086e00000| Untracked 
|  47|0x0000000086f00000, 0x0000000086f00000, 0x0000000087000000|  0%| F|  |TAMS 0x0000000086f00000, 0x0000000086f00000| Untracked 
|  48|0x0000000087000000, 0x0000000087000000, 0x0000000087100000|  0%| F|  |TAMS 0x0000000087000000, 0x0000000087000000| Untracked 
|  49|0x0000000087100000, 0x0000000087100000, 0x0000000087200000|  0%| F|  |TAMS 0x0000000087100000, 0x0000000087100000| Untracked 
|  50|0x0000000087200000, 0x0000000087200000, 0x0000000087300000|  0%| F|  |TAMS 0x0000000087200000, 0x0000000087200000| Untracked 
|  51|0x0000000087300000, 0x0000000087300000, 0x0000000087400000|  0%| F|  |TAMS 0x0000000087300000, 0x0000000087300000| Untracked 
|  52|0x0000000087400000, 0x0000000087400000, 0x0000000087500000|  0%| F|  |TAMS 0x0000000087400000, 0x0000000087400000| Untracked 
|  53|0x0000000087500000, 0x0000000087600000, 0x0000000087600000|100%| S|CS|TAMS 0x0000000087500000, 0x0000000087500000| Complete 
|  54|0x0000000087600000, 0x0000000087700000, 0x0000000087700000|100%| S|CS|TAMS 0x0000000087600000, 0x0000000087600000| Complete 
|  55|0x0000000087700000, 0x0000000087800000, 0x0000000087800000|100%| S|CS|TAMS 0x0000000087700000, 0x0000000087700000| Complete 
|  56|0x0000000087800000, 0x0000000087900000, 0x0000000087900000|100%| S|CS|TAMS 0x0000000087800000, 0x0000000087800000| Complete 
|  57|0x0000000087900000, 0x0000000087900000, 0x0000000087a00000|  0%| F|  |TAMS 0x0000000087900000, 0x0000000087900000| Untracked 
|  58|0x0000000087a00000, 0x0000000087a00000, 0x0000000087b00000|  0%| F|  |TAMS 0x0000000087a00000, 0x0000000087a00000| Untracked 
|  59|0x0000000087b00000, 0x0000000087b00000, 0x0000000087c00000|  0%| F|  |TAMS 0x0000000087b00000, 0x0000000087b00000| Untracked 
|  60|0x0000000087c00000, 0x0000000087c00000, 0x0000000087d00000|  0%| F|  |TAMS 0x0000000087c00000, 0x0000000087c00000| Untracked 
|  61|0x0000000087d00000, 0x0000000087d00000, 0x0000000087e00000|  0%| F|  |TAMS 0x0000000087d00000, 0x0000000087d00000| Untracked 
|  62|0x0000000087e00000, 0x0000000087f00000, 0x0000000087f00000|100%| E|  |TAMS 0x0000000087e00000, 0x0000000087e00000| Complete 
|  63|0x0000000087f00000, 0x0000000088000000, 0x0000000088000000|100%| E|CS|TAMS 0x0000000087f00000, 0x0000000087f00000| Complete 
|  64|0x0000000088000000, 0x0000000088100000, 0x0000000088100000|100%| E|CS|TAMS 0x0000000088000000, 0x0000000088000000| Complete 
|  65|0x0000000088100000, 0x0000000088200000, 0x0000000088200000|100%| E|CS|TAMS 0x0000000088100000, 0x0000000088100000| Complete 
|  66|0x0000000088200000, 0x0000000088300000, 0x0000000088300000|100%| E|CS|TAMS 0x0000000088200000, 0x0000000088200000| Complete 
|  67|0x0000000088300000, 0x0000000088400000, 0x0000000088400000|100%| E|CS|TAMS 0x0000000088300000, 0x0000000088300000| Complete 
|  68|0x0000000088400000, 0x0000000088500000, 0x0000000088500000|100%| E|CS|TAMS 0x0000000088400000, 0x0000000088400000| Complete 
|  69|0x0000000088500000, 0x0000000088600000, 0x0000000088600000|100%| E|CS|TAMS 0x0000000088500000, 0x0000000088500000| Complete 
|  70|0x0000000088600000, 0x0000000088700000, 0x0000000088700000|100%| E|CS|TAMS 0x0000000088600000, 0x0000000088600000| Complete 
|  71|0x0000000088700000, 0x0000000088800000, 0x0000000088800000|100%| E|CS|TAMS 0x0000000088700000, 0x0000000088700000| Complete 
|  72|0x0000000088800000, 0x0000000088900000, 0x0000000088900000|100%| E|CS|TAMS 0x0000000088800000, 0x0000000088800000| Complete 
|  73|0x0000000088900000, 0x0000000088a00000, 0x0000000088a00000|100%| E|CS|TAMS 0x0000000088900000, 0x0000000088900000| Complete 
|  74|0x0000000088a00000, 0x0000000088b00000, 0x0000000088b00000|100%| E|CS|TAMS 0x0000000088a00000, 0x0000000088a00000| Complete 
|  75|0x0000000088b00000, 0x0000000088c00000, 0x0000000088c00000|100%| E|CS|TAMS 0x0000000088b00000, 0x0000000088b00000| Complete 
|  76|0x0000000088c00000, 0x0000000088d00000, 0x0000000088d00000|100%| E|CS|TAMS 0x0000000088c00000, 0x0000000088c00000| Complete 
|  77|0x0000000088d00000, 0x0000000088e00000, 0x0000000088e00000|100%| E|CS|TAMS 0x0000000088d00000, 0x0000000088d00000| Complete 
|  78|0x0000000088e00000, 0x0000000088f00000, 0x0000000088f00000|100%| E|CS|TAMS 0x0000000088e00000, 0x0000000088e00000| Complete 
|  79|0x0000000088f00000, 0x0000000089000000, 0x0000000089000000|100%| E|CS|TAMS 0x0000000088f00000, 0x0000000088f00000| Complete 
|  80|0x0000000089000000, 0x0000000089100000, 0x0000000089100000|100%| E|CS|TAMS 0x0000000089000000, 0x0000000089000000| Complete 
|  81|0x0000000089100000, 0x0000000089200000, 0x0000000089200000|100%| E|CS|TAMS 0x0000000089100000, 0x0000000089100000| Complete 
|  82|0x0000000089200000, 0x0000000089300000, 0x0000000089300000|100%| E|CS|TAMS 0x0000000089200000, 0x0000000089200000| Complete 
|  83|0x0000000089300000, 0x0000000089400000, 0x0000000089400000|100%| E|CS|TAMS 0x0000000089300000, 0x0000000089300000| Complete 
|  84|0x0000000089400000, 0x0000000089500000, 0x0000000089500000|100%| E|CS|TAMS 0x0000000089400000, 0x0000000089400000| Complete 
|  85|0x0000000089500000, 0x0000000089600000, 0x0000000089600000|100%| E|CS|TAMS 0x0000000089500000, 0x0000000089500000| Complete 
| 127|0x000000008bf00000, 0x000000008c000000, 0x000000008c000000|100%| E|CS|TAMS 0x000000008bf00000, 0x000000008bf00000| Complete 

Card table byte_map: [0x0000022ac0ad0000,0x0000022ac0eb0000] _byte_map_base: 0x0000022ac06b0000

Marking Bits (Prev, Next): (CMBitMap*) 0x0000022aa9b74220, (CMBitMap*) 0x0000022aa9b74260
 Prev Bits: [0x0000022ac1290000, 0x0000022ac3190000)
 Next Bits: [0x0000022ac3190000, 0x0000022ac5090000)

Polling page: 0x0000022aa7ad0000

Metaspace:

Usage:
  Non-class:     37.56 MB used.
      Class:      5.11 MB used.
       Both:     42.67 MB used.

Virtual space:
  Non-class space:       64.00 MB reserved,      37.69 MB ( 59%) committed,  1 nodes.
      Class space:        1.00 GB reserved,       5.19 MB ( <1%) committed,  1 nodes.
             Both:        1.06 GB reserved,      42.88 MB (  4%) committed. 

Chunk freelists:
   Non-Class:  9.77 MB
       Class:  10.81 MB
        Both:  20.58 MB

MaxMetaspaceSize: unlimited
CompressedClassSpaceSize: 1.00 GB
Initial GC threshold: 21.00 MB
Current GC threshold: 50.00 MB
CDS: on
MetaspaceReclaimPolicy: balanced
 - commit_granule_bytes: 65536.
 - commit_granule_words: 8192.
 - virtual_space_node_default_size: 8388608.
 - enlarge_chunks_in_place: 1.
 - new_chunks_are_fully_committed: 0.
 - uncommit_free_chunks: 1.
 - use_allocation_guard: 0.
 - handle_deallocations: 1.


Internal statistics:

num_allocs_failed_limit: 6.
num_arena_births: 252.
num_arena_deaths: 0.
num_vsnodes_births: 2.
num_vsnodes_deaths: 0.
num_space_committed: 684.
num_space_uncommitted: 0.
num_chunks_returned_to_freelist: 6.
num_chunks_taken_from_freelist: 1760.
num_chunk_merges: 6.
num_chunk_splits: 1423.
num_chunks_enlarged: 1235.
num_inconsistent_stats: 0.

CodeHeap 'non-profiled nmethods': size=120000Kb used=2108Kb max_used=2108Kb free=117892Kb
 bounds [0x0000022ab8e90000, 0x0000022ab9100000, 0x0000022ac03c0000]
CodeHeap 'profiled nmethods': size=120000Kb used=10712Kb max_used=10712Kb free=109287Kb
 bounds [0x0000022ab13c0000, 0x0000022ab1e40000, 0x0000022ab88f0000]
CodeHeap 'non-nmethods': size=5760Kb used=1305Kb max_used=1337Kb free=4455Kb
 bounds [0x0000022ab88f0000, 0x0000022ab8b60000, 0x0000022ab8e90000]
 total_blobs=5825 nmethods=5215 adapters=520
 compilation: enabled
              stopped_count=0, restarted_count=0
 full_count=0

Compilation events (20 events):
Event: 9.926 Thread 0x0000022ac7aa0250 nmethod 5223 0x0000022ab909de10 code [0x0000022ab909dfa0, 0x0000022ab909e078]
Event: 9.926 Thread 0x0000022ac7aa0250 5225       2       org.jetbrains.kotlin.resolve.OverridingUtil::generateOverridesInFunctionGroup (123 bytes)
Event: 9.927 Thread 0x0000022ac7aa0250 nmethod 5225 0x0000022ab1e1df10 code [0x0000022ab1e1e180, 0x0000022ab1e1e658]
Event: 9.927 Thread 0x0000022ac7aa0250 5226       2       org.jetbrains.kotlin.resolve.OverridingUtil::createAndBindFakeOverrides (119 bytes)
Event: 9.928 Thread 0x0000022ac7aa0250 nmethod 5226 0x0000022ab1e1e910 code [0x0000022ab1e1eb60, 0x0000022ab1e1f0f8]
Event: 9.928 Thread 0x0000022ac7aa0250 5224       2       org.jetbrains.kotlin.resolve.OverridingStrategy::<init> (5 bytes)
Event: 9.928 Thread 0x0000022ac7aa0250 nmethod 5224 0x0000022ab1e1f410 code [0x0000022ab1e1f5a0, 0x0000022ab1e1f698]
Event: 9.929 Thread 0x0000022ac7aa0250 5227       2       org.jetbrains.kotlin.resolve.scopes.BaseHierarchicalScope::getContributedClassifier (14 bytes)
Event: 9.930 Thread 0x0000022ac7aa0250 nmethod 5227 0x0000022ab1e1f710 code [0x0000022ab1e1f920, 0x0000022ab1e1fd78]
Event: 9.930 Thread 0x0000022ac7aa0250 5228       2       org.jetbrains.kotlin.resolve.scopes.receivers.QualifierKt::getExpression (36 bytes)
Event: 9.930 Thread 0x0000022ac7aa0250 nmethod 5228 0x0000022ab1e20090 code [0x0000022ab1e202a0, 0x0000022ab1e20648]
Event: 9.930 Thread 0x0000022ac7aa0250 5229       2       org.jetbrains.kotlin.psi.psiUtil.KtPsiUtilKt::getTopmostParentQualifiedExpressionForSelector (36 bytes)
Event: 9.931 Thread 0x0000022ac7aa0250 nmethod 5229 0x0000022ab1e20890 code [0x0000022ab1e20aa0, 0x0000022ab1e20e58]
Event: 9.933 Thread 0x0000022ac7aa0250 5230       2       org.jetbrains.kotlin.load.java.JavaClassFinder$Request::<init> (26 bytes)
Event: 9.934 Thread 0x0000022ac7aa0250 nmethod 5230 0x0000022ab1e21090 code [0x0000022ab1e21280, 0x0000022ab1e216b8]
Event: 9.934 Thread 0x0000022ac7aa0250 5231       2       org.jetbrains.kotlin.load.java.JavaClassFinder$Request::<init> (26 bytes)
Event: 9.935 Thread 0x0000022ac7aa0250 nmethod 5231 0x0000022ab1e21890 code [0x0000022ab1e21a80, 0x0000022ab1e21e78]
Event: 9.935 Thread 0x0000022ac7aa0250 5232       2       org.jetbrains.kotlin.cli.jvm.compiler.KotlinCliJavaFileManagerImpl::findClass (418 bytes)
Event: 9.937 Thread 0x0000022ac7aa0250 nmethod 5232 0x0000022ab1e22090 code [0x0000022ab1e22540, 0x0000022ab1e23738]
Event: 9.937 Thread 0x0000022ac7aa0250 5234 %     3       org.jetbrains.kotlin.com.intellij.lang.impl.PsiBuilderImpl::balanceWhiteSpaces @ 54 (416 bytes)

GC Heap History (16 events):
Event: 1.476 GC heap before
{Heap before GC invocations=0 (full 0):
 garbage-first heap   total 126976K, used 27648K [0x0000000084000000, 0x0000000100000000)
  region size 1024K, 23 young (23552K), 0 survivors (0K)
 Metaspace       used 6565K, committed 6720K, reserved 1114112K
  class space    used 660K, committed 768K, reserved 1048576K
}
Event: 1.483 GC heap after
{Heap after GC invocations=1 (full 0):
 garbage-first heap   total 126976K, used 6912K [0x0000000084000000, 0x0000000100000000)
  region size 1024K, 3 young (3072K), 3 survivors (3072K)
 Metaspace       used 6565K, committed 6720K, reserved 1114112K
  class space    used 660K, committed 768K, reserved 1048576K
}
Event: 3.162 GC heap before
{Heap before GC invocations=1 (full 0):
 garbage-first heap   total 126976K, used 40704K [0x0000000084000000, 0x0000000100000000)
  region size 1024K, 36 young (36864K), 3 survivors (3072K)
 Metaspace       used 13852K, committed 14144K, reserved 1114112K
  class space    used 1581K, committed 1728K, reserved 1048576K
}
Event: 3.179 GC heap after
{Heap after GC invocations=2 (full 0):
 garbage-first heap   total 126976K, used 10300K [0x0000000084000000, 0x0000000100000000)
  region size 1024K, 4 young (4096K), 4 survivors (4096K)
 Metaspace       used 13852K, committed 14144K, reserved 1114112K
  class space    used 1581K, committed 1728K, reserved 1048576K
}
Event: 4.222 GC heap before
{Heap before GC invocations=2 (full 0):
 garbage-first heap   total 126976K, used 39996K [0x0000000084000000, 0x0000000100000000)
  region size 1024K, 30 young (30720K), 4 survivors (4096K)
 Metaspace       used 21303K, committed 21504K, reserved 1114112K
  class space    used 2785K, committed 2880K, reserved 1048576K
}
Event: 4.234 GC heap after
{Heap after GC invocations=3 (full 0):
 garbage-first heap   total 126976K, used 16671K [0x0000000084000000, 0x0000000100000000)
  region size 1024K, 6 young (6144K), 6 survivors (6144K)
 Metaspace       used 21303K, committed 21504K, reserved 1114112K
  class space    used 2785K, committed 2880K, reserved 1048576K
}
Event: 5.152 GC heap before
{Heap before GC invocations=4 (full 0):
 garbage-first heap   total 65536K, used 51487K [0x0000000084000000, 0x0000000100000000)
  region size 1024K, 38 young (38912K), 6 survivors (6144K)
 Metaspace       used 26043K, committed 26304K, reserved 1114112K
  class space    used 3484K, committed 3584K, reserved 1048576K
}
Event: 5.182 GC heap after
{Heap after GC invocations=5 (full 0):
 garbage-first heap   total 65536K, used 24284K [0x0000000084000000, 0x0000000100000000)
  region size 1024K, 5 young (5120K), 5 survivors (5120K)
 Metaspace       used 26043K, committed 26304K, reserved 1114112K
  class space    used 3484K, committed 3584K, reserved 1048576K
}
Event: 5.202 GC heap before
{Heap before GC invocations=5 (full 0):
 garbage-first heap   total 65536K, used 25308K [0x0000000084000000, 0x0000000100000000)
  region size 1024K, 6 young (6144K), 5 survivors (5120K)
 Metaspace       used 26296K, committed 26560K, reserved 1114112K
  class space    used 3514K, committed 3648K, reserved 1048576K
}
Event: 5.215 GC heap after
{Heap after GC invocations=6 (full 0):
 garbage-first heap   total 65536K, used 25449K [0x0000000084000000, 0x0000000100000000)
  region size 1024K, 1 young (1024K), 1 survivors (1024K)
 Metaspace       used 26296K, committed 26560K, reserved 1114112K
  class space    used 3514K, committed 3648K, reserved 1048576K
}
Event: 5.816 GC heap before
{Heap before GC invocations=6 (full 0):
 garbage-first heap   total 65536K, used 47977K [0x0000000084000000, 0x0000000100000000)
  region size 1024K, 24 young (24576K), 1 survivors (1024K)
 Metaspace       used 30470K, committed 30656K, reserved 1114112K
  class space    used 3933K, committed 4032K, reserved 1048576K
}
Event: 5.825 GC heap after
{Heap after GC invocations=7 (full 0):
 garbage-first heap   total 131072K, used 25460K [0x0000000084000000, 0x0000000100000000)
  region size 1024K, 3 young (3072K), 3 survivors (3072K)
 Metaspace       used 30470K, committed 30656K, reserved 1114112K
  class space    used 3933K, committed 4032K, reserved 1048576K
}
Event: 7.922 GC heap before
{Heap before GC invocations=8 (full 0):
 garbage-first heap   total 89088K, used 76660K [0x0000000084000000, 0x0000000100000000)
  region size 1024K, 52 young (53248K), 3 survivors (3072K)
 Metaspace       used 40115K, committed 40320K, reserved 1114112K
  class space    used 4922K, committed 4992K, reserved 1048576K
}
Event: 7.945 GC heap after
{Heap after GC invocations=9 (full 0):
 garbage-first heap   total 89088K, used 34578K [0x0000000084000000, 0x0000000100000000)
  region size 1024K, 7 young (7168K), 7 survivors (7168K)
 Metaspace       used 40115K, committed 40320K, reserved 1114112K
  class space    used 4922K, committed 4992K, reserved 1048576K
}
Event: 9.075 GC heap before
{Heap before GC invocations=9 (full 0):
 garbage-first heap   total 89088K, used 66322K [0x0000000084000000, 0x0000000100000000)
  region size 1024K, 37 young (37888K), 7 survivors (7168K)
 Metaspace       used 41928K, committed 42176K, reserved 1114112K
  class space    used 5100K, committed 5184K, reserved 1048576K
}
Event: 9.096 GC heap after
{Heap after GC invocations=10 (full 0):
 garbage-first heap   total 89088K, used 38772K [0x0000000084000000, 0x0000000100000000)
  region size 1024K, 4 young (4096K), 4 survivors (4096K)
 Metaspace       used 41928K, committed 42176K, reserved 1114112K
  class space    used 5100K, committed 5184K, reserved 1048576K
}

Deoptimization events (20 events):
Event: 9.318 Thread 0x0000022aa9b12bf0 Uncommon trap: trap_request=0xffffffc6 fr.pc=0x0000022ab9061f20 relative=0x0000000000004de0
Event: 9.318 Thread 0x0000022aa9b12bf0 Uncommon trap: reason=bimorphic_or_optimized_type_check action=maybe_recompile pc=0x0000022ab9061f20 method=org.jetbrains.kotlin.parsing.KotlinExpressionParsing.parseBinaryExpression(Lorg/jetbrains/kotlin/parsing/KotlinExpressionParsing$Precedence;)V @ 40
Event: 9.318 Thread 0x0000022aa9b12bf0 DEOPT PACKING pc=0x0000022ab9061f20 sp=0x0000008e858fbc40
Event: 9.318 Thread 0x0000022aa9b12bf0 DEOPT UNPACKING pc=0x0000022ab8945ba3 sp=0x0000008e858fbc28 mode 2
Event: 9.319 Thread 0x0000022aa9b12bf0 Uncommon trap: trap_request=0xffffffc6 fr.pc=0x0000022ab9061f20 relative=0x0000000000004de0
Event: 9.319 Thread 0x0000022aa9b12bf0 Uncommon trap: reason=bimorphic_or_optimized_type_check action=maybe_recompile pc=0x0000022ab9061f20 method=org.jetbrains.kotlin.parsing.KotlinExpressionParsing.parseBinaryExpression(Lorg/jetbrains/kotlin/parsing/KotlinExpressionParsing$Precedence;)V @ 40
Event: 9.319 Thread 0x0000022aa9b12bf0 DEOPT PACKING pc=0x0000022ab9061f20 sp=0x0000008e858fbbb0
Event: 9.319 Thread 0x0000022aa9b12bf0 DEOPT UNPACKING pc=0x0000022ab8945ba3 sp=0x0000008e858fbb98 mode 2
Event: 9.379 Thread 0x0000022aa9b12bf0 Uncommon trap: trap_request=0xffffff45 fr.pc=0x0000022ab904d5a0 relative=0x0000000000001080
Event: 9.380 Thread 0x0000022aa9b12bf0 Uncommon trap: reason=unstable_if action=reinterpret pc=0x0000022ab904d5a0 method=org.jetbrains.kotlin.load.java.structure.impl.classFiles.BinaryClassSignatureParser.parseTypeWithoutVarianceAndArray(Ljava/text/CharacterIterator;Lorg/jetbrains/kotlin/load/
Event: 9.380 Thread 0x0000022aa9b12bf0 DEOPT PACKING pc=0x0000022ab904d5a0 sp=0x0000008e858fb930
Event: 9.380 Thread 0x0000022aa9b12bf0 DEOPT UNPACKING pc=0x0000022ab8945ba3 sp=0x0000008e858fb8e8 mode 2
Event: 9.438 Thread 0x0000022aa9b12bf0 Uncommon trap: trap_request=0xffffff45 fr.pc=0x0000022ab8ee6044 relative=0x0000000000000224
Event: 9.438 Thread 0x0000022aa9b12bf0 Uncommon trap: reason=unstable_if action=reinterpret pc=0x0000022ab8ee6044 method=java.util.HashMap.getNode(Ljava/lang/Object;)Ljava/util/HashMap$Node; @ 66 c2
Event: 9.438 Thread 0x0000022aa9b12bf0 DEOPT PACKING pc=0x0000022ab8ee6044 sp=0x0000008e858fcd50
Event: 9.438 Thread 0x0000022aa9b12bf0 DEOPT UNPACKING pc=0x0000022ab8945ba3 sp=0x0000008e858fccc0 mode 2
Event: 9.747 Thread 0x0000022aa9b12bf0 Uncommon trap: trap_request=0xffffff45 fr.pc=0x0000022ab9041d30 relative=0x0000000000000210
Event: 9.747 Thread 0x0000022aa9b12bf0 Uncommon trap: reason=unstable_if action=reinterpret pc=0x0000022ab9041d30 method=org.jetbrains.kotlin.name.Name.hashCode()I @ 16 c2
Event: 9.747 Thread 0x0000022aa9b12bf0 DEOPT PACKING pc=0x0000022ab9041d30 sp=0x0000008e858fd650
Event: 9.747 Thread 0x0000022aa9b12bf0 DEOPT UNPACKING pc=0x0000022ab8945ba3 sp=0x0000008e858fd5e8 mode 2

Classes unloaded (0 events):
No events

Classes redefined (0 events):
No events

Internal exceptions (20 events):
Event: 3.007 Thread 0x0000022aa9b12bf0 Exception <a 'java/lang/NoSuchMethodError'{0x0000000089bc53c0}: 'void java.lang.invoke.DirectMethodHandle$Holder.invokeStatic(java.lang.Object, java.lang.Object)'> (0x0000000089bc53c0) 
thrown [s\open\src\hotspot\share\interpreter\linkResolver.cpp, line 759]
Event: 3.110 Thread 0x0000022aa9b12bf0 Exception <a 'java/lang/NoSuchMethodError'{0x0000000089afe8f0}: 'long java.lang.invoke.DirectMethodHandle$Holder.invokeStatic(java.lang.Object)'> (0x0000000089afe8f0) 
thrown [s\open\src\hotspot\share\interpreter\linkResolver.cpp, line 759]
Event: 3.113 Thread 0x0000022aa9b12bf0 Exception <a 'java/lang/NoSuchMethodError'{0x0000000089902510}: 'long java.lang.invoke.DirectMethodHandle$Holder.invokeStaticInit(java.lang.Object)'> (0x0000000089902510) 
thrown [s\open\src\hotspot\share\interpreter\linkResolver.cpp, line 759]
Event: 3.240 Thread 0x0000022aa9b12bf0 Exception <a 'java/lang/NoSuchMethodError'{0x000000008bafc248}: 'int java.lang.invoke.DirectMethodHandle$Holder.invokeStaticInit(java.lang.Object, java.lang.Object, java.lang.Object)'> (0x000000008bafc248) 
thrown [s\open\src\hotspot\share\interpreter\linkResolver.cpp, line 759]
Event: 3.246 Thread 0x0000022aa9b12bf0 Exception <a 'java/lang/NoSuchMethodError'{0x000000008b924dc8}: 'int java.lang.invoke.DirectMethodHandle$Holder.invokeStaticInit(java.lang.Object, java.lang.Object)'> (0x000000008b924dc8) 
thrown [s\open\src\hotspot\share\interpreter\linkResolver.cpp, line 759]
Event: 3.294 Thread 0x0000022aa9b12bf0 Exception <a 'java/lang/NoSuchMethodError'{0x000000008b8013a0}: 'void java.lang.invoke.DirectMethodHandle$Holder.invokeSpecial(java.lang.Object, java.lang.Object, java.lang.Object)'> (0x000000008b8013a0) 
thrown [s\open\src\hotspot\share\interpreter\linkResolver.cpp, line 759]
Event: 3.735 Thread 0x0000022aa9b12bf0 Exception <a 'java/lang/NoSuchMethodError'{0x000000008aeddf68}: 'void java.lang.invoke.DirectMethodHandle$Holder.invokeStatic(java.lang.Object, java.lang.Object, java.lang.Object, java.lang.Object)'> (0x000000008aeddf68) 
thrown [s\open\src\hotspot\share\interpreter\linkResolver.cpp, line 759]
Event: 3.851 Thread 0x0000022aa9b12bf0 Exception <a 'java/lang/NoSuchMethodError'{0x000000008aa89b00}: 'void java.lang.invoke.DirectMethodHandle$Holder.invokeStaticInit(java.lang.Object, java.lang.Object)'> (0x000000008aa89b00) 
thrown [s\open\src\hotspot\share\interpreter\linkResolver.cpp, line 759]
Event: 4.008 Thread 0x0000022aa9b12bf0 Exception <a 'java/lang/NoSuchMethodError'{0x000000008a6abc68}: 'void java.lang.invoke.DirectMethodHandle$Holder.invokeVirtual(java.lang.Object, java.lang.Object)'> (0x000000008a6abc68) 
thrown [s\open\src\hotspot\share\interpreter\linkResolver.cpp, line 759]
Event: 4.068 Thread 0x0000022aa9b12bf0 Exception <a 'java/lang/NoSuchMethodError'{0x000000008a536a08}: 'int java.lang.invoke.DirectMethodHandle$Holder.invokeVirtual(java.lang.Object, java.lang.Object)'> (0x000000008a536a08) 
thrown [s\open\src\hotspot\share\interpreter\linkResolver.cpp, line 759]
Event: 4.090 Thread 0x0000022aa9b12bf0 Exception <a 'java/lang/NoSuchMethodError'{0x000000008a5de0a8}: 'java.lang.Object java.lang.invoke.Invokers$Holder.invokeExact_MT(java.lang.Object, java.lang.Object, java.lang.Object, java.lang.Object, java.lang.Object, java.lang.Object)'> (0x000000008a5de0a8) 
thrown [s\open\src\hotspot\share\interpreter\linkResolver.cpp, line 759]
Event: 5.281 Thread 0x0000022aa9b12bf0 Exception <a 'java/lang/NoSuchMethodError'{0x000000008a0fb0c0}: 'java.lang.Object java.lang.invoke.DirectMethodHandle$Holder.invokeVirtual(java.lang.Object, java.lang.Object, java.lang.Object)'> (0x000000008a0fb0c0) 
thrown [s\open\src\hotspot\share\interpreter\linkResolver.cpp, line 759]
Event: 6.362 Thread 0x0000022aa9b12bf0 Exception <a 'java/lang/NoSuchMethodError'{0x00000000884fc8e0}: 'java.lang.Object java.lang.invoke.DirectMethodHandle$Holder.newInvokeSpecial(java.lang.Object, java.lang.Object, int)'> (0x00000000884fc8e0) 
thrown [s\open\src\hotspot\share\interpreter\linkResolver.cpp, line 759]
Event: 6.921 Thread 0x0000022aa9b12bf0 Exception <a 'java/lang/NoSuchMethodError'{0x0000000087c499e0}: 'java.lang.Object java.lang.invoke.DirectMethodHandle$Holder.newInvokeSpecial(java.lang.Object, java.lang.Object, java.lang.Object, int)'> (0x0000000087c499e0) 
thrown [s\open\src\hotspot\share\interpreter\linkResolver.cpp, line 759]
Event: 6.923 Thread 0x0000022aa9b12bf0 Exception <a 'java/lang/NoSuchMethodError'{0x0000000087c4e068}: 'java.lang.Object java.lang.invoke.DirectMethodHandle$Holder.invokeSpecial(java.lang.Object, java.lang.Object, java.lang.Object, java.lang.Object, int)'> (0x0000000087c4e068) 
thrown [s\open\src\hotspot\share\interpreter\linkResolver.cpp, line 759]
Event: 6.923 Thread 0x0000022aa9b12bf0 Exception <a 'java/lang/NoSuchMethodError'{0x0000000087c51ed8}: 'java.lang.Object java.lang.invoke.Invokers$Holder.linkToTargetMethod(java.lang.Object, java.lang.Object, int, java.lang.Object)'> (0x0000000087c51ed8) 
thrown [s\open\src\hotspot\share\interpreter\linkResolver.cpp, line 759]
Event: 7.410 Thread 0x0000022aa9b12bf0 Exception <a 'java/lang/NoSuchMethodError'{0x000000008737d538}: 'java.lang.Object java.lang.invoke.DirectMethodHandle$Holder.invokeInterface(java.lang.Object, java.lang.Object)'> (0x000000008737d538) 
thrown [s\open\src\hotspot\share\interpreter\linkResolver.cpp, line 759]
Event: 8.310 Thread 0x0000022aa9b12bf0 Exception <a 'java/lang/NoSuchMethodError'{0x00000000890706c0}: 'java.lang.Object java.lang.invoke.DirectMethodHandle$Holder.newInvokeSpecial(java.lang.Object, java.lang.Object, java.lang.Object, java.lang.Object, java.lang.Object, java.lang.Object, java.lang.Object, java.lang.Object)'> (0x00000000890706c0) 
thrown [s\open\src\hotspot\share\interpreter\linkResolver.cpp, line 759]
Event: 8.311 Thread 0x0000022aa9b12bf0 Exception <a 'java/lang/NoSuchMethodError'{0x0000000089075cd8}: 'java.lang.Object java.lang.invoke.DirectMethodHandle$Holder.invokeSpecial(java.lang.Object, java.lang.Object, java.lang.Object, java.lang.Object, java.lang.Object, java.lang.Object, java.lang.Object, java.lang.Object, java.lang.Object)'> (0x0000000089075cd8) 
thrown [s\open\src\hotspot\share\interpreter\linkResolver.cpp, line 759]
Event: 8.312 Thread 0x0000022aa9b12bf0 Exception <a 'java/lang/NoSuchMethodError'{0x000000008907ac08}: 'java.lang.Object java.lang.invoke.Invokers$Holder.linkToTargetMethod(java.lang.Object, java.lang.Object, java.lang.Object, java.lang.Object, java.lang.Object, java.lang.Object, java.lang.Object, java.lang.Object)'> (0x000000008907ac08) 
thrown [s\open\src\hotspot\share\interpreter\linkResolver.cpp, line 759]

VM Operations (20 events):
Event: 7.420 Executing VM operation: HandshakeAllThreads
Event: 7.420 Executing VM operation: HandshakeAllThreads done
Event: 7.501 Executing VM operation: HandshakeAllThreads
Event: 7.501 Executing VM operation: HandshakeAllThreads done
Event: 7.523 Executing VM operation: HandshakeAllThreads
Event: 7.523 Executing VM operation: HandshakeAllThreads done
Event: 7.554 Executing VM operation: ICBufferFull
Event: 7.555 Executing VM operation: ICBufferFull done
Event: 7.886 Executing VM operation: ICBufferFull
Event: 7.886 Executing VM operation: ICBufferFull done
Event: 7.922 Executing VM operation: G1CollectForAllocation
Event: 7.945 Executing VM operation: G1CollectForAllocation done
Event: 8.236 Executing VM operation: HandshakeAllThreads
Event: 8.236 Executing VM operation: HandshakeAllThreads done
Event: 8.241 Executing VM operation: ICBufferFull
Event: 8.241 Executing VM operation: ICBufferFull done
Event: 9.074 Executing VM operation: G1CollectForAllocation
Event: 9.097 Executing VM operation: G1CollectForAllocation done
Event: 9.474 Executing VM operation: ICBufferFull
Event: 9.475 Executing VM operation: ICBufferFull done

Events (20 events):
Event: 6.271 loading class java/util/EmptyStackException
Event: 6.271 loading class java/util/EmptyStackException done
Event: 6.288 loading class java/util/BitSet
Event: 6.289 loading class java/util/BitSet done
Event: 6.295 loading class java/util/PrimitiveIterator$OfInt
Event: 6.296 loading class java/util/PrimitiveIterator
Event: 6.297 loading class java/util/PrimitiveIterator done
Event: 6.297 loading class java/util/PrimitiveIterator$OfInt done
Event: 6.360 loading class java/util/function/IntUnaryOperator
Event: 6.361 loading class java/util/function/IntUnaryOperator done
Event: 6.864 loading class java/util/ArrayList$ListItr
Event: 6.864 loading class java/util/ArrayList$ListItr done
Event: 7.059 loading class java/util/AbstractList$SubList$1
Event: 7.060 loading class java/util/AbstractList$SubList$1 done
Event: 7.060 loading class java/util/AbstractList$ListItr
Event: 7.062 loading class java/util/AbstractList$ListItr done
Event: 7.236 loading class java/text/StringCharacterIterator
Event: 7.237 loading class java/text/CharacterIterator
Event: 7.238 loading class java/text/CharacterIterator done
Event: 7.238 loading class java/text/StringCharacterIterator done


Dynamic libraries:
0x00007ff7ead70000 - 0x00007ff7ead80000 	C:\Program Files\OpenJDK\jdk-17.0.10\bin\java.exe
0x00007ffd1b770000 - 0x00007ffd1b986000 	C:\Windows\SYSTEM32\ntdll.dll
0x00007ffd1ac20000 - 0x00007ffd1ace4000 	C:\Windows\System32\KERNEL32.DLL
0x00007ffd18c60000 - 0x00007ffd19007000 	C:\Windows\System32\KERNELBASE.dll
0x00007ffd18a90000 - 0x00007ffd18ba1000 	C:\Windows\System32\ucrtbase.dll
0x00007ffcb14b0000 - 0x00007ffcb14c9000 	C:\Program Files\OpenJDK\jdk-17.0.10\bin\jli.dll
0x00007ffd1a0b0000 - 0x00007ffd1a162000 	C:\Windows\System32\ADVAPI32.dll
0x00007ffd1a270000 - 0x00007ffd1a317000 	C:\Windows\System32\msvcrt.dll
0x00007ffcadfa0000 - 0x00007ffcadfbb000 	C:\Program Files\OpenJDK\jdk-17.0.10\bin\VCRUNTIME140.dll
0x00007ffd1b640000 - 0x00007ffd1b6e8000 	C:\Windows\System32\sechost.dll
0x00007ffd18c30000 - 0x00007ffd18c58000 	C:\Windows\System32\bcrypt.dll
0x00007ffd1b3c0000 - 0x00007ffd1b4d5000 	C:\Windows\System32\RPCRT4.dll
0x00007ffd1aa70000 - 0x00007ffd1ac1e000 	C:\Windows\System32\USER32.dll
0x00007ffd19080000 - 0x00007ffd190a6000 	C:\Windows\System32\win32u.dll
0x00007ffd02b30000 - 0x00007ffd02dc3000 	C:\Windows\WinSxS\amd64_microsoft.windows.common-controls_6595b64144ccf1df_6.0.22621.3235_none_270f74e173860f98\COMCTL32.dll
0x00007ffd1b390000 - 0x00007ffd1b3b9000 	C:\Windows\System32\GDI32.dll
0x00007ffd19150000 - 0x00007ffd19269000 	C:\Windows\System32\gdi32full.dll
0x00007ffd190b0000 - 0x00007ffd1914a000 	C:\Windows\System32\msvcp_win.dll
0x00007ffd0b8e0000 - 0x00007ffd0b8ea000 	C:\Windows\SYSTEM32\VERSION.dll
0x00007ffd1b6f0000 - 0x00007ffd1b721000 	C:\Windows\System32\IMM32.DLL
0x00007ffd06520000 - 0x00007ffd0652c000 	C:\Program Files\OpenJDK\jdk-17.0.10\bin\vcruntime140_1.dll
0x00007ffc96340000 - 0x00007ffc963ce000 	C:\Program Files\OpenJDK\jdk-17.0.10\bin\msvcp140.dll
0x00007ffc93340000 - 0x00007ffc93f1f000 	C:\Program Files\OpenJDK\jdk-17.0.10\bin\server\jvm.dll
0x00007ffd1b180000 - 0x00007ffd1b188000 	C:\Windows\System32\PSAPI.DLL
0x00007ffd0ddb0000 - 0x00007ffd0dde4000 	C:\Windows\SYSTEM32\WINMM.dll
0x00007ffd024b0000 - 0x00007ffd024b9000 	C:\Windows\SYSTEM32\WSOCK32.dll
0x00007ffd1b5c0000 - 0x00007ffd1b631000 	C:\Windows\System32\WS2_32.dll
0x00007ffd17a90000 - 0x00007ffd17aa8000 	C:\Windows\SYSTEM32\kernel.appcore.dll
0x00007ffd00d90000 - 0x00007ffd00d9a000 	C:\Program Files\OpenJDK\jdk-17.0.10\bin\jimage.dll
0x00007ffd161d0000 - 0x00007ffd16403000 	C:\Windows\SYSTEM32\DBGHELP.DLL
0x00007ffd1a570000 - 0x00007ffd1a8f8000 	C:\Windows\System32\combase.dll
0x00007ffd1b4e0000 - 0x00007ffd1b5b7000 	C:\Windows\System32\OLEAUT32.dll
0x00007ffcf7b00000 - 0x00007ffcf7b32000 	C:\Windows\SYSTEM32\dbgcore.DLL
0x00007ffd18bb0000 - 0x00007ffd18c29000 	C:\Windows\System32\bcryptPrimitives.dll
0x00007ffc9acc0000 - 0x00007ffc9ace5000 	C:\Program Files\OpenJDK\jdk-17.0.10\bin\java.dll
0x00007ffc96260000 - 0x00007ffc96337000 	C:\Program Files\OpenJDK\jdk-17.0.10\bin\jsvml.dll
0x00007ffd197f0000 - 0x00007ffd1a04c000 	C:\Windows\System32\SHELL32.dll
0x00007ffd169a0000 - 0x00007ffd17299000 	C:\Windows\SYSTEM32\windows.storage.dll
0x00007ffd16860000 - 0x00007ffd1699e000 	C:\Windows\SYSTEM32\wintypes.dll
0x00007ffd194a0000 - 0x00007ffd19593000 	C:\Windows\System32\SHCORE.dll
0x00007ffd1b2c0000 - 0x00007ffd1b31e000 	C:\Windows\System32\shlwapi.dll
0x00007ffd189c0000 - 0x00007ffd189e1000 	C:\Windows\SYSTEM32\profapi.dll
0x00007ffcadd70000 - 0x00007ffcadd89000 	C:\Program Files\OpenJDK\jdk-17.0.10\bin\net.dll
0x00007ffd12bf0000 - 0x00007ffd12d26000 	C:\Windows\SYSTEM32\WINHTTP.dll
0x00007ffd17ef0000 - 0x00007ffd17f59000 	C:\Windows\system32\mswsock.dll
0x00007ffca0340000 - 0x00007ffca0356000 	C:\Program Files\OpenJDK\jdk-17.0.10\bin\nio.dll
0x00007ffca0050000 - 0x00007ffca0068000 	C:\Program Files\OpenJDK\jdk-17.0.10\bin\zip.dll
0x00007ffd06530000 - 0x00007ffd06540000 	C:\Program Files\OpenJDK\jdk-17.0.10\bin\verify.dll

dbghelp: loaded successfully - version: 4.0.5 - missing functions: none
symbol engine: initialized successfully - sym options: 0x614 - pdb path: .;C:\Program Files\OpenJDK\jdk-17.0.10\bin;C:\Windows\SYSTEM32;C:\Windows\WinSxS\amd64_microsoft.windows.common-controls_6595b64144ccf1df_6.0.22621.3235_none_270f74e173860f98;C:\Program Files\OpenJDK\jdk-17.0.10\bin\server

VM Arguments:
java_command: org.jetbrains.kotlin.cli.jvm.K2JVMCompiler @D:\work from home\REMOTE JOBS\remotejobsapp\node_modules\react-native-screens\android\build\20240507_5412998271486079680.compiler.options
java_class_path (initial): C:\Users\PRAKASH\.gradle\caches\modules-2\files-2.1\org.jetbrains.kotlin\kotlin-compiler-embeddable\1.8.0\eb9118d4bcceaa2a94b2ae2a33a4ddba7c9a947f\kotlin-compiler-embeddable-1.8.0.jar;C:\Users\PRAKASH\.gradle\caches\modules-2\files-2.1\org.jetbrains.kotlin\kotlin-stdlib\1.8.0\1796921c7a3e2e2665a83e6c8d33399336cd39bc\kotlin-stdlib-1.8.0.jar;C:\Users\PRAKASH\.gradle\caches\modules-2\files-2.1\org.jetbrains.kotlin\kotlin-script-runtime\1.8.0\b2f7e760d283cb339974851c222a4c1d48f2d3d\kotlin-script-runtime-1.8.0.jar;C:\Users\PRAKASH\.gradle\caches\modules-2\files-2.1\org.jetbrains.kotlin\kotlin-reflect\1.6.10\1cbe9c92c12a94eea200d23c2bbaedaf3daf5132\kotlin-reflect-1.6.10.jar;C:\Users\PRAKASH\.gradle\caches\modules-2\files-2.1\org.jetbrains.kotlin\kotlin-daemon-embeddable\1.8.0\d255216c551685dc3a7e852b53617f5f01aaaa5c\kotlin-daemon-embeddable-1.8.0.jar;C:\Users\PRAKASH\.gradle\caches\modules-2\files-2.1\org.jetbrains.intellij.deps\trove4j\1.0.20200330\3afb14d5f9ceb459d724e907a21145e8ff394f02\trove4j-1.0.20200330.jar;C:\Users\PRAKASH\.gradle\caches\modules-2\files-2.1\net.java.dev.jna\jna\5.6.0\330f2244e9030119ab3030fc3fededc86713d9cc\jna-5.6.0.jar;C:\Users\PRAKASH\.gradle\caches\modules-2\files-2.1\org.jetbrains.kotlin\kotlin-stdlib-common\1.8.0\f7197e7cc76453ac59f8b0f8d5137cc600becd36\kotlin-stdlib-common-1.8.0.jar;C:\Users\PRAKASH\.gradle\caches\modules-2\files-2.1\org.jetbrains\annotations\13.0\919f0dfe192fb4e063e7dacadee7f8bb9a2672a9\annotations-13.0.jar
Launcher Type: SUN_STANDARD

[Global flags]
     intx CICompilerCount                          = 4                                         {product} {ergonomic}
     uint ConcGCThreads                            = 2                                         {product} {ergonomic}
     uint G1ConcRefinementThreads                  = 8                                         {product} {ergonomic}
   size_t G1HeapRegionSize                         = 1048576                                   {product} {ergonomic}
    uintx GCDrainStackTargetSize                   = 64                                        {product} {ergonomic}
   size_t InitialHeapSize                          = 130023424                                 {product} {ergonomic}
   size_t MarkStackSize                            = 4194304                                   {product} {ergonomic}
   size_t MaxHeapSize                              = 2080374784                                {product} {ergonomic}
   size_t MaxNewSize                               = 1247805440                                {product} {ergonomic}
   size_t MinHeapDeltaBytes                        = 1048576                                   {product} {ergonomic}
   size_t MinHeapSize                              = 8388608                                   {product} {ergonomic}
    uintx NonNMethodCodeHeapSize                   = 5839372                                {pd product} {ergonomic}
    uintx NonProfiledCodeHeapSize                  = 122909434                              {pd product} {ergonomic}
    uintx ProfiledCodeHeapSize                     = 122909434                              {pd product} {ergonomic}
    uintx ReservedCodeCacheSize                    = 251658240                              {pd product} {ergonomic}
     bool SegmentedCodeCache                       = true                                      {product} {ergonomic}
   size_t SoftMaxHeapSize                          = 2080374784                             {manageable} {ergonomic}
     bool UseCompressedClassPointers               = true                           {product lp64_product} {ergonomic}
     bool UseCompressedOops                        = true                           {product lp64_product} {ergonomic}
     bool UseG1GC                                  = true                                      {product} {ergonomic}
     bool UseLargePagesIndividualAllocation        = false                                  {pd product} {ergonomic}

Logging:
Log output configuration:
 #0: stdout all=warning uptime,level,tags
 #1: stderr all=off uptime,level,tags

Environment Variables:
JAVA_HOME=C:\Program Files\OpenJDK\jdk-17.0.10
CLASSPATH=D:\work from home\REMOTE JOBS\remotejobsapp\android\\gradle\wrapper\gradle-wrapper.jar
PATH=C:\Program Files\bin;C:\Windows\system32;C:\Windows;C:\Windows\System32\Wbem;C:\Windows\System32\WindowsPowerShell\v1.0\;C:\Windows\System32\OpenSSH\;C:\Program Files\dotnet\;C:\ProgramData\chocolatey\bin;C:\Program Files\Git\cmd;C:\Users\PRAKASH\AppData\Local\Pub\Cache\bin;C:\xampp\php;C:\ProgramData\ComposerSetup\bin;C:\Program Files\nodejs\;C:\Users\PRAKASH\AppData\Local\Android\Sdk\platform-tools;C:\Users\PRAKASH\AppData\Local\Android\Sdk\tools;C:\Program Files\Git\bin;C:\Users\PRAKASH\AppData\Local\Microsoft\WindowsApps;C:\Users\PRAKASH\AppData\Local\Programs\Microsoft VS Code\bin;C:\Users\PRAKASH\AppData\Roaming\Pub\Cache\bin;"C:\Program Files\Git\bin\git.exe;C:\Program Files\Git\cmd;C:\Windows\System32";C:\flutter\bin;C:\tools\dart-sdk\bin;C:\Users\PRAKASH\AppData\Local\Pub\Cache\bin;C:\Users\PRAKASH\AppData\Roaming\Composer\vendor\bin;C:\Program Files\MongoDB\Server\7.0\bin;C:\Users\PRAKASH\AppData\Roaming\npm;C:\Program Files\OpenJDK\jdk-17.0.10\bin;C:\Users\PRAKASH\AppData\Local\Android\Sdk\platform-tools;C:\Users\PRAKASH\AppData\Local\Android\Sdk\tools;
USERNAME=PRAKASH
OS=Windows_NT
PROCESSOR_IDENTIFIER=Intel64 Family 6 Model 140 Stepping 1, GenuineIntel



---------------  S Y S T E M  ---------------

OS:
 Windows 11 , 64 bit Build 22621 (10.0.22621.3374)
OS uptime: 4 days 6:20 hours
Hyper-V role detected

CPU: total 8 (initial active 8) (4 cores per cpu, 2 threads per core) family 6 model 140 stepping 1 microcode 0xb4, cx8, cmov, fxsr, ht, mmx, 3dnowpref, sse, sse2, sse3, ssse3, sse4.1, sse4.2, popcnt, lzcnt, tsc, tscinvbit, avx, avx2, aes, erms, clmul, bmi1, bmi2, adx, avx512f, avx512dq, avx512cd, avx512bw, avx512vl, sha, fma, vzeroupper, avx512_vpopcntdq, avx512_vpclmulqdq, avx512_vaes, avx512_vnni, clflush, clflushopt, clwb, avx512_vbmi2, avx512_vbmi, hv

Memory: 4k page, system-wide physical 7934M (72M free)
TotalPageFile size 25865M (AvailPageFile size 5M)
current process WorkingSet (physical memory assigned to process): 226M, peak: 228M
current process commit charge ("private bytes"): 270M, peak: 271M

vm_info: Java HotSpot(TM) 64-Bit Server VM (17.0.10+11-LTS-240) for windows-amd64 JRE (17.0.10+11-LTS-240), built on Dec 19 2023 21:47:25 by "mach5one" with MS VC++ 17.1 (VS2022)

END.
