#
# There is insufficient memory for the Java Runtime Environment to continue.
# Native memory allocation (malloc) failed to allocate 1153344 bytes for Chunk::new
# Possible reasons:
#   The system is out of physical RAM or swap space
#   The process is running with CompressedOops enabled, and the Java Heap may be blocking the growth of the native heap
# Possible solutions:
#   Reduce memory load on the system
#   Increase physical memory or swap space
#   Check if swap backing store is full
#   Decrease Java heap size (-Xmx/-Xms)
#   Decrease number of Java threads
#   Decrease Java thread stack sizes (-Xss)
#   Set larger code cache with -XX:ReservedCodeCacheSize=
#   JVM is running with Unscaled Compressed Oops mode in which the Java heap is
#     placed in the first 4GB address space. The Java Heap base address is the
#     maximum limit for the native heap growth. Please use -XX:HeapBaseMinAddress
#     to set the Java Heap base and to place the Java Heap above 4GB virtual address.
# This output file may be truncated or incomplete.
#
#  Out of Memory Error (arena.cpp:189), pid=14760, tid=9888
#
# JRE version: Java(TM) SE Runtime Environment (17.0.10+11) (build 17.0.10+11-LTS-240)
# Java VM: Java HotSpot(TM) 64-Bit Server VM (17.0.10+11-LTS-240, mixed mode, sharing, tiered, compressed oops, compressed class ptrs, g1 gc, windows-amd64)
# No core dump will be written. Minidumps are not enabled by default on client versions of Windows
#

---------------  S U M M A R Y ------------

Command Line: org.jetbrains.kotlin.cli.jvm.K2JVMCompiler @D:\work from home\REMOTE JOBS\remotejobsapp\node_modules\react-native-screens\android\build\20240507_10399703832161353943.compiler.options

Host: 11th Gen Intel(R) Core(TM) i5-1145G7 @ 2.60GHz, 8 cores, 7G,  Windows 11 , 64 bit Build 22621 (10.0.22621.3374)
Time: Tue May  7 22:13:42 2024 India Standard Time elapsed time: 11.551100 seconds (0d 0h 0m 11s)

---------------  T H R E A D  ---------------

Current thread (0x00000281a64cfac0):  JavaThread "C2 CompilerThread0" daemon [_thread_in_native, id=9888, stack(0x000000874eb00000,0x000000874ec00000)]


Current CompileTask:
C2:  11551 7032 %     4       org.jetbrains.kotlin.load.java.structure.impl.classFiles.BinaryClassSignatureParser::parseParameterizedClassRefSignature @ 24 (262 bytes)

Stack: [0x000000874eb00000,0x000000874ec00000]
Native frames: (J=compiled Java code, j=interpreted, Vv=VM code, C=native code)
V  [jvm.dll+0x677a5a]
V  [jvm.dll+0x7d8b2d]
V  [jvm.dll+0x7da48e]
V  [jvm.dll+0x7daaf3]
V  [jvm.dll+0x2455ff]
V  [jvm.dll+0xaaafb]
V  [jvm.dll+0xab09c]
V  [jvm.dll+0x361bae]
V  [jvm.dll+0x1bb3ca]
V  [jvm.dll+0x217aa7]
V  [jvm.dll+0x216d81]
V  [jvm.dll+0x1a3410]
V  [jvm.dll+0x226aeb]
V  [jvm.dll+0x224cab]
V  [jvm.dll+0x78e45c]
V  [jvm.dll+0x78888a]
V  [jvm.dll+0x676935]
C  [ucrtbase.dll+0x29333]
C  [KERNEL32.DLL+0x1257d]
C  [ntdll.dll+0x5aa48]


---------------  P R O C E S S  ---------------

Threads class SMR info:
_java_thread_list=0x00000281a675eba0, length=12, elements={
0x0000028186555fa0, 0x00000281a64b6880, 0x00000281a64b7240, 0x00000281a64cad80,
0x00000281a64cb650, 0x00000281a64cdf30, 0x00000281a64ce800, 0x00000281a64cfac0,
0x00000281a64e15e0, 0x00000281a64f7ef0, 0x00000281a6759b10, 0x00000281a675e3a0
}

Java Threads: ( => current thread )
  0x0000028186555fa0 JavaThread "main" [_thread_in_Java, id=17628, stack(0x000000874de00000,0x000000874df00000)]
  0x00000281a64b6880 JavaThread "Reference Handler" daemon [_thread_blocked, id=9188, stack(0x000000874e500000,0x000000874e600000)]
  0x00000281a64b7240 JavaThread "Finalizer" daemon [_thread_blocked, id=3356, stack(0x000000874e600000,0x000000874e700000)]
  0x00000281a64cad80 JavaThread "Signal Dispatcher" daemon [_thread_blocked, id=2920, stack(0x000000874e700000,0x000000874e800000)]
  0x00000281a64cb650 JavaThread "Attach Listener" daemon [_thread_blocked, id=25860, stack(0x000000874e800000,0x000000874e900000)]
  0x00000281a64cdf30 JavaThread "Service Thread" daemon [_thread_blocked, id=5308, stack(0x000000874e900000,0x000000874ea00000)]
  0x00000281a64ce800 JavaThread "Monitor Deflation Thread" daemon [_thread_blocked, id=18352, stack(0x000000874ea00000,0x000000874eb00000)]
=>0x00000281a64cfac0 JavaThread "C2 CompilerThread0" daemon [_thread_in_native, id=9888, stack(0x000000874eb00000,0x000000874ec00000)]
  0x00000281a64e15e0 JavaThread "C1 CompilerThread0" daemon [_thread_in_vm, id=25640, stack(0x000000874ec00000,0x000000874ed00000)]
  0x00000281a64f7ef0 JavaThread "Sweeper thread" daemon [_thread_blocked, id=24428, stack(0x000000874ed00000,0x000000874ee00000)]
  0x00000281a6759b10 JavaThread "Notification Thread" daemon [_thread_blocked, id=23644, stack(0x000000874ee00000,0x000000874ef00000)]
  0x00000281a675e3a0 JavaThread "Common-Cleaner" daemon [_thread_blocked, id=27384, stack(0x000000874f000000,0x000000874f100000)]

Other Threads:
  0x00000281a64b1ed0 VMThread "VM Thread" [stack: 0x000000874e400000,0x000000874e500000] [id=21700]
  0x00000281865d4710 WatcherThread [stack: 0x000000874ef00000,0x000000874f000000] [id=6700]
  0x00000281865af230 GCTaskThread "GC Thread#0" [stack: 0x000000874df00000,0x000000874e000000] [id=13896]
  0x00000281ec240a50 GCTaskThread "GC Thread#1" [stack: 0x000000874f100000,0x000000874f200000] [id=25120]
  0x00000281ec236900 GCTaskThread "GC Thread#2" [stack: 0x000000874f200000,0x000000874f300000] [id=12256]
  0x00000281ec262830 GCTaskThread "GC Thread#3" [stack: 0x000000874f300000,0x000000874f400000] [id=17756]
  0x00000281ec262f00 GCTaskThread "GC Thread#4" [stack: 0x000000874f400000,0x000000874f500000] [id=14040]
  0x00000281ec2643f0 GCTaskThread "GC Thread#5" [stack: 0x000000874f500000,0x000000874f600000] [id=19312]
  0x00000281ec5e4f10 GCTaskThread "GC Thread#6" [stack: 0x000000874f600000,0x000000874f700000] [id=18760]
  0x00000281ec56c6e0 GCTaskThread "GC Thread#7" [stack: 0x000000874f700000,0x000000874f800000] [id=9176]
  0x00000281865bf880 ConcurrentGCThread "G1 Main Marker" [stack: 0x000000874e000000,0x000000874e100000] [id=24136]
  0x00000281865c0190 ConcurrentGCThread "G1 Conc#0" [stack: 0x000000874e100000,0x000000874e200000] [id=25996]
  0x00000281ec7e8b20 ConcurrentGCThread "G1 Conc#1" [stack: 0x000000874f800000,0x000000874f900000] [id=23796]
  0x00000281a6365950 ConcurrentGCThread "G1 Refine#0" [stack: 0x000000874e200000,0x000000874e300000] [id=17468]
  0x00000281ed373fb0 ConcurrentGCThread "G1 Refine#1" [stack: 0x000000874f900000,0x000000874fa00000] [id=24124]
  0x00000281ee3d5ad0 ConcurrentGCThread "G1 Refine#2" [stack: 0x000000874fa00000,0x000000874fb00000] [id=22788]
  0x00000281866167f0 ConcurrentGCThread "G1 Service" [stack: 0x000000874e300000,0x000000874e400000] [id=26728]

Threads with active compile tasks:
C2 CompilerThread0    11577 7032 %     4       org.jetbrains.kotlin.load.java.structure.impl.classFiles.BinaryClassSignatureParser::parseParameterizedClassRefSignature @ 24 (262 bytes)

VM state: not at safepoint (normal execution)

VM Mutex/Monitor currently owned by a thread: None

Heap address: 0x0000000084000000, size: 1984 MB, Compressed Oops mode: 32-bit

CDS archive(s) mapped at: [0x00000281a7000000-0x00000281a7bd0000-0x00000281a7bd0000), size 12386304, SharedBaseAddress: 0x00000281a7000000, ArchiveRelocationMode: 1.
Compressed class space mapped at: 0x00000281a8000000-0x00000281e8000000, reserved size: 1073741824
Narrow klass base: 0x00000281a7000000, Narrow klass shift: 0, Narrow klass range: 0x100000000

GC Precious Log:
 CPUs: 8 total, 8 available
 Memory: 7934M
 Large Page Support: Disabled
 NUMA Support: Disabled
 Compressed Oops: Enabled (32-bit)
 Heap Region Size: 1M
 Heap Min Capacity: 8M
 Heap Initial Capacity: 124M
 Heap Max Capacity: 1984M
 Pre-touch: Disabled
 Parallel Workers: 8
 Concurrent Workers: 2
 Concurrent Refinement Workers: 8
 Periodic GC: Disabled

Heap:
 garbage-first heap   total 122880K, used 62200K [0x0000000084000000, 0x0000000100000000)
  region size 1024K, 13 young (13312K), 5 survivors (5120K)
 Metaspace       used 51326K, committed 51648K, reserved 1114112K
  class space    used 6076K, committed 6272K, reserved 1048576K

Heap Regions: E=young(eden), S=young(survivor), O=old, HS=humongous(starts), HC=humongous(continues), CS=collection set, F=free, OA=open archive, CA=closed archive, TAMS=top-at-mark-start (previous, next)
|   0|0x0000000084000000, 0x0000000084100000, 0x0000000084100000|100%|HS|  |TAMS 0x0000000084100000, 0x0000000084000000| Complete 
|   1|0x0000000084100000, 0x0000000084200000, 0x0000000084200000|100%|HC|  |TAMS 0x0000000084200000, 0x0000000084100000| Complete 
|   2|0x0000000084200000, 0x0000000084300000, 0x0000000084300000|100%|HC|  |TAMS 0x0000000084300000, 0x0000000084200000| Complete 
|   3|0x0000000084300000, 0x0000000084400000, 0x0000000084400000|100%|HC|  |TAMS 0x0000000084400000, 0x0000000084300000| Complete 
|   4|0x0000000084400000, 0x0000000084500000, 0x0000000084500000|100%| O|  |TAMS 0x0000000084500000, 0x0000000084400000| Untracked 
|   5|0x0000000084500000, 0x0000000084600000, 0x0000000084600000|100%| O|  |TAMS 0x0000000084600000, 0x0000000084500000| Untracked 
|   6|0x0000000084600000, 0x0000000084700000, 0x0000000084700000|100%| O|  |TAMS 0x0000000084700000, 0x0000000084600000| Untracked 
|   7|0x0000000084700000, 0x0000000084800000, 0x0000000084800000|100%|HS|  |TAMS 0x0000000084800000, 0x0000000084700000| Complete 
|   8|0x0000000084800000, 0x0000000084900000, 0x0000000084900000|100%|HC|  |TAMS 0x0000000084900000, 0x0000000084800000| Complete 
|   9|0x0000000084900000, 0x0000000084a00000, 0x0000000084a00000|100%|HC|  |TAMS 0x0000000084a00000, 0x0000000084900000| Complete 
|  10|0x0000000084a00000, 0x0000000084b00000, 0x0000000084b00000|100%|HC|  |TAMS 0x0000000084b00000, 0x0000000084a00000| Complete 
|  11|0x0000000084b00000, 0x0000000084c00000, 0x0000000084c00000|100%| O|  |TAMS 0x0000000084c00000, 0x0000000084b00000| Untracked 
|  12|0x0000000084c00000, 0x0000000084c42a00, 0x0000000084d00000| 26%| O|  |TAMS 0x0000000084c42a00, 0x0000000084c00000| Untracked 
|  13|0x0000000084d00000, 0x0000000084e00000, 0x0000000084e00000|100%| O|  |TAMS 0x0000000084e00000, 0x0000000084d00000| Untracked 
|  14|0x0000000084e00000, 0x0000000084f00000, 0x0000000084f00000|100%| O|  |TAMS 0x0000000084f00000, 0x0000000084e00000| Untracked 
|  15|0x0000000084f00000, 0x0000000085000000, 0x0000000085000000|100%| O|  |TAMS 0x0000000085000000, 0x0000000084f00000| Untracked 
|  16|0x0000000085000000, 0x0000000085100000, 0x0000000085100000|100%| O|  |TAMS 0x0000000085100000, 0x0000000085000000| Untracked 
|  17|0x0000000085100000, 0x0000000085200000, 0x0000000085200000|100%| O|  |TAMS 0x0000000085200000, 0x0000000085100000| Untracked 
|  18|0x0000000085200000, 0x0000000085300000, 0x0000000085300000|100%| O|  |TAMS 0x0000000085300000, 0x0000000085200000| Untracked 
|  19|0x0000000085300000, 0x0000000085400000, 0x0000000085400000|100%|HS|  |TAMS 0x0000000085300000, 0x0000000085300000| Complete 
|  20|0x0000000085400000, 0x0000000085500000, 0x0000000085500000|100%|HC|  |TAMS 0x0000000085400000, 0x0000000085400000| Complete 
|  21|0x0000000085500000, 0x0000000085600000, 0x0000000085600000|100%| O|  |TAMS 0x0000000085500000, 0x0000000085500000| Untracked 
|  22|0x0000000085600000, 0x0000000085700000, 0x0000000085700000|100%| O|  |TAMS 0x0000000085600000, 0x0000000085600000| Untracked 
|  23|0x0000000085700000, 0x0000000085800000, 0x0000000085800000|100%| O|  |TAMS 0x0000000085700000, 0x0000000085700000| Untracked 
|  24|0x0000000085800000, 0x0000000085900000, 0x0000000085900000|100%| O|  |TAMS 0x0000000085900000, 0x0000000085800000| Untracked 
|  25|0x0000000085900000, 0x0000000085a00000, 0x0000000085a00000|100%| O|  |TAMS 0x0000000085a00000, 0x0000000085900000| Untracked 
|  26|0x0000000085a00000, 0x0000000085b00000, 0x0000000085b00000|100%| O|  |TAMS 0x0000000085b00000, 0x0000000085a00000| Untracked 
|  27|0x0000000085b00000, 0x0000000085c00000, 0x0000000085c00000|100%| O|  |TAMS 0x0000000085c00000, 0x0000000085b00000| Untracked 
|  28|0x0000000085c00000, 0x0000000085d00000, 0x0000000085d00000|100%| O|  |TAMS 0x0000000085d00000, 0x0000000085c00000| Untracked 
|  29|0x0000000085d00000, 0x0000000085e00000, 0x0000000085e00000|100%| O|  |TAMS 0x0000000085e00000, 0x0000000085d00000| Untracked 
|  30|0x0000000085e00000, 0x0000000085f00000, 0x0000000085f00000|100%| O|  |TAMS 0x0000000085f00000, 0x0000000085e00000| Untracked 
|  31|0x0000000085f00000, 0x0000000086000000, 0x0000000086000000|100%| O|  |TAMS 0x0000000085f00000, 0x0000000085f00000| Untracked 
|  32|0x0000000086000000, 0x0000000086100000, 0x0000000086100000|100%| O|  |TAMS 0x0000000086000000, 0x0000000086000000| Untracked 
|  33|0x0000000086100000, 0x0000000086200000, 0x0000000086200000|100%| O|  |TAMS 0x0000000086100000, 0x0000000086100000| Untracked 
|  34|0x0000000086200000, 0x0000000086300000, 0x0000000086300000|100%| O|  |TAMS 0x0000000086200000, 0x0000000086200000| Untracked 
|  35|0x0000000086300000, 0x0000000086400000, 0x0000000086400000|100%| O|  |TAMS 0x0000000086300000, 0x0000000086300000| Untracked 
|  36|0x0000000086400000, 0x0000000086500000, 0x0000000086500000|100%| O|  |TAMS 0x0000000086400000, 0x0000000086400000| Untracked 
|  37|0x0000000086500000, 0x0000000086600000, 0x0000000086600000|100%| O|  |TAMS 0x0000000086500000, 0x0000000086500000| Untracked 
|  38|0x0000000086600000, 0x0000000086700000, 0x0000000086700000|100%| O|  |TAMS 0x0000000086600000, 0x0000000086600000| Untracked 
|  39|0x0000000086700000, 0x0000000086800000, 0x0000000086800000|100%| O|  |TAMS 0x0000000086700000, 0x0000000086700000| Untracked 
|  40|0x0000000086800000, 0x0000000086900000, 0x0000000086900000|100%| O|  |TAMS 0x0000000086800000, 0x0000000086800000| Untracked 
|  41|0x0000000086900000, 0x0000000086a00000, 0x0000000086a00000|100%| O|  |TAMS 0x0000000086900000, 0x0000000086900000| Untracked 
|  42|0x0000000086a00000, 0x0000000086b00000, 0x0000000086b00000|100%| O|  |TAMS 0x0000000086a00000, 0x0000000086a00000| Untracked 
|  43|0x0000000086b00000, 0x0000000086c00000, 0x0000000086c00000|100%| O|  |TAMS 0x0000000086b00000, 0x0000000086b00000| Untracked 
|  44|0x0000000086c00000, 0x0000000086d00000, 0x0000000086d00000|100%| O|  |TAMS 0x0000000086c00000, 0x0000000086c00000| Untracked 
|  45|0x0000000086d00000, 0x0000000086e00000, 0x0000000086e00000|100%| O|  |TAMS 0x0000000086d00000, 0x0000000086d00000| Untracked 
|  46|0x0000000086e00000, 0x0000000086f00000, 0x0000000086f00000|100%| O|  |TAMS 0x0000000086e00000, 0x0000000086e00000| Untracked 
|  47|0x0000000086f00000, 0x0000000087000000, 0x0000000087000000|100%| O|  |TAMS 0x0000000086f00000, 0x0000000086f00000| Untracked 
|  48|0x0000000087000000, 0x0000000087100000, 0x0000000087100000|100%| O|  |TAMS 0x0000000087000000, 0x0000000087000000| Untracked 
|  49|0x0000000087100000, 0x000000008717b600, 0x0000000087200000| 48%| O|  |TAMS 0x0000000087100000, 0x0000000087100000| Untracked 
|  50|0x0000000087200000, 0x0000000087200000, 0x0000000087300000|  0%| F|  |TAMS 0x0000000087200000, 0x0000000087200000| Untracked 
|  51|0x0000000087300000, 0x0000000087300000, 0x0000000087400000|  0%| F|  |TAMS 0x0000000087300000, 0x0000000087300000| Untracked 
|  52|0x0000000087400000, 0x0000000087400000, 0x0000000087500000|  0%| F|  |TAMS 0x0000000087400000, 0x0000000087400000| Untracked 
|  53|0x0000000087500000, 0x0000000087500000, 0x0000000087600000|  0%| F|  |TAMS 0x0000000087500000, 0x0000000087500000| Untracked 
|  54|0x0000000087600000, 0x0000000087600000, 0x0000000087700000|  0%| F|  |TAMS 0x0000000087600000, 0x0000000087600000| Untracked 
|  55|0x0000000087700000, 0x0000000087700000, 0x0000000087800000|  0%| F|  |TAMS 0x0000000087700000, 0x0000000087700000| Untracked 
|  56|0x0000000087800000, 0x0000000087800000, 0x0000000087900000|  0%| F|  |TAMS 0x0000000087800000, 0x0000000087800000| Untracked 
|  57|0x0000000087900000, 0x0000000087900000, 0x0000000087a00000|  0%| F|  |TAMS 0x0000000087900000, 0x0000000087900000| Untracked 
|  58|0x0000000087a00000, 0x0000000087a00000, 0x0000000087b00000|  0%| F|  |TAMS 0x0000000087a00000, 0x0000000087a00000| Untracked 
|  59|0x0000000087b00000, 0x0000000087b00000, 0x0000000087c00000|  0%| F|  |TAMS 0x0000000087b00000, 0x0000000087b00000| Untracked 
|  60|0x0000000087c00000, 0x0000000087c00000, 0x0000000087d00000|  0%| F|  |TAMS 0x0000000087c00000, 0x0000000087c00000| Untracked 
|  61|0x0000000087d00000, 0x0000000087d00000, 0x0000000087e00000|  0%| F|  |TAMS 0x0000000087d00000, 0x0000000087d00000| Untracked 
|  62|0x0000000087e00000, 0x0000000087e00000, 0x0000000087f00000|  0%| F|  |TAMS 0x0000000087e00000, 0x0000000087e00000| Untracked 
|  63|0x0000000087f00000, 0x0000000087f00000, 0x0000000088000000|  0%| F|  |TAMS 0x0000000087f00000, 0x0000000087f00000| Untracked 
|  64|0x0000000088000000, 0x0000000088000000, 0x0000000088100000|  0%| F|  |TAMS 0x0000000088000000, 0x0000000088000000| Untracked 
|  65|0x0000000088100000, 0x0000000088100000, 0x0000000088200000|  0%| F|  |TAMS 0x0000000088100000, 0x0000000088100000| Untracked 
|  66|0x0000000088200000, 0x0000000088200000, 0x0000000088300000|  0%| F|  |TAMS 0x0000000088200000, 0x0000000088200000| Untracked 
|  67|0x0000000088300000, 0x0000000088400000, 0x0000000088400000|100%| S|CS|TAMS 0x0000000088300000, 0x0000000088300000| Complete 
|  68|0x0000000088400000, 0x0000000088500000, 0x0000000088500000|100%| S|CS|TAMS 0x0000000088400000, 0x0000000088400000| Complete 
|  69|0x0000000088500000, 0x0000000088600000, 0x0000000088600000|100%| S|CS|TAMS 0x0000000088500000, 0x0000000088500000| Complete 
|  70|0x0000000088600000, 0x0000000088700000, 0x0000000088700000|100%| S|CS|TAMS 0x0000000088600000, 0x0000000088600000| Complete 
|  71|0x0000000088700000, 0x0000000088800000, 0x0000000088800000|100%| S|CS|TAMS 0x0000000088700000, 0x0000000088700000| Complete 
|  72|0x0000000088800000, 0x0000000088800000, 0x0000000088900000|  0%| F|  |TAMS 0x0000000088800000, 0x0000000088800000| Untracked 
|  73|0x0000000088900000, 0x0000000088900000, 0x0000000088a00000|  0%| F|  |TAMS 0x0000000088900000, 0x0000000088900000| Untracked 
|  74|0x0000000088a00000, 0x0000000088a00000, 0x0000000088b00000|  0%| F|  |TAMS 0x0000000088a00000, 0x0000000088a00000| Untracked 
|  75|0x0000000088b00000, 0x0000000088b00000, 0x0000000088c00000|  0%| F|  |TAMS 0x0000000088b00000, 0x0000000088b00000| Untracked 
|  76|0x0000000088c00000, 0x0000000088c00000, 0x0000000088d00000|  0%| F|  |TAMS 0x0000000088c00000, 0x0000000088c00000| Untracked 
|  77|0x0000000088d00000, 0x0000000088d00000, 0x0000000088e00000|  0%| F|  |TAMS 0x0000000088d00000, 0x0000000088d00000| Untracked 
|  78|0x0000000088e00000, 0x0000000088e00000, 0x0000000088f00000|  0%| F|  |TAMS 0x0000000088e00000, 0x0000000088e00000| Untracked 
|  79|0x0000000088f00000, 0x0000000088f00000, 0x0000000089000000|  0%| F|  |TAMS 0x0000000088f00000, 0x0000000088f00000| Untracked 
|  80|0x0000000089000000, 0x0000000089000000, 0x0000000089100000|  0%| F|  |TAMS 0x0000000089000000, 0x0000000089000000| Untracked 
|  81|0x0000000089100000, 0x0000000089100000, 0x0000000089200000|  0%| F|  |TAMS 0x0000000089100000, 0x0000000089100000| Untracked 
|  82|0x0000000089200000, 0x0000000089200000, 0x0000000089300000|  0%| F|  |TAMS 0x0000000089200000, 0x0000000089200000| Untracked 
|  83|0x0000000089300000, 0x0000000089300000, 0x0000000089400000|  0%| F|  |TAMS 0x0000000089300000, 0x0000000089300000| Untracked 
|  84|0x0000000089400000, 0x0000000089400000, 0x0000000089500000|  0%| F|  |TAMS 0x0000000089400000, 0x0000000089400000| Untracked 
|  85|0x0000000089500000, 0x0000000089500000, 0x0000000089600000|  0%| F|  |TAMS 0x0000000089500000, 0x0000000089500000| Untracked 
|  86|0x0000000089600000, 0x0000000089600000, 0x0000000089700000|  0%| F|  |TAMS 0x0000000089600000, 0x0000000089600000| Untracked 
|  87|0x0000000089700000, 0x0000000089700000, 0x0000000089800000|  0%| F|  |TAMS 0x0000000089700000, 0x0000000089700000| Untracked 
|  88|0x0000000089800000, 0x0000000089800000, 0x0000000089900000|  0%| F|  |TAMS 0x0000000089800000, 0x0000000089800000| Untracked 
|  89|0x0000000089900000, 0x0000000089900000, 0x0000000089a00000|  0%| F|  |TAMS 0x0000000089900000, 0x0000000089900000| Untracked 
|  90|0x0000000089a00000, 0x0000000089a00000, 0x0000000089b00000|  0%| F|  |TAMS 0x0000000089a00000, 0x0000000089a00000| Untracked 
|  91|0x0000000089b00000, 0x0000000089b00000, 0x0000000089c00000|  0%| F|  |TAMS 0x0000000089b00000, 0x0000000089b00000| Untracked 
|  92|0x0000000089c00000, 0x0000000089c00000, 0x0000000089d00000|  0%| F|  |TAMS 0x0000000089c00000, 0x0000000089c00000| Untracked 
|  93|0x0000000089d00000, 0x0000000089d00000, 0x0000000089e00000|  0%| F|  |TAMS 0x0000000089d00000, 0x0000000089d00000| Untracked 
|  94|0x0000000089e00000, 0x0000000089e00000, 0x0000000089f00000|  0%| F|  |TAMS 0x0000000089e00000, 0x0000000089e00000| Untracked 
|  95|0x0000000089f00000, 0x0000000089f00000, 0x000000008a000000|  0%| F|  |TAMS 0x0000000089f00000, 0x0000000089f00000| Untracked 
|  96|0x000000008a000000, 0x000000008a000000, 0x000000008a100000|  0%| F|  |TAMS 0x000000008a000000, 0x000000008a000000| Untracked 
|  97|0x000000008a100000, 0x000000008a100000, 0x000000008a200000|  0%| F|  |TAMS 0x000000008a100000, 0x000000008a100000| Untracked 
|  98|0x000000008a200000, 0x000000008a200000, 0x000000008a300000|  0%| F|  |TAMS 0x000000008a200000, 0x000000008a200000| Untracked 
|  99|0x000000008a300000, 0x000000008a300000, 0x000000008a400000|  0%| F|  |TAMS 0x000000008a300000, 0x000000008a300000| Untracked 
| 100|0x000000008a400000, 0x000000008a400000, 0x000000008a500000|  0%| F|  |TAMS 0x000000008a400000, 0x000000008a400000| Untracked 
| 101|0x000000008a500000, 0x000000008a500000, 0x000000008a600000|  0%| F|  |TAMS 0x000000008a500000, 0x000000008a500000| Untracked 
| 102|0x000000008a600000, 0x000000008a600000, 0x000000008a700000|  0%| F|  |TAMS 0x000000008a600000, 0x000000008a600000| Untracked 
| 103|0x000000008a700000, 0x000000008a700000, 0x000000008a800000|  0%| F|  |TAMS 0x000000008a700000, 0x000000008a700000| Untracked 
| 104|0x000000008a800000, 0x000000008a800000, 0x000000008a900000|  0%| F|  |TAMS 0x000000008a800000, 0x000000008a800000| Untracked 
| 105|0x000000008a900000, 0x000000008a900000, 0x000000008aa00000|  0%| F|  |TAMS 0x000000008a900000, 0x000000008a900000| Untracked 
| 106|0x000000008aa00000, 0x000000008aa00000, 0x000000008ab00000|  0%| F|  |TAMS 0x000000008aa00000, 0x000000008aa00000| Untracked 
| 107|0x000000008ab00000, 0x000000008ab00000, 0x000000008ac00000|  0%| F|  |TAMS 0x000000008ab00000, 0x000000008ab00000| Untracked 
| 108|0x000000008ac00000, 0x000000008ac00000, 0x000000008ad00000|  0%| F|  |TAMS 0x000000008ac00000, 0x000000008ac00000| Untracked 
| 109|0x000000008ad00000, 0x000000008ad00000, 0x000000008ae00000|  0%| F|  |TAMS 0x000000008ad00000, 0x000000008ad00000| Untracked 
| 110|0x000000008ae00000, 0x000000008ae00000, 0x000000008af00000|  0%| F|  |TAMS 0x000000008ae00000, 0x000000008ae00000| Untracked 
| 111|0x000000008af00000, 0x000000008af80800, 0x000000008b000000| 50%| E|  |TAMS 0x000000008af00000, 0x000000008af00000| Complete 
| 112|0x000000008b000000, 0x000000008b100000, 0x000000008b100000|100%| E|CS|TAMS 0x000000008b000000, 0x000000008b000000| Complete 
| 113|0x000000008b100000, 0x000000008b200000, 0x000000008b200000|100%| E|CS|TAMS 0x000000008b100000, 0x000000008b100000| Complete 
| 114|0x000000008b200000, 0x000000008b300000, 0x000000008b300000|100%| E|CS|TAMS 0x000000008b200000, 0x000000008b200000| Complete 
| 115|0x000000008b300000, 0x000000008b400000, 0x000000008b400000|100%| E|CS|TAMS 0x000000008b300000, 0x000000008b300000| Complete 
| 116|0x000000008b400000, 0x000000008b500000, 0x000000008b500000|100%| E|CS|TAMS 0x000000008b400000, 0x000000008b400000| Complete 
| 117|0x000000008b500000, 0x000000008b600000, 0x000000008b600000|100%| E|CS|TAMS 0x000000008b500000, 0x000000008b500000| Complete 
| 118|0x000000008b600000, 0x000000008b700000, 0x000000008b700000|100%| E|CS|TAMS 0x000000008b600000, 0x000000008b600000| Complete 
| 123|0x000000008bb00000, 0x000000008bc00000, 0x000000008bc00000|100%| E|CS|TAMS 0x000000008bb00000, 0x000000008bb00000| Complete 

Card table byte_map: [0x000002819f440000,0x000002819f820000] _byte_map_base: 0x000002819f020000

Marking Bits (Prev, Next): (CMBitMap*) 0x00000281865af750, (CMBitMap*) 0x00000281865af790
 Prev Bits: [0x000002819fc00000, 0x00000281a1b00000)
 Next Bits: [0x00000281a1b00000, 0x00000281a3a00000)

Polling page: 0x0000028186620000

Metaspace:

Usage:
  Non-class:     44.19 MB used.
      Class:      5.93 MB used.
       Both:     50.12 MB used.

Virtual space:
  Non-class space:       64.00 MB reserved,      44.31 MB ( 69%) committed,  1 nodes.
      Class space:        1.00 GB reserved,       6.12 MB ( <1%) committed,  1 nodes.
             Both:        1.06 GB reserved,      50.44 MB (  5%) committed. 

Chunk freelists:
   Non-Class:  3.39 MB
       Class:  9.87 MB
        Both:  13.26 MB

MaxMetaspaceSize: unlimited
CompressedClassSpaceSize: 1.00 GB
Initial GC threshold: 21.00 MB
Current GC threshold: 58.88 MB
CDS: on
MetaspaceReclaimPolicy: balanced
 - commit_granule_bytes: 65536.
 - commit_granule_words: 8192.
 - virtual_space_node_default_size: 8388608.
 - enlarge_chunks_in_place: 1.
 - new_chunks_are_fully_committed: 0.
 - uncommit_free_chunks: 1.
 - use_allocation_guard: 0.
 - handle_deallocations: 1.


Internal statistics:

num_allocs_failed_limit: 6.
num_arena_births: 300.
num_arena_deaths: 0.
num_vsnodes_births: 2.
num_vsnodes_deaths: 0.
num_space_committed: 805.
num_space_uncommitted: 0.
num_chunks_returned_to_freelist: 6.
num_chunks_taken_from_freelist: 2125.
num_chunk_merges: 6.
num_chunk_splits: 1687.
num_chunks_enlarged: 1455.
num_inconsistent_stats: 0.

CodeHeap 'non-profiled nmethods': size=120000Kb used=2103Kb max_used=2357Kb free=117897Kb
 bounds [0x00000281970d0000, 0x0000028197340000, 0x000002819e600000]
CodeHeap 'profiled nmethods': size=120000Kb used=14506Kb max_used=16197Kb free=105493Kb
 bounds [0x000002818f600000, 0x00000281905e0000, 0x0000028196b30000]
CodeHeap 'non-nmethods': size=5760Kb used=1317Kb max_used=1369Kb free=4442Kb
 bounds [0x0000028196b30000, 0x0000028196da0000, 0x00000281970d0000]
 total_blobs=7199 nmethods=6579 adapters=530
 compilation: enabled
              stopped_count=0, restarted_count=0
 full_count=0

Compilation events (20 events):
Event: 11.536 Thread 0x00000281a64e15e0 7676       1       org.jetbrains.kotlin.serialization.deserialization.ClassData::component3 (5 bytes)
Event: 11.536 Thread 0x00000281a64e15e0 nmethod 7676 0x00000281970dee10 code [0x00000281970defa0, 0x00000281970df078]
Event: 11.536 Thread 0x00000281a64e15e0 7677       1       org.jetbrains.kotlin.serialization.deserialization.ClassData::component4 (5 bytes)
Event: 11.536 Thread 0x00000281a64e15e0 nmethod 7677 0x00000281970f1910 code [0x00000281970f1aa0, 0x00000281970f1b78]
Event: 11.536 Thread 0x00000281a64e15e0 7678       1       org.jetbrains.kotlin.metadata.ProtoBuf$Class::getTypeParameterList (5 bytes)
Event: 11.536 Thread 0x00000281a64e15e0 nmethod 7678 0x0000028197128790 code [0x0000028197128920, 0x00000281971289f8]
Event: 11.539 Thread 0x00000281a64e15e0 7679       1       org.jetbrains.kotlin.resolve.calls.inference.model.MutableConstraintStorage::getPostponedTypeVariables (5 bytes)
Event: 11.539 Thread 0x00000281a64e15e0 nmethod 7679 0x0000028197149b10 code [0x0000028197149ca0, 0x0000028197149d78]
Event: 11.540 Thread 0x00000281a64e15e0 7680       2       org.jetbrains.kotlin.resolve.calls.inference.model.NewConstraintSystemImpl::getErrors (8 bytes)
Event: 11.540 Thread 0x00000281a64e15e0 nmethod 7680 0x000002818f9c1390 code [0x000002818f9c1520, 0x000002818f9c1638]
Event: 11.540 Thread 0x00000281a64e15e0 7681       1       org.jetbrains.kotlin.resolve.calls.inference.model.NewConstraintSystemImpl::setAtCompletionState (6 bytes)
Event: 11.540 Thread 0x00000281a64e15e0 nmethod 7681 0x0000028197244490 code [0x0000028197244620, 0x00000281972446f8]
Event: 11.540 Thread 0x00000281a64e15e0 7682       1       org.jetbrains.kotlin.resolve.calls.inference.components.FreshVariableNewTypeSubstitutor::getFreshVariables (5 bytes)
Event: 11.540 Thread 0x00000281a64e15e0 nmethod 7682 0x000002819712c410 code [0x000002819712c5a0, 0x000002819712c678]
Event: 11.540 Thread 0x00000281a64e15e0 7683       1       org.jetbrains.kotlin.resolve.calls.util.CallMaker$3::getCallOperationNode (5 bytes)
Event: 11.541 Thread 0x00000281a64e15e0 nmethod 7683 0x0000028197156490 code [0x0000028197156620, 0x00000281971566f8]
Event: 11.541 Thread 0x00000281a64e15e0 7684       3       org.jetbrains.kotlin.resolve.scopes.MemberScope$Companion$ALL_NAME_FILTER$1::invoke (9 bytes)
Event: 11.542 Thread 0x00000281a64e15e0 nmethod 7684 0x000002818f72e590 code [0x000002818f72e7c0, 0x000002818f72ef38]
Event: 11.543 Thread 0x00000281a64e15e0 7685       2       javaslang.collection.HashArrayMappedTrieModule$LeafSingleton::modify (77 bytes)
Event: 11.544 Thread 0x00000281a64e15e0 nmethod 7685 0x000002818f6f2c90 code [0x000002818f6f2e60, 0x000002818f6f33b8]

GC Heap History (20 events):
Event: 2.732 GC heap before
{Heap before GC invocations=2 (full 0):
 garbage-first heap   total 126976K, used 39970K [0x0000000084000000, 0x0000000100000000)
  region size 1024K, 30 young (30720K), 4 survivors (4096K)
 Metaspace       used 21250K, committed 21504K, reserved 1114112K
  class space    used 2748K, committed 2880K, reserved 1048576K
}
Event: 2.742 GC heap after
{Heap after GC invocations=3 (full 0):
 garbage-first heap   total 126976K, used 16634K [0x0000000084000000, 0x0000000100000000)
  region size 1024K, 6 young (6144K), 6 survivors (6144K)
 Metaspace       used 21250K, committed 21504K, reserved 1114112K
  class space    used 2748K, committed 2880K, reserved 1048576K
}
Event: 4.175 GC heap before
{Heap before GC invocations=4 (full 0):
 garbage-first heap   total 61440K, used 49402K [0x0000000084000000, 0x0000000100000000)
  region size 1024K, 36 young (36864K), 6 survivors (6144K)
 Metaspace       used 25805K, committed 26048K, reserved 1114112K
  class space    used 3448K, committed 3584K, reserved 1048576K
}
Event: 4.203 GC heap after
{Heap after GC invocations=5 (full 0):
 garbage-first heap   total 61440K, used 24196K [0x0000000084000000, 0x0000000100000000)
  region size 1024K, 5 young (5120K), 5 survivors (5120K)
 Metaspace       used 25805K, committed 26048K, reserved 1114112K
  class space    used 3448K, committed 3584K, reserved 1048576K
}
Event: 4.242 GC heap before
{Heap before GC invocations=5 (full 0):
 garbage-first heap   total 61440K, used 25220K [0x0000000084000000, 0x0000000100000000)
  region size 1024K, 6 young (6144K), 5 survivors (5120K)
 Metaspace       used 25996K, committed 26240K, reserved 1114112K
  class space    used 3473K, committed 3584K, reserved 1048576K
}
Event: 4.254 GC heap after
{Heap after GC invocations=6 (full 0):
 garbage-first heap   total 61440K, used 26021K [0x0000000084000000, 0x0000000100000000)
  region size 1024K, 1 young (1024K), 1 survivors (1024K)
 Metaspace       used 25996K, committed 26240K, reserved 1114112K
  class space    used 3473K, committed 3584K, reserved 1048576K
}
Event: 4.882 GC heap before
{Heap before GC invocations=6 (full 0):
 garbage-first heap   total 61440K, used 46501K [0x0000000084000000, 0x0000000100000000)
  region size 1024K, 21 young (21504K), 1 survivors (1024K)
 Metaspace       used 29647K, committed 29888K, reserved 1114112K
  class space    used 3855K, committed 3968K, reserved 1048576K
}
Event: 4.891 GC heap after
{Heap after GC invocations=7 (full 0):
 garbage-first heap   total 61440K, used 25924K [0x0000000084000000, 0x0000000100000000)
  region size 1024K, 3 young (3072K), 3 survivors (3072K)
 Metaspace       used 29647K, committed 29888K, reserved 1114112K
  class space    used 3855K, committed 3968K, reserved 1048576K
}
Event: 5.437 GC heap before
{Heap before GC invocations=7 (full 0):
 garbage-first heap   total 61440K, used 45380K [0x0000000084000000, 0x0000000100000000)
  region size 1024K, 23 young (23552K), 3 survivors (3072K)
 Metaspace       used 33721K, committed 33920K, reserved 1114112K
  class space    used 4217K, committed 4288K, reserved 1048576K
}
Event: 5.446 GC heap after
{Heap after GC invocations=8 (full 0):
 garbage-first heap   total 108544K, used 27823K [0x0000000084000000, 0x0000000100000000)
  region size 1024K, 2 young (2048K), 2 survivors (2048K)
 Metaspace       used 33721K, committed 33920K, reserved 1114112K
  class space    used 4217K, committed 4288K, reserved 1048576K
}
Event: 5.788 GC heap before
{Heap before GC invocations=8 (full 0):
 garbage-first heap   total 108544K, used 34991K [0x0000000084000000, 0x0000000100000000)
  region size 1024K, 10 young (10240K), 2 survivors (2048K)
 Metaspace       used 35827K, committed 36096K, reserved 1114112K
  class space    used 4412K, committed 4544K, reserved 1048576K
}
Event: 5.796 GC heap after
{Heap after GC invocations=9 (full 0):
 garbage-first heap   total 108544K, used 28835K [0x0000000084000000, 0x0000000100000000)
  region size 1024K, 3 young (3072K), 3 survivors (3072K)
 Metaspace       used 35827K, committed 36096K, reserved 1114112K
  class space    used 4412K, committed 4544K, reserved 1048576K
}
Event: 7.459 GC heap before
{Heap before GC invocations=10 (full 0):
 garbage-first heap   total 102400K, used 85155K [0x0000000084000000, 0x0000000100000000)
  region size 1024K, 55 young (56320K), 3 survivors (3072K)
 Metaspace       used 41892K, committed 42112K, reserved 1114112K
  class space    used 5100K, committed 5184K, reserved 1048576K
}
Event: 7.481 GC heap after
{Heap after GC invocations=11 (full 0):
 garbage-first heap   total 102400K, used 38939K [0x0000000084000000, 0x0000000100000000)
  region size 1024K, 7 young (7168K), 7 survivors (7168K)
 Metaspace       used 41892K, committed 42112K, reserved 1114112K
  class space    used 5100K, committed 5184K, reserved 1048576K
}
Event: 8.596 GC heap before
{Heap before GC invocations=11 (full 0):
 garbage-first heap   total 102400K, used 75803K [0x0000000084000000, 0x0000000100000000)
  region size 1024K, 43 young (44032K), 7 survivors (7168K)
 Metaspace       used 45694K, committed 45952K, reserved 1114112K
  class space    used 5474K, committed 5568K, reserved 1048576K
}
Event: 8.622 GC heap after
{Heap after GC invocations=12 (full 0):
 garbage-first heap   total 102400K, used 44252K [0x0000000084000000, 0x0000000100000000)
  region size 1024K, 5 young (5120K), 5 survivors (5120K)
 Metaspace       used 45694K, committed 45952K, reserved 1114112K
  class space    used 5474K, committed 5568K, reserved 1048576K
}
Event: 10.839 GC heap before
{Heap before GC invocations=12 (full 0):
 garbage-first heap   total 102400K, used 78044K [0x0000000084000000, 0x0000000100000000)
  region size 1024K, 38 young (38912K), 5 survivors (5120K)
 Metaspace       used 51089K, committed 51456K, reserved 1114112K
  class space    used 6068K, committed 6272K, reserved 1048576K
}
Event: 10.866 GC heap after
{Heap after GC invocations=13 (full 0):
 garbage-first heap   total 102400K, used 49418K [0x0000000084000000, 0x0000000100000000)
  region size 1024K, 5 young (5120K), 5 survivors (5120K)
 Metaspace       used 51089K, committed 51456K, reserved 1114112K
  class space    used 6068K, committed 6272K, reserved 1048576K
}
Event: 11.385 GC heap before
{Heap before GC invocations=13 (full 0):
 garbage-first heap   total 102400K, used 78090K [0x0000000084000000, 0x0000000100000000)
  region size 1024K, 33 young (33792K), 5 survivors (5120K)
 Metaspace       used 51288K, committed 51648K, reserved 1114112K
  class space    used 6076K, committed 6272K, reserved 1048576K
}
Event: 11.412 GC heap after
{Heap after GC invocations=14 (full 0):
 garbage-first heap   total 122880K, used 55032K [0x0000000084000000, 0x0000000100000000)
  region size 1024K, 5 young (5120K), 5 survivors (5120K)
 Metaspace       used 51288K, committed 51648K, reserved 1114112K
  class space    used 6076K, committed 6272K, reserved 1048576K
}

Deoptimization events (20 events):
Event: 10.727 Thread 0x0000028186555fa0 DEOPT PACKING pc=0x000002818f9fca64 sp=0x000000874defaee0
Event: 10.727 Thread 0x0000028186555fa0 DEOPT UNPACKING pc=0x0000028196b866e3 sp=0x000000874defa460 mode 0
Event: 10.921 Thread 0x0000028186555fa0 DEOPT PACKING pc=0x00000281900a381a sp=0x000000874defcb20
Event: 10.921 Thread 0x0000028186555fa0 DEOPT UNPACKING pc=0x0000028196b866e3 sp=0x000000874defc010 mode 0
Event: 10.921 Thread 0x0000028186555fa0 DEOPT PACKING pc=0x00000281900318ca sp=0x000000874defd010
Event: 10.921 Thread 0x0000028186555fa0 DEOPT UNPACKING pc=0x0000028196b866e3 sp=0x000000874defc4b8 mode 0
Event: 10.938 Thread 0x0000028186555fa0 DEOPT PACKING pc=0x000002818fbd44e5 sp=0x000000874defc630
Event: 10.938 Thread 0x0000028186555fa0 DEOPT UNPACKING pc=0x0000028196b866e3 sp=0x000000874defba80 mode 0
Event: 11.152 Thread 0x0000028186555fa0 DEOPT PACKING pc=0x000002818fbd44e5 sp=0x000000874defb1d0
Event: 11.152 Thread 0x0000028186555fa0 DEOPT UNPACKING pc=0x0000028196b866e3 sp=0x000000874defa620 mode 0
Event: 11.176 Thread 0x0000028186555fa0 DEOPT PACKING pc=0x000002818f9fca64 sp=0x000000874defac70
Event: 11.176 Thread 0x0000028186555fa0 DEOPT UNPACKING pc=0x0000028196b866e3 sp=0x000000874defa1f0 mode 0
Event: 11.283 Thread 0x0000028186555fa0 DEOPT PACKING pc=0x000002818fbd44e5 sp=0x000000874defce20
Event: 11.283 Thread 0x0000028186555fa0 DEOPT UNPACKING pc=0x0000028196b866e3 sp=0x000000874defc270 mode 0
Event: 11.431 Thread 0x0000028186555fa0 DEOPT PACKING pc=0x000002818fbd44e5 sp=0x000000874defc270
Event: 11.431 Thread 0x0000028186555fa0 DEOPT UNPACKING pc=0x0000028196b866e3 sp=0x000000874defb6c0 mode 0
Event: 11.487 Thread 0x0000028186555fa0 DEOPT PACKING pc=0x000002818f9fca64 sp=0x000000874defc0a0
Event: 11.487 Thread 0x0000028186555fa0 DEOPT UNPACKING pc=0x0000028196b866e3 sp=0x000000874defb620 mode 0
Event: 11.532 Thread 0x0000028186555fa0 DEOPT PACKING pc=0x000002818fbd44e5 sp=0x000000874defb560
Event: 11.532 Thread 0x0000028186555fa0 DEOPT UNPACKING pc=0x0000028196b866e3 sp=0x000000874defa9b0 mode 0

Classes unloaded (0 events):
No events

Classes redefined (0 events):
No events

Internal exceptions (20 events):
Event: 2.587 Thread 0x0000028186555fa0 Exception <a 'java/lang/NoSuchMethodError'{0x000000008a68fbc0}: 'void java.lang.invoke.DirectMethodHandle$Holder.invokeVirtual(java.lang.Object, java.lang.Object)'> (0x000000008a68fbc0) 
thrown [s\open\src\hotspot\share\interpreter\linkResolver.cpp, line 759]
Event: 2.602 Thread 0x0000028186555fa0 Exception <a 'java/lang/NoSuchMethodError'{0x000000008a51b340}: 'int java.lang.invoke.DirectMethodHandle$Holder.invokeVirtual(java.lang.Object, java.lang.Object)'> (0x000000008a51b340) 
thrown [s\open\src\hotspot\share\interpreter\linkResolver.cpp, line 759]
Event: 2.625 Thread 0x0000028186555fa0 Exception <a 'java/lang/NoSuchMethodError'{0x000000008a5c22b8}: 'java.lang.Object java.lang.invoke.Invokers$Holder.invokeExact_MT(java.lang.Object, java.lang.Object, java.lang.Object, java.lang.Object, java.lang.Object, java.lang.Object)'> (0x000000008a5c22b8) 
thrown [s\open\src\hotspot\share\interpreter\linkResolver.cpp, line 759]
Event: 4.393 Thread 0x0000028186555fa0 Exception <a 'java/lang/NoSuchMethodError'{0x0000000089d66398}: 'java.lang.Object java.lang.invoke.DirectMethodHandle$Holder.invokeVirtual(java.lang.Object, java.lang.Object, java.lang.Object)'> (0x0000000089d66398) 
thrown [s\open\src\hotspot\share\interpreter\linkResolver.cpp, line 759]
Event: 5.554 Thread 0x0000028186555fa0 Exception <a 'java/lang/NoSuchMethodError'{0x000000008a679d00}: 'java.lang.Object java.lang.invoke.DirectMethodHandle$Holder.newInvokeSpecial(java.lang.Object, java.lang.Object, int)'> (0x000000008a679d00) 
thrown [s\open\src\hotspot\share\interpreter\linkResolver.cpp, line 759]
Event: 6.010 Thread 0x0000028186555fa0 Exception <a 'java/lang/NoSuchMethodError'{0x0000000089d38a80}: 'java.lang.Object java.lang.invoke.DirectMethodHandle$Holder.newInvokeSpecial(java.lang.Object, java.lang.Object, java.lang.Object, int)'> (0x0000000089d38a80) 
thrown [s\open\src\hotspot\share\interpreter\linkResolver.cpp, line 759]
Event: 6.011 Thread 0x0000028186555fa0 Exception <a 'java/lang/NoSuchMethodError'{0x0000000089d3d108}: 'java.lang.Object java.lang.invoke.DirectMethodHandle$Holder.invokeSpecial(java.lang.Object, java.lang.Object, java.lang.Object, java.lang.Object, int)'> (0x0000000089d3d108) 
thrown [s\open\src\hotspot\share\interpreter\linkResolver.cpp, line 759]
Event: 6.011 Thread 0x0000028186555fa0 Exception <a 'java/lang/NoSuchMethodError'{0x0000000089d40f78}: 'java.lang.Object java.lang.invoke.Invokers$Holder.linkToTargetMethod(java.lang.Object, java.lang.Object, int, java.lang.Object)'> (0x0000000089d40f78) 
thrown [s\open\src\hotspot\share\interpreter\linkResolver.cpp, line 759]
Event: 6.333 Thread 0x0000028186555fa0 Exception <a 'java/lang/NoSuchMethodError'{0x000000008946cbe0}: 'java.lang.Object java.lang.invoke.DirectMethodHandle$Holder.invokeInterface(java.lang.Object, java.lang.Object)'> (0x000000008946cbe0) 
thrown [s\open\src\hotspot\share\interpreter\linkResolver.cpp, line 759]
Event: 7.032 Thread 0x0000028186555fa0 Exception <a 'java/lang/NoSuchMethodError'{0x0000000088056ef0}: 'java.lang.Object java.lang.invoke.DirectMethodHandle$Holder.newInvokeSpecial(java.lang.Object, java.lang.Object, java.lang.Object, java.lang.Object, java.lang.Object, java.lang.Object, java.lang.Object, java.lang.Object)'> (0x0000000088056ef0) 
thrown [s\open\src\hotspot\share\interpreter\linkResolver.cpp, line 759]
Event: 7.033 Thread 0x0000028186555fa0 Exception <a 'java/lang/NoSuchMethodError'{0x000000008805c508}: 'java.lang.Object java.lang.invoke.DirectMethodHandle$Holder.invokeSpecial(java.lang.Object, java.lang.Object, java.lang.Object, java.lang.Object, java.lang.Object, java.lang.Object, java.lang.Object, java.lang.Object, java.lang.Object)'> (0x000000008805c508) 
thrown [s\open\src\hotspot\share\interpreter\linkResolver.cpp, line 759]
Event: 7.034 Thread 0x0000028186555fa0 Exception <a 'java/lang/NoSuchMethodError'{0x0000000088061438}: 'java.lang.Object java.lang.invoke.Invokers$Holder.linkToTargetMethod(java.lang.Object, java.lang.Object, java.lang.Object, java.lang.Object, java.lang.Object, java.lang.Object, java.lang.Object, java.lang.Object)'> (0x0000000088061438) 
thrown [s\open\src\hotspot\share\interpreter\linkResolver.cpp, line 759]
Event: 8.838 Thread 0x0000028186555fa0 Exception <a 'java/lang/NoSuchMethodError'{0x0000000089e59310}: 'int java.lang.invoke.DirectMethodHandle$Holder.invokeVirtual(java.lang.Object, java.lang.Object, java.lang.Object)'> (0x0000000089e59310) 
thrown [s\open\src\hotspot\share\interpreter\linkResolver.cpp, line 759]
Event: 8.848 Thread 0x0000028186555fa0 Exception <a 'java/lang/NoSuchMethodError'{0x0000000089e91a58}: 'java.lang.Object java.lang.invoke.DirectMethodHandle$Holder.invokeStatic(java.lang.Object, java.lang.Object, java.lang.Object, java.lang.Object, int)'> (0x0000000089e91a58) 
thrown [s\open\src\hotspot\share\interpreter\linkResolver.cpp, line 759]
Event: 8.850 Thread 0x0000028186555fa0 Exception <a 'java/lang/NoSuchMethodError'{0x0000000089e9b1f0}: 'java.lang.Object java.lang.invoke.DirectMethodHandle$Holder.newInvokeSpecial(java.lang.Object, java.lang.Object, java.lang.Object, java.lang.Object, int)'> (0x0000000089e9b1f0) 
thrown [s\open\src\hotspot\share\interpreter\linkResolver.cpp, line 759]
Event: 8.852 Thread 0x0000028186555fa0 Exception <a 'java/lang/NoSuchMethodError'{0x0000000089e9f7d0}: 'java.lang.Object java.lang.invoke.DirectMethodHandle$Holder.invokeSpecial(java.lang.Object, java.lang.Object, java.lang.Object, java.lang.Object, java.lang.Object, int)'> (0x0000000089e9f7d0) 
thrown [s\open\src\hotspot\share\interpreter\linkResolver.cpp, line 759]
Event: 8.853 Thread 0x0000028186555fa0 Exception <a 'java/lang/NoSuchMethodError'{0x0000000089ea3760}: 'java.lang.Object java.lang.invoke.Invokers$Holder.linkToTargetMethod(java.lang.Object, java.lang.Object, java.lang.Object, int, java.lang.Object)'> (0x0000000089ea3760) 
thrown [s\open\src\hotspot\share\interpreter\linkResolver.cpp, line 759]
Event: 8.874 Thread 0x0000028186555fa0 Exception <a 'java/lang/NoSuchMethodError'{0x0000000089d45560}: 'java.lang.Object java.lang.invoke.DirectMethodHandle$Holder.invokeStaticInit(java.lang.Object, java.lang.Object, java.lang.Object)'> (0x0000000089d45560) 
thrown [s\open\src\hotspot\share\interpreter\linkResolver.cpp, line 759]
Event: 8.989 Thread 0x0000028186555fa0 Exception <a 'java/lang/NoSuchMethodError'{0x0000000089bde6f0}: 'void java.lang.invoke.DirectMethodHandle$Holder.invokeInterface(java.lang.Object, java.lang.Object)'> (0x0000000089bde6f0) 
thrown [s\open\src\hotspot\share\interpreter\linkResolver.cpp, line 759]
Event: 10.568 Thread 0x0000028186555fa0 Exception <a 'java/lang/NoSuchMethodError'{0x00000000888d43b0}: 'int java.lang.invoke.DirectMethodHandle$Holder.invokeInterface(java.lang.Object, java.lang.Object)'> (0x00000000888d43b0) 
thrown [s\open\src\hotspot\share\interpreter\linkResolver.cpp, line 759]

VM Operations (20 events):
Event: 10.558 Executing VM operation: HandshakeAllThreads
Event: 10.558 Executing VM operation: HandshakeAllThreads done
Event: 10.825 Executing VM operation: ICBufferFull
Event: 10.825 Executing VM operation: ICBufferFull done
Event: 10.839 Executing VM operation: G1CollectForAllocation
Event: 10.866 Executing VM operation: G1CollectForAllocation done
Event: 11.103 Executing VM operation: ICBufferFull
Event: 11.103 Executing VM operation: ICBufferFull done
Event: 11.152 Executing VM operation: HandshakeAllThreads
Event: 11.152 Executing VM operation: HandshakeAllThreads done
Event: 11.173 Executing VM operation: HandshakeAllThreads
Event: 11.173 Executing VM operation: HandshakeAllThreads done
Event: 11.184 Executing VM operation: ICBufferFull
Event: 11.185 Executing VM operation: ICBufferFull done
Event: 11.192 Executing VM operation: HandshakeAllThreads
Event: 11.192 Executing VM operation: HandshakeAllThreads done
Event: 11.328 Executing VM operation: ICBufferFull
Event: 11.328 Executing VM operation: ICBufferFull done
Event: 11.385 Executing VM operation: G1CollectForAllocation
Event: 11.412 Executing VM operation: G1CollectForAllocation done

Events (20 events):
Event: 11.205 Thread 0x00000281a64f7ef0 flushing nmethod 0x0000028190442a10
Event: 11.205 Thread 0x00000281a64f7ef0 flushing nmethod 0x0000028190443110
Event: 11.205 Thread 0x00000281a64f7ef0 flushing nmethod 0x0000028190443c10
Event: 11.205 Thread 0x00000281a64f7ef0 flushing nmethod 0x0000028190444d10
Event: 11.205 Thread 0x00000281a64f7ef0 flushing nmethod 0x000002819044ef10
Event: 11.205 Thread 0x00000281a64f7ef0 flushing nmethod 0x0000028190451290
Event: 11.205 Thread 0x00000281a64f7ef0 flushing nmethod 0x0000028190453010
Event: 11.205 Thread 0x00000281a64f7ef0 flushing nmethod 0x0000028190464790
Event: 11.205 Thread 0x00000281a64f7ef0 flushing nmethod 0x0000028190465c90
Event: 11.205 Thread 0x00000281a64f7ef0 flushing nmethod 0x0000028190467190
Event: 11.205 Thread 0x00000281a64f7ef0 flushing nmethod 0x000002819046ae10
Event: 11.205 Thread 0x00000281a64f7ef0 flushing nmethod 0x000002819046c290
Event: 11.205 Thread 0x00000281a64f7ef0 flushing nmethod 0x000002819046c690
Event: 11.205 Thread 0x00000281a64f7ef0 flushing nmethod 0x000002819046d390
Event: 11.205 Thread 0x00000281a64f7ef0 flushing nmethod 0x000002819046f590
Event: 11.205 Thread 0x00000281a64f7ef0 flushing nmethod 0x0000028190471a10
Event: 11.205 Thread 0x00000281a64f7ef0 flushing nmethod 0x0000028190475790
Event: 11.205 Thread 0x00000281a64f7ef0 flushing nmethod 0x0000028190477010
Event: 11.205 Thread 0x00000281a64f7ef0 flushing nmethod 0x0000028190495890
Event: 11.205 Thread 0x00000281a64f7ef0 flushing nmethod 0x0000028190495e90


Dynamic libraries:
0x00007ff7ead70000 - 0x00007ff7ead80000 	C:\Program Files\OpenJDK\jdk-17.0.10\bin\java.exe
0x00007ffd1b770000 - 0x00007ffd1b986000 	C:\Windows\SYSTEM32\ntdll.dll
0x00007ffd1ac20000 - 0x00007ffd1ace4000 	C:\Windows\System32\KERNEL32.DLL
0x00007ffd18c60000 - 0x00007ffd19007000 	C:\Windows\System32\KERNELBASE.dll
0x00007ffd18a90000 - 0x00007ffd18ba1000 	C:\Windows\System32\ucrtbase.dll
0x00007ffcb14b0000 - 0x00007ffcb14c9000 	C:\Program Files\OpenJDK\jdk-17.0.10\bin\jli.dll
0x00007ffd1a0b0000 - 0x00007ffd1a162000 	C:\Windows\System32\ADVAPI32.dll
0x00007ffd1a270000 - 0x00007ffd1a317000 	C:\Windows\System32\msvcrt.dll
0x00007ffcadfa0000 - 0x00007ffcadfbb000 	C:\Program Files\OpenJDK\jdk-17.0.10\bin\VCRUNTIME140.dll
0x00007ffd1b640000 - 0x00007ffd1b6e8000 	C:\Windows\System32\sechost.dll
0x00007ffd18c30000 - 0x00007ffd18c58000 	C:\Windows\System32\bcrypt.dll
0x00007ffd1b3c0000 - 0x00007ffd1b4d5000 	C:\Windows\System32\RPCRT4.dll
0x00007ffd1aa70000 - 0x00007ffd1ac1e000 	C:\Windows\System32\USER32.dll
0x00007ffd19080000 - 0x00007ffd190a6000 	C:\Windows\System32\win32u.dll
0x00007ffd1b390000 - 0x00007ffd1b3b9000 	C:\Windows\System32\GDI32.dll
0x00007ffd02b30000 - 0x00007ffd02dc3000 	C:\Windows\WinSxS\amd64_microsoft.windows.common-controls_6595b64144ccf1df_6.0.22621.3235_none_270f74e173860f98\COMCTL32.dll
0x00007ffd19150000 - 0x00007ffd19269000 	C:\Windows\System32\gdi32full.dll
0x00007ffd190b0000 - 0x00007ffd1914a000 	C:\Windows\System32\msvcp_win.dll
0x00007ffd0b8e0000 - 0x00007ffd0b8ea000 	C:\Windows\SYSTEM32\VERSION.dll
0x00007ffd1b6f0000 - 0x00007ffd1b721000 	C:\Windows\System32\IMM32.DLL
0x00007ffd06520000 - 0x00007ffd0652c000 	C:\Program Files\OpenJDK\jdk-17.0.10\bin\vcruntime140_1.dll
0x00007ffc96340000 - 0x00007ffc963ce000 	C:\Program Files\OpenJDK\jdk-17.0.10\bin\msvcp140.dll
0x00007ffc93340000 - 0x00007ffc93f1f000 	C:\Program Files\OpenJDK\jdk-17.0.10\bin\server\jvm.dll
0x00007ffd1b180000 - 0x00007ffd1b188000 	C:\Windows\System32\PSAPI.DLL
0x00007ffd024b0000 - 0x00007ffd024b9000 	C:\Windows\SYSTEM32\WSOCK32.dll
0x00007ffd0ddb0000 - 0x00007ffd0dde4000 	C:\Windows\SYSTEM32\WINMM.dll
0x00007ffd1b5c0000 - 0x00007ffd1b631000 	C:\Windows\System32\WS2_32.dll
0x00007ffd17a90000 - 0x00007ffd17aa8000 	C:\Windows\SYSTEM32\kernel.appcore.dll
0x00007ffd00d90000 - 0x00007ffd00d9a000 	C:\Program Files\OpenJDK\jdk-17.0.10\bin\jimage.dll
0x00007ffd161d0000 - 0x00007ffd16403000 	C:\Windows\SYSTEM32\DBGHELP.DLL
0x00007ffd1a570000 - 0x00007ffd1a8f8000 	C:\Windows\System32\combase.dll
0x00007ffd1b4e0000 - 0x00007ffd1b5b7000 	C:\Windows\System32\OLEAUT32.dll
0x00007ffcf7b00000 - 0x00007ffcf7b32000 	C:\Windows\SYSTEM32\dbgcore.DLL
0x00007ffd18bb0000 - 0x00007ffd18c29000 	C:\Windows\System32\bcryptPrimitives.dll
0x00007ffc9acc0000 - 0x00007ffc9ace5000 	C:\Program Files\OpenJDK\jdk-17.0.10\bin\java.dll
0x00007ffc96260000 - 0x00007ffc96337000 	C:\Program Files\OpenJDK\jdk-17.0.10\bin\jsvml.dll
0x00007ffd197f0000 - 0x00007ffd1a04c000 	C:\Windows\System32\SHELL32.dll
0x00007ffd169a0000 - 0x00007ffd17299000 	C:\Windows\SYSTEM32\windows.storage.dll
0x00007ffd16860000 - 0x00007ffd1699e000 	C:\Windows\SYSTEM32\wintypes.dll
0x00007ffd194a0000 - 0x00007ffd19593000 	C:\Windows\System32\SHCORE.dll
0x00007ffd1b2c0000 - 0x00007ffd1b31e000 	C:\Windows\System32\shlwapi.dll
0x00007ffd189c0000 - 0x00007ffd189e1000 	C:\Windows\SYSTEM32\profapi.dll
0x00007ffcadd70000 - 0x00007ffcadd89000 	C:\Program Files\OpenJDK\jdk-17.0.10\bin\net.dll
0x00007ffd12bf0000 - 0x00007ffd12d26000 	C:\Windows\SYSTEM32\WINHTTP.dll
0x00007ffd17ef0000 - 0x00007ffd17f59000 	C:\Windows\system32\mswsock.dll
0x00007ffca0340000 - 0x00007ffca0356000 	C:\Program Files\OpenJDK\jdk-17.0.10\bin\nio.dll
0x00007ffca0050000 - 0x00007ffca0068000 	C:\Program Files\OpenJDK\jdk-17.0.10\bin\zip.dll
0x00007ffd06530000 - 0x00007ffd06540000 	C:\Program Files\OpenJDK\jdk-17.0.10\bin\verify.dll

dbghelp: loaded successfully - version: 4.0.5 - missing functions: none
symbol engine: initialized successfully - sym options: 0x614 - pdb path: .;C:\Program Files\OpenJDK\jdk-17.0.10\bin;C:\Windows\SYSTEM32;C:\Windows\WinSxS\amd64_microsoft.windows.common-controls_6595b64144ccf1df_6.0.22621.3235_none_270f74e173860f98;C:\Program Files\OpenJDK\jdk-17.0.10\bin\server

VM Arguments:
java_command: org.jetbrains.kotlin.cli.jvm.K2JVMCompiler @D:\work from home\REMOTE JOBS\remotejobsapp\node_modules\react-native-screens\android\build\20240507_10399703832161353943.compiler.options
java_class_path (initial): C:\Users\PRAKASH\.gradle\caches\modules-2\files-2.1\org.jetbrains.kotlin\kotlin-compiler-embeddable\1.8.0\eb9118d4bcceaa2a94b2ae2a33a4ddba7c9a947f\kotlin-compiler-embeddable-1.8.0.jar;C:\Users\PRAKASH\.gradle\caches\modules-2\files-2.1\org.jetbrains.kotlin\kotlin-stdlib\1.8.0\1796921c7a3e2e2665a83e6c8d33399336cd39bc\kotlin-stdlib-1.8.0.jar;C:\Users\PRAKASH\.gradle\caches\modules-2\files-2.1\org.jetbrains.kotlin\kotlin-script-runtime\1.8.0\b2f7e760d283cb339974851c222a4c1d48f2d3d\kotlin-script-runtime-1.8.0.jar;C:\Users\PRAKASH\.gradle\caches\modules-2\files-2.1\org.jetbrains.kotlin\kotlin-reflect\1.6.10\1cbe9c92c12a94eea200d23c2bbaedaf3daf5132\kotlin-reflect-1.6.10.jar;C:\Users\PRAKASH\.gradle\caches\modules-2\files-2.1\org.jetbrains.kotlin\kotlin-daemon-embeddable\1.8.0\d255216c551685dc3a7e852b53617f5f01aaaa5c\kotlin-daemon-embeddable-1.8.0.jar;C:\Users\PRAKASH\.gradle\caches\modules-2\files-2.1\org.jetbrains.intellij.deps\trove4j\1.0.20200330\3afb14d5f9ceb459d724e907a21145e8ff394f02\trove4j-1.0.20200330.jar;C:\Users\PRAKASH\.gradle\caches\modules-2\files-2.1\net.java.dev.jna\jna\5.6.0\330f2244e9030119ab3030fc3fededc86713d9cc\jna-5.6.0.jar;C:\Users\PRAKASH\.gradle\caches\modules-2\files-2.1\org.jetbrains.kotlin\kotlin-stdlib-common\1.8.0\f7197e7cc76453ac59f8b0f8d5137cc600becd36\kotlin-stdlib-common-1.8.0.jar;C:\Users\PRAKASH\.gradle\caches\modules-2\files-2.1\org.jetbrains\annotations\13.0\919f0dfe192fb4e063e7dacadee7f8bb9a2672a9\annotations-13.0.jar
Launcher Type: SUN_STANDARD

[Global flags]
     intx CICompilerCount                          = 4                                         {product} {ergonomic}
     uint ConcGCThreads                            = 2                                         {product} {ergonomic}
     uint G1ConcRefinementThreads                  = 8                                         {product} {ergonomic}
   size_t G1HeapRegionSize                         = 1048576                                   {product} {ergonomic}
    uintx GCDrainStackTargetSize                   = 64                                        {product} {ergonomic}
   size_t InitialHeapSize                          = 130023424                                 {product} {ergonomic}
   size_t MarkStackSize                            = 4194304                                   {product} {ergonomic}
   size_t MaxHeapSize                              = 2080374784                                {product} {ergonomic}
   size_t MaxNewSize                               = 1247805440                                {product} {ergonomic}
   size_t MinHeapDeltaBytes                        = 1048576                                   {product} {ergonomic}
   size_t MinHeapSize                              = 8388608                                   {product} {ergonomic}
    uintx NonNMethodCodeHeapSize                   = 5839372                                {pd product} {ergonomic}
    uintx NonProfiledCodeHeapSize                  = 122909434                              {pd product} {ergonomic}
    uintx ProfiledCodeHeapSize                     = 122909434                              {pd product} {ergonomic}
    uintx ReservedCodeCacheSize                    = 251658240                              {pd product} {ergonomic}
     bool SegmentedCodeCache                       = true                                      {product} {ergonomic}
   size_t SoftMaxHeapSize                          = 2080374784                             {manageable} {ergonomic}
     bool UseCompressedClassPointers               = true                           {product lp64_product} {ergonomic}
     bool UseCompressedOops                        = true                           {product lp64_product} {ergonomic}
     bool UseG1GC                                  = true                                      {product} {ergonomic}
     bool UseLargePagesIndividualAllocation        = false                                  {pd product} {ergonomic}

Logging:
Log output configuration:
 #0: stdout all=warning uptime,level,tags
 #1: stderr all=off uptime,level,tags

Environment Variables:
JAVA_HOME=C:\Program Files\OpenJDK\jdk-17.0.10
CLASSPATH=D:\work from home\REMOTE JOBS\remotejobsapp\android\\gradle\wrapper\gradle-wrapper.jar
PATH=C:\Program Files\bin;C:\Windows\system32;C:\Windows;C:\Windows\System32\Wbem;C:\Windows\System32\WindowsPowerShell\v1.0\;C:\Windows\System32\OpenSSH\;C:\Program Files\dotnet\;C:\ProgramData\chocolatey\bin;C:\Program Files\Git\cmd;C:\Users\PRAKASH\AppData\Local\Pub\Cache\bin;C:\xampp\php;C:\ProgramData\ComposerSetup\bin;C:\Program Files\nodejs\;C:\Users\PRAKASH\AppData\Local\Android\Sdk\platform-tools;C:\Users\PRAKASH\AppData\Local\Android\Sdk\tools;C:\Program Files\Git\bin;C:\Users\PRAKASH\AppData\Local\Microsoft\WindowsApps;C:\Users\PRAKASH\AppData\Local\Programs\Microsoft VS Code\bin;C:\Users\PRAKASH\AppData\Roaming\Pub\Cache\bin;"C:\Program Files\Git\bin\git.exe;C:\Program Files\Git\cmd;C:\Windows\System32";C:\flutter\bin;C:\tools\dart-sdk\bin;C:\Users\PRAKASH\AppData\Local\Pub\Cache\bin;C:\Users\PRAKASH\AppData\Roaming\Composer\vendor\bin;C:\Program Files\MongoDB\Server\7.0\bin;C:\Users\PRAKASH\AppData\Roaming\npm;C:\Program Files\OpenJDK\jdk-17.0.10\bin;C:\Users\PRAKASH\AppData\Local\Android\Sdk\platform-tools;C:\Users\PRAKASH\AppData\Local\Android\Sdk\tools;
USERNAME=PRAKASH
OS=Windows_NT
PROCESSOR_IDENTIFIER=Intel64 Family 6 Model 140 Stepping 1, GenuineIntel



---------------  S Y S T E M  ---------------

OS:
 Windows 11 , 64 bit Build 22621 (10.0.22621.3374)
OS uptime: 4 days 6:22 hours
Hyper-V role detected

CPU: total 8 (initial active 8) (4 cores per cpu, 2 threads per core) family 6 model 140 stepping 1 microcode 0xb4, cx8, cmov, fxsr, ht, mmx, 3dnowpref, sse, sse2, sse3, ssse3, sse4.1, sse4.2, popcnt, lzcnt, tsc, tscinvbit, avx, avx2, aes, erms, clmul, bmi1, bmi2, adx, avx512f, avx512dq, avx512cd, avx512bw, avx512vl, sha, fma, vzeroupper, avx512_vpopcntdq, avx512_vpclmulqdq, avx512_vaes, avx512_vnni, clflush, clflushopt, clwb, avx512_vbmi2, avx512_vbmi, hv

Memory: 4k page, system-wide physical 7934M (159M free)
TotalPageFile size 25865M (AvailPageFile size 5M)
current process WorkingSet (physical memory assigned to process): 266M, peak: 266M
current process commit charge ("private bytes"): 323M, peak: 324M

vm_info: Java HotSpot(TM) 64-Bit Server VM (17.0.10+11-LTS-240) for windows-amd64 JRE (17.0.10+11-LTS-240), built on Dec 19 2023 21:47:25 by "mach5one" with MS VC++ 17.1 (VS2022)

END.
