#
# There is insufficient memory for the Java Runtime Environment to continue.
# Native memory allocation (malloc) failed to allocate 914736 bytes for Chunk::new
# Possible reasons:
#   The system is out of physical RAM or swap space
#   The process is running with CompressedOops enabled, and the Java Heap may be blocking the growth of the native heap
# Possible solutions:
#   Reduce memory load on the system
#   Increase physical memory or swap space
#   Check if swap backing store is full
#   Decrease Java heap size (-Xmx/-Xms)
#   Decrease number of Java threads
#   Decrease Java thread stack sizes (-Xss)
#   Set larger code cache with -XX:ReservedCodeCacheSize=
#   JVM is running with Unscaled Compressed Oops mode in which the Java heap is
#     placed in the first 4GB address space. The Java Heap base address is the
#     maximum limit for the native heap growth. Please use -XX:HeapBaseMinAddress
#     to set the Java Heap base and to place the Java Heap above 4GB virtual address.
# This output file may be truncated or incomplete.
#
#  Out of Memory Error (arena.cpp:189), pid=2044, tid=19760
#
# JRE version: Java(TM) SE Runtime Environment (17.0.10+11) (build 17.0.10+11-LTS-240)
# Java VM: Java HotSpot(TM) 64-Bit Server VM (17.0.10+11-LTS-240, mixed mode, sharing, tiered, compressed oops, compressed class ptrs, g1 gc, windows-amd64)
# No core dump will be written. Minidumps are not enabled by default on client versions of Windows
#

---------------  S U M M A R Y ------------

Command Line: org.jetbrains.kotlin.cli.jvm.K2JVMCompiler @D:\work from home\REMOTE JOBS\remotejobsapp\node_modules\react-native-safe-area-context\android\build\20240507_5741815683227362132.compiler.options

Host: 11th Gen Intel(R) Core(TM) i5-1145G7 @ 2.60GHz, 8 cores, 7G,  Windows 11 , 64 bit Build 22621 (10.0.22621.3374)
Time: Tue May  7 22:11:11 2024 India Standard Time elapsed time: 9.949262 seconds (0d 0h 0m 9s)

---------------  T H R E A D  ---------------

Current thread (0x000001914c0dde80):  JavaThread "C2 CompilerThread0" daemon [_thread_in_native, id=19760, stack(0x0000004c74700000,0x0000004c74800000)]


Current CompileTask:
C2:   9949 4836   !   4       org.jetbrains.kotlin.metadata.ProtoBuf$Function::<init> (1410 bytes)

Stack: [0x0000004c74700000,0x0000004c74800000]
Native frames: (J=compiled Java code, j=interpreted, Vv=VM code, C=native code)
V  [jvm.dll+0x677a5a]
V  [jvm.dll+0x7d8b2d]
V  [jvm.dll+0x7da48e]
V  [jvm.dll+0x7daaf3]
V  [jvm.dll+0x2455ff]
V  [jvm.dll+0xaaafb]
V  [jvm.dll+0xab09c]
V  [jvm.dll+0x2aafef]
V  [jvm.dll+0x57fd55]
V  [jvm.dll+0x220472]
V  [jvm.dll+0x22084f]
V  [jvm.dll+0x2197a6]
V  [jvm.dll+0x216c79]
V  [jvm.dll+0x1a3410]
V  [jvm.dll+0x226aeb]
V  [jvm.dll+0x224cab]
V  [jvm.dll+0x78e45c]
V  [jvm.dll+0x78888a]
V  [jvm.dll+0x676935]
C  [ucrtbase.dll+0x29333]
C  [KERNEL32.DLL+0x1257d]
C  [ntdll.dll+0x5aa48]


---------------  P R O C E S S  ---------------

Threads class SMR info:
_java_thread_list=0x000001914c347c30, length=12, elements={
0x000001912c029f50, 0x000001914c0c3ef0, 0x000001914c0c58c0, 0x000001914c0d9390,
0x000001914c0d9d50, 0x000001914c0dc720, 0x000001914c0dd0e0, 0x000001914c0dde80,
0x000001914c0de930, 0x000001914c278070, 0x000001914c341c20, 0x000001914c34bbb0
}

Java Threads: ( => current thread )
  0x000001912c029f50 JavaThread "main" [_thread_in_vm, id=1188, stack(0x0000004c73a00000,0x0000004c73b00000)]
  0x000001914c0c3ef0 JavaThread "Reference Handler" daemon [_thread_blocked, id=8200, stack(0x0000004c74100000,0x0000004c74200000)]
  0x000001914c0c58c0 JavaThread "Finalizer" daemon [_thread_blocked, id=19520, stack(0x0000004c74200000,0x0000004c74300000)]
  0x000001914c0d9390 JavaThread "Signal Dispatcher" daemon [_thread_blocked, id=12088, stack(0x0000004c74300000,0x0000004c74400000)]
  0x000001914c0d9d50 JavaThread "Attach Listener" daemon [_thread_blocked, id=21636, stack(0x0000004c74400000,0x0000004c74500000)]
  0x000001914c0dc720 JavaThread "Service Thread" daemon [_thread_blocked, id=21664, stack(0x0000004c74500000,0x0000004c74600000)]
  0x000001914c0dd0e0 JavaThread "Monitor Deflation Thread" daemon [_thread_blocked, id=19168, stack(0x0000004c74600000,0x0000004c74700000)]
=>0x000001914c0dde80 JavaThread "C2 CompilerThread0" daemon [_thread_in_native, id=19760, stack(0x0000004c74700000,0x0000004c74800000)]
  0x000001914c0de930 JavaThread "C1 CompilerThread0" daemon [_thread_blocked, id=9084, stack(0x0000004c74800000,0x0000004c74900000)]
  0x000001914c278070 JavaThread "Sweeper thread" daemon [_thread_blocked, id=25268, stack(0x0000004c74900000,0x0000004c74a00000)]
  0x000001914c341c20 JavaThread "Notification Thread" daemon [_thread_blocked, id=18732, stack(0x0000004c74a00000,0x0000004c74b00000)]
  0x000001914c34bbb0 JavaThread "Common-Cleaner" daemon [_thread_blocked, id=23780, stack(0x0000004c74c00000,0x0000004c74d00000)]

Other Threads:
  0x000001914c0bd890 VMThread "VM Thread" [stack: 0x0000004c74000000,0x0000004c74100000] [id=1100]
  0x000001914c346b30 WatcherThread [stack: 0x0000004c74b00000,0x0000004c74c00000] [id=1628]
  0x000001912e1ac5f0 GCTaskThread "GC Thread#0" [stack: 0x0000004c73b00000,0x0000004c73c00000] [id=6908]
  0x000001914c87d900 GCTaskThread "GC Thread#1" [stack: 0x0000004c74d00000,0x0000004c74e00000] [id=6576]
  0x000001914c8a24d0 GCTaskThread "GC Thread#2" [stack: 0x0000004c74e00000,0x0000004c74f00000] [id=8352]
  0x000001914c8a2790 GCTaskThread "GC Thread#3" [stack: 0x0000004c74f00000,0x0000004c75000000] [id=17716]
  0x000001914c8a2e60 GCTaskThread "GC Thread#4" [stack: 0x0000004c75000000,0x0000004c75100000] [id=3860]
  0x000001914c8a3120 GCTaskThread "GC Thread#5" [stack: 0x0000004c75100000,0x0000004c75200000] [id=176]
  0x000001914cce78a0 GCTaskThread "GC Thread#6" [stack: 0x0000004c75200000,0x0000004c75300000] [id=20352]
  0x000001914cbe8ff0 GCTaskThread "GC Thread#7" [stack: 0x0000004c75300000,0x0000004c75400000] [id=12988]
  0x000001912e1bcd40 ConcurrentGCThread "G1 Main Marker" [stack: 0x0000004c73c00000,0x0000004c73d00000] [id=23340]
  0x000001912e1bd750 ConcurrentGCThread "G1 Conc#0" [stack: 0x0000004c73d00000,0x0000004c73e00000] [id=26248]
  0x00000191920af120 ConcurrentGCThread "G1 Conc#1" [stack: 0x0000004c75400000,0x0000004c75500000] [id=7792]
  0x000001914bf724b0 ConcurrentGCThread "G1 Refine#0" [stack: 0x0000004c73e00000,0x0000004c73f00000] [id=10560]
  0x0000019193640ce0 ConcurrentGCThread "G1 Refine#1" [stack: 0x0000004c75500000,0x0000004c75600000] [id=8020]
  0x000001912e2145a0 ConcurrentGCThread "G1 Service" [stack: 0x0000004c73f00000,0x0000004c74000000] [id=18316]

Threads with active compile tasks:
C2 CompilerThread0     9978 4836   !   4       org.jetbrains.kotlin.metadata.ProtoBuf$Function::<init> (1410 bytes)

VM state: not at safepoint (normal execution)

VM Mutex/Monitor currently owned by a thread: None

Heap address: 0x0000000084000000, size: 1984 MB, Compressed Oops mode: 32-bit

CDS archive(s) mapped at: [0x000001914d000000-0x000001914dbd0000-0x000001914dbd0000), size 12386304, SharedBaseAddress: 0x000001914d000000, ArchiveRelocationMode: 1.
Compressed class space mapped at: 0x000001914e000000-0x000001918e000000, reserved size: 1073741824
Narrow klass base: 0x000001914d000000, Narrow klass shift: 0, Narrow klass range: 0x100000000

GC Precious Log:
 CPUs: 8 total, 8 available
 Memory: 7934M
 Large Page Support: Disabled
 NUMA Support: Disabled
 Compressed Oops: Enabled (32-bit)
 Heap Region Size: 1M
 Heap Min Capacity: 8M
 Heap Initial Capacity: 124M
 Heap Max Capacity: 1984M
 Pre-touch: Disabled
 Parallel Workers: 8
 Concurrent Workers: 2
 Concurrent Refinement Workers: 8
 Periodic GC: Disabled

Heap:
 garbage-first heap   total 147456K, used 95367K [0x0000000084000000, 0x0000000100000000)
  region size 1024K, 65 young (66560K), 3 survivors (3072K)
 Metaspace       used 48609K, committed 48896K, reserved 1114112K
  class space    used 6031K, committed 6208K, reserved 1048576K

Heap Regions: E=young(eden), S=young(survivor), O=old, HS=humongous(starts), HC=humongous(continues), CS=collection set, F=free, OA=open archive, CA=closed archive, TAMS=top-at-mark-start (previous, next)
|   0|0x0000000084000000, 0x0000000084100000, 0x0000000084100000|100%|HS|  |TAMS 0x0000000084100000, 0x0000000084000000| Complete 
|   1|0x0000000084100000, 0x0000000084200000, 0x0000000084200000|100%|HC|  |TAMS 0x0000000084200000, 0x0000000084100000| Complete 
|   2|0x0000000084200000, 0x0000000084300000, 0x0000000084300000|100%|HC|  |TAMS 0x0000000084300000, 0x0000000084200000| Complete 
|   3|0x0000000084300000, 0x0000000084400000, 0x0000000084400000|100%|HC|  |TAMS 0x0000000084400000, 0x0000000084300000| Complete 
|   4|0x0000000084400000, 0x0000000084500000, 0x0000000084500000|100%| O|  |TAMS 0x0000000084500000, 0x0000000084400000| Untracked 
|   5|0x0000000084500000, 0x0000000084600000, 0x0000000084600000|100%| O|  |TAMS 0x0000000084600000, 0x0000000084500000| Untracked 
|   6|0x0000000084600000, 0x0000000084700000, 0x0000000084700000|100%| O|  |TAMS 0x0000000084600000, 0x0000000084600000| Untracked 
|   7|0x0000000084700000, 0x0000000084800000, 0x0000000084800000|100%|HS|  |TAMS 0x0000000084800000, 0x0000000084700000| Complete 
|   8|0x0000000084800000, 0x0000000084900000, 0x0000000084900000|100%|HC|  |TAMS 0x0000000084900000, 0x0000000084800000| Complete 
|   9|0x0000000084900000, 0x0000000084a00000, 0x0000000084a00000|100%|HC|  |TAMS 0x0000000084a00000, 0x0000000084900000| Complete 
|  10|0x0000000084a00000, 0x0000000084b00000, 0x0000000084b00000|100%|HC|  |TAMS 0x0000000084b00000, 0x0000000084a00000| Complete 
|  11|0x0000000084b00000, 0x0000000084c00000, 0x0000000084c00000|100%| O|  |TAMS 0x0000000084b00000, 0x0000000084b00000| Untracked 
|  12|0x0000000084c00000, 0x0000000084d00000, 0x0000000084d00000|100%| O|  |TAMS 0x0000000084c00000, 0x0000000084c00000| Untracked 
|  13|0x0000000084d00000, 0x0000000084e00000, 0x0000000084e00000|100%| O|  |TAMS 0x0000000084e00000, 0x0000000084d00000| Untracked 
|  14|0x0000000084e00000, 0x0000000084f00000, 0x0000000084f00000|100%| O|  |TAMS 0x0000000084f00000, 0x0000000084e00000| Untracked 
|  15|0x0000000084f00000, 0x0000000085000000, 0x0000000085000000|100%| O|  |TAMS 0x0000000085000000, 0x0000000084f00000| Untracked 
|  16|0x0000000085000000, 0x0000000085100000, 0x0000000085100000|100%| O|  |TAMS 0x0000000085100000, 0x0000000085000000| Untracked 
|  17|0x0000000085100000, 0x0000000085200000, 0x0000000085200000|100%| O|  |TAMS 0x0000000085200000, 0x0000000085100000| Untracked 
|  18|0x0000000085200000, 0x0000000085300000, 0x0000000085300000|100%| O|  |TAMS 0x0000000085300000, 0x0000000085200000| Untracked 
|  19|0x0000000085300000, 0x0000000085400000, 0x0000000085400000|100%| O|  |TAMS 0x0000000085400000, 0x0000000085300000| Untracked 
|  20|0x0000000085400000, 0x0000000085500000, 0x0000000085500000|100%| O|  |TAMS 0x0000000085500000, 0x0000000085400000| Untracked 
|  21|0x0000000085500000, 0x0000000085600000, 0x0000000085600000|100%| O|  |TAMS 0x0000000085500000, 0x0000000085500000| Untracked 
|  22|0x0000000085600000, 0x0000000085700000, 0x0000000085700000|100%| O|  |TAMS 0x0000000085600000, 0x0000000085600000| Untracked 
|  23|0x0000000085700000, 0x00000000857d8200, 0x0000000085800000| 84%| O|  |TAMS 0x0000000085700000, 0x0000000085700000| Untracked 
|  24|0x0000000085800000, 0x0000000085900000, 0x0000000085900000|100%|HS|  |TAMS 0x0000000085800000, 0x0000000085800000| Complete 
|  25|0x0000000085900000, 0x0000000085a00000, 0x0000000085a00000|100%|HC|  |TAMS 0x0000000085900000, 0x0000000085900000| Complete 
|  26|0x0000000085a00000, 0x0000000085b00000, 0x0000000085b00000|100%| O|  |TAMS 0x0000000085b00000, 0x0000000085a00000| Untracked 
|  27|0x0000000085b00000, 0x0000000085c00000, 0x0000000085c00000|100%| O|  |TAMS 0x0000000085c00000, 0x0000000085b00000| Untracked 
|  28|0x0000000085c00000, 0x0000000085d00000, 0x0000000085d00000|100%|HS|  |TAMS 0x0000000085c00000, 0x0000000085c00000| Complete 
|  29|0x0000000085d00000, 0x0000000085e00000, 0x0000000085e00000|100%| O|  |TAMS 0x0000000085de7e00, 0x0000000085d00000| Untracked 
|  30|0x0000000085e00000, 0x0000000085e00000, 0x0000000085f00000|  0%| F|  |TAMS 0x0000000085e00000, 0x0000000085e00000| Untracked 
|  31|0x0000000085f00000, 0x0000000085f00000, 0x0000000086000000|  0%| F|  |TAMS 0x0000000085f00000, 0x0000000085f00000| Untracked 
|  32|0x0000000086000000, 0x0000000086000000, 0x0000000086100000|  0%| F|  |TAMS 0x0000000086000000, 0x0000000086000000| Untracked 
|  33|0x0000000086100000, 0x0000000086100000, 0x0000000086200000|  0%| F|  |TAMS 0x0000000086100000, 0x0000000086100000| Untracked 
|  34|0x0000000086200000, 0x0000000086200000, 0x0000000086300000|  0%| F|  |TAMS 0x0000000086200000, 0x0000000086200000| Untracked 
|  35|0x0000000086300000, 0x0000000086300000, 0x0000000086400000|  0%| F|  |TAMS 0x0000000086300000, 0x0000000086300000| Untracked 
|  36|0x0000000086400000, 0x0000000086400000, 0x0000000086500000|  0%| F|  |TAMS 0x0000000086400000, 0x0000000086400000| Untracked 
|  37|0x0000000086500000, 0x0000000086500000, 0x0000000086600000|  0%| F|  |TAMS 0x0000000086500000, 0x0000000086500000| Untracked 
|  38|0x0000000086600000, 0x0000000086600000, 0x0000000086700000|  0%| F|  |TAMS 0x0000000086600000, 0x0000000086600000| Untracked 
|  39|0x0000000086700000, 0x0000000086749b00, 0x0000000086800000| 28%| S|CS|TAMS 0x0000000086700000, 0x0000000086700000| Complete 
|  40|0x0000000086800000, 0x0000000086900000, 0x0000000086900000|100%| S|CS|TAMS 0x0000000086800000, 0x0000000086800000| Complete 
|  41|0x0000000086900000, 0x0000000086a00000, 0x0000000086a00000|100%| S|CS|TAMS 0x0000000086900000, 0x0000000086900000| Complete 
|  42|0x0000000086a00000, 0x0000000086a00000, 0x0000000086b00000|  0%| F|  |TAMS 0x0000000086a00000, 0x0000000086a00000| Untracked 
|  43|0x0000000086b00000, 0x0000000086b00000, 0x0000000086c00000|  0%| F|  |TAMS 0x0000000086b00000, 0x0000000086b00000| Untracked 
|  44|0x0000000086c00000, 0x0000000086c00000, 0x0000000086d00000|  0%| F|  |TAMS 0x0000000086c00000, 0x0000000086c00000| Untracked 
|  45|0x0000000086d00000, 0x0000000086d00000, 0x0000000086e00000|  0%| F|  |TAMS 0x0000000086d00000, 0x0000000086d00000| Untracked 
|  46|0x0000000086e00000, 0x0000000086e00000, 0x0000000086f00000|  0%| F|  |TAMS 0x0000000086e00000, 0x0000000086e00000| Untracked 
|  47|0x0000000086f00000, 0x0000000086f00000, 0x0000000087000000|  0%| F|  |TAMS 0x0000000086f00000, 0x0000000086f00000| Untracked 
|  48|0x0000000087000000, 0x0000000087000000, 0x0000000087100000|  0%| F|  |TAMS 0x0000000087000000, 0x0000000087000000| Untracked 
|  49|0x0000000087100000, 0x0000000087100000, 0x0000000087200000|  0%| F|  |TAMS 0x0000000087100000, 0x0000000087100000| Untracked 
|  50|0x0000000087200000, 0x0000000087200000, 0x0000000087300000|  0%| F|  |TAMS 0x0000000087200000, 0x0000000087200000| Untracked 
|  51|0x0000000087300000, 0x0000000087300000, 0x0000000087400000|  0%| F|  |TAMS 0x0000000087300000, 0x0000000087300000| Untracked 
|  52|0x0000000087400000, 0x0000000087400000, 0x0000000087500000|  0%| F|  |TAMS 0x0000000087400000, 0x0000000087400000| Untracked 
|  53|0x0000000087500000, 0x0000000087500000, 0x0000000087600000|  0%| F|  |TAMS 0x0000000087500000, 0x0000000087500000| Untracked 
|  54|0x0000000087600000, 0x0000000087600000, 0x0000000087700000|  0%| F|  |TAMS 0x0000000087600000, 0x0000000087600000| Untracked 
|  55|0x0000000087700000, 0x0000000087700000, 0x0000000087800000|  0%| F|  |TAMS 0x0000000087700000, 0x0000000087700000| Untracked 
|  56|0x0000000087800000, 0x0000000087800000, 0x0000000087900000|  0%| F|  |TAMS 0x0000000087800000, 0x0000000087800000| Untracked 
|  57|0x0000000087900000, 0x0000000087900000, 0x0000000087a00000|  0%| F|  |TAMS 0x0000000087900000, 0x0000000087900000| Untracked 
|  58|0x0000000087a00000, 0x0000000087a00000, 0x0000000087b00000|  0%| F|  |TAMS 0x0000000087a00000, 0x0000000087a00000| Untracked 
|  59|0x0000000087b00000, 0x0000000087b00000, 0x0000000087c00000|  0%| F|  |TAMS 0x0000000087b00000, 0x0000000087b00000| Untracked 
|  60|0x0000000087c00000, 0x0000000087c00000, 0x0000000087d00000|  0%| F|  |TAMS 0x0000000087c00000, 0x0000000087c00000| Untracked 
|  61|0x0000000087d00000, 0x0000000087d00000, 0x0000000087e00000|  0%| F|  |TAMS 0x0000000087d00000, 0x0000000087d00000| Untracked 
|  62|0x0000000087e00000, 0x0000000087e00000, 0x0000000087f00000|  0%| F|  |TAMS 0x0000000087e00000, 0x0000000087e00000| Untracked 
|  63|0x0000000087f00000, 0x0000000087f00000, 0x0000000088000000|  0%| F|  |TAMS 0x0000000087f00000, 0x0000000087f00000| Untracked 
|  64|0x0000000088000000, 0x0000000088000000, 0x0000000088100000|  0%| F|  |TAMS 0x0000000088000000, 0x0000000088000000| Untracked 
|  65|0x0000000088100000, 0x0000000088100000, 0x0000000088200000|  0%| F|  |TAMS 0x0000000088100000, 0x0000000088100000| Untracked 
|  66|0x0000000088200000, 0x0000000088200000, 0x0000000088300000|  0%| F|  |TAMS 0x0000000088200000, 0x0000000088200000| Untracked 
|  67|0x0000000088300000, 0x0000000088300000, 0x0000000088400000|  0%| F|  |TAMS 0x0000000088300000, 0x0000000088300000| Untracked 
|  68|0x0000000088400000, 0x0000000088400000, 0x0000000088500000|  0%| F|  |TAMS 0x0000000088400000, 0x0000000088400000| Untracked 
|  69|0x0000000088500000, 0x0000000088500000, 0x0000000088600000|  0%| F|  |TAMS 0x0000000088500000, 0x0000000088500000| Untracked 
|  70|0x0000000088600000, 0x0000000088600000, 0x0000000088700000|  0%| F|  |TAMS 0x0000000088600000, 0x0000000088600000| Untracked 
|  71|0x0000000088700000, 0x0000000088700000, 0x0000000088800000|  0%| F|  |TAMS 0x0000000088700000, 0x0000000088700000| Untracked 
|  72|0x0000000088800000, 0x0000000088800000, 0x0000000088900000|  0%| F|  |TAMS 0x0000000088800000, 0x0000000088800000| Untracked 
|  73|0x0000000088900000, 0x0000000088900000, 0x0000000088a00000|  0%| F|  |TAMS 0x0000000088900000, 0x0000000088900000| Untracked 
|  74|0x0000000088a00000, 0x0000000088a00000, 0x0000000088b00000|  0%| F|  |TAMS 0x0000000088a00000, 0x0000000088a00000| Untracked 
|  75|0x0000000088b00000, 0x0000000088b00000, 0x0000000088c00000|  0%| F|  |TAMS 0x0000000088b00000, 0x0000000088b00000| Untracked 
|  76|0x0000000088c00000, 0x0000000088c00000, 0x0000000088d00000|  0%| F|  |TAMS 0x0000000088c00000, 0x0000000088c00000| Untracked 
|  77|0x0000000088d00000, 0x0000000088d00000, 0x0000000088e00000|  0%| F|  |TAMS 0x0000000088d00000, 0x0000000088d00000| Untracked 
|  78|0x0000000088e00000, 0x0000000088e00000, 0x0000000088f00000|  0%| F|  |TAMS 0x0000000088e00000, 0x0000000088e00000| Untracked 
|  79|0x0000000088f00000, 0x0000000088f00000, 0x0000000089000000|  0%| F|  |TAMS 0x0000000088f00000, 0x0000000088f00000| Untracked 
|  80|0x0000000089000000, 0x0000000089000000, 0x0000000089100000|  0%| F|  |TAMS 0x0000000089000000, 0x0000000089000000| Untracked 
|  81|0x0000000089100000, 0x0000000089100000, 0x0000000089200000|  0%| F|  |TAMS 0x0000000089100000, 0x0000000089100000| Untracked 
|  82|0x0000000089200000, 0x0000000089300000, 0x0000000089300000|100%| E|  |TAMS 0x0000000089200000, 0x0000000089200000| Complete 
|  83|0x0000000089300000, 0x0000000089400000, 0x0000000089400000|100%| E|CS|TAMS 0x0000000089300000, 0x0000000089300000| Complete 
|  84|0x0000000089400000, 0x0000000089500000, 0x0000000089500000|100%| E|CS|TAMS 0x0000000089400000, 0x0000000089400000| Complete 
|  85|0x0000000089500000, 0x0000000089600000, 0x0000000089600000|100%| E|CS|TAMS 0x0000000089500000, 0x0000000089500000| Complete 
|  86|0x0000000089600000, 0x0000000089700000, 0x0000000089700000|100%| E|CS|TAMS 0x0000000089600000, 0x0000000089600000| Complete 
|  87|0x0000000089700000, 0x0000000089800000, 0x0000000089800000|100%| E|CS|TAMS 0x0000000089700000, 0x0000000089700000| Complete 
|  88|0x0000000089800000, 0x0000000089900000, 0x0000000089900000|100%| E|CS|TAMS 0x0000000089800000, 0x0000000089800000| Complete 
|  89|0x0000000089900000, 0x0000000089a00000, 0x0000000089a00000|100%| E|CS|TAMS 0x0000000089900000, 0x0000000089900000| Complete 
|  90|0x0000000089a00000, 0x0000000089b00000, 0x0000000089b00000|100%| E|CS|TAMS 0x0000000089a00000, 0x0000000089a00000| Complete 
|  91|0x0000000089b00000, 0x0000000089c00000, 0x0000000089c00000|100%| E|CS|TAMS 0x0000000089b00000, 0x0000000089b00000| Complete 
|  92|0x0000000089c00000, 0x0000000089d00000, 0x0000000089d00000|100%| E|CS|TAMS 0x0000000089c00000, 0x0000000089c00000| Complete 
|  93|0x0000000089d00000, 0x0000000089e00000, 0x0000000089e00000|100%| E|CS|TAMS 0x0000000089d00000, 0x0000000089d00000| Complete 
|  94|0x0000000089e00000, 0x0000000089f00000, 0x0000000089f00000|100%| E|CS|TAMS 0x0000000089e00000, 0x0000000089e00000| Complete 
|  95|0x0000000089f00000, 0x000000008a000000, 0x000000008a000000|100%| E|CS|TAMS 0x0000000089f00000, 0x0000000089f00000| Complete 
|  96|0x000000008a000000, 0x000000008a100000, 0x000000008a100000|100%| E|CS|TAMS 0x000000008a000000, 0x000000008a000000| Complete 
|  97|0x000000008a100000, 0x000000008a200000, 0x000000008a200000|100%| E|CS|TAMS 0x000000008a100000, 0x000000008a100000| Complete 
|  98|0x000000008a200000, 0x000000008a300000, 0x000000008a300000|100%| E|CS|TAMS 0x000000008a200000, 0x000000008a200000| Complete 
|  99|0x000000008a300000, 0x000000008a400000, 0x000000008a400000|100%| E|CS|TAMS 0x000000008a300000, 0x000000008a300000| Complete 
| 100|0x000000008a400000, 0x000000008a500000, 0x000000008a500000|100%| E|CS|TAMS 0x000000008a400000, 0x000000008a400000| Complete 
| 101|0x000000008a500000, 0x000000008a600000, 0x000000008a600000|100%| E|CS|TAMS 0x000000008a500000, 0x000000008a500000| Complete 
| 102|0x000000008a600000, 0x000000008a700000, 0x000000008a700000|100%| E|CS|TAMS 0x000000008a600000, 0x000000008a600000| Complete 
| 103|0x000000008a700000, 0x000000008a800000, 0x000000008a800000|100%| E|CS|TAMS 0x000000008a700000, 0x000000008a700000| Complete 
| 104|0x000000008a800000, 0x000000008a900000, 0x000000008a900000|100%| E|CS|TAMS 0x000000008a800000, 0x000000008a800000| Complete 
| 105|0x000000008a900000, 0x000000008aa00000, 0x000000008aa00000|100%| E|CS|TAMS 0x000000008a900000, 0x000000008a900000| Complete 
| 106|0x000000008aa00000, 0x000000008ab00000, 0x000000008ab00000|100%| E|CS|TAMS 0x000000008aa00000, 0x000000008aa00000| Complete 
| 107|0x000000008ab00000, 0x000000008ac00000, 0x000000008ac00000|100%| E|CS|TAMS 0x000000008ab00000, 0x000000008ab00000| Complete 
| 108|0x000000008ac00000, 0x000000008ad00000, 0x000000008ad00000|100%| E|CS|TAMS 0x000000008ac00000, 0x000000008ac00000| Complete 
| 109|0x000000008ad00000, 0x000000008ae00000, 0x000000008ae00000|100%| E|CS|TAMS 0x000000008ad00000, 0x000000008ad00000| Complete 
| 110|0x000000008ae00000, 0x000000008af00000, 0x000000008af00000|100%| E|CS|TAMS 0x000000008ae00000, 0x000000008ae00000| Complete 
| 111|0x000000008af00000, 0x000000008b000000, 0x000000008b000000|100%| E|CS|TAMS 0x000000008af00000, 0x000000008af00000| Complete 
| 112|0x000000008b000000, 0x000000008b100000, 0x000000008b100000|100%| E|CS|TAMS 0x000000008b000000, 0x000000008b000000| Complete 
| 113|0x000000008b100000, 0x000000008b200000, 0x000000008b200000|100%| E|CS|TAMS 0x000000008b100000, 0x000000008b100000| Complete 
| 114|0x000000008b200000, 0x000000008b300000, 0x000000008b300000|100%| E|CS|TAMS 0x000000008b200000, 0x000000008b200000| Complete 
| 115|0x000000008b300000, 0x000000008b400000, 0x000000008b400000|100%| E|CS|TAMS 0x000000008b300000, 0x000000008b300000| Complete 
| 116|0x000000008b400000, 0x000000008b500000, 0x000000008b500000|100%| E|CS|TAMS 0x000000008b400000, 0x000000008b400000| Complete 
| 117|0x000000008b500000, 0x000000008b600000, 0x000000008b600000|100%| E|CS|TAMS 0x000000008b500000, 0x000000008b500000| Complete 
| 118|0x000000008b600000, 0x000000008b700000, 0x000000008b700000|100%| E|CS|TAMS 0x000000008b600000, 0x000000008b600000| Complete 
| 119|0x000000008b700000, 0x000000008b800000, 0x000000008b800000|100%| E|CS|TAMS 0x000000008b700000, 0x000000008b700000| Complete 
| 120|0x000000008b800000, 0x000000008b900000, 0x000000008b900000|100%| E|CS|TAMS 0x000000008b800000, 0x000000008b800000| Complete 
| 121|0x000000008b900000, 0x000000008ba00000, 0x000000008ba00000|100%| E|CS|TAMS 0x000000008b900000, 0x000000008b900000| Complete 
| 122|0x000000008ba00000, 0x000000008bb00000, 0x000000008bb00000|100%| E|CS|TAMS 0x000000008ba00000, 0x000000008ba00000| Complete 
| 123|0x000000008bb00000, 0x000000008bc00000, 0x000000008bc00000|100%| E|CS|TAMS 0x000000008bb00000, 0x000000008bb00000| Complete 
| 124|0x000000008bc00000, 0x000000008bd00000, 0x000000008bd00000|100%| E|CS|TAMS 0x000000008bc00000, 0x000000008bc00000| Complete 
| 125|0x000000008bd00000, 0x000000008be00000, 0x000000008be00000|100%| E|CS|TAMS 0x000000008bd00000, 0x000000008bd00000| Complete 
| 126|0x000000008be00000, 0x000000008bf00000, 0x000000008bf00000|100%| E|CS|TAMS 0x000000008be00000, 0x000000008be00000| Complete 
| 127|0x000000008bf00000, 0x000000008c000000, 0x000000008c000000|100%| E|CS|TAMS 0x000000008bf00000, 0x000000008bf00000| Complete 
| 128|0x000000008c000000, 0x000000008c100000, 0x000000008c100000|100%| E|CS|TAMS 0x000000008c000000, 0x000000008c000000| Complete 
| 129|0x000000008c100000, 0x000000008c200000, 0x000000008c200000|100%| E|CS|TAMS 0x000000008c100000, 0x000000008c100000| Complete 
| 130|0x000000008c200000, 0x000000008c300000, 0x000000008c300000|100%| E|CS|TAMS 0x000000008c200000, 0x000000008c200000| Complete 
| 131|0x000000008c300000, 0x000000008c400000, 0x000000008c400000|100%| E|CS|TAMS 0x000000008c300000, 0x000000008c300000| Complete 
| 132|0x000000008c400000, 0x000000008c500000, 0x000000008c500000|100%| E|CS|TAMS 0x000000008c400000, 0x000000008c400000| Complete 
| 133|0x000000008c500000, 0x000000008c600000, 0x000000008c600000|100%| E|CS|TAMS 0x000000008c500000, 0x000000008c500000| Complete 
| 134|0x000000008c600000, 0x000000008c700000, 0x000000008c700000|100%| E|CS|TAMS 0x000000008c600000, 0x000000008c600000| Complete 
| 135|0x000000008c700000, 0x000000008c800000, 0x000000008c800000|100%| E|CS|TAMS 0x000000008c700000, 0x000000008c700000| Complete 
| 136|0x000000008c800000, 0x000000008c900000, 0x000000008c900000|100%| E|CS|TAMS 0x000000008c800000, 0x000000008c800000| Complete 
| 137|0x000000008c900000, 0x000000008ca00000, 0x000000008ca00000|100%| E|CS|TAMS 0x000000008c900000, 0x000000008c900000| Complete 
| 138|0x000000008ca00000, 0x000000008cb00000, 0x000000008cb00000|100%| E|CS|TAMS 0x000000008ca00000, 0x000000008ca00000| Complete 
| 139|0x000000008cb00000, 0x000000008cc00000, 0x000000008cc00000|100%| E|CS|TAMS 0x000000008cb00000, 0x000000008cb00000| Complete 
| 140|0x000000008cc00000, 0x000000008cd00000, 0x000000008cd00000|100%| E|CS|TAMS 0x000000008cc00000, 0x000000008cc00000| Complete 
| 141|0x000000008cd00000, 0x000000008ce00000, 0x000000008ce00000|100%| E|CS|TAMS 0x000000008cd00000, 0x000000008cd00000| Complete 
| 142|0x000000008ce00000, 0x000000008cf00000, 0x000000008cf00000|100%| E|CS|TAMS 0x000000008ce00000, 0x000000008ce00000| Complete 
| 143|0x000000008cf00000, 0x000000008d000000, 0x000000008d000000|100%| E|CS|TAMS 0x000000008cf00000, 0x000000008cf00000| Complete 

Card table byte_map: [0x0000019145110000,0x00000191454f0000] _byte_map_base: 0x0000019144cf0000

Marking Bits (Prev, Next): (CMBitMap*) 0x000001912e1acc10, (CMBitMap*) 0x000001912e1acc50
 Prev Bits: [0x00000191458d0000, 0x00000191477d0000)
 Next Bits: [0x00000191477d0000, 0x00000191496d0000)

Polling page: 0x000001912d920000

Metaspace:

Usage:
  Non-class:     41.59 MB used.
      Class:      5.89 MB used.
       Both:     47.48 MB used.

Virtual space:
  Non-class space:       64.00 MB reserved,      41.69 MB ( 65%) committed,  1 nodes.
      Class space:        1.00 GB reserved,       6.06 MB ( <1%) committed,  1 nodes.
             Both:        1.06 GB reserved,      47.75 MB (  4%) committed. 

Chunk freelists:
   Non-Class:  5.94 MB
       Class:  9.80 MB
        Both:  15.73 MB

MaxMetaspaceSize: unlimited
CompressedClassSpaceSize: 1.00 GB
Initial GC threshold: 21.00 MB
Current GC threshold: 50.94 MB
CDS: on
MetaspaceReclaimPolicy: balanced
 - commit_granule_bytes: 65536.
 - commit_granule_words: 8192.
 - virtual_space_node_default_size: 8388608.
 - enlarge_chunks_in_place: 1.
 - new_chunks_are_fully_committed: 0.
 - uncommit_free_chunks: 1.
 - use_allocation_guard: 0.
 - handle_deallocations: 1.


Internal statistics:

num_allocs_failed_limit: 6.
num_arena_births: 250.
num_arena_deaths: 0.
num_vsnodes_births: 2.
num_vsnodes_deaths: 0.
num_space_committed: 762.
num_space_uncommitted: 0.
num_chunks_returned_to_freelist: 6.
num_chunks_taken_from_freelist: 1905.
num_chunk_merges: 6.
num_chunk_splits: 1566.
num_chunks_enlarged: 1390.
num_inconsistent_stats: 0.

CodeHeap 'non-profiled nmethods': size=120000Kb used=1957Kb max_used=1957Kb free=118042Kb
 bounds [0x000001913d4d0000, 0x000001913d740000, 0x0000019144a00000]
CodeHeap 'profiled nmethods': size=120000Kb used=9609Kb max_used=9609Kb free=110390Kb
 bounds [0x0000019135a00000, 0x0000019136370000, 0x000001913cf30000]
CodeHeap 'non-nmethods': size=5760Kb used=1304Kb max_used=1345Kb free=4455Kb
 bounds [0x000001913cf30000, 0x000001913d1a0000, 0x000001913d4d0000]
 total_blobs=5494 nmethods=4876 adapters=529
 compilation: enabled
              stopped_count=0, restarted_count=0
 full_count=0

Compilation events (20 events):
Event: 9.832 Thread 0x000001914c0dde80 4864       4       org.jetbrains.kotlin.metadata.ProtoBuf$Annotation$Argument$Value$Type::valueOf (122 bytes)
Event: 9.833 Thread 0x000001914c0dde80 nmethod 4864 0x000001913d6b8510 code [0x000001913d6b86a0, 0x000001913d6b87f8]
Event: 9.833 Thread 0x000001914c0dde80 4836   !   4       org.jetbrains.kotlin.metadata.ProtoBuf$Function::<init> (1410 bytes)
Event: 9.843 Thread 0x000001914c0de930 4877       1       org.jetbrains.kotlin.utils.SmartList$EmptyIterator::hasNext (2 bytes)
Event: 9.843 Thread 0x000001914c0de930 nmethod 4877 0x000001913d6b8890 code [0x000001913d6b8a20, 0x000001913d6b8af8]
Event: 9.862 Thread 0x000001914c0de930 4878       3       jdk.internal.reflect.MethodAccessorImpl::<init> (5 bytes)
Event: 9.862 Thread 0x000001914c0de930 nmethod 4878 0x000001913635ef10 code [0x000001913635f0c0, 0x000001913635f278]
Event: 9.866 Thread 0x000001914c0de930 4879       3       org.jetbrains.kotlin.resolve.DescriptorUtils::getParentOfType (52 bytes)
Event: 9.866 Thread 0x000001914c0de930 nmethod 4879 0x000001913635f390 code [0x000001913635f580, 0x000001913635fa88]
Event: 9.867 Thread 0x000001914c0de930 4880       3       org.jetbrains.kotlin.descriptors.annotations.Annotations$Companion$EMPTY$1::iterator (9 bytes)
Event: 9.867 Thread 0x000001914c0de930 nmethod 4880 0x000001913635fc10 code [0x000001913635fdc0, 0x000001913635ff98]
Event: 9.867 Thread 0x000001914c0de930 4881       1       org.jetbrains.kotlin.load.java.lazy.descriptors.LazyJavaClassDescriptor::getAnnotations (5 bytes)
Event: 9.867 Thread 0x000001914c0de930 nmethod 4881 0x000001913d6b8b90 code [0x000001913d6b8d20, 0x000001913d6b8df8]
Event: 9.919 Thread 0x000001914c0de930 4882       3       org.jetbrains.kotlin.resolve.DescriptorUtils::isAnonymousObject (37 bytes)
Event: 9.919 Thread 0x000001914c0de930 nmethod 4882 0x0000019136360090 code [0x0000019136360280, 0x0000019136360618]
Event: 9.935 Thread 0x000001914c0de930 4883       3       java.lang.invoke.BoundMethodHandle::bindArgumentL (11 bytes)
Event: 9.936 Thread 0x000001914c0de930 nmethod 4883 0x0000019136360790 code [0x0000019136360980, 0x0000019136360e78]
Event: 9.936 Thread 0x000001914c0de930 4884       3       java.lang.invoke.LambdaFormEditor::bindArgumentL (59 bytes)
Event: 9.936 Thread 0x000001914c0de930 nmethod 4884 0x0000019136361090 code [0x0000019136361260, 0x0000019136361508]
Event: 9.946 Thread 0x000001914c0de930 4885       3       java.lang.Module::isExported (18 bytes)

GC Heap History (18 events):
Event: 1.521 GC heap before
{Heap before GC invocations=0 (full 0):
 garbage-first heap   total 126976K, used 27648K [0x0000000084000000, 0x0000000100000000)
  region size 1024K, 23 young (23552K), 0 survivors (0K)
 Metaspace       used 6561K, committed 6720K, reserved 1114112K
  class space    used 661K, committed 768K, reserved 1048576K
}
Event: 1.531 GC heap after
{Heap after GC invocations=1 (full 0):
 garbage-first heap   total 126976K, used 7040K [0x0000000084000000, 0x0000000100000000)
  region size 1024K, 3 young (3072K), 3 survivors (3072K)
 Metaspace       used 6561K, committed 6720K, reserved 1114112K
  class space    used 661K, committed 768K, reserved 1048576K
}
Event: 3.066 GC heap before
{Heap before GC invocations=1 (full 0):
 garbage-first heap   total 126976K, used 40832K [0x0000000084000000, 0x0000000100000000)
  region size 1024K, 36 young (36864K), 3 survivors (3072K)
 Metaspace       used 14106K, committed 14336K, reserved 1114112K
  class space    used 1612K, committed 1728K, reserved 1048576K
}
Event: 3.081 GC heap after
{Heap after GC invocations=2 (full 0):
 garbage-first heap   total 126976K, used 10463K [0x0000000084000000, 0x0000000100000000)
  region size 1024K, 4 young (4096K), 4 survivors (4096K)
 Metaspace       used 14106K, committed 14336K, reserved 1114112K
  class space    used 1612K, committed 1728K, reserved 1048576K
}
Event: 4.236 GC heap before
{Heap before GC invocations=2 (full 0):
 garbage-first heap   total 126976K, used 39135K [0x0000000084000000, 0x0000000100000000)
  region size 1024K, 29 young (29696K), 4 survivors (4096K)
 Metaspace       used 21285K, committed 21504K, reserved 1114112K
  class space    used 2783K, committed 2880K, reserved 1048576K
}
Event: 4.248 GC heap after
{Heap after GC invocations=3 (full 0):
 garbage-first heap   total 126976K, used 16665K [0x0000000084000000, 0x0000000100000000)
  region size 1024K, 6 young (6144K), 6 survivors (6144K)
 Metaspace       used 21285K, committed 21504K, reserved 1114112K
  class space    used 2783K, committed 2880K, reserved 1048576K
}
Event: 5.231 GC heap before
{Heap before GC invocations=4 (full 0):
 garbage-first heap   total 65536K, used 51481K [0x0000000084000000, 0x0000000100000000)
  region size 1024K, 38 young (38912K), 6 survivors (6144K)
 Metaspace       used 26318K, committed 26560K, reserved 1114112K
  class space    used 3547K, committed 3648K, reserved 1048576K
}
Event: 5.261 GC heap after
{Heap after GC invocations=5 (full 0):
 garbage-first heap   total 65536K, used 24246K [0x0000000084000000, 0x0000000100000000)
  region size 1024K, 5 young (5120K), 5 survivors (5120K)
 Metaspace       used 26318K, committed 26560K, reserved 1114112K
  class space    used 3547K, committed 3648K, reserved 1048576K
}
Event: 5.280 GC heap before
{Heap before GC invocations=5 (full 0):
 garbage-first heap   total 65536K, used 25270K [0x0000000084000000, 0x0000000100000000)
  region size 1024K, 6 young (6144K), 5 survivors (5120K)
 Metaspace       used 26355K, committed 26624K, reserved 1114112K
  class space    used 3549K, committed 3648K, reserved 1048576K
}
Event: 5.294 GC heap after
{Heap after GC invocations=6 (full 0):
 garbage-first heap   total 65536K, used 25481K [0x0000000084000000, 0x0000000100000000)
  region size 1024K, 1 young (1024K), 1 survivors (1024K)
 Metaspace       used 26355K, committed 26624K, reserved 1114112K
  class space    used 3549K, committed 3648K, reserved 1048576K
}
Event: 5.898 GC heap before
{Heap before GC invocations=6 (full 0):
 garbage-first heap   total 65536K, used 48009K [0x0000000084000000, 0x0000000100000000)
  region size 1024K, 24 young (24576K), 1 survivors (1024K)
 Metaspace       used 30825K, committed 31040K, reserved 1114112K
  class space    used 3966K, committed 4032K, reserved 1048576K
}
Event: 5.908 GC heap after
{Heap after GC invocations=7 (full 0):
 garbage-first heap   total 65536K, used 25442K [0x0000000084000000, 0x0000000100000000)
  region size 1024K, 3 young (3072K), 3 survivors (3072K)
 Metaspace       used 30825K, committed 31040K, reserved 1114112K
  class space    used 3966K, committed 4032K, reserved 1048576K
}
Event: 6.824 GC heap before
{Heap before GC invocations=8 (full 0):
 garbage-first heap   total 65536K, used 48994K [0x0000000084000000, 0x0000000100000000)
  region size 1024K, 26 young (26624K), 3 survivors (3072K)
 Metaspace       used 36465K, committed 36736K, reserved 1114112K
  class space    used 4550K, committed 4672K, reserved 1048576K
}
Event: 6.835 GC heap after
{Heap after GC invocations=9 (full 0):
 garbage-first heap   total 65536K, used 27838K [0x0000000084000000, 0x0000000100000000)
  region size 1024K, 3 young (3072K), 3 survivors (3072K)
 Metaspace       used 36465K, committed 36736K, reserved 1114112K
  class space    used 4550K, committed 4672K, reserved 1048576K
}
Event: 6.871 GC heap before
{Heap before GC invocations=9 (full 0):
 garbage-first heap   total 65536K, used 28862K [0x0000000084000000, 0x0000000100000000)
  region size 1024K, 4 young (4096K), 3 survivors (3072K)
 Metaspace       used 36625K, committed 36864K, reserved 1114112K
  class space    used 4565K, committed 4672K, reserved 1048576K
}
Event: 6.879 GC heap after
{Heap after GC invocations=10 (full 0):
 garbage-first heap   total 65536K, used 27933K [0x0000000084000000, 0x0000000100000000)
  region size 1024K, 1 young (1024K), 1 survivors (1024K)
 Metaspace       used 36625K, committed 36864K, reserved 1114112K
  class space    used 4565K, committed 4672K, reserved 1048576K
}
Event: 7.961 GC heap before
{Heap before GC invocations=10 (full 0):
 garbage-first heap   total 65536K, used 50461K [0x0000000084000000, 0x0000000100000000)
  region size 1024K, 22 young (22528K), 1 survivors (1024K)
 Metaspace       used 42371K, committed 42624K, reserved 1114112K
  class space    used 5256K, committed 5376K, reserved 1048576K
}
Event: 7.969 GC heap after
{Heap after GC invocations=11 (full 0):
 garbage-first heap   total 147456K, used 31879K [0x0000000084000000, 0x0000000100000000)
  region size 1024K, 3 young (3072K), 3 survivors (3072K)
 Metaspace       used 42371K, committed 42624K, reserved 1114112K
  class space    used 5256K, committed 5376K, reserved 1048576K
}

Deoptimization events (20 events):
Event: 9.733 Thread 0x000001912c029f50 DEOPT PACKING pc=0x00000191361ac7cb sp=0x0000004c73afb990
Event: 9.734 Thread 0x000001912c029f50 DEOPT UNPACKING pc=0x000001913cf866e3 sp=0x0000004c73afae98 mode 0
Event: 9.754 Thread 0x000001912c029f50 Uncommon trap: trap_request=0xffffff45 fr.pc=0x000001913d695cac relative=0x000000000000010c
Event: 9.754 Thread 0x000001912c029f50 Uncommon trap: reason=unstable_if action=reinterpret pc=0x000001913d695cac method=org.jetbrains.kotlin.metadata.ProtoBuf$Annotation$Argument$Value$Type.valueOf(I)Lorg/jetbrains/kotlin/metadata/ProtoBuf$Annotation$Argument$Value$Type; @ 1 c2
Event: 9.754 Thread 0x000001912c029f50 DEOPT PACKING pc=0x000001913d695cac sp=0x0000004c73afa8b0
Event: 9.754 Thread 0x000001912c029f50 DEOPT UNPACKING pc=0x000001913cf85ba3 sp=0x0000004c73afa838 mode 2
Event: 9.773 Thread 0x000001912c029f50 DEOPT PACKING pc=0x00000191361ac7cb sp=0x0000004c73afb990
Event: 9.773 Thread 0x000001912c029f50 DEOPT UNPACKING pc=0x000001913cf866e3 sp=0x0000004c73afae98 mode 0
Event: 9.820 Thread 0x000001912c029f50 Uncommon trap: trap_request=0xffffff45 fr.pc=0x000001913d69d71c relative=0x000000000000045c
Event: 9.820 Thread 0x000001912c029f50 Uncommon trap: reason=unstable_if action=reinterpret pc=0x000001913d69d71c method=java.util.HashMap.hash(Ljava/lang/Object;)I @ 1 c2
Event: 9.820 Thread 0x000001912c029f50 DEOPT PACKING pc=0x000001913d69d71c sp=0x0000004c73afc6b0
Event: 9.820 Thread 0x000001912c029f50 DEOPT UNPACKING pc=0x000001913cf85ba3 sp=0x0000004c73afc4e8 mode 2
Event: 9.856 Thread 0x000001912c029f50 Uncommon trap: trap_request=0xffffff45 fr.pc=0x000001913d6220bc relative=0x000000000000011c
Event: 9.857 Thread 0x000001912c029f50 Uncommon trap: reason=unstable_if action=reinterpret pc=0x000001913d6220bc method=org.jetbrains.kotlin.com.intellij.psi.tree.TokenSet.contains(Lorg/jetbrains/kotlin/com/intellij/psi/tree/IElementType;)Z @ 1 c2
Event: 9.857 Thread 0x000001912c029f50 DEOPT PACKING pc=0x000001913d6220bc sp=0x0000004c73afc520
Event: 9.857 Thread 0x000001912c029f50 DEOPT UNPACKING pc=0x000001913cf85ba3 sp=0x0000004c73afc4d8 mode 2
Event: 9.867 Thread 0x000001912c029f50 Uncommon trap: trap_request=0xffffff45 fr.pc=0x000001913d537d4c relative=0x000000000000004c
Event: 9.867 Thread 0x000001912c029f50 Uncommon trap: reason=unstable_if action=reinterpret pc=0x000001913d537d4c method=kotlin.jvm.internal.Intrinsics.areEqual(Ljava/lang/Object;Ljava/lang/Object;)Z @ 5 c2
Event: 9.867 Thread 0x000001912c029f50 DEOPT PACKING pc=0x000001913d537d4c sp=0x0000004c73afc520
Event: 9.867 Thread 0x000001912c029f50 DEOPT UNPACKING pc=0x000001913cf85ba3 sp=0x0000004c73afc4b0 mode 2

Classes unloaded (0 events):
No events

Classes redefined (0 events):
No events

Internal exceptions (20 events):
Event: 4.085 Thread 0x000001912c029f50 Exception <a 'java/lang/NoSuchMethodError'{0x000000008a6f9038}: 'java.lang.Object java.lang.invoke.Invokers$Holder.invokeExact_MT(java.lang.Object, java.lang.Object, java.lang.Object, java.lang.Object, java.lang.Object, java.lang.Object)'> (0x000000008a6f9038) 
thrown [s\open\src\hotspot\share\interpreter\linkResolver.cpp, line 759]
Event: 5.296 Thread 0x000001912c029f50 Exception <a 'java/lang/NoSuchMethodError'{0x000000008bb0b960}: 'java.lang.Object java.lang.invoke.DirectMethodHandle$Holder.invokeVirtual(java.lang.Object, java.lang.Object, java.lang.Object)'> (0x000000008bb0b960) 
thrown [s\open\src\hotspot\share\interpreter\linkResolver.cpp, line 759]
Event: 6.438 Thread 0x000001912c029f50 Exception <a 'java/lang/NoSuchMethodError'{0x0000000086e68cb8}: 'java.lang.Object java.lang.invoke.DirectMethodHandle$Holder.newInvokeSpecial(java.lang.Object, java.lang.Object, int)'> (0x0000000086e68cb8) 
thrown [s\open\src\hotspot\share\interpreter\linkResolver.cpp, line 759]
Event: 6.666 Thread 0x000001912c029f50 Exception <a 'java/lang/NoSuchMethodError'{0x0000000086cd8370}: 'java.lang.Object java.lang.invoke.DirectMethodHandle$Holder.newInvokeSpecial(java.lang.Object, java.lang.Object, java.lang.Object, int)'> (0x0000000086cd8370) 
thrown [s\open\src\hotspot\share\interpreter\linkResolver.cpp, line 759]
Event: 6.667 Thread 0x000001912c029f50 Exception <a 'java/lang/NoSuchMethodError'{0x0000000086cdc9f8}: 'java.lang.Object java.lang.invoke.DirectMethodHandle$Holder.invokeSpecial(java.lang.Object, java.lang.Object, java.lang.Object, java.lang.Object, int)'> (0x0000000086cdc9f8) 
thrown [s\open\src\hotspot\share\interpreter\linkResolver.cpp, line 759]
Event: 6.667 Thread 0x000001912c029f50 Exception <a 'java/lang/NoSuchMethodError'{0x0000000086ce0868}: 'java.lang.Object java.lang.invoke.Invokers$Holder.linkToTargetMethod(java.lang.Object, java.lang.Object, int, java.lang.Object)'> (0x0000000086ce0868) 
thrown [s\open\src\hotspot\share\interpreter\linkResolver.cpp, line 759]
Event: 7.283 Thread 0x000001912c029f50 Exception <a 'java/lang/NoSuchMethodError'{0x0000000087789f28}: 'java.lang.Object java.lang.invoke.DirectMethodHandle$Holder.invokeInterface(java.lang.Object, java.lang.Object)'> (0x0000000087789f28) 
thrown [s\open\src\hotspot\share\interpreter\linkResolver.cpp, line 759]
Event: 7.840 Thread 0x000001912c029f50 Exception <a 'java/lang/NoSuchMethodError'{0x0000000086cadb58}: 'java.lang.Object java.lang.invoke.DirectMethodHandle$Holder.invokeStatic(java.lang.Object, java.lang.Object, java.lang.Object, java.lang.Object, int)'> (0x0000000086cadb58) 
thrown [s\open\src\hotspot\share\interpreter\linkResolver.cpp, line 759]
Event: 7.841 Thread 0x000001912c029f50 Exception <a 'java/lang/NoSuchMethodError'{0x0000000086cb7598}: 'java.lang.Object java.lang.invoke.DirectMethodHandle$Holder.newInvokeSpecial(java.lang.Object, java.lang.Object, java.lang.Object, java.lang.Object, int)'> (0x0000000086cb7598) 
thrown [s\open\src\hotspot\share\interpreter\linkResolver.cpp, line 759]
Event: 7.841 Thread 0x000001912c029f50 Exception <a 'java/lang/NoSuchMethodError'{0x0000000086cbbe20}: 'java.lang.Object java.lang.invoke.DirectMethodHandle$Holder.invokeSpecial(java.lang.Object, java.lang.Object, java.lang.Object, java.lang.Object, java.lang.Object, int)'> (0x0000000086cbbe20) 
thrown [s\open\src\hotspot\share\interpreter\linkResolver.cpp, line 759]
Event: 7.842 Thread 0x000001912c029f50 Exception <a 'java/lang/NoSuchMethodError'{0x0000000086cc0058}: 'java.lang.Object java.lang.invoke.Invokers$Holder.linkToTargetMethod(java.lang.Object, java.lang.Object, java.lang.Object, int, java.lang.Object)'> (0x0000000086cc0058) 
thrown [s\open\src\hotspot\share\interpreter\linkResolver.cpp, line 759]
Event: 8.288 Thread 0x000001912c029f50 Exception <a 'java/lang/NoSuchMethodError'{0x000000008cbcddd8}: 'int java.lang.invoke.DirectMethodHandle$Holder.invokeVirtual(java.lang.Object, java.lang.Object, java.lang.Object)'> (0x000000008cbcddd8) 
thrown [s\open\src\hotspot\share\interpreter\linkResolver.cpp, line 759]
Event: 8.294 Thread 0x000001912c029f50 Exception <a 'java/lang/NoSuchMethodError'{0x000000008cbf8ba0}: 'java.lang.Object java.lang.invoke.DirectMethodHandle$Holder.invokeStaticInit(java.lang.Object, java.lang.Object, java.lang.Object)'> (0x000000008cbf8ba0) 
thrown [s\open\src\hotspot\share\interpreter\linkResolver.cpp, line 759]
Event: 8.809 Thread 0x000001912c029f50 Exception <a 'java/lang/NoSuchMethodError'{0x000000008af19d30}: 'void java.lang.invoke.DirectMethodHandle$Holder.invokeInterface(java.lang.Object, java.lang.Object)'> (0x000000008af19d30) 
thrown [s\open\src\hotspot\share\interpreter\linkResolver.cpp, line 759]
Event: 9.418 Thread 0x000001912c029f50 Exception <a 'java/lang/NoSuchMethodError'{0x000000008a45a348}: 'java.lang.Object java.lang.invoke.DirectMethodHandle$Holder.newInvokeSpecial(java.lang.Object, java.lang.Object, java.lang.Object, java.lang.Object, java.lang.Object, java.lang.Object, java.lang.Object, java.lang.Object)'> (0x000000008a45a348) 
thrown [s\open\src\hotspot\share\interpreter\linkResolver.cpp, line 759]
Event: 9.419 Thread 0x000001912c029f50 Exception <a 'java/lang/NoSuchMethodError'{0x000000008a45f960}: 'java.lang.Object java.lang.invoke.DirectMethodHandle$Holder.invokeSpecial(java.lang.Object, java.lang.Object, java.lang.Object, java.lang.Object, java.lang.Object, java.lang.Object, java.lang.Object, java.lang.Object, java.lang.Object)'> (0x000000008a45f960) 
thrown [s\open\src\hotspot\share\interpreter\linkResolver.cpp, line 759]
Event: 9.420 Thread 0x000001912c029f50 Exception <a 'java/lang/NoSuchMethodError'{0x000000008a464890}: 'java.lang.Object java.lang.invoke.Invokers$Holder.linkToTargetMethod(java.lang.Object, java.lang.Object, java.lang.Object, java.lang.Object, java.lang.Object, java.lang.Object, java.lang.Object, java.lang.Object)'> (0x000000008a464890) 
thrown [s\open\src\hotspot\share\interpreter\linkResolver.cpp, line 759]
Event: 9.584 Thread 0x000001912c029f50 Exception <a 'java/lang/NoSuchMethodError'{0x000000008a12cdf8}: 'java.lang.Object java.lang.invoke.DirectMethodHandle$Holder.newInvokeSpecial(java.lang.Object, java.lang.Object, java.lang.Object, java.lang.Object, java.lang.Object, java.lang.Object)'> (0x000000008a12cdf8) 
thrown [s\open\src\hotspot\share\interpreter\linkResolver.cpp, line 759]
Event: 9.820 Thread 0x000001912c029f50 Implicit null exception at 0x000001913d69d409 to 0x000001913d69d700
Event: 9.856 Thread 0x000001912c029f50 Implicit null exception at 0x000001913d621fcc to 0x000001913d6220a8

VM Operations (20 events):
Event: 8.029 Executing VM operation: HandshakeAllThreads
Event: 8.029 Executing VM operation: HandshakeAllThreads done
Event: 8.175 Executing VM operation: HandshakeAllThreads
Event: 8.176 Executing VM operation: HandshakeAllThreads done
Event: 8.549 Executing VM operation: ICBufferFull
Event: 8.550 Executing VM operation: ICBufferFull done
Event: 8.567 Executing VM operation: HandshakeAllThreads
Event: 8.567 Executing VM operation: HandshakeAllThreads done
Event: 8.794 Executing VM operation: HandshakeAllThreads
Event: 8.794 Executing VM operation: HandshakeAllThreads done
Event: 9.039 Executing VM operation: ICBufferFull
Event: 9.039 Executing VM operation: ICBufferFull done
Event: 9.421 Executing VM operation: ICBufferFull
Event: 9.421 Executing VM operation: ICBufferFull done
Event: 9.755 Executing VM operation: ICBufferFull
Event: 9.755 Executing VM operation: ICBufferFull done
Event: 9.824 Executing VM operation: HandshakeAllThreads
Event: 9.824 Executing VM operation: HandshakeAllThreads done
Event: 9.927 Executing VM operation: HandshakeAllThreads
Event: 9.927 Executing VM operation: HandshakeAllThreads done

Events (20 events):
Event: 8.825 loading class java/util/stream/Node$OfInt done
Event: 8.825 loading class java/util/stream/Nodes$EmptyNode$OfInt done
Event: 8.825 loading class java/util/stream/Nodes$EmptyNode$OfLong
Event: 8.825 loading class java/util/stream/Node$OfLong
Event: 8.825 loading class java/util/stream/Node$OfLong done
Event: 8.825 loading class java/util/stream/Nodes$EmptyNode$OfLong done
Event: 8.825 loading class java/util/stream/Nodes$EmptyNode$OfDouble
Event: 8.825 loading class java/util/stream/Node$OfDouble
Event: 8.826 loading class java/util/stream/Node$OfDouble done
Event: 8.826 loading class java/util/stream/Nodes$EmptyNode$OfDouble done
Event: 8.826 loading class java/util/stream/Nodes$SpinedNodeBuilder
Event: 8.826 loading class java/util/stream/Node$Builder
Event: 8.826 loading class java/util/stream/Node$Builder done
Event: 8.826 loading class java/util/stream/SpinedBuffer
Event: 8.827 loading class java/util/stream/AbstractSpinedBuffer
Event: 8.827 loading class java/util/stream/AbstractSpinedBuffer done
Event: 8.827 loading class java/util/stream/SpinedBuffer done
Event: 8.827 loading class java/util/stream/Nodes$SpinedNodeBuilder done
Event: 8.956 loading class java/util/RegularEnumSet$EnumSetIterator
Event: 8.957 loading class java/util/RegularEnumSet$EnumSetIterator done


Dynamic libraries:
0x00007ff7ead70000 - 0x00007ff7ead80000 	C:\Program Files\OpenJDK\jdk-17.0.10\bin\java.exe
0x00007ffd1b770000 - 0x00007ffd1b986000 	C:\Windows\SYSTEM32\ntdll.dll
0x00007ffd1ac20000 - 0x00007ffd1ace4000 	C:\Windows\System32\KERNEL32.DLL
0x00007ffd18c60000 - 0x00007ffd19007000 	C:\Windows\System32\KERNELBASE.dll
0x00007ffd18a90000 - 0x00007ffd18ba1000 	C:\Windows\System32\ucrtbase.dll
0x00007ffcb14b0000 - 0x00007ffcb14c9000 	C:\Program Files\OpenJDK\jdk-17.0.10\bin\jli.dll
0x00007ffd1a0b0000 - 0x00007ffd1a162000 	C:\Windows\System32\ADVAPI32.dll
0x00007ffd1a270000 - 0x00007ffd1a317000 	C:\Windows\System32\msvcrt.dll
0x00007ffcadfa0000 - 0x00007ffcadfbb000 	C:\Program Files\OpenJDK\jdk-17.0.10\bin\VCRUNTIME140.dll
0x00007ffd1b640000 - 0x00007ffd1b6e8000 	C:\Windows\System32\sechost.dll
0x00007ffd18c30000 - 0x00007ffd18c58000 	C:\Windows\System32\bcrypt.dll
0x00007ffd1b3c0000 - 0x00007ffd1b4d5000 	C:\Windows\System32\RPCRT4.dll
0x00007ffd1aa70000 - 0x00007ffd1ac1e000 	C:\Windows\System32\USER32.dll
0x00007ffd19080000 - 0x00007ffd190a6000 	C:\Windows\System32\win32u.dll
0x00007ffd02b30000 - 0x00007ffd02dc3000 	C:\Windows\WinSxS\amd64_microsoft.windows.common-controls_6595b64144ccf1df_6.0.22621.3235_none_270f74e173860f98\COMCTL32.dll
0x00007ffd1b390000 - 0x00007ffd1b3b9000 	C:\Windows\System32\GDI32.dll
0x00007ffd19150000 - 0x00007ffd19269000 	C:\Windows\System32\gdi32full.dll
0x00007ffd190b0000 - 0x00007ffd1914a000 	C:\Windows\System32\msvcp_win.dll
0x00007ffd0b8e0000 - 0x00007ffd0b8ea000 	C:\Windows\SYSTEM32\VERSION.dll
0x00007ffd1b6f0000 - 0x00007ffd1b721000 	C:\Windows\System32\IMM32.DLL
0x00007ffd06520000 - 0x00007ffd0652c000 	C:\Program Files\OpenJDK\jdk-17.0.10\bin\vcruntime140_1.dll
0x00007ffc96340000 - 0x00007ffc963ce000 	C:\Program Files\OpenJDK\jdk-17.0.10\bin\msvcp140.dll
0x00007ffc93340000 - 0x00007ffc93f1f000 	C:\Program Files\OpenJDK\jdk-17.0.10\bin\server\jvm.dll
0x00007ffd1b180000 - 0x00007ffd1b188000 	C:\Windows\System32\PSAPI.DLL
0x00007ffd024b0000 - 0x00007ffd024b9000 	C:\Windows\SYSTEM32\WSOCK32.dll
0x00007ffd0ddb0000 - 0x00007ffd0dde4000 	C:\Windows\SYSTEM32\WINMM.dll
0x00007ffd1b5c0000 - 0x00007ffd1b631000 	C:\Windows\System32\WS2_32.dll
0x00007ffd17a90000 - 0x00007ffd17aa8000 	C:\Windows\SYSTEM32\kernel.appcore.dll
0x00007ffd00d90000 - 0x00007ffd00d9a000 	C:\Program Files\OpenJDK\jdk-17.0.10\bin\jimage.dll
0x00007ffd161d0000 - 0x00007ffd16403000 	C:\Windows\SYSTEM32\DBGHELP.DLL
0x00007ffd1a570000 - 0x00007ffd1a8f8000 	C:\Windows\System32\combase.dll
0x00007ffd1b4e0000 - 0x00007ffd1b5b7000 	C:\Windows\System32\OLEAUT32.dll
0x00007ffcf7b00000 - 0x00007ffcf7b32000 	C:\Windows\SYSTEM32\dbgcore.DLL
0x00007ffd18bb0000 - 0x00007ffd18c29000 	C:\Windows\System32\bcryptPrimitives.dll
0x00007ffc9acc0000 - 0x00007ffc9ace5000 	C:\Program Files\OpenJDK\jdk-17.0.10\bin\java.dll
0x00007ffc96260000 - 0x00007ffc96337000 	C:\Program Files\OpenJDK\jdk-17.0.10\bin\jsvml.dll
0x00007ffd197f0000 - 0x00007ffd1a04c000 	C:\Windows\System32\SHELL32.dll
0x00007ffd169a0000 - 0x00007ffd17299000 	C:\Windows\SYSTEM32\windows.storage.dll
0x00007ffd16860000 - 0x00007ffd1699e000 	C:\Windows\SYSTEM32\wintypes.dll
0x00007ffd194a0000 - 0x00007ffd19593000 	C:\Windows\System32\SHCORE.dll
0x00007ffd1b2c0000 - 0x00007ffd1b31e000 	C:\Windows\System32\shlwapi.dll
0x00007ffd189c0000 - 0x00007ffd189e1000 	C:\Windows\SYSTEM32\profapi.dll
0x00007ffcadd70000 - 0x00007ffcadd89000 	C:\Program Files\OpenJDK\jdk-17.0.10\bin\net.dll
0x00007ffd12bf0000 - 0x00007ffd12d26000 	C:\Windows\SYSTEM32\WINHTTP.dll
0x00007ffd17ef0000 - 0x00007ffd17f59000 	C:\Windows\system32\mswsock.dll
0x00007ffca0340000 - 0x00007ffca0356000 	C:\Program Files\OpenJDK\jdk-17.0.10\bin\nio.dll
0x00007ffca0050000 - 0x00007ffca0068000 	C:\Program Files\OpenJDK\jdk-17.0.10\bin\zip.dll
0x00007ffd06530000 - 0x00007ffd06540000 	C:\Program Files\OpenJDK\jdk-17.0.10\bin\verify.dll

dbghelp: loaded successfully - version: 4.0.5 - missing functions: none
symbol engine: initialized successfully - sym options: 0x614 - pdb path: .;C:\Program Files\OpenJDK\jdk-17.0.10\bin;C:\Windows\SYSTEM32;C:\Windows\WinSxS\amd64_microsoft.windows.common-controls_6595b64144ccf1df_6.0.22621.3235_none_270f74e173860f98;C:\Program Files\OpenJDK\jdk-17.0.10\bin\server

VM Arguments:
java_command: org.jetbrains.kotlin.cli.jvm.K2JVMCompiler @D:\work from home\REMOTE JOBS\remotejobsapp\node_modules\react-native-safe-area-context\android\build\20240507_5741815683227362132.compiler.options
java_class_path (initial): C:\Users\PRAKASH\.gradle\caches\modules-2\files-2.1\org.jetbrains.kotlin\kotlin-compiler-embeddable\1.8.0\eb9118d4bcceaa2a94b2ae2a33a4ddba7c9a947f\kotlin-compiler-embeddable-1.8.0.jar;C:\Users\PRAKASH\.gradle\caches\modules-2\files-2.1\org.jetbrains.kotlin\kotlin-stdlib\1.8.0\1796921c7a3e2e2665a83e6c8d33399336cd39bc\kotlin-stdlib-1.8.0.jar;C:\Users\PRAKASH\.gradle\caches\modules-2\files-2.1\org.jetbrains.kotlin\kotlin-script-runtime\1.8.0\b2f7e760d283cb339974851c222a4c1d48f2d3d\kotlin-script-runtime-1.8.0.jar;C:\Users\PRAKASH\.gradle\caches\modules-2\files-2.1\org.jetbrains.kotlin\kotlin-reflect\1.6.10\1cbe9c92c12a94eea200d23c2bbaedaf3daf5132\kotlin-reflect-1.6.10.jar;C:\Users\PRAKASH\.gradle\caches\modules-2\files-2.1\org.jetbrains.kotlin\kotlin-daemon-embeddable\1.8.0\d255216c551685dc3a7e852b53617f5f01aaaa5c\kotlin-daemon-embeddable-1.8.0.jar;C:\Users\PRAKASH\.gradle\caches\modules-2\files-2.1\org.jetbrains.intellij.deps\trove4j\1.0.20200330\3afb14d5f9ceb459d724e907a21145e8ff394f02\trove4j-1.0.20200330.jar;C:\Users\PRAKASH\.gradle\caches\modules-2\files-2.1\net.java.dev.jna\jna\5.6.0\330f2244e9030119ab3030fc3fededc86713d9cc\jna-5.6.0.jar;C:\Users\PRAKASH\.gradle\caches\modules-2\files-2.1\org.jetbrains.kotlin\kotlin-stdlib-common\1.8.0\f7197e7cc76453ac59f8b0f8d5137cc600becd36\kotlin-stdlib-common-1.8.0.jar;C:\Users\PRAKASH\.gradle\caches\modules-2\files-2.1\org.jetbrains\annotations\13.0\919f0dfe192fb4e063e7dacadee7f8bb9a2672a9\annotations-13.0.jar
Launcher Type: SUN_STANDARD

[Global flags]
     intx CICompilerCount                          = 4                                         {product} {ergonomic}
     uint ConcGCThreads                            = 2                                         {product} {ergonomic}
     uint G1ConcRefinementThreads                  = 8                                         {product} {ergonomic}
   size_t G1HeapRegionSize                         = 1048576                                   {product} {ergonomic}
    uintx GCDrainStackTargetSize                   = 64                                        {product} {ergonomic}
   size_t InitialHeapSize                          = 130023424                                 {product} {ergonomic}
   size_t MarkStackSize                            = 4194304                                   {product} {ergonomic}
   size_t MaxHeapSize                              = 2080374784                                {product} {ergonomic}
   size_t MaxNewSize                               = 1247805440                                {product} {ergonomic}
   size_t MinHeapDeltaBytes                        = 1048576                                   {product} {ergonomic}
   size_t MinHeapSize                              = 8388608                                   {product} {ergonomic}
    uintx NonNMethodCodeHeapSize                   = 5839372                                {pd product} {ergonomic}
    uintx NonProfiledCodeHeapSize                  = 122909434                              {pd product} {ergonomic}
    uintx ProfiledCodeHeapSize                     = 122909434                              {pd product} {ergonomic}
    uintx ReservedCodeCacheSize                    = 251658240                              {pd product} {ergonomic}
     bool SegmentedCodeCache                       = true                                      {product} {ergonomic}
   size_t SoftMaxHeapSize                          = 2080374784                             {manageable} {ergonomic}
     bool UseCompressedClassPointers               = true                           {product lp64_product} {ergonomic}
     bool UseCompressedOops                        = true                           {product lp64_product} {ergonomic}
     bool UseG1GC                                  = true                                      {product} {ergonomic}
     bool UseLargePagesIndividualAllocation        = false                                  {pd product} {ergonomic}

Logging:
Log output configuration:
 #0: stdout all=warning uptime,level,tags
 #1: stderr all=off uptime,level,tags

Environment Variables:
JAVA_HOME=C:\Program Files\OpenJDK\jdk-17.0.10
CLASSPATH=D:\work from home\REMOTE JOBS\remotejobsapp\android\\gradle\wrapper\gradle-wrapper.jar
PATH=C:\Program Files\bin;C:\Windows\system32;C:\Windows;C:\Windows\System32\Wbem;C:\Windows\System32\WindowsPowerShell\v1.0\;C:\Windows\System32\OpenSSH\;C:\Program Files\dotnet\;C:\ProgramData\chocolatey\bin;C:\Program Files\Git\cmd;C:\Users\PRAKASH\AppData\Local\Pub\Cache\bin;C:\xampp\php;C:\ProgramData\ComposerSetup\bin;C:\Program Files\nodejs\;C:\Users\PRAKASH\AppData\Local\Android\Sdk\platform-tools;C:\Users\PRAKASH\AppData\Local\Android\Sdk\tools;C:\Program Files\Git\bin;C:\Users\PRAKASH\AppData\Local\Microsoft\WindowsApps;C:\Users\PRAKASH\AppData\Local\Programs\Microsoft VS Code\bin;C:\Users\PRAKASH\AppData\Roaming\Pub\Cache\bin;"C:\Program Files\Git\bin\git.exe;C:\Program Files\Git\cmd;C:\Windows\System32";C:\flutter\bin;C:\tools\dart-sdk\bin;C:\Users\PRAKASH\AppData\Local\Pub\Cache\bin;C:\Users\PRAKASH\AppData\Roaming\Composer\vendor\bin;C:\Program Files\MongoDB\Server\7.0\bin;C:\Users\PRAKASH\AppData\Roaming\npm;C:\Program Files\OpenJDK\jdk-17.0.10\bin;C:\Users\PRAKASH\AppData\Local\Android\Sdk\platform-tools;C:\Users\PRAKASH\AppData\Local\Android\Sdk\tools;
USERNAME=PRAKASH
OS=Windows_NT
PROCESSOR_IDENTIFIER=Intel64 Family 6 Model 140 Stepping 1, GenuineIntel



---------------  S Y S T E M  ---------------

OS:
 Windows 11 , 64 bit Build 22621 (10.0.22621.3374)
OS uptime: 4 days 6:20 hours
Hyper-V role detected

CPU: total 8 (initial active 8) (4 cores per cpu, 2 threads per core) family 6 model 140 stepping 1 microcode 0xb4, cx8, cmov, fxsr, ht, mmx, 3dnowpref, sse, sse2, sse3, ssse3, sse4.1, sse4.2, popcnt, lzcnt, tsc, tscinvbit, avx, avx2, aes, erms, clmul, bmi1, bmi2, adx, avx512f, avx512dq, avx512cd, avx512bw, avx512vl, sha, fma, vzeroupper, avx512_vpopcntdq, avx512_vpclmulqdq, avx512_vaes, avx512_vnni, clflush, clflushopt, clwb, avx512_vbmi2, avx512_vbmi, hv

Memory: 4k page, system-wide physical 7934M (73M free)
TotalPageFile size 25865M (AvailPageFile size 4M)
current process WorkingSet (physical memory assigned to process): 259M, peak: 259M
current process commit charge ("private bytes"): 330M, peak: 331M

vm_info: Java HotSpot(TM) 64-Bit Server VM (17.0.10+11-LTS-240) for windows-amd64 JRE (17.0.10+11-LTS-240), built on Dec 19 2023 21:47:25 by "mach5one" with MS VC++ 17.1 (VS2022)

END.
